[2022-03-31 10:40:19,099] [1    ] [INFO ] [] - ========== Box Local Com Server v4.17.0.935 ==========
[2022-03-31 10:40:19,240] [1    ] [INFO ] [] - Running as a per-user installation
[2022-03-31 10:40:19,381] [1    ] [INFO ] [] - Initializing the metrics collector
[2022-03-31 10:40:19,428] [1    ] [WARN ] [] - MetricsCollector::UpdateConfiguration(374): UpdateConfiguration raised: unable to open database file
[2022-03-31 10:40:19,428] [1    ] [ERROR] [] - MetricsCollector::Initialize(238): Raised: unable to open database file
[2022-03-31 10:40:19,428] [1    ] [ERROR] [] - Failed to initialized metrics collector - error: 6
[2022-03-31 10:40:19,443] [1    ] [ERROR] [] - Could not set permissions to C:\Users\金田駿之介\AppData\Local\Box\Box Tools\Metrics\BoxTools_Metrics.db
[2022-03-31 10:40:19,459] [1    ] [ERROR] [] - FileSystemUtils.AddPermissionsToFile on line number [0]  System.IO.FileNotFoundException: C:\Users\金田駿之介\AppData\Local\Box\Box Tools\Metrics\BoxTools_Metrics.db
   場所 System.Security.AccessControl.NativeObjectSecurity.CreateInternal(ResourceType resourceType, Boolean isContainer, String name, SafeHandle handle, AccessControlSections includeSections, Boolean createByName, ExceptionFromErrorCode exceptionFromErrorCode, Object exceptionContext)
   場所 System.Security.AccessControl.FileSystemSecurity..ctor(Boolean isContainer, String name, AccessControlSections includeSections, Boolean isDirectory)
   場所 System.Security.AccessControl.FileSecurity..ctor(String fileName, AccessControlSections includeSections)
   場所 Box.Utilities.Util.FileSystemUtils.AddPermissionsToFile(String filePath, WellKnownSidType account, FileSystemRights permissions)
[2022-03-31 10:40:19,459] [1    ] [INFO ] [] - Initializing the metrics collector
[2022-03-31 10:40:19,459] [1    ] [ERROR] [] - MetricsCollector::Initialize(171): Check Failed: !IsConfigured() - Return: MetricResult_InvalidState
[2022-03-31 10:40:19,459] [1    ] [ERROR] [] - Failed to initialized metrics collector - error: 2
[2022-03-31 10:40:19,459] [1    ] [ERROR] [] - Could not set permissions to C:\Users\金田駿之介\AppData\Local\Box\Box Tools\Metrics\BoxTools_Metrics.db
[2022-03-31 10:40:19,474] [1    ] [ERROR] [] - FileSystemUtils.AddPermissionsToFile on line number [0]  System.IO.FileNotFoundException: C:\Users\金田駿之介\AppData\Local\Box\Box Tools\Metrics\BoxTools_Metrics.db
   場所 System.Security.AccessControl.NativeObjectSecurity.CreateInternal(ResourceType resourceType, Boolean isContainer, String name, SafeHandle handle, AccessControlSections includeSections, Boolean createByName, ExceptionFromErrorCode exceptionFromErrorCode, Object exceptionContext)
   場所 System.Security.AccessControl.FileSystemSecurity..ctor(Boolean isContainer, String name, AccessControlSections includeSections, Boolean isDirectory)
   場所 System.Security.AccessControl.FileSecurity..ctor(String fileName, AccessControlSections includeSections)
   場所 Box.Utilities.Util.FileSystemUtils.AddPermissionsToFile(String filePath, WellKnownSidType account, FileSystemRights permissions)
[2022-03-31 10:40:19,506] [1    ] [INFO ] [] - LocalMachine RegistryKey not set
[2022-03-31 10:40:19,506] [1    ] [INFO ] [] - Starting server...
[2022-03-31 10:40:19,537] [1    ] [INFO ] [] - Server running. Listening to port 17223
[2022-03-31 10:40:19,537] [1    ] [INFO ] [] - Working with debug logging OFF
[2022-03-31 10:40:19,568] [6    ] [INFO ] [] - Initializing the metrics collector
[2022-03-31 10:40:19,568] [6    ] [ERROR] [] - MetricsCollector::Initialize(171): Check Failed: !IsConfigured() - Return: MetricResult_InvalidState
[2022-03-31 10:40:19,568] [6    ] [ERROR] [] - Failed to initialized metrics collector - error: 2
[2022-03-31 10:40:19,568] [6    ] [INFO ] [] - Recording metric - name: ComServerStart
[2022-03-31 10:40:24,504] [4    ] [INFO ] [] - Initializing the metrics collector
[2022-03-31 10:40:24,504] [4    ] [ERROR] [] - MetricsCollector::Initialize(171): Check Failed: !IsConfigured() - Return: MetricResult_InvalidState
[2022-03-31 10:40:24,504] [4    ] [ERROR] [] - Failed to initialized metrics collector - error: 2
[2022-03-31 10:42:18,530] [7    ] [INFO ] [] - Accepted Origin
[2022-03-31 10:42:18,530] [10   ] [INFO ] [] - Accepted Origin
[2022-03-31 10:42:18,540] [7    ] [INFO ] [] - Handling status request
[2022-03-31 10:42:18,540] [10   ] [INFO ] [] - Handling status request
[2022-03-31 10:42:24,362] [7    ] [INFO ] [] - Accepted Origin
[2022-03-31 10:42:24,363] [7    ] [INFO ] [] - Handling status request
[2022-03-31 10:42:27,155] [7    ] [INFO ] [] - Accepted Origin
[2022-03-31 10:42:27,156] [7    ] [INFO ] [] - Handling status request
[2022-03-31 10:42:27,310] [7    ] [INFO ] [] - Accepted Origin
[2022-03-31 10:42:27,376] [7    ] [INFO ] [] - Application "Box Edit" running for user "DESKTOP-T63COKT\金田駿之介"
[2022-03-31 10:42:27,449] [7    ] [INFO ] [] - Handling application_request
[2022-03-31 10:42:27,499] [6    ] [INFO ] [] - Attempt #1 to connect to named pipe box_edit_pipe
[2022-03-31 10:42:27,503] [6    ] [INFO ] [] - The named pipe box_edit_pipe is connected
[2022-03-31 10:42:27,534] [5    ] [INFO ] [] - Received 95 bytes from application boxedit
[2022-03-31 10:42:27,537] [5    ] [INFO ] [] - Disconnected from box_edit_pipe
[2022-03-31 10:42:27,551] [7    ] [INFO ] [] - Received {"response_type":"get_default_application","default_application_name":{"pdf":"Microsoft Edge"}} from application boxedit
[2022-03-31 10:42:27,551] [7    ] [INFO ] [] - Elapsed time to handle application_request: 00:00:00.0968894
[2022-03-31 10:42:32,558] [7    ] [INFO ] [] - Accepted Origin
[2022-03-31 10:42:32,559] [7    ] [INFO ] [] - Handling status request
[2022-03-31 10:42:33,857] [7    ] [INFO ] [] - Accepted Origin
[2022-03-31 10:42:33,860] [7    ] [INFO ] [] - Handling status request
[2022-03-31 10:42:33,995] [7    ] [INFO ] [] - Accepted Origin
[2022-03-31 10:42:34,005] [7    ] [INFO ] [] - Application "Box Edit" running for user "DESKTOP-T63COKT\金田駿之介"
[2022-03-31 10:42:34,006] [7    ] [INFO ] [] - Handling application_request
[2022-03-31 10:42:34,006] [5    ] [INFO ] [] - Attempt #1 to connect to named pipe box_edit_pipe
[2022-03-31 10:42:34,010] [5    ] [INFO ] [] - The named pipe box_edit_pipe is connected
[2022-03-31 10:42:34,047] [6    ] [INFO ] [] - Received 151 bytes from application boxedit
[2022-03-31 10:42:34,048] [6    ] [INFO ] [] - Disconnected from box_edit_pipe
[2022-03-31 10:42:34,049] [7    ] [INFO ] [] - Received {"response_type":"get_default_application","default_application_name":[{"xlsm":"Excel"},{"txt":"メモ帳"},{"pdf":"Microsoft Edge"},{"xlsx":"Excel"}]} from application boxedit
[2022-03-31 10:42:34,049] [7    ] [INFO ] [] - Elapsed time to handle application_request: 00:00:00.0436205
[2022-03-31 10:42:41,409] [7    ] [INFO ] [] - Accepted Origin
[2022-03-31 10:42:41,410] [7    ] [INFO ] [] - Handling status request
[2022-03-31 10:42:41,736] [7    ] [INFO ] [] - Accepted Origin
[2022-03-31 10:42:41,745] [7    ] [INFO ] [] - Application "Box Edit" running for user "DESKTOP-T63COKT\金田駿之介"
[2022-03-31 10:42:41,746] [7    ] [INFO ] [] - Handling application_request
[2022-03-31 10:42:41,747] [13   ] [INFO ] [] - Attempt #1 to connect to named pipe box_edit_pipe
[2022-03-31 10:42:41,748] [13   ] [INFO ] [] - The named pipe box_edit_pipe is connected
[2022-03-31 10:42:41,762] [14   ] [INFO ] [] - Received 95 bytes from application boxedit
[2022-03-31 10:42:41,763] [14   ] [INFO ] [] - Disconnected from box_edit_pipe
[2022-03-31 10:42:41,765] [7    ] [INFO ] [] - Received {"response_type":"get_default_application","default_application_name":{"pdf":"Microsoft Edge"}} from application boxedit
[2022-03-31 10:42:41,766] [7    ] [INFO ] [] - Elapsed time to handle application_request: 00:00:00.0206534
