[2022-02-21 11:29:31,287] [1    ] [INFO ] [] - ========== Box Local Com Server v4.16.1.911 ==========
[2022-02-21 11:29:31,511] [1    ] [INFO ] [] - Running as a per-user installation
[2022-02-21 11:29:31,682] [1    ] [INFO ] [] - Initializing the metrics collector
[2022-02-21 11:29:31,793] [1    ] [WARN ] [] - MetricsCollector::UpdateConfiguration(374): UpdateConfiguration raised: unable to open database file
[2022-02-21 11:29:31,800] [1    ] [ERROR] [] - MetricsCollector::Initialize(238): Raised: unable to open database file
[2022-02-21 11:29:31,802] [1    ] [ERROR] [] - Failed to initialized metrics collector - error: 6
[2022-02-21 11:29:31,804] [1    ] [ERROR] [] - Could not set permissions to C:\Users\金田駿之介\AppData\Local\Box\Box Tools\Metrics\BoxTools_Metrics.db
[2022-02-21 11:29:31,864] [1    ] [ERROR] [] - FileSystemUtils.AddPermissionsToFile on line number [0]  System.IO.FileNotFoundException: C:\Users\金田駿之介\AppData\Local\Box\Box Tools\Metrics\BoxTools_Metrics.db
   場所 System.Security.AccessControl.NativeObjectSecurity.CreateInternal(ResourceType resourceType, Boolean isContainer, String name, SafeHandle handle, AccessControlSections includeSections, Boolean createByName, ExceptionFromErrorCode exceptionFromErrorCode, Object exceptionContext)
   場所 System.Security.AccessControl.FileSystemSecurity..ctor(Boolean isContainer, String name, AccessControlSections includeSections, Boolean isDirectory)
   場所 System.Security.AccessControl.FileSecurity..ctor(String fileName, AccessControlSections includeSections)
   場所 Box.Utilities.Util.FileSystemUtils.AddPermissionsToFile(String filePath, WellKnownSidType account, FileSystemRights permissions)
[2022-02-21 11:29:31,864] [1    ] [INFO ] [] - Initializing the metrics collector
[2022-02-21 11:29:31,870] [1    ] [ERROR] [] - MetricsCollector::Initialize(171): Check Failed: !IsConfigured() - Return: MetricResult_InvalidState
[2022-02-21 11:29:31,870] [1    ] [ERROR] [] - Failed to initialized metrics collector - error: 2
[2022-02-21 11:29:31,870] [1    ] [ERROR] [] - Could not set permissions to C:\Users\金田駿之介\AppData\Local\Box\Box Tools\Metrics\BoxTools_Metrics.db
[2022-02-21 11:29:31,872] [1    ] [ERROR] [] - FileSystemUtils.AddPermissionsToFile on line number [0]  System.IO.FileNotFoundException: C:\Users\金田駿之介\AppData\Local\Box\Box Tools\Metrics\BoxTools_Metrics.db
   場所 System.Security.AccessControl.NativeObjectSecurity.CreateInternal(ResourceType resourceType, Boolean isContainer, String name, SafeHandle handle, AccessControlSections includeSections, Boolean createByName, ExceptionFromErrorCode exceptionFromErrorCode, Object exceptionContext)
   場所 System.Security.AccessControl.FileSystemSecurity..ctor(Boolean isContainer, String name, AccessControlSections includeSections, Boolean isDirectory)
   場所 System.Security.AccessControl.FileSecurity..ctor(String fileName, AccessControlSections includeSections)
   場所 Box.Utilities.Util.FileSystemUtils.AddPermissionsToFile(String filePath, WellKnownSidType account, FileSystemRights permissions)
[2022-02-21 11:29:31,885] [1    ] [INFO ] [] - LocalMachine RegistryKey not set
[2022-02-21 11:29:31,890] [1    ] [INFO ] [] - Starting server...
[2022-02-21 11:29:32,110] [1    ] [INFO ] [] - Server running. Listening to port 17223
[2022-02-21 11:29:32,110] [1    ] [INFO ] [] - Working with debug logging OFF
[2022-02-21 11:29:32,135] [5    ] [INFO ] [] - Initializing the metrics collector
[2022-02-21 11:29:32,135] [5    ] [ERROR] [] - MetricsCollector::Initialize(171): Check Failed: !IsConfigured() - Return: MetricResult_InvalidState
[2022-02-21 11:29:32,135] [5    ] [ERROR] [] - Failed to initialized metrics collector - error: 2
[2022-02-21 11:29:32,137] [5    ] [INFO ] [] - Recording metric - name: ComServerStart
[2022-02-21 11:29:36,897] [4    ] [INFO ] [] - Initializing the metrics collector
[2022-02-21 11:29:36,897] [4    ] [ERROR] [] - MetricsCollector::Initialize(171): Check Failed: !IsConfigured() - Return: MetricResult_InvalidState
[2022-02-21 11:29:36,897] [4    ] [ERROR] [] - Failed to initialized metrics collector - error: 2
[2022-02-21 11:39:36,893] [6    ] [INFO ] [] - Initializing the metrics collector
[2022-02-21 11:39:36,894] [6    ] [ERROR] [] - MetricsCollector::Initialize(171): Check Failed: !IsConfigured() - Return: MetricResult_InvalidState
[2022-02-21 11:39:36,894] [6    ] [ERROR] [] - Failed to initialized metrics collector - error: 2
[2022-02-21 11:49:36,936] [10   ] [INFO ] [] - Initializing the metrics collector
[2022-02-21 11:49:36,940] [10   ] [ERROR] [] - MetricsCollector::Initialize(171): Check Failed: !IsConfigured() - Return: MetricResult_InvalidState
[2022-02-21 11:49:36,942] [10   ] [ERROR] [] - Failed to initialized metrics collector - error: 2
[2022-02-21 11:59:37,078] [11   ] [INFO ] [] - Initializing the metrics collector
[2022-02-21 11:59:37,080] [11   ] [ERROR] [] - MetricsCollector::Initialize(171): Check Failed: !IsConfigured() - Return: MetricResult_InvalidState
[2022-02-21 11:59:37,081] [11   ] [ERROR] [] - Failed to initialized metrics collector - error: 2
[2022-02-21 12:29:55,696] [1    ] [INFO ] [] - ========== Box Local Com Server v4.16.1.911 ==========
[2022-02-21 12:29:55,858] [1    ] [INFO ] [] - Running as a per-user installation
[2022-02-21 12:29:56,282] [1    ] [INFO ] [] - Initializing the metrics collector
[2022-02-21 12:29:56,426] [1    ] [WARN ] [] - MetricsCollector::UpdateConfiguration(374): UpdateConfiguration raised: unable to open database file
[2022-02-21 12:29:56,426] [1    ] [ERROR] [] - MetricsCollector::Initialize(238): Raised: unable to open database file
[2022-02-21 12:29:56,426] [1    ] [ERROR] [] - Failed to initialized metrics collector - error: 6
[2022-02-21 12:29:56,426] [1    ] [ERROR] [] - Could not set permissions to C:\Users\金田駿之介\AppData\Local\Box\Box Tools\Metrics\BoxTools_Metrics.db
[2022-02-21 12:29:56,498] [1    ] [ERROR] [] - FileSystemUtils.AddPermissionsToFile on line number [0]  System.IO.FileNotFoundException: C:\Users\金田駿之介\AppData\Local\Box\Box Tools\Metrics\BoxTools_Metrics.db
   場所 System.Security.AccessControl.NativeObjectSecurity.CreateInternal(ResourceType resourceType, Boolean isContainer, String name, SafeHandle handle, AccessControlSections includeSections, Boolean createByName, ExceptionFromErrorCode exceptionFromErrorCode, Object exceptionContext)
   場所 System.Security.AccessControl.FileSystemSecurity..ctor(Boolean isContainer, String name, AccessControlSections includeSections, Boolean isDirectory)
   場所 System.Security.AccessControl.FileSecurity..ctor(String fileName, AccessControlSections includeSections)
   場所 Box.Utilities.Util.FileSystemUtils.AddPermissionsToFile(String filePath, WellKnownSidType account, FileSystemRights permissions)
[2022-02-21 12:29:56,498] [1    ] [INFO ] [] - Initializing the metrics collector
[2022-02-21 12:29:56,498] [1    ] [ERROR] [] - MetricsCollector::Initialize(171): Check Failed: !IsConfigured() - Return: MetricResult_InvalidState
[2022-02-21 12:29:56,498] [1    ] [ERROR] [] - Failed to initialized metrics collector - error: 2
[2022-02-21 12:29:56,498] [1    ] [ERROR] [] - Could not set permissions to C:\Users\金田駿之介\AppData\Local\Box\Box Tools\Metrics\BoxTools_Metrics.db
[2022-02-21 12:29:56,498] [1    ] [ERROR] [] - FileSystemUtils.AddPermissionsToFile on line number [0]  System.IO.FileNotFoundException: C:\Users\金田駿之介\AppData\Local\Box\Box Tools\Metrics\BoxTools_Metrics.db
   場所 System.Security.AccessControl.NativeObjectSecurity.CreateInternal(ResourceType resourceType, Boolean isContainer, String name, SafeHandle handle, AccessControlSections includeSections, Boolean createByName, ExceptionFromErrorCode exceptionFromErrorCode, Object exceptionContext)
   場所 System.Security.AccessControl.FileSystemSecurity..ctor(Boolean isContainer, String name, AccessControlSections includeSections, Boolean isDirectory)
   場所 System.Security.AccessControl.FileSecurity..ctor(String fileName, AccessControlSections includeSections)
   場所 Box.Utilities.Util.FileSystemUtils.AddPermissionsToFile(String filePath, WellKnownSidType account, FileSystemRights permissions)
[2022-02-21 12:29:56,522] [1    ] [INFO ] [] - LocalMachine RegistryKey not set
[2022-02-21 12:29:56,530] [1    ] [INFO ] [] - Starting server...
[2022-02-21 12:29:56,762] [1    ] [INFO ] [] - Server running. Listening to port 17223
[2022-02-21 12:29:56,762] [1    ] [INFO ] [] - Working with debug logging OFF
[2022-02-21 12:29:56,802] [6    ] [INFO ] [] - Initializing the metrics collector
[2022-02-21 12:29:56,802] [6    ] [ERROR] [] - MetricsCollector::Initialize(171): Check Failed: !IsConfigured() - Return: MetricResult_InvalidState
[2022-02-21 12:29:56,810] [6    ] [ERROR] [] - Failed to initialized metrics collector - error: 2
[2022-02-21 12:29:56,810] [6    ] [INFO ] [] - Recording metric - name: ComServerStart
[2022-02-21 12:30:01,574] [4    ] [INFO ] [] - Initializing the metrics collector
[2022-02-21 12:30:01,574] [4    ] [ERROR] [] - MetricsCollector::Initialize(171): Check Failed: !IsConfigured() - Return: MetricResult_InvalidState
[2022-02-21 12:30:01,574] [4    ] [ERROR] [] - Failed to initialized metrics collector - error: 2
[2022-02-21 14:08:03,636] [1    ] [INFO ] [] - ========== Box Local Com Server v4.16.1.911 ==========
[2022-02-21 14:08:03,668] [1    ] [INFO ] [] - Running as a per-user installation
[2022-02-21 14:08:03,683] [1    ] [INFO ] [] - Initializing the metrics collector
[2022-02-21 14:08:03,699] [1    ] [WARN ] [] - MetricsCollector::UpdateConfiguration(374): UpdateConfiguration raised: unable to open database file
[2022-02-21 14:08:03,699] [1    ] [ERROR] [] - MetricsCollector::Initialize(238): Raised: unable to open database file
[2022-02-21 14:08:03,699] [1    ] [ERROR] [] - Failed to initialized metrics collector - error: 6
[2022-02-21 14:08:03,699] [1    ] [ERROR] [] - Could not set permissions to C:\Users\金田駿之介\AppData\Local\Box\Box Tools\Metrics\BoxTools_Metrics.db
[2022-02-21 14:08:03,715] [1    ] [ERROR] [] - FileSystemUtils.AddPermissionsToFile on line number [0]  System.IO.FileNotFoundException: C:\Users\金田駿之介\AppData\Local\Box\Box Tools\Metrics\BoxTools_Metrics.db
   場所 System.Security.AccessControl.NativeObjectSecurity.CreateInternal(ResourceType resourceType, Boolean isContainer, String name, SafeHandle handle, AccessControlSections includeSections, Boolean createByName, ExceptionFromErrorCode exceptionFromErrorCode, Object exceptionContext)
   場所 System.Security.AccessControl.FileSystemSecurity..ctor(Boolean isContainer, String name, AccessControlSections includeSections, Boolean isDirectory)
   場所 System.Security.AccessControl.FileSecurity..ctor(String fileName, AccessControlSections includeSections)
   場所 Box.Utilities.Util.FileSystemUtils.AddPermissionsToFile(String filePath, WellKnownSidType account, FileSystemRights permissions)
[2022-02-21 14:08:03,715] [1    ] [INFO ] [] - Initializing the metrics collector
[2022-02-21 14:08:03,715] [1    ] [ERROR] [] - MetricsCollector::Initialize(171): Check Failed: !IsConfigured() - Return: MetricResult_InvalidState
[2022-02-21 14:08:03,715] [1    ] [ERROR] [] - Failed to initialized metrics collector - error: 2
[2022-02-21 14:08:03,715] [1    ] [ERROR] [] - Could not set permissions to C:\Users\金田駿之介\AppData\Local\Box\Box Tools\Metrics\BoxTools_Metrics.db
[2022-02-21 14:08:03,715] [1    ] [ERROR] [] - FileSystemUtils.AddPermissionsToFile on line number [0]  System.IO.FileNotFoundException: C:\Users\金田駿之介\AppData\Local\Box\Box Tools\Metrics\BoxTools_Metrics.db
   場所 System.Security.AccessControl.NativeObjectSecurity.CreateInternal(ResourceType resourceType, Boolean isContainer, String name, SafeHandle handle, AccessControlSections includeSections, Boolean createByName, ExceptionFromErrorCode exceptionFromErrorCode, Object exceptionContext)
   場所 System.Security.AccessControl.FileSystemSecurity..ctor(Boolean isContainer, String name, AccessControlSections includeSections, Boolean isDirectory)
   場所 System.Security.AccessControl.FileSecurity..ctor(String fileName, AccessControlSections includeSections)
   場所 Box.Utilities.Util.FileSystemUtils.AddPermissionsToFile(String filePath, WellKnownSidType account, FileSystemRights permissions)
[2022-02-21 14:08:03,730] [1    ] [INFO ] [] - LocalMachine RegistryKey not set
[2022-02-21 14:08:03,730] [1    ] [INFO ] [] - Starting server...
[2022-02-21 14:08:03,730] [1    ] [INFO ] [] - Server running. Listening to port 17223
[2022-02-21 14:08:03,730] [1    ] [INFO ] [] - Working with debug logging OFF
[2022-02-21 14:08:03,746] [6    ] [INFO ] [] - Initializing the metrics collector
[2022-02-21 14:08:03,746] [6    ] [ERROR] [] - MetricsCollector::Initialize(171): Check Failed: !IsConfigured() - Return: MetricResult_InvalidState
[2022-02-21 14:08:03,746] [6    ] [ERROR] [] - Failed to initialized metrics collector - error: 2
[2022-02-21 14:08:03,746] [6    ] [INFO ] [] - Recording metric - name: ComServerStart
[2022-02-21 14:08:08,732] [4    ] [INFO ] [] - Initializing the metrics collector
[2022-02-21 14:08:08,732] [4    ] [ERROR] [] - MetricsCollector::Initialize(171): Check Failed: !IsConfigured() - Return: MetricResult_InvalidState
[2022-02-21 14:08:08,732] [4    ] [ERROR] [] - Failed to initialized metrics collector - error: 2
[2022-02-21 14:35:26,072] [1    ] [INFO ] [] - ========== Box Local Com Server v4.16.1.911 ==========
[2022-02-21 14:35:26,119] [1    ] [INFO ] [] - Running as a per-user installation
[2022-02-21 14:35:26,141] [1    ] [INFO ] [] - Initializing the metrics collector
[2022-02-21 14:35:26,157] [1    ] [WARN ] [] - MetricsCollector::UpdateConfiguration(374): UpdateConfiguration raised: unable to open database file
[2022-02-21 14:35:26,157] [1    ] [ERROR] [] - MetricsCollector::Initialize(238): Raised: unable to open database file
[2022-02-21 14:35:26,157] [1    ] [ERROR] [] - Failed to initialized metrics collector - error: 6
[2022-02-21 14:35:26,157] [1    ] [ERROR] [] - Could not set permissions to C:\Users\金田駿之介\AppData\Local\Box\Box Tools\Metrics\BoxTools_Metrics.db
[2022-02-21 14:35:26,172] [1    ] [ERROR] [] - FileSystemUtils.AddPermissionsToFile on line number [0]  System.IO.FileNotFoundException: C:\Users\金田駿之介\AppData\Local\Box\Box Tools\Metrics\BoxTools_Metrics.db
   場所 System.Security.AccessControl.NativeObjectSecurity.CreateInternal(ResourceType resourceType, Boolean isContainer, String name, SafeHandle handle, AccessControlSections includeSections, Boolean createByName, ExceptionFromErrorCode exceptionFromErrorCode, Object exceptionContext)
   場所 System.Security.AccessControl.FileSystemSecurity..ctor(Boolean isContainer, String name, AccessControlSections includeSections, Boolean isDirectory)
   場所 System.Security.AccessControl.FileSecurity..ctor(String fileName, AccessControlSections includeSections)
   場所 Box.Utilities.Util.FileSystemUtils.AddPermissionsToFile(String filePath, WellKnownSidType account, FileSystemRights permissions)
[2022-02-21 14:35:26,172] [1    ] [INFO ] [] - Initializing the metrics collector
[2022-02-21 14:35:26,172] [1    ] [ERROR] [] - MetricsCollector::Initialize(171): Check Failed: !IsConfigured() - Return: MetricResult_InvalidState
[2022-02-21 14:35:26,172] [1    ] [ERROR] [] - Failed to initialized metrics collector - error: 2
[2022-02-21 14:35:26,172] [1    ] [ERROR] [] - Could not set permissions to C:\Users\金田駿之介\AppData\Local\Box\Box Tools\Metrics\BoxTools_Metrics.db
[2022-02-21 14:35:26,172] [1    ] [ERROR] [] - FileSystemUtils.AddPermissionsToFile on line number [0]  System.IO.FileNotFoundException: C:\Users\金田駿之介\AppData\Local\Box\Box Tools\Metrics\BoxTools_Metrics.db
   場所 System.Security.AccessControl.NativeObjectSecurity.CreateInternal(ResourceType resourceType, Boolean isContainer, String name, SafeHandle handle, AccessControlSections includeSections, Boolean createByName, ExceptionFromErrorCode exceptionFromErrorCode, Object exceptionContext)
   場所 System.Security.AccessControl.FileSystemSecurity..ctor(Boolean isContainer, String name, AccessControlSections includeSections, Boolean isDirectory)
   場所 System.Security.AccessControl.FileSecurity..ctor(String fileName, AccessControlSections includeSections)
   場所 Box.Utilities.Util.FileSystemUtils.AddPermissionsToFile(String filePath, WellKnownSidType account, FileSystemRights permissions)
[2022-02-21 14:35:26,188] [1    ] [INFO ] [] - LocalMachine RegistryKey not set
[2022-02-21 14:35:26,188] [1    ] [INFO ] [] - Starting server...
[2022-02-21 14:35:26,204] [1    ] [INFO ] [] - Server running. Listening to port 17223
[2022-02-21 14:35:26,204] [1    ] [INFO ] [] - Working with debug logging OFF
[2022-02-21 14:35:26,219] [6    ] [INFO ] [] - Initializing the metrics collector
[2022-02-21 14:35:26,219] [6    ] [ERROR] [] - MetricsCollector::Initialize(171): Check Failed: !IsConfigured() - Return: MetricResult_InvalidState
[2022-02-21 14:35:26,219] [6    ] [ERROR] [] - Failed to initialized metrics collector - error: 2
[2022-02-21 14:35:26,219] [6    ] [INFO ] [] - Recording metric - name: ComServerStart
[2022-02-21 14:35:31,198] [4    ] [INFO ] [] - Initializing the metrics collector
[2022-02-21 14:35:31,198] [4    ] [ERROR] [] - MetricsCollector::Initialize(171): Check Failed: !IsConfigured() - Return: MetricResult_InvalidState
[2022-02-21 14:35:31,198] [4    ] [ERROR] [] - Failed to initialized metrics collector - error: 2
