[2022-02-12 11:21:06,590] [1    ] [INFO ] [] - ========== Box Local Com Server v4.16.1.911 ==========
[2022-02-12 11:21:06,621] [1    ] [INFO ] [] - Running as a per-user installation
[2022-02-12 11:21:06,731] [1    ] [INFO ] [] - Initializing the metrics collector
[2022-02-12 11:21:06,824] [1    ] [WARN ] [] - MetricsCollector::UpdateConfiguration(374): UpdateConfiguration raised: unable to open database file
[2022-02-12 11:21:06,824] [1    ] [ERROR] [] - MetricsCollector::Initialize(238): Raised: unable to open database file
[2022-02-12 11:21:06,824] [1    ] [ERROR] [] - Failed to initialized metrics collector - error: 6
[2022-02-12 11:21:06,840] [1    ] [ERROR] [] - Could not set permissions to C:\Users\金田駿之介\AppData\Local\Box\Box Tools\Metrics\BoxTools_Metrics.db
[2022-02-12 11:21:06,871] [1    ] [ERROR] [] - FileSystemUtils.AddPermissionsToFile on line number [0]  System.IO.FileNotFoundException: C:\Users\金田駿之介\AppData\Local\Box\Box Tools\Metrics\BoxTools_Metrics.db
   場所 System.Security.AccessControl.NativeObjectSecurity.CreateInternal(ResourceType resourceType, Boolean isContainer, String name, SafeHandle handle, AccessControlSections includeSections, Boolean createByName, ExceptionFromErrorCode exceptionFromErrorCode, Object exceptionContext)
   場所 System.Security.AccessControl.FileSystemSecurity..ctor(Boolean isContainer, String name, AccessControlSections includeSections, Boolean isDirectory)
   場所 System.Security.AccessControl.FileSecurity..ctor(String fileName, AccessControlSections includeSections)
   場所 Box.Utilities.Util.FileSystemUtils.AddPermissionsToFile(String filePath, WellKnownSidType account, FileSystemRights permissions)
[2022-02-12 11:21:06,871] [1    ] [INFO ] [] - Initializing the metrics collector
[2022-02-12 11:21:06,871] [1    ] [ERROR] [] - MetricsCollector::Initialize(171): Check Failed: !IsConfigured() - Return: MetricResult_InvalidState
[2022-02-12 11:21:06,871] [1    ] [ERROR] [] - Failed to initialized metrics collector - error: 2
[2022-02-12 11:21:06,871] [1    ] [ERROR] [] - Could not set permissions to C:\Users\金田駿之介\AppData\Local\Box\Box Tools\Metrics\BoxTools_Metrics.db
[2022-02-12 11:21:06,871] [1    ] [ERROR] [] - FileSystemUtils.AddPermissionsToFile on line number [0]  System.IO.FileNotFoundException: C:\Users\金田駿之介\AppData\Local\Box\Box Tools\Metrics\BoxTools_Metrics.db
   場所 System.Security.AccessControl.NativeObjectSecurity.CreateInternal(ResourceType resourceType, Boolean isContainer, String name, SafeHandle handle, AccessControlSections includeSections, Boolean createByName, ExceptionFromErrorCode exceptionFromErrorCode, Object exceptionContext)
   場所 System.Security.AccessControl.FileSystemSecurity..ctor(Boolean isContainer, String name, AccessControlSections includeSections, Boolean isDirectory)
   場所 System.Security.AccessControl.FileSecurity..ctor(String fileName, AccessControlSections includeSections)
   場所 Box.Utilities.Util.FileSystemUtils.AddPermissionsToFile(String filePath, WellKnownSidType account, FileSystemRights permissions)
[2022-02-12 11:21:06,887] [1    ] [INFO ] [] - LocalMachine RegistryKey not set
[2022-02-12 11:21:06,887] [1    ] [INFO ] [] - Starting server...
[2022-02-12 11:21:07,074] [1    ] [INFO ] [] - Server running. Listening to port 17223
[2022-02-12 11:21:07,074] [1    ] [INFO ] [] - Working with debug logging OFF
[2022-02-12 11:21:07,090] [6    ] [INFO ] [] - Initializing the metrics collector
[2022-02-12 11:21:07,090] [6    ] [ERROR] [] - MetricsCollector::Initialize(171): Check Failed: !IsConfigured() - Return: MetricResult_InvalidState
[2022-02-12 11:21:07,090] [6    ] [ERROR] [] - Failed to initialized metrics collector - error: 2
[2022-02-12 11:21:07,090] [6    ] [INFO ] [] - Recording metric - name: ComServerStart
[2022-02-12 11:21:11,896] [4    ] [INFO ] [] - Initializing the metrics collector
[2022-02-12 11:21:11,896] [4    ] [ERROR] [] - MetricsCollector::Initialize(171): Check Failed: !IsConfigured() - Return: MetricResult_InvalidState
[2022-02-12 11:21:11,896] [4    ] [ERROR] [] - Failed to initialized metrics collector - error: 2
[2022-02-12 11:31:11,923] [10   ] [INFO ] [] - Initializing the metrics collector
[2022-02-12 11:31:11,923] [10   ] [ERROR] [] - MetricsCollector::Initialize(171): Check Failed: !IsConfigured() - Return: MetricResult_InvalidState
[2022-02-12 11:31:11,923] [10   ] [ERROR] [] - Failed to initialized metrics collector - error: 2
[2022-02-12 11:44:14,403] [11   ] [INFO ] [] - Initializing the metrics collector
[2022-02-12 11:44:14,403] [11   ] [ERROR] [] - MetricsCollector::Initialize(171): Check Failed: !IsConfigured() - Return: MetricResult_InvalidState
[2022-02-12 11:44:14,403] [11   ] [ERROR] [] - Failed to initialized metrics collector - error: 2
[2022-02-12 11:54:14,403] [12   ] [INFO ] [] - Initializing the metrics collector
[2022-02-12 11:54:14,404] [12   ] [ERROR] [] - MetricsCollector::Initialize(171): Check Failed: !IsConfigured() - Return: MetricResult_InvalidState
[2022-02-12 11:54:14,406] [12   ] [ERROR] [] - Failed to initialized metrics collector - error: 2
[2022-02-12 11:57:08,853] [1    ] [INFO ] [] - ========== Box Local Com Server v4.16.1.911 ==========
[2022-02-12 11:57:08,911] [1    ] [INFO ] [] - Running as a per-user installation
[2022-02-12 11:57:09,363] [1    ] [INFO ] [] - Initializing the metrics collector
[2022-02-12 11:57:09,485] [1    ] [WARN ] [] - MetricsCollector::UpdateConfiguration(374): UpdateConfiguration raised: unable to open database file
[2022-02-12 11:57:09,486] [1    ] [ERROR] [] - MetricsCollector::Initialize(238): Raised: unable to open database file
[2022-02-12 11:57:09,487] [1    ] [ERROR] [] - Failed to initialized metrics collector - error: 6
[2022-02-12 11:57:09,489] [1    ] [ERROR] [] - Could not set permissions to C:\Users\金田駿之介\AppData\Local\Box\Box Tools\Metrics\BoxTools_Metrics.db
[2022-02-12 11:57:09,569] [1    ] [ERROR] [] - FileSystemUtils.AddPermissionsToFile on line number [0]  System.IO.FileNotFoundException: C:\Users\金田駿之介\AppData\Local\Box\Box Tools\Metrics\BoxTools_Metrics.db
   場所 System.Security.AccessControl.NativeObjectSecurity.CreateInternal(ResourceType resourceType, Boolean isContainer, String name, SafeHandle handle, AccessControlSections includeSections, Boolean createByName, ExceptionFromErrorCode exceptionFromErrorCode, Object exceptionContext)
   場所 System.Security.AccessControl.FileSystemSecurity..ctor(Boolean isContainer, String name, AccessControlSections includeSections, Boolean isDirectory)
   場所 System.Security.AccessControl.FileSecurity..ctor(String fileName, AccessControlSections includeSections)
   場所 Box.Utilities.Util.FileSystemUtils.AddPermissionsToFile(String filePath, WellKnownSidType account, FileSystemRights permissions)
[2022-02-12 11:57:09,572] [1    ] [INFO ] [] - Initializing the metrics collector
[2022-02-12 11:57:09,572] [1    ] [ERROR] [] - MetricsCollector::Initialize(171): Check Failed: !IsConfigured() - Return: MetricResult_InvalidState
[2022-02-12 11:57:09,574] [1    ] [ERROR] [] - Failed to initialized metrics collector - error: 2
[2022-02-12 11:57:09,575] [1    ] [ERROR] [] - Could not set permissions to C:\Users\金田駿之介\AppData\Local\Box\Box Tools\Metrics\BoxTools_Metrics.db
[2022-02-12 11:57:09,579] [1    ] [ERROR] [] - FileSystemUtils.AddPermissionsToFile on line number [0]  System.IO.FileNotFoundException: C:\Users\金田駿之介\AppData\Local\Box\Box Tools\Metrics\BoxTools_Metrics.db
   場所 System.Security.AccessControl.NativeObjectSecurity.CreateInternal(ResourceType resourceType, Boolean isContainer, String name, SafeHandle handle, AccessControlSections includeSections, Boolean createByName, ExceptionFromErrorCode exceptionFromErrorCode, Object exceptionContext)
   場所 System.Security.AccessControl.FileSystemSecurity..ctor(Boolean isContainer, String name, AccessControlSections includeSections, Boolean isDirectory)
   場所 System.Security.AccessControl.FileSecurity..ctor(String fileName, AccessControlSections includeSections)
   場所 Box.Utilities.Util.FileSystemUtils.AddPermissionsToFile(String filePath, WellKnownSidType account, FileSystemRights permissions)
[2022-02-12 11:57:09,738] [1    ] [INFO ] [] - LocalMachine RegistryKey not set
[2022-02-12 11:57:09,743] [1    ] [INFO ] [] - Starting server...
[2022-02-12 11:57:10,155] [1    ] [INFO ] [] - Server running. Listening to port 17223
[2022-02-12 11:57:10,159] [1    ] [INFO ] [] - Working with debug logging OFF
[2022-02-12 11:57:10,182] [7    ] [INFO ] [] - Initializing the metrics collector
[2022-02-12 11:57:10,183] [7    ] [ERROR] [] - MetricsCollector::Initialize(171): Check Failed: !IsConfigured() - Return: MetricResult_InvalidState
[2022-02-12 11:57:10,183] [7    ] [ERROR] [] - Failed to initialized metrics collector - error: 2
[2022-02-12 11:57:10,184] [7    ] [INFO ] [] - Recording metric - name: ComServerStart
[2022-02-12 11:57:14,826] [4    ] [INFO ] [] - Initializing the metrics collector
[2022-02-12 11:57:14,830] [4    ] [ERROR] [] - MetricsCollector::Initialize(171): Check Failed: !IsConfigured() - Return: MetricResult_InvalidState
[2022-02-12 11:57:14,834] [4    ] [ERROR] [] - Failed to initialized metrics collector - error: 2
