[2022-02-07 14:12:33,098] [1    ] [INFO ] [] - ========== Box Local Com Server v4.16.1.911 ==========
[2022-02-07 14:12:33,145] [1    ] [INFO ] [] - Running as a per-user installation
[2022-02-07 14:12:33,207] [1    ] [INFO ] [] - Initializing the metrics collector
[2022-02-07 14:12:33,223] [1    ] [WARN ] [] - MetricsCollector::UpdateConfiguration(374): UpdateConfiguration raised: unable to open database file
[2022-02-07 14:12:33,223] [1    ] [ERROR] [] - MetricsCollector::Initialize(238): Raised: unable to open database file
[2022-02-07 14:12:33,223] [1    ] [ERROR] [] - Failed to initialized metrics collector - error: 6
[2022-02-07 14:12:33,223] [1    ] [ERROR] [] - Could not set permissions to C:\Users\金田駿之介\AppData\Local\Box\Box Tools\Metrics\BoxTools_Metrics.db
[2022-02-07 14:12:33,239] [1    ] [ERROR] [] - FileSystemUtils.AddPermissionsToFile on line number [0]  System.IO.FileNotFoundException: C:\Users\金田駿之介\AppData\Local\Box\Box Tools\Metrics\BoxTools_Metrics.db
   場所 System.Security.AccessControl.NativeObjectSecurity.CreateInternal(ResourceType resourceType, Boolean isContainer, String name, SafeHandle handle, AccessControlSections includeSections, Boolean createByName, ExceptionFromErrorCode exceptionFromErrorCode, Object exceptionContext)
   場所 System.Security.AccessControl.FileSystemSecurity..ctor(Boolean isContainer, String name, AccessControlSections includeSections, Boolean isDirectory)
   場所 System.Security.AccessControl.FileSecurity..ctor(String fileName, AccessControlSections includeSections)
   場所 Box.Utilities.Util.FileSystemUtils.AddPermissionsToFile(String filePath, WellKnownSidType account, FileSystemRights permissions)
[2022-02-07 14:12:33,239] [1    ] [INFO ] [] - Initializing the metrics collector
[2022-02-07 14:12:33,239] [1    ] [ERROR] [] - MetricsCollector::Initialize(171): Check Failed: !IsConfigured() - Return: MetricResult_InvalidState
[2022-02-07 14:12:33,239] [1    ] [ERROR] [] - Failed to initialized metrics collector - error: 2
[2022-02-07 14:12:33,239] [1    ] [ERROR] [] - Could not set permissions to C:\Users\金田駿之介\AppData\Local\Box\Box Tools\Metrics\BoxTools_Metrics.db
[2022-02-07 14:12:33,239] [1    ] [ERROR] [] - FileSystemUtils.AddPermissionsToFile on line number [0]  System.IO.FileNotFoundException: C:\Users\金田駿之介\AppData\Local\Box\Box Tools\Metrics\BoxTools_Metrics.db
   場所 System.Security.AccessControl.NativeObjectSecurity.CreateInternal(ResourceType resourceType, Boolean isContainer, String name, SafeHandle handle, AccessControlSections includeSections, Boolean createByName, ExceptionFromErrorCode exceptionFromErrorCode, Object exceptionContext)
   場所 System.Security.AccessControl.FileSystemSecurity..ctor(Boolean isContainer, String name, AccessControlSections includeSections, Boolean isDirectory)
   場所 System.Security.AccessControl.FileSecurity..ctor(String fileName, AccessControlSections includeSections)
   場所 Box.Utilities.Util.FileSystemUtils.AddPermissionsToFile(String filePath, WellKnownSidType account, FileSystemRights permissions)
[2022-02-07 14:12:33,270] [1    ] [INFO ] [] - LocalMachine RegistryKey not set
[2022-02-07 14:12:33,270] [1    ] [INFO ] [] - Starting server...
[2022-02-07 14:12:33,286] [1    ] [INFO ] [] - Server running. Listening to port 17223
[2022-02-07 14:12:33,286] [1    ] [INFO ] [] - Working with debug logging OFF
[2022-02-07 14:12:33,317] [8    ] [INFO ] [] - Initializing the metrics collector
[2022-02-07 14:12:33,317] [8    ] [ERROR] [] - MetricsCollector::Initialize(171): Check Failed: !IsConfigured() - Return: MetricResult_InvalidState
[2022-02-07 14:12:33,317] [8    ] [ERROR] [] - Failed to initialized metrics collector - error: 2
[2022-02-07 14:12:33,317] [8    ] [INFO ] [] - Recording metric - name: ComServerStart
[2022-02-07 14:12:38,308] [4    ] [INFO ] [] - Initializing the metrics collector
[2022-02-07 14:12:38,309] [4    ] [ERROR] [] - MetricsCollector::Initialize(171): Check Failed: !IsConfigured() - Return: MetricResult_InvalidState
[2022-02-07 14:12:38,310] [4    ] [ERROR] [] - Failed to initialized metrics collector - error: 2
[2022-02-07 14:22:38,298] [10   ] [INFO ] [] - Initializing the metrics collector
[2022-02-07 14:22:38,301] [10   ] [ERROR] [] - MetricsCollector::Initialize(171): Check Failed: !IsConfigured() - Return: MetricResult_InvalidState
[2022-02-07 14:22:38,302] [10   ] [ERROR] [] - Failed to initialized metrics collector - error: 2
[2022-02-07 14:32:38,282] [11   ] [INFO ] [] - Initializing the metrics collector
[2022-02-07 14:32:38,285] [11   ] [ERROR] [] - MetricsCollector::Initialize(171): Check Failed: !IsConfigured() - Return: MetricResult_InvalidState
[2022-02-07 14:32:38,286] [11   ] [ERROR] [] - Failed to initialized metrics collector - error: 2
[2022-02-07 14:42:38,298] [12   ] [INFO ] [] - Initializing the metrics collector
[2022-02-07 14:42:38,299] [12   ] [ERROR] [] - MetricsCollector::Initialize(171): Check Failed: !IsConfigured() - Return: MetricResult_InvalidState
[2022-02-07 14:42:38,301] [12   ] [ERROR] [] - Failed to initialized metrics collector - error: 2
[2022-02-07 14:52:38,296] [13   ] [INFO ] [] - Initializing the metrics collector
[2022-02-07 14:52:38,298] [13   ] [ERROR] [] - MetricsCollector::Initialize(171): Check Failed: !IsConfigured() - Return: MetricResult_InvalidState
[2022-02-07 14:52:38,299] [13   ] [ERROR] [] - Failed to initialized metrics collector - error: 2
[2022-02-07 15:02:38,308] [14   ] [INFO ] [] - Initializing the metrics collector
[2022-02-07 15:02:38,311] [14   ] [ERROR] [] - MetricsCollector::Initialize(171): Check Failed: !IsConfigured() - Return: MetricResult_InvalidState
[2022-02-07 15:02:38,313] [14   ] [ERROR] [] - Failed to initialized metrics collector - error: 2
