[2022-02-15 21:55:56,417] [1    ] [INFO ] [] - ========== Box Local Com Server v4.16.1.911 ==========
[2022-02-15 21:55:56,464] [1    ] [INFO ] [] - Running as a per-user installation
[2022-02-15 21:55:56,504] [1    ] [INFO ] [] - Initializing the metrics collector
[2022-02-15 21:55:56,515] [1    ] [WARN ] [] - MetricsCollector::UpdateConfiguration(374): UpdateConfiguration raised: unable to open database file
[2022-02-15 21:55:56,523] [1    ] [ERROR] [] - MetricsCollector::Initialize(238): Raised: unable to open database file
[2022-02-15 21:55:56,523] [1    ] [ERROR] [] - Failed to initialized metrics collector - error: 6
[2022-02-15 21:55:56,525] [1    ] [ERROR] [] - Could not set permissions to C:\Users\金田駿之介\AppData\Local\Box\Box Tools\Metrics\BoxTools_Metrics.db
[2022-02-15 21:55:56,553] [1    ] [ERROR] [] - FileSystemUtils.AddPermissionsToFile on line number [0]  System.IO.FileNotFoundException: C:\Users\金田駿之介\AppData\Local\Box\Box Tools\Metrics\BoxTools_Metrics.db
   場所 System.Security.AccessControl.NativeObjectSecurity.CreateInternal(ResourceType resourceType, Boolean isContainer, String name, SafeHandle handle, AccessControlSections includeSections, Boolean createByName, ExceptionFromErrorCode exceptionFromErrorCode, Object exceptionContext)
   場所 System.Security.AccessControl.FileSystemSecurity..ctor(Boolean isContainer, String name, AccessControlSections includeSections, Boolean isDirectory)
   場所 System.Security.AccessControl.FileSecurity..ctor(String fileName, AccessControlSections includeSections)
   場所 Box.Utilities.Util.FileSystemUtils.AddPermissionsToFile(String filePath, WellKnownSidType account, FileSystemRights permissions)
[2022-02-15 21:55:56,555] [1    ] [INFO ] [] - Initializing the metrics collector
[2022-02-15 21:55:56,555] [1    ] [ERROR] [] - MetricsCollector::Initialize(171): Check Failed: !IsConfigured() - Return: MetricResult_InvalidState
[2022-02-15 21:55:56,555] [1    ] [ERROR] [] - Failed to initialized metrics collector - error: 2
[2022-02-15 21:55:56,560] [1    ] [ERROR] [] - Could not set permissions to C:\Users\金田駿之介\AppData\Local\Box\Box Tools\Metrics\BoxTools_Metrics.db
[2022-02-15 21:55:56,560] [1    ] [ERROR] [] - FileSystemUtils.AddPermissionsToFile on line number [0]  System.IO.FileNotFoundException: C:\Users\金田駿之介\AppData\Local\Box\Box Tools\Metrics\BoxTools_Metrics.db
   場所 System.Security.AccessControl.NativeObjectSecurity.CreateInternal(ResourceType resourceType, Boolean isContainer, String name, SafeHandle handle, AccessControlSections includeSections, Boolean createByName, ExceptionFromErrorCode exceptionFromErrorCode, Object exceptionContext)
   場所 System.Security.AccessControl.FileSystemSecurity..ctor(Boolean isContainer, String name, AccessControlSections includeSections, Boolean isDirectory)
   場所 System.Security.AccessControl.FileSecurity..ctor(String fileName, AccessControlSections includeSections)
   場所 Box.Utilities.Util.FileSystemUtils.AddPermissionsToFile(String filePath, WellKnownSidType account, FileSystemRights permissions)
[2022-02-15 21:55:56,596] [1    ] [INFO ] [] - LocalMachine RegistryKey not set
[2022-02-15 21:55:56,604] [1    ] [INFO ] [] - Starting server...
[2022-02-15 21:55:56,626] [1    ] [INFO ] [] - Server running. Listening to port 17223
[2022-02-15 21:55:56,626] [1    ] [INFO ] [] - Working with debug logging OFF
[2022-02-15 21:55:56,647] [5    ] [INFO ] [] - Initializing the metrics collector
[2022-02-15 21:55:56,655] [5    ] [ERROR] [] - MetricsCollector::Initialize(171): Check Failed: !IsConfigured() - Return: MetricResult_InvalidState
[2022-02-15 21:55:56,655] [5    ] [ERROR] [] - Failed to initialized metrics collector - error: 2
[2022-02-15 21:55:56,657] [5    ] [INFO ] [] - Recording metric - name: ComServerStart
[2022-02-15 21:56:04,407] [4    ] [INFO ] [] - Initializing the metrics collector
[2022-02-15 21:56:04,409] [4    ] [ERROR] [] - MetricsCollector::Initialize(171): Check Failed: !IsConfigured() - Return: MetricResult_InvalidState
[2022-02-15 21:56:04,409] [4    ] [ERROR] [] - Failed to initialized metrics collector - error: 2
[2022-02-15 22:06:04,411] [6    ] [INFO ] [] - Initializing the metrics collector
[2022-02-15 22:06:04,411] [6    ] [ERROR] [] - MetricsCollector::Initialize(171): Check Failed: !IsConfigured() - Return: MetricResult_InvalidState
[2022-02-15 22:06:04,411] [6    ] [ERROR] [] - Failed to initialized metrics collector - error: 2
[2022-02-15 22:16:04,404] [10   ] [INFO ] [] - Initializing the metrics collector
[2022-02-15 22:16:04,404] [10   ] [ERROR] [] - MetricsCollector::Initialize(171): Check Failed: !IsConfigured() - Return: MetricResult_InvalidState
[2022-02-15 22:16:04,404] [10   ] [ERROR] [] - Failed to initialized metrics collector - error: 2
[2022-02-15 22:26:04,412] [11   ] [INFO ] [] - Initializing the metrics collector
[2022-02-15 22:26:04,412] [11   ] [ERROR] [] - MetricsCollector::Initialize(171): Check Failed: !IsConfigured() - Return: MetricResult_InvalidState
[2022-02-15 22:26:04,412] [11   ] [ERROR] [] - Failed to initialized metrics collector - error: 2
[2022-02-15 22:36:04,416] [12   ] [INFO ] [] - Initializing the metrics collector
[2022-02-15 22:36:04,416] [12   ] [ERROR] [] - MetricsCollector::Initialize(171): Check Failed: !IsConfigured() - Return: MetricResult_InvalidState
[2022-02-15 22:36:04,416] [12   ] [ERROR] [] - Failed to initialized metrics collector - error: 2
[2022-02-15 22:46:04,438] [13   ] [INFO ] [] - Initializing the metrics collector
[2022-02-15 22:46:04,438] [13   ] [ERROR] [] - MetricsCollector::Initialize(171): Check Failed: !IsConfigured() - Return: MetricResult_InvalidState
[2022-02-15 22:46:04,438] [13   ] [ERROR] [] - Failed to initialized metrics collector - error: 2
[2022-02-15 22:56:04,454] [14   ] [INFO ] [] - Initializing the metrics collector
[2022-02-15 22:56:04,454] [14   ] [ERROR] [] - MetricsCollector::Initialize(171): Check Failed: !IsConfigured() - Return: MetricResult_InvalidState
[2022-02-15 22:56:04,454] [14   ] [ERROR] [] - Failed to initialized metrics collector - error: 2
[2022-02-15 23:06:04,454] [15   ] [INFO ] [] - Initializing the metrics collector
[2022-02-15 23:06:04,458] [15   ] [ERROR] [] - MetricsCollector::Initialize(171): Check Failed: !IsConfigured() - Return: MetricResult_InvalidState
[2022-02-15 23:06:04,460] [15   ] [ERROR] [] - Failed to initialized metrics collector - error: 2
[2022-02-15 23:16:04,458] [16   ] [INFO ] [] - Initializing the metrics collector
[2022-02-15 23:16:04,462] [16   ] [ERROR] [] - MetricsCollector::Initialize(171): Check Failed: !IsConfigured() - Return: MetricResult_InvalidState
[2022-02-15 23:16:04,465] [16   ] [ERROR] [] - Failed to initialized metrics collector - error: 2
[2022-02-15 23:26:04,473] [17   ] [INFO ] [] - Initializing the metrics collector
[2022-02-15 23:26:04,473] [17   ] [ERROR] [] - MetricsCollector::Initialize(171): Check Failed: !IsConfigured() - Return: MetricResult_InvalidState
[2022-02-15 23:26:04,473] [17   ] [ERROR] [] - Failed to initialized metrics collector - error: 2
[2022-02-15 23:36:04,495] [19   ] [INFO ] [] - Initializing the metrics collector
[2022-02-15 23:36:04,499] [19   ] [ERROR] [] - MetricsCollector::Initialize(171): Check Failed: !IsConfigured() - Return: MetricResult_InvalidState
[2022-02-15 23:36:04,503] [19   ] [ERROR] [] - Failed to initialized metrics collector - error: 2
[2022-02-15 23:46:04,547] [21   ] [INFO ] [] - Initializing the metrics collector
[2022-02-15 23:46:04,550] [21   ] [ERROR] [] - MetricsCollector::Initialize(171): Check Failed: !IsConfigured() - Return: MetricResult_InvalidState
[2022-02-15 23:46:04,554] [21   ] [ERROR] [] - Failed to initialized metrics collector - error: 2
