[2022-02-17 22:41:39,251] [1    ] [INFO ] [] - ========== Box Local Com Server v4.16.1.911 ==========
[2022-02-17 22:41:39,599] [1    ] [INFO ] [] - Running as a per-user installation
[2022-02-17 22:41:39,769] [1    ] [INFO ] [] - Initializing the metrics collector
[2022-02-17 22:41:39,869] [1    ] [WARN ] [] - MetricsCollector::UpdateConfiguration(374): UpdateConfiguration raised: unable to open database file
[2022-02-17 22:41:39,869] [1    ] [ERROR] [] - MetricsCollector::Initialize(238): Raised: unable to open database file
[2022-02-17 22:41:39,869] [1    ] [ERROR] [] - Failed to initialized metrics collector - error: 6
[2022-02-17 22:41:39,883] [1    ] [ERROR] [] - Could not set permissions to C:\Users\金田駿之介\AppData\Local\Box\Box Tools\Metrics\BoxTools_Metrics.db
[2022-02-17 22:41:39,952] [1    ] [ERROR] [] - FileSystemUtils.AddPermissionsToFile on line number [0]  System.IO.FileNotFoundException: C:\Users\金田駿之介\AppData\Local\Box\Box Tools\Metrics\BoxTools_Metrics.db
   場所 System.Security.AccessControl.NativeObjectSecurity.CreateInternal(ResourceType resourceType, Boolean isContainer, String name, SafeHandle handle, AccessControlSections includeSections, Boolean createByName, ExceptionFromErrorCode exceptionFromErrorCode, Object exceptionContext)
   場所 System.Security.AccessControl.FileSystemSecurity..ctor(Boolean isContainer, String name, AccessControlSections includeSections, Boolean isDirectory)
   場所 System.Security.AccessControl.FileSecurity..ctor(String fileName, AccessControlSections includeSections)
   場所 Box.Utilities.Util.FileSystemUtils.AddPermissionsToFile(String filePath, WellKnownSidType account, FileSystemRights permissions)
[2022-02-17 22:41:39,955] [1    ] [INFO ] [] - Initializing the metrics collector
[2022-02-17 22:41:39,955] [1    ] [ERROR] [] - MetricsCollector::Initialize(171): Check Failed: !IsConfigured() - Return: MetricResult_InvalidState
[2022-02-17 22:41:39,955] [1    ] [ERROR] [] - Failed to initialized metrics collector - error: 2
[2022-02-17 22:41:39,956] [1    ] [ERROR] [] - Could not set permissions to C:\Users\金田駿之介\AppData\Local\Box\Box Tools\Metrics\BoxTools_Metrics.db
[2022-02-17 22:41:39,957] [1    ] [ERROR] [] - FileSystemUtils.AddPermissionsToFile on line number [0]  System.IO.FileNotFoundException: C:\Users\金田駿之介\AppData\Local\Box\Box Tools\Metrics\BoxTools_Metrics.db
   場所 System.Security.AccessControl.NativeObjectSecurity.CreateInternal(ResourceType resourceType, Boolean isContainer, String name, SafeHandle handle, AccessControlSections includeSections, Boolean createByName, ExceptionFromErrorCode exceptionFromErrorCode, Object exceptionContext)
   場所 System.Security.AccessControl.FileSystemSecurity..ctor(Boolean isContainer, String name, AccessControlSections includeSections, Boolean isDirectory)
   場所 System.Security.AccessControl.FileSecurity..ctor(String fileName, AccessControlSections includeSections)
   場所 Box.Utilities.Util.FileSystemUtils.AddPermissionsToFile(String filePath, WellKnownSidType account, FileSystemRights permissions)
[2022-02-17 22:41:39,977] [1    ] [INFO ] [] - LocalMachine RegistryKey not set
[2022-02-17 22:41:39,982] [1    ] [INFO ] [] - Starting server...
[2022-02-17 22:41:40,188] [1    ] [INFO ] [] - Server running. Listening to port 17223
[2022-02-17 22:41:40,190] [1    ] [INFO ] [] - Working with debug logging OFF
[2022-02-17 22:41:40,204] [6    ] [INFO ] [] - Initializing the metrics collector
[2022-02-17 22:41:40,206] [6    ] [ERROR] [] - MetricsCollector::Initialize(171): Check Failed: !IsConfigured() - Return: MetricResult_InvalidState
[2022-02-17 22:41:40,206] [6    ] [ERROR] [] - Failed to initialized metrics collector - error: 2
[2022-02-17 22:41:40,207] [6    ] [INFO ] [] - Recording metric - name: ComServerStart
[2022-02-17 22:41:44,979] [4    ] [INFO ] [] - Initializing the metrics collector
[2022-02-17 22:41:44,981] [4    ] [ERROR] [] - MetricsCollector::Initialize(171): Check Failed: !IsConfigured() - Return: MetricResult_InvalidState
[2022-02-17 22:41:44,984] [4    ] [ERROR] [] - Failed to initialized metrics collector - error: 2
[2022-02-17 22:51:46,810] [10   ] [INFO ] [] - Initializing the metrics collector
[2022-02-17 22:51:46,813] [10   ] [ERROR] [] - MetricsCollector::Initialize(171): Check Failed: !IsConfigured() - Return: MetricResult_InvalidState
[2022-02-17 22:51:46,814] [10   ] [ERROR] [] - Failed to initialized metrics collector - error: 2
[2022-02-17 23:01:46,825] [12   ] [INFO ] [] - Initializing the metrics collector
[2022-02-17 23:01:46,828] [12   ] [ERROR] [] - MetricsCollector::Initialize(171): Check Failed: !IsConfigured() - Return: MetricResult_InvalidState
[2022-02-17 23:01:46,828] [12   ] [ERROR] [] - Failed to initialized metrics collector - error: 2
[2022-02-17 23:11:46,825] [13   ] [INFO ] [] - Initializing the metrics collector
[2022-02-17 23:11:46,827] [13   ] [ERROR] [] - MetricsCollector::Initialize(171): Check Failed: !IsConfigured() - Return: MetricResult_InvalidState
[2022-02-17 23:11:46,829] [13   ] [ERROR] [] - Failed to initialized metrics collector - error: 2
