[2022-03-26 09:17:14,692] [1    ] [INFO ] [] - ========== Box Local Com Server v4.17.0.935 ==========
[2022-03-26 09:17:14,724] [1    ] [INFO ] [] - Running as a per-user installation
[2022-03-26 09:17:14,880] [1    ] [INFO ] [] - Initializing the metrics collector
[2022-03-26 09:17:14,974] [1    ] [WARN ] [] - MetricsCollector::UpdateConfiguration(374): UpdateConfiguration raised: unable to open database file
[2022-03-26 09:17:14,974] [1    ] [ERROR] [] - MetricsCollector::Initialize(238): Raised: unable to open database file
[2022-03-26 09:17:14,974] [1    ] [ERROR] [] - Failed to initialized metrics collector - error: 6
[2022-03-26 09:17:15,021] [1    ] [ERROR] [] - Could not set permissions to C:\Users\金田駿之介\AppData\Local\Box\Box Tools\Metrics\BoxTools_Metrics.db
[2022-03-26 09:17:15,036] [1    ] [ERROR] [] - FileSystemUtils.AddPermissionsToFile on line number [0]  System.IO.FileNotFoundException: C:\Users\金田駿之介\AppData\Local\Box\Box Tools\Metrics\BoxTools_Metrics.db
   場所 System.Security.AccessControl.NativeObjectSecurity.CreateInternal(ResourceType resourceType, Boolean isContainer, String name, SafeHandle handle, AccessControlSections includeSections, Boolean createByName, ExceptionFromErrorCode exceptionFromErrorCode, Object exceptionContext)
   場所 System.Security.AccessControl.FileSystemSecurity..ctor(Boolean isContainer, String name, AccessControlSections includeSections, Boolean isDirectory)
   場所 System.Security.AccessControl.FileSecurity..ctor(String fileName, AccessControlSections includeSections)
   場所 Box.Utilities.Util.FileSystemUtils.AddPermissionsToFile(String filePath, WellKnownSidType account, FileSystemRights permissions)
[2022-03-26 09:17:15,036] [1    ] [INFO ] [] - Initializing the metrics collector
[2022-03-26 09:17:15,036] [1    ] [ERROR] [] - MetricsCollector::Initialize(171): Check Failed: !IsConfigured() - Return: MetricResult_InvalidState
[2022-03-26 09:17:15,036] [1    ] [ERROR] [] - Failed to initialized metrics collector - error: 2
[2022-03-26 09:17:15,036] [1    ] [ERROR] [] - Could not set permissions to C:\Users\金田駿之介\AppData\Local\Box\Box Tools\Metrics\BoxTools_Metrics.db
[2022-03-26 09:17:15,036] [1    ] [ERROR] [] - FileSystemUtils.AddPermissionsToFile on line number [0]  System.IO.FileNotFoundException: C:\Users\金田駿之介\AppData\Local\Box\Box Tools\Metrics\BoxTools_Metrics.db
   場所 System.Security.AccessControl.NativeObjectSecurity.CreateInternal(ResourceType resourceType, Boolean isContainer, String name, SafeHandle handle, AccessControlSections includeSections, Boolean createByName, ExceptionFromErrorCode exceptionFromErrorCode, Object exceptionContext)
   場所 System.Security.AccessControl.FileSystemSecurity..ctor(Boolean isContainer, String name, AccessControlSections includeSections, Boolean isDirectory)
   場所 System.Security.AccessControl.FileSecurity..ctor(String fileName, AccessControlSections includeSections)
   場所 Box.Utilities.Util.FileSystemUtils.AddPermissionsToFile(String filePath, WellKnownSidType account, FileSystemRights permissions)
[2022-03-26 09:17:15,067] [1    ] [INFO ] [] - LocalMachine RegistryKey not set
[2022-03-26 09:17:15,067] [1    ] [INFO ] [] - Starting server...
[2022-03-26 09:17:15,286] [1    ] [INFO ] [] - Server running. Listening to port 17223
[2022-03-26 09:17:15,286] [1    ] [INFO ] [] - Working with debug logging OFF
[2022-03-26 09:17:15,302] [5    ] [INFO ] [] - Initializing the metrics collector
[2022-03-26 09:17:15,302] [5    ] [ERROR] [] - MetricsCollector::Initialize(171): Check Failed: !IsConfigured() - Return: MetricResult_InvalidState
[2022-03-26 09:17:15,302] [5    ] [ERROR] [] - Failed to initialized metrics collector - error: 2
[2022-03-26 09:17:15,302] [5    ] [INFO ] [] - Recording metric - name: ComServerStart
[2022-03-26 09:17:20,079] [4    ] [INFO ] [] - Initializing the metrics collector
[2022-03-26 09:17:20,079] [4    ] [ERROR] [] - MetricsCollector::Initialize(171): Check Failed: !IsConfigured() - Return: MetricResult_InvalidState
[2022-03-26 09:17:20,079] [4    ] [ERROR] [] - Failed to initialized metrics collector - error: 2
[2022-03-26 09:27:20,072] [7    ] [INFO ] [] - Initializing the metrics collector
[2022-03-26 09:27:20,073] [7    ] [ERROR] [] - MetricsCollector::Initialize(171): Check Failed: !IsConfigured() - Return: MetricResult_InvalidState
[2022-03-26 09:27:20,074] [7    ] [ERROR] [] - Failed to initialized metrics collector - error: 2
[2022-03-26 09:31:16,588] [1    ] [INFO ] [] - ========== Box Local Com Server v4.17.0.935 ==========
[2022-03-26 09:31:16,622] [1    ] [INFO ] [] - Running as a per-user installation
[2022-03-26 09:31:16,788] [1    ] [INFO ] [] - Initializing the metrics collector
[2022-03-26 09:31:16,917] [1    ] [WARN ] [] - MetricsCollector::UpdateConfiguration(374): UpdateConfiguration raised: unable to open database file
[2022-03-26 09:31:16,918] [1    ] [ERROR] [] - MetricsCollector::Initialize(238): Raised: unable to open database file
[2022-03-26 09:31:16,918] [1    ] [ERROR] [] - Failed to initialized metrics collector - error: 6
[2022-03-26 09:31:16,918] [1    ] [ERROR] [] - Could not set permissions to C:\Users\金田駿之介\AppData\Local\Box\Box Tools\Metrics\BoxTools_Metrics.db
[2022-03-26 09:31:16,941] [1    ] [ERROR] [] - FileSystemUtils.AddPermissionsToFile on line number [0]  System.IO.FileNotFoundException: C:\Users\金田駿之介\AppData\Local\Box\Box Tools\Metrics\BoxTools_Metrics.db
   場所 System.Security.AccessControl.NativeObjectSecurity.CreateInternal(ResourceType resourceType, Boolean isContainer, String name, SafeHandle handle, AccessControlSections includeSections, Boolean createByName, ExceptionFromErrorCode exceptionFromErrorCode, Object exceptionContext)
   場所 System.Security.AccessControl.FileSystemSecurity..ctor(Boolean isContainer, String name, AccessControlSections includeSections, Boolean isDirectory)
   場所 System.Security.AccessControl.FileSecurity..ctor(String fileName, AccessControlSections includeSections)
   場所 Box.Utilities.Util.FileSystemUtils.AddPermissionsToFile(String filePath, WellKnownSidType account, FileSystemRights permissions)
[2022-03-26 09:31:16,944] [1    ] [INFO ] [] - Initializing the metrics collector
[2022-03-26 09:31:16,945] [1    ] [ERROR] [] - MetricsCollector::Initialize(171): Check Failed: !IsConfigured() - Return: MetricResult_InvalidState
[2022-03-26 09:31:16,945] [1    ] [ERROR] [] - Failed to initialized metrics collector - error: 2
[2022-03-26 09:31:16,945] [1    ] [ERROR] [] - Could not set permissions to C:\Users\金田駿之介\AppData\Local\Box\Box Tools\Metrics\BoxTools_Metrics.db
[2022-03-26 09:31:16,947] [1    ] [ERROR] [] - FileSystemUtils.AddPermissionsToFile on line number [0]  System.IO.FileNotFoundException: C:\Users\金田駿之介\AppData\Local\Box\Box Tools\Metrics\BoxTools_Metrics.db
   場所 System.Security.AccessControl.NativeObjectSecurity.CreateInternal(ResourceType resourceType, Boolean isContainer, String name, SafeHandle handle, AccessControlSections includeSections, Boolean createByName, ExceptionFromErrorCode exceptionFromErrorCode, Object exceptionContext)
   場所 System.Security.AccessControl.FileSystemSecurity..ctor(Boolean isContainer, String name, AccessControlSections includeSections, Boolean isDirectory)
   場所 System.Security.AccessControl.FileSecurity..ctor(String fileName, AccessControlSections includeSections)
   場所 Box.Utilities.Util.FileSystemUtils.AddPermissionsToFile(String filePath, WellKnownSidType account, FileSystemRights permissions)
[2022-03-26 09:31:16,964] [1    ] [INFO ] [] - LocalMachine RegistryKey not set
[2022-03-26 09:31:16,967] [1    ] [INFO ] [] - Starting server...
[2022-03-26 09:31:17,280] [1    ] [INFO ] [] - Server running. Listening to port 17223
[2022-03-26 09:31:17,283] [1    ] [INFO ] [] - Working with debug logging OFF
[2022-03-26 09:31:17,298] [6    ] [INFO ] [] - Initializing the metrics collector
[2022-03-26 09:31:17,299] [6    ] [ERROR] [] - MetricsCollector::Initialize(171): Check Failed: !IsConfigured() - Return: MetricResult_InvalidState
[2022-03-26 09:31:17,301] [6    ] [ERROR] [] - Failed to initialized metrics collector - error: 2
[2022-03-26 09:31:17,303] [6    ] [INFO ] [] - Recording metric - name: ComServerStart
[2022-03-26 09:31:22,003] [4    ] [INFO ] [] - Initializing the metrics collector
[2022-03-26 09:31:22,003] [4    ] [ERROR] [] - MetricsCollector::Initialize(171): Check Failed: !IsConfigured() - Return: MetricResult_InvalidState
[2022-03-26 09:31:22,004] [4    ] [ERROR] [] - Failed to initialized metrics collector - error: 2
