[2022-06-09 02:11:23,643] [1    ] [INFO ] [] - ========== Box Local Com Server v4.18.0.946 ==========
[2022-06-09 02:11:23,956] [1    ] [INFO ] [] - Running as a per-user installation
[2022-06-09 02:11:24,237] [1    ] [INFO ] [] - Initializing the metrics collector
[2022-06-09 02:11:25,394] [1    ] [WARN ] [] - MetricsCollector::UpdateConfiguration(374): UpdateConfiguration raised: unable to open database file
[2022-06-09 02:11:25,394] [1    ] [ERROR] [] - MetricsCollector::Initialize(238): Raised: unable to open database file
[2022-06-09 02:11:25,394] [1    ] [ERROR] [] - Failed to initialized metrics collector - error: 6
[2022-06-09 02:11:25,394] [1    ] [ERROR] [] - Could not set permissions to C:\Users\金田駿之介\AppData\Local\Box\Box Tools\Metrics\BoxTools_Metrics.db
[2022-06-09 02:11:25,441] [1    ] [ERROR] [] - FileSystemUtils.AddPermissionsToFile on line number [0]  System.IO.FileNotFoundException: C:\Users\金田駿之介\AppData\Local\Box\Box Tools\Metrics\BoxTools_Metrics.db
   場所 System.Security.AccessControl.NativeObjectSecurity.CreateInternal(ResourceType resourceType, Boolean isContainer, String name, SafeHandle handle, AccessControlSections includeSections, Boolean createByName, ExceptionFromErrorCode exceptionFromErrorCode, Object exceptionContext)
   場所 System.Security.AccessControl.FileSystemSecurity..ctor(Boolean isContainer, String name, AccessControlSections includeSections, Boolean isDirectory)
   場所 System.Security.AccessControl.FileSecurity..ctor(String fileName, AccessControlSections includeSections)
   場所 Box.Utilities.Util.FileSystemUtils.AddPermissionsToFile(String filePath, WellKnownSidType account, FileSystemRights permissions)
[2022-06-09 02:11:25,457] [1    ] [INFO ] [] - Initializing the metrics collector
[2022-06-09 02:11:25,457] [1    ] [ERROR] [] - MetricsCollector::Initialize(171): Check Failed: !IsConfigured() - Return: MetricResult_InvalidState
[2022-06-09 02:11:25,457] [1    ] [ERROR] [] - Failed to initialized metrics collector - error: 2
[2022-06-09 02:11:25,457] [1    ] [ERROR] [] - Could not set permissions to C:\Users\金田駿之介\AppData\Local\Box\Box Tools\Metrics\BoxTools_Metrics.db
[2022-06-09 02:11:25,457] [1    ] [ERROR] [] - FileSystemUtils.AddPermissionsToFile on line number [0]  System.IO.FileNotFoundException: C:\Users\金田駿之介\AppData\Local\Box\Box Tools\Metrics\BoxTools_Metrics.db
   場所 System.Security.AccessControl.NativeObjectSecurity.CreateInternal(ResourceType resourceType, Boolean isContainer, String name, SafeHandle handle, AccessControlSections includeSections, Boolean createByName, ExceptionFromErrorCode exceptionFromErrorCode, Object exceptionContext)
   場所 System.Security.AccessControl.FileSystemSecurity..ctor(Boolean isContainer, String name, AccessControlSections includeSections, Boolean isDirectory)
   場所 System.Security.AccessControl.FileSecurity..ctor(String fileName, AccessControlSections includeSections)
   場所 Box.Utilities.Util.FileSystemUtils.AddPermissionsToFile(String filePath, WellKnownSidType account, FileSystemRights permissions)
[2022-06-09 02:11:25,472] [1    ] [INFO ] [] - LocalMachine RegistryKey not set
[2022-06-09 02:11:25,472] [1    ] [INFO ] [] - Starting server...
[2022-06-09 02:11:25,952] [1    ] [INFO ] [] - Server running. Listening to port 17223
[2022-06-09 02:11:25,952] [1    ] [INFO ] [] - Working with debug logging OFF
[2022-06-09 02:11:25,983] [6    ] [INFO ] [] - Initializing the metrics collector
[2022-06-09 02:11:25,983] [6    ] [ERROR] [] - MetricsCollector::Initialize(171): Check Failed: !IsConfigured() - Return: MetricResult_InvalidState
[2022-06-09 02:11:26,015] [6    ] [ERROR] [] - Failed to initialized metrics collector - error: 2
[2022-06-09 02:11:26,015] [6    ] [INFO ] [] - Recording metric - name: ComServerStart
[2022-06-09 02:13:47,619] [4    ] [INFO ] [] - Initializing the metrics collector
[2022-06-09 02:13:47,619] [4    ] [ERROR] [] - MetricsCollector::Initialize(171): Check Failed: !IsConfigured() - Return: MetricResult_InvalidState
[2022-06-09 02:13:47,619] [4    ] [ERROR] [] - Failed to initialized metrics collector - error: 2
[2022-06-09 02:22:13,795] [1    ] [INFO ] [] - ========== Box Local Com Server v4.18.0.946 ==========
[2022-06-09 02:22:18,097] [1    ] [INFO ] [] - Running as a per-user installation
[2022-06-09 02:22:22,181] [1    ] [INFO ] [] - Initializing the metrics collector
[2022-06-09 02:22:27,392] [1    ] [WARN ] [] - MetricsCollector::UpdateConfiguration(374): UpdateConfiguration raised: unable to open database file
[2022-06-09 02:22:27,392] [1    ] [ERROR] [] - MetricsCollector::Initialize(238): Raised: unable to open database file
[2022-06-09 02:22:27,392] [1    ] [ERROR] [] - Failed to initialized metrics collector - error: 6
[2022-06-09 02:22:27,407] [1    ] [ERROR] [] - Could not set permissions to C:\Users\金田駿之介\AppData\Local\Box\Box Tools\Metrics\BoxTools_Metrics.db
[2022-06-09 02:22:28,684] [1    ] [ERROR] [] - FileSystemUtils.AddPermissionsToFile on line number [0]  System.IO.FileNotFoundException: C:\Users\金田駿之介\AppData\Local\Box\Box Tools\Metrics\BoxTools_Metrics.db
   場所 System.Security.AccessControl.NativeObjectSecurity.CreateInternal(ResourceType resourceType, Boolean isContainer, String name, SafeHandle handle, AccessControlSections includeSections, Boolean createByName, ExceptionFromErrorCode exceptionFromErrorCode, Object exceptionContext)
   場所 System.Security.AccessControl.FileSystemSecurity..ctor(Boolean isContainer, String name, AccessControlSections includeSections, Boolean isDirectory)
   場所 System.Security.AccessControl.FileSecurity..ctor(String fileName, AccessControlSections includeSections)
   場所 Box.Utilities.Util.FileSystemUtils.AddPermissionsToFile(String filePath, WellKnownSidType account, FileSystemRights permissions)
[2022-06-09 02:22:28,684] [1    ] [INFO ] [] - Initializing the metrics collector
[2022-06-09 02:22:28,700] [1    ] [ERROR] [] - MetricsCollector::Initialize(171): Check Failed: !IsConfigured() - Return: MetricResult_InvalidState
[2022-06-09 02:22:28,700] [1    ] [ERROR] [] - Failed to initialized metrics collector - error: 2
[2022-06-09 02:22:28,700] [1    ] [ERROR] [] - Could not set permissions to C:\Users\金田駿之介\AppData\Local\Box\Box Tools\Metrics\BoxTools_Metrics.db
[2022-06-09 02:22:28,731] [1    ] [ERROR] [] - FileSystemUtils.AddPermissionsToFile on line number [0]  System.IO.FileNotFoundException: C:\Users\金田駿之介\AppData\Local\Box\Box Tools\Metrics\BoxTools_Metrics.db
   場所 System.Security.AccessControl.NativeObjectSecurity.CreateInternal(ResourceType resourceType, Boolean isContainer, String name, SafeHandle handle, AccessControlSections includeSections, Boolean createByName, ExceptionFromErrorCode exceptionFromErrorCode, Object exceptionContext)
   場所 System.Security.AccessControl.FileSystemSecurity..ctor(Boolean isContainer, String name, AccessControlSections includeSections, Boolean isDirectory)
   場所 System.Security.AccessControl.FileSecurity..ctor(String fileName, AccessControlSections includeSections)
   場所 Box.Utilities.Util.FileSystemUtils.AddPermissionsToFile(String filePath, WellKnownSidType account, FileSystemRights permissions)
[2022-06-09 02:22:29,106] [1    ] [INFO ] [] - LocalMachine RegistryKey not set
[2022-06-09 02:22:29,121] [1    ] [INFO ] [] - Starting server...
[2022-06-09 02:22:31,007] [1    ] [INFO ] [] - Server running. Listening to port 17223
[2022-06-09 02:22:31,117] [1    ] [INFO ] [] - Working with debug logging OFF
[2022-06-09 02:22:31,523] [6    ] [INFO ] [] - Initializing the metrics collector
[2022-06-09 02:22:31,538] [6    ] [ERROR] [] - MetricsCollector::Initialize(171): Check Failed: !IsConfigured() - Return: MetricResult_InvalidState
[2022-06-09 02:22:31,538] [6    ] [ERROR] [] - Failed to initialized metrics collector - error: 2
[2022-06-09 02:22:31,538] [6    ] [INFO ] [] - Recording metric - name: ComServerStart
[2022-06-09 02:22:34,053] [4    ] [INFO ] [] - Initializing the metrics collector
[2022-06-09 02:22:34,053] [4    ] [ERROR] [] - MetricsCollector::Initialize(171): Check Failed: !IsConfigured() - Return: MetricResult_InvalidState
[2022-06-09 02:22:34,053] [4    ] [ERROR] [] - Failed to initialized metrics collector - error: 2
