[2022-02-05 22:19:06,103] [1    ] [INFO ] [] - ========== Box Local Com Server v4.16.1.911 ==========
[2022-02-05 22:19:06,135] [1    ] [INFO ] [] - Running as a per-user installation
[2022-02-05 22:19:06,307] [1    ] [INFO ] [] - Initializing the metrics collector
[2022-02-05 22:19:06,416] [1    ] [WARN ] [] - MetricsCollector::UpdateConfiguration(374): UpdateConfiguration raised: unable to open database file
[2022-02-05 22:19:06,416] [1    ] [ERROR] [] - MetricsCollector::Initialize(238): Raised: unable to open database file
[2022-02-05 22:19:06,416] [1    ] [ERROR] [] - Failed to initialized metrics collector - error: 6
[2022-02-05 22:19:06,432] [1    ] [ERROR] [] - Could not set permissions to C:\Users\金田駿之介\AppData\Local\Box\Box Tools\Metrics\BoxTools_Metrics.db
[2022-02-05 22:19:06,447] [1    ] [ERROR] [] - FileSystemUtils.AddPermissionsToFile on line number [0]  System.IO.FileNotFoundException: C:\Users\金田駿之介\AppData\Local\Box\Box Tools\Metrics\BoxTools_Metrics.db
   場所 System.Security.AccessControl.NativeObjectSecurity.CreateInternal(ResourceType resourceType, Boolean isContainer, String name, SafeHandle handle, AccessControlSections includeSections, Boolean createByName, ExceptionFromErrorCode exceptionFromErrorCode, Object exceptionContext)
   場所 System.Security.AccessControl.FileSystemSecurity..ctor(Boolean isContainer, String name, AccessControlSections includeSections, Boolean isDirectory)
   場所 System.Security.AccessControl.FileSecurity..ctor(String fileName, AccessControlSections includeSections)
   場所 Box.Utilities.Util.FileSystemUtils.AddPermissionsToFile(String filePath, WellKnownSidType account, FileSystemRights permissions)
[2022-02-05 22:19:06,447] [1    ] [INFO ] [] - Initializing the metrics collector
[2022-02-05 22:19:06,447] [1    ] [ERROR] [] - MetricsCollector::Initialize(171): Check Failed: !IsConfigured() - Return: MetricResult_InvalidState
[2022-02-05 22:19:06,447] [1    ] [ERROR] [] - Failed to initialized metrics collector - error: 2
[2022-02-05 22:19:06,447] [1    ] [ERROR] [] - Could not set permissions to C:\Users\金田駿之介\AppData\Local\Box\Box Tools\Metrics\BoxTools_Metrics.db
[2022-02-05 22:19:06,447] [1    ] [ERROR] [] - FileSystemUtils.AddPermissionsToFile on line number [0]  System.IO.FileNotFoundException: C:\Users\金田駿之介\AppData\Local\Box\Box Tools\Metrics\BoxTools_Metrics.db
   場所 System.Security.AccessControl.NativeObjectSecurity.CreateInternal(ResourceType resourceType, Boolean isContainer, String name, SafeHandle handle, AccessControlSections includeSections, Boolean createByName, ExceptionFromErrorCode exceptionFromErrorCode, Object exceptionContext)
   場所 System.Security.AccessControl.FileSystemSecurity..ctor(Boolean isContainer, String name, AccessControlSections includeSections, Boolean isDirectory)
   場所 System.Security.AccessControl.FileSecurity..ctor(String fileName, AccessControlSections includeSections)
   場所 Box.Utilities.Util.FileSystemUtils.AddPermissionsToFile(String filePath, WellKnownSidType account, FileSystemRights permissions)
[2022-02-05 22:19:06,463] [1    ] [INFO ] [] - LocalMachine RegistryKey not set
[2022-02-05 22:19:06,463] [1    ] [INFO ] [] - Starting server...
[2022-02-05 22:19:06,697] [1    ] [INFO ] [] - Server running. Listening to port 17223
[2022-02-05 22:19:06,697] [1    ] [INFO ] [] - Working with debug logging OFF
[2022-02-05 22:19:06,713] [5    ] [INFO ] [] - Initializing the metrics collector
[2022-02-05 22:19:06,713] [5    ] [ERROR] [] - MetricsCollector::Initialize(171): Check Failed: !IsConfigured() - Return: MetricResult_InvalidState
[2022-02-05 22:19:06,713] [5    ] [ERROR] [] - Failed to initialized metrics collector - error: 2
[2022-02-05 22:19:06,713] [5    ] [INFO ] [] - Recording metric - name: ComServerStart
[2022-02-05 22:19:11,464] [4    ] [INFO ] [] - Initializing the metrics collector
[2022-02-05 22:19:11,464] [4    ] [ERROR] [] - MetricsCollector::Initialize(171): Check Failed: !IsConfigured() - Return: MetricResult_InvalidState
[2022-02-05 22:19:11,464] [4    ] [ERROR] [] - Failed to initialized metrics collector - error: 2
[2022-02-05 22:29:11,492] [6    ] [INFO ] [] - Initializing the metrics collector
[2022-02-05 22:29:11,494] [6    ] [ERROR] [] - MetricsCollector::Initialize(171): Check Failed: !IsConfigured() - Return: MetricResult_InvalidState
[2022-02-05 22:29:11,495] [6    ] [ERROR] [] - Failed to initialized metrics collector - error: 2
[2022-02-05 22:39:11,492] [10   ] [INFO ] [] - Initializing the metrics collector
[2022-02-05 22:39:11,495] [10   ] [ERROR] [] - MetricsCollector::Initialize(171): Check Failed: !IsConfigured() - Return: MetricResult_InvalidState
[2022-02-05 22:39:11,496] [10   ] [ERROR] [] - Failed to initialized metrics collector - error: 2
[2022-02-05 22:49:11,500] [11   ] [INFO ] [] - Initializing the metrics collector
[2022-02-05 22:49:11,502] [11   ] [ERROR] [] - MetricsCollector::Initialize(171): Check Failed: !IsConfigured() - Return: MetricResult_InvalidState
[2022-02-05 22:49:11,503] [11   ] [ERROR] [] - Failed to initialized metrics collector - error: 2
[2022-02-05 22:59:11,517] [12   ] [INFO ] [] - Initializing the metrics collector
[2022-02-05 22:59:11,520] [12   ] [ERROR] [] - MetricsCollector::Initialize(171): Check Failed: !IsConfigured() - Return: MetricResult_InvalidState
[2022-02-05 22:59:11,522] [12   ] [ERROR] [] - Failed to initialized metrics collector - error: 2
[2022-02-05 23:09:11,559] [13   ] [INFO ] [] - Initializing the metrics collector
[2022-02-05 23:09:11,563] [13   ] [ERROR] [] - MetricsCollector::Initialize(171): Check Failed: !IsConfigured() - Return: MetricResult_InvalidState
[2022-02-05 23:09:11,569] [13   ] [ERROR] [] - Failed to initialized metrics collector - error: 2
