[2022-03-08 09:21:29,670] [1    ] [INFO ] [] - ========== Box Local Com Server v4.17.0.935 ==========
[2022-03-08 09:21:29,710] [1    ] [INFO ] [] - Running as a per-user installation
[2022-03-08 09:21:29,981] [1    ] [INFO ] [] - Initializing the metrics collector
[2022-03-08 09:21:30,105] [1    ] [WARN ] [] - MetricsCollector::UpdateConfiguration(374): UpdateConfiguration raised: unable to open database file
[2022-03-08 09:21:30,113] [1    ] [ERROR] [] - MetricsCollector::Initialize(238): Raised: unable to open database file
[2022-03-08 09:21:30,113] [1    ] [ERROR] [] - Failed to initialized metrics collector - error: 6
[2022-03-08 09:21:30,115] [1    ] [ERROR] [] - Could not set permissions to C:\Users\金田駿之介\AppData\Local\Box\Box Tools\Metrics\BoxTools_Metrics.db
[2022-03-08 09:21:30,224] [1    ] [ERROR] [] - FileSystemUtils.AddPermissionsToFile on line number [0]  System.IO.FileNotFoundException: C:\Users\金田駿之介\AppData\Local\Box\Box Tools\Metrics\BoxTools_Metrics.db
   場所 System.Security.AccessControl.NativeObjectSecurity.CreateInternal(ResourceType resourceType, Boolean isContainer, String name, SafeHandle handle, AccessControlSections includeSections, Boolean createByName, ExceptionFromErrorCode exceptionFromErrorCode, Object exceptionContext)
   場所 System.Security.AccessControl.FileSystemSecurity..ctor(Boolean isContainer, String name, AccessControlSections includeSections, Boolean isDirectory)
   場所 System.Security.AccessControl.FileSecurity..ctor(String fileName, AccessControlSections includeSections)
   場所 Box.Utilities.Util.FileSystemUtils.AddPermissionsToFile(String filePath, WellKnownSidType account, FileSystemRights permissions)
[2022-03-08 09:21:30,232] [1    ] [INFO ] [] - Initializing the metrics collector
[2022-03-08 09:21:30,237] [1    ] [ERROR] [] - MetricsCollector::Initialize(171): Check Failed: !IsConfigured() - Return: MetricResult_InvalidState
[2022-03-08 09:21:30,240] [1    ] [ERROR] [] - Failed to initialized metrics collector - error: 2
[2022-03-08 09:21:30,240] [1    ] [ERROR] [] - Could not set permissions to C:\Users\金田駿之介\AppData\Local\Box\Box Tools\Metrics\BoxTools_Metrics.db
[2022-03-08 09:21:30,240] [1    ] [ERROR] [] - FileSystemUtils.AddPermissionsToFile on line number [0]  System.IO.FileNotFoundException: C:\Users\金田駿之介\AppData\Local\Box\Box Tools\Metrics\BoxTools_Metrics.db
   場所 System.Security.AccessControl.NativeObjectSecurity.CreateInternal(ResourceType resourceType, Boolean isContainer, String name, SafeHandle handle, AccessControlSections includeSections, Boolean createByName, ExceptionFromErrorCode exceptionFromErrorCode, Object exceptionContext)
   場所 System.Security.AccessControl.FileSystemSecurity..ctor(Boolean isContainer, String name, AccessControlSections includeSections, Boolean isDirectory)
   場所 System.Security.AccessControl.FileSecurity..ctor(String fileName, AccessControlSections includeSections)
   場所 Box.Utilities.Util.FileSystemUtils.AddPermissionsToFile(String filePath, WellKnownSidType account, FileSystemRights permissions)
[2022-03-08 09:21:30,298] [1    ] [INFO ] [] - LocalMachine RegistryKey not set
[2022-03-08 09:21:30,301] [1    ] [INFO ] [] - Starting server...
[2022-03-08 09:21:30,671] [1    ] [INFO ] [] - Server running. Listening to port 17223
[2022-03-08 09:21:30,671] [1    ] [INFO ] [] - Working with debug logging OFF
[2022-03-08 09:21:30,696] [6    ] [INFO ] [] - Initializing the metrics collector
[2022-03-08 09:21:30,696] [6    ] [ERROR] [] - MetricsCollector::Initialize(171): Check Failed: !IsConfigured() - Return: MetricResult_InvalidState
[2022-03-08 09:21:30,699] [6    ] [ERROR] [] - Failed to initialized metrics collector - error: 2
[2022-03-08 09:21:30,699] [6    ] [INFO ] [] - Recording metric - name: ComServerStart
[2022-03-08 09:21:35,289] [4    ] [INFO ] [] - Initializing the metrics collector
[2022-03-08 09:21:35,289] [4    ] [ERROR] [] - MetricsCollector::Initialize(171): Check Failed: !IsConfigured() - Return: MetricResult_InvalidState
[2022-03-08 09:21:35,289] [4    ] [ERROR] [] - Failed to initialized metrics collector - error: 2
[2022-03-08 09:31:35,273] [10   ] [INFO ] [] - Initializing the metrics collector
[2022-03-08 09:31:35,276] [10   ] [ERROR] [] - MetricsCollector::Initialize(171): Check Failed: !IsConfigured() - Return: MetricResult_InvalidState
[2022-03-08 09:31:35,277] [10   ] [ERROR] [] - Failed to initialized metrics collector - error: 2
[2022-03-08 09:41:35,264] [11   ] [INFO ] [] - Initializing the metrics collector
[2022-03-08 09:41:35,267] [11   ] [ERROR] [] - MetricsCollector::Initialize(171): Check Failed: !IsConfigured() - Return: MetricResult_InvalidState
[2022-03-08 09:41:35,268] [11   ] [ERROR] [] - Failed to initialized metrics collector - error: 2
[2022-03-08 09:51:35,273] [12   ] [INFO ] [] - Initializing the metrics collector
[2022-03-08 09:51:35,276] [12   ] [ERROR] [] - MetricsCollector::Initialize(171): Check Failed: !IsConfigured() - Return: MetricResult_InvalidState
[2022-03-08 09:51:35,278] [12   ] [ERROR] [] - Failed to initialized metrics collector - error: 2
[2022-03-08 10:01:35,284] [13   ] [INFO ] [] - Initializing the metrics collector
[2022-03-08 10:01:35,284] [13   ] [ERROR] [] - MetricsCollector::Initialize(171): Check Failed: !IsConfigured() - Return: MetricResult_InvalidState
[2022-03-08 10:01:35,284] [13   ] [ERROR] [] - Failed to initialized metrics collector - error: 2
[2022-03-08 10:11:35,289] [14   ] [INFO ] [] - Initializing the metrics collector
[2022-03-08 10:11:35,298] [14   ] [ERROR] [] - MetricsCollector::Initialize(171): Check Failed: !IsConfigured() - Return: MetricResult_InvalidState
[2022-03-08 10:11:35,301] [14   ] [ERROR] [] - Failed to initialized metrics collector - error: 2
[2022-03-08 10:21:35,296] [15   ] [INFO ] [] - Initializing the metrics collector
[2022-03-08 10:21:35,297] [15   ] [ERROR] [] - MetricsCollector::Initialize(171): Check Failed: !IsConfigured() - Return: MetricResult_InvalidState
[2022-03-08 10:21:35,298] [15   ] [ERROR] [] - Failed to initialized metrics collector - error: 2
[2022-03-08 10:31:35,302] [16   ] [INFO ] [] - Initializing the metrics collector
[2022-03-08 10:31:35,305] [16   ] [ERROR] [] - MetricsCollector::Initialize(171): Check Failed: !IsConfigured() - Return: MetricResult_InvalidState
[2022-03-08 10:31:35,306] [16   ] [ERROR] [] - Failed to initialized metrics collector - error: 2
[2022-03-08 10:41:35,316] [17   ] [INFO ] [] - Initializing the metrics collector
[2022-03-08 10:41:35,318] [17   ] [ERROR] [] - MetricsCollector::Initialize(171): Check Failed: !IsConfigured() - Return: MetricResult_InvalidState
[2022-03-08 10:41:35,319] [17   ] [ERROR] [] - Failed to initialized metrics collector - error: 2
[2022-03-08 10:51:35,324] [18   ] [INFO ] [] - Initializing the metrics collector
[2022-03-08 10:51:35,326] [18   ] [ERROR] [] - MetricsCollector::Initialize(171): Check Failed: !IsConfigured() - Return: MetricResult_InvalidState
[2022-03-08 10:51:35,327] [18   ] [ERROR] [] - Failed to initialized metrics collector - error: 2
[2022-03-08 11:01:35,336] [20   ] [INFO ] [] - Initializing the metrics collector
[2022-03-08 11:01:35,339] [20   ] [ERROR] [] - MetricsCollector::Initialize(171): Check Failed: !IsConfigured() - Return: MetricResult_InvalidState
[2022-03-08 11:01:35,341] [20   ] [ERROR] [] - Failed to initialized metrics collector - error: 2
[2022-03-08 20:40:37,813] [21   ] [INFO ] [] - Initializing the metrics collector
[2022-03-08 20:40:37,815] [21   ] [ERROR] [] - MetricsCollector::Initialize(171): Check Failed: !IsConfigured() - Return: MetricResult_InvalidState
[2022-03-08 20:40:37,816] [21   ] [ERROR] [] - Failed to initialized metrics collector - error: 2
[2022-03-08 20:50:37,826] [22   ] [INFO ] [] - Initializing the metrics collector
[2022-03-08 20:50:37,832] [22   ] [ERROR] [] - MetricsCollector::Initialize(171): Check Failed: !IsConfigured() - Return: MetricResult_InvalidState
[2022-03-08 20:50:37,835] [22   ] [ERROR] [] - Failed to initialized metrics collector - error: 2
