[2022-02-04 18:56:32,559] [1    ] [INFO ] [] - ========== Box Local Com Server v4.16.1.911 ==========
[2022-02-04 18:56:32,590] [1    ] [INFO ] [] - Running as a per-user installation
[2022-02-04 18:56:32,621] [1    ] [INFO ] [] - Initializing the metrics collector
[2022-02-04 18:56:32,621] [1    ] [WARN ] [] - MetricsCollector::UpdateConfiguration(374): UpdateConfiguration raised: unable to open database file
[2022-02-04 18:56:32,621] [1    ] [ERROR] [] - MetricsCollector::Initialize(238): Raised: unable to open database file
[2022-02-04 18:56:32,621] [1    ] [ERROR] [] - Failed to initialized metrics collector - error: 6
[2022-02-04 18:56:32,621] [1    ] [ERROR] [] - Could not set permissions to C:\Users\金田駿之介\AppData\Local\Box\Box Tools\Metrics\BoxTools_Metrics.db
[2022-02-04 18:56:32,637] [1    ] [ERROR] [] - FileSystemUtils.AddPermissionsToFile on line number [0]  System.IO.FileNotFoundException: C:\Users\金田駿之介\AppData\Local\Box\Box Tools\Metrics\BoxTools_Metrics.db
   場所 System.Security.AccessControl.NativeObjectSecurity.CreateInternal(ResourceType resourceType, Boolean isContainer, String name, SafeHandle handle, AccessControlSections includeSections, Boolean createByName, ExceptionFromErrorCode exceptionFromErrorCode, Object exceptionContext)
   場所 System.Security.AccessControl.FileSystemSecurity..ctor(Boolean isContainer, String name, AccessControlSections includeSections, Boolean isDirectory)
   場所 System.Security.AccessControl.FileSecurity..ctor(String fileName, AccessControlSections includeSections)
   場所 Box.Utilities.Util.FileSystemUtils.AddPermissionsToFile(String filePath, WellKnownSidType account, FileSystemRights permissions)
[2022-02-04 18:56:32,637] [1    ] [INFO ] [] - Initializing the metrics collector
[2022-02-04 18:56:32,637] [1    ] [ERROR] [] - MetricsCollector::Initialize(171): Check Failed: !IsConfigured() - Return: MetricResult_InvalidState
[2022-02-04 18:56:32,637] [1    ] [ERROR] [] - Failed to initialized metrics collector - error: 2
[2022-02-04 18:56:32,653] [1    ] [ERROR] [] - Could not set permissions to C:\Users\金田駿之介\AppData\Local\Box\Box Tools\Metrics\BoxTools_Metrics.db
[2022-02-04 18:56:32,653] [1    ] [ERROR] [] - FileSystemUtils.AddPermissionsToFile on line number [0]  System.IO.FileNotFoundException: C:\Users\金田駿之介\AppData\Local\Box\Box Tools\Metrics\BoxTools_Metrics.db
   場所 System.Security.AccessControl.NativeObjectSecurity.CreateInternal(ResourceType resourceType, Boolean isContainer, String name, SafeHandle handle, AccessControlSections includeSections, Boolean createByName, ExceptionFromErrorCode exceptionFromErrorCode, Object exceptionContext)
   場所 System.Security.AccessControl.FileSystemSecurity..ctor(Boolean isContainer, String name, AccessControlSections includeSections, Boolean isDirectory)
   場所 System.Security.AccessControl.FileSecurity..ctor(String fileName, AccessControlSections includeSections)
   場所 Box.Utilities.Util.FileSystemUtils.AddPermissionsToFile(String filePath, WellKnownSidType account, FileSystemRights permissions)
[2022-02-04 18:56:32,653] [1    ] [INFO ] [] - LocalMachine RegistryKey not set
[2022-02-04 18:56:32,668] [1    ] [INFO ] [] - Starting server...
[2022-02-04 18:56:32,668] [1    ] [INFO ] [] - Server running. Listening to port 17223
[2022-02-04 18:56:32,668] [1    ] [INFO ] [] - Working with debug logging OFF
[2022-02-04 18:56:32,684] [6    ] [INFO ] [] - Initializing the metrics collector
[2022-02-04 18:56:32,684] [6    ] [ERROR] [] - MetricsCollector::Initialize(171): Check Failed: !IsConfigured() - Return: MetricResult_InvalidState
[2022-02-04 18:56:32,684] [6    ] [ERROR] [] - Failed to initialized metrics collector - error: 2
[2022-02-04 18:56:32,684] [6    ] [INFO ] [] - Recording metric - name: ComServerStart
[2022-02-04 18:56:37,667] [4    ] [INFO ] [] - Initializing the metrics collector
[2022-02-04 18:56:37,667] [4    ] [ERROR] [] - MetricsCollector::Initialize(171): Check Failed: !IsConfigured() - Return: MetricResult_InvalidState
[2022-02-04 18:56:37,667] [4    ] [ERROR] [] - Failed to initialized metrics collector - error: 2
[2022-02-04 19:02:50,917] [11   ] [INFO ] [] - Accepted Origin
[2022-02-04 19:02:50,918] [10   ] [INFO ] [] - Accepted Origin
[2022-02-04 19:02:50,926] [11   ] [INFO ] [] - Handling status request
[2022-02-04 19:02:50,926] [10   ] [INFO ] [] - Handling status request
[2022-02-04 19:03:31,340] [11   ] [INFO ] [] - Accepted Origin
[2022-02-04 19:03:31,340] [11   ] [INFO ] [] - Handling status request
[2022-02-04 19:03:32,418] [11   ] [INFO ] [] - Accepted Origin
[2022-02-04 19:03:32,419] [11   ] [INFO ] [] - Handling status request
[2022-02-04 19:03:32,571] [11   ] [INFO ] [] - Accepted Origin
[2022-02-04 19:03:32,693] [11   ] [INFO ] [] - Application "Box Edit" running for user "DESKTOP-T63COKT\金田駿之介"
[2022-02-04 19:03:32,763] [11   ] [INFO ] [] - Handling application_request
[2022-02-04 19:03:32,821] [4    ] [INFO ] [] - Attempt #1 to connect to named pipe box_edit_pipe
[2022-02-04 19:03:32,833] [4    ] [INFO ] [] - The named pipe box_edit_pipe is connected
[2022-02-04 19:03:32,892] [12   ] [INFO ] [] - Received 95 bytes from application boxedit
[2022-02-04 19:03:32,893] [12   ] [INFO ] [] - Disconnected from box_edit_pipe
[2022-02-04 19:03:32,895] [11   ] [INFO ] [] - Received {"response_type":"get_default_application","default_application_name":{"pdf":"Microsoft Edge"}} from application boxedit
[2022-02-04 19:03:32,895] [11   ] [INFO ] [] - Elapsed time to handle application_request: 00:00:00.1325058
[2022-02-04 19:03:44,284] [11   ] [INFO ] [] - Accepted Origin
[2022-02-04 19:03:44,284] [11   ] [INFO ] [] - Handling status request
[2022-02-04 19:03:45,748] [11   ] [INFO ] [] - Accepted Origin
[2022-02-04 19:03:45,749] [11   ] [INFO ] [] - Handling status request
[2022-02-04 19:03:45,920] [11   ] [INFO ] [] - Accepted Origin
[2022-02-04 19:03:45,945] [11   ] [INFO ] [] - Application "Box Edit" running for user "DESKTOP-T63COKT\金田駿之介"
[2022-02-04 19:03:45,945] [11   ] [INFO ] [] - Handling application_request
[2022-02-04 19:03:45,948] [12   ] [INFO ] [] - Attempt #1 to connect to named pipe box_edit_pipe
[2022-02-04 19:03:45,952] [12   ] [INFO ] [] - The named pipe box_edit_pipe is connected
[2022-02-04 19:03:46,012] [4    ] [INFO ] [] - Received 151 bytes from application boxedit
[2022-02-04 19:03:46,016] [4    ] [INFO ] [] - Disconnected from box_edit_pipe
[2022-02-04 19:03:46,018] [11   ] [INFO ] [] - Received {"response_type":"get_default_application","default_application_name":[{"txt":"メモ帳"},{"pdf":"Microsoft Edge"},{"xlsm":"Excel"},{"xlsx":"Excel"}]} from application boxedit
[2022-02-04 19:03:46,019] [11   ] [INFO ] [] - Elapsed time to handle application_request: 00:00:00.0738666
[2022-02-04 19:04:11,840] [11   ] [INFO ] [] - Accepted Origin
[2022-02-04 19:04:11,840] [11   ] [INFO ] [] - Handling status request
[2022-02-04 19:04:12,722] [11   ] [INFO ] [] - Accepted Origin
[2022-02-04 19:04:12,723] [11   ] [INFO ] [] - Handling status request
[2022-02-04 19:04:13,225] [11   ] [INFO ] [] - Accepted Origin
[2022-02-04 19:04:13,238] [11   ] [INFO ] [] - Application "Box Edit" running for user "DESKTOP-T63COKT\金田駿之介"
[2022-02-04 19:04:13,240] [11   ] [INFO ] [] - Handling application_request
[2022-02-04 19:04:13,242] [7    ] [INFO ] [] - Attempt #1 to connect to named pipe box_edit_pipe
[2022-02-04 19:04:13,248] [7    ] [INFO ] [] - The named pipe box_edit_pipe is connected
[2022-02-04 19:04:13,284] [15   ] [INFO ] [] - Received 95 bytes from application boxedit
[2022-02-04 19:04:13,285] [15   ] [INFO ] [] - Disconnected from box_edit_pipe
[2022-02-04 19:04:13,286] [11   ] [INFO ] [] - Received {"response_type":"get_default_application","default_application_name":{"pdf":"Microsoft Edge"}} from application boxedit
[2022-02-04 19:04:13,287] [11   ] [INFO ] [] - Elapsed time to handle application_request: 00:00:00.0477591
[2022-02-04 19:04:14,384] [11   ] [INFO ] [] - Accepted Origin
[2022-02-04 19:04:14,385] [11   ] [INFO ] [] - Handling status request
[2022-02-04 19:04:14,707] [11   ] [INFO ] [] - Accepted Origin
[2022-02-04 19:04:14,721] [11   ] [INFO ] [] - Application "Box Edit" running for user "DESKTOP-T63COKT\金田駿之介"
[2022-02-04 19:04:14,721] [11   ] [INFO ] [] - Handling application_request
[2022-02-04 19:04:14,721] [18   ] [INFO ] [] - Attempt #1 to connect to named pipe box_edit_pipe
[2022-02-04 19:04:14,721] [18   ] [INFO ] [] - The named pipe box_edit_pipe is connected
[2022-02-04 19:04:14,735] [19   ] [INFO ] [] - Received 95 bytes from application boxedit
[2022-02-04 19:04:14,735] [19   ] [INFO ] [] - Disconnected from box_edit_pipe
[2022-02-04 19:04:14,739] [11   ] [INFO ] [] - Received {"response_type":"get_default_application","default_application_name":{"pdf":"Microsoft Edge"}} from application boxedit
[2022-02-04 19:04:14,740] [11   ] [INFO ] [] - Elapsed time to handle application_request: 00:00:00.0177648
[2022-02-04 19:06:37,679] [17   ] [INFO ] [] - Initializing the metrics collector
[2022-02-04 19:06:37,688] [17   ] [ERROR] [] - MetricsCollector::Initialize(171): Check Failed: !IsConfigured() - Return: MetricResult_InvalidState
[2022-02-04 19:06:37,688] [17   ] [ERROR] [] - Failed to initialized metrics collector - error: 2
[2022-02-04 19:10:06,394] [11   ] [INFO ] [] - Accepted Origin
[2022-02-04 19:10:06,396] [11   ] [INFO ] [] - Handling status request
[2022-02-04 19:10:08,106] [11   ] [INFO ] [] - Accepted Origin
[2022-02-04 19:10:08,109] [11   ] [INFO ] [] - Handling status request
[2022-02-04 19:10:12,217] [11   ] [INFO ] [] - Accepted Origin
[2022-02-04 19:10:12,218] [11   ] [INFO ] [] - Handling status request
[2022-02-04 19:10:12,277] [11   ] [INFO ] [] - Accepted Origin
[2022-02-04 19:10:12,278] [11   ] [INFO ] [] - Handling status request
[2022-02-04 19:10:15,983] [11   ] [INFO ] [] - Accepted Origin
[2022-02-04 19:10:15,984] [11   ] [INFO ] [] - Handling status request
[2022-02-04 19:10:17,203] [11   ] [INFO ] [] - Accepted Origin
[2022-02-04 19:10:17,204] [11   ] [INFO ] [] - Handling status request
[2022-02-04 19:10:19,825] [11   ] [INFO ] [] - Accepted Origin
[2022-02-04 19:10:19,825] [11   ] [INFO ] [] - Handling status request
[2022-02-04 19:10:20,740] [11   ] [INFO ] [] - Accepted Origin
[2022-02-04 19:10:20,740] [11   ] [INFO ] [] - Handling status request
[2022-02-04 19:10:20,878] [11   ] [INFO ] [] - Accepted Origin
[2022-02-04 19:10:20,912] [11   ] [INFO ] [] - Application "Box Edit" running for user "DESKTOP-T63COKT\金田駿之介"
[2022-02-04 19:10:20,914] [11   ] [INFO ] [] - Handling application_request
[2022-02-04 19:10:20,919] [15   ] [INFO ] [] - Attempt #1 to connect to named pipe box_edit_pipe
[2022-02-04 19:10:20,922] [15   ] [INFO ] [] - The named pipe box_edit_pipe is connected
[2022-02-04 19:10:20,949] [7    ] [INFO ] [] - Received 90 bytes from application boxedit
[2022-02-04 19:10:20,949] [7    ] [INFO ] [] - Disconnected from box_edit_pipe
[2022-02-04 19:10:20,956] [11   ] [INFO ] [] - Received {"response_type":"get_default_application","default_application_name":{"txt":"メモ帳"}} from application boxedit
[2022-02-04 19:10:20,959] [11   ] [INFO ] [] - Elapsed time to handle application_request: 00:00:00.0451099
[2022-02-04 19:12:59,343] [11   ] [INFO ] [] - Accepted Origin
[2022-02-04 19:12:59,344] [11   ] [INFO ] [] - Handling status request
[2022-02-04 19:13:00,588] [11   ] [INFO ] [] - Accepted Origin
[2022-02-04 19:13:00,588] [11   ] [INFO ] [] - Handling status request
[2022-02-04 19:13:06,002] [11   ] [INFO ] [] - Accepted Origin
[2022-02-04 19:13:06,004] [11   ] [INFO ] [] - Handling status request
[2022-02-04 19:13:07,108] [11   ] [INFO ] [] - Accepted Origin
[2022-02-04 19:13:07,109] [11   ] [INFO ] [] - Handling status request
[2022-02-04 19:13:07,499] [11   ] [INFO ] [] - Accepted Origin
[2022-02-04 19:13:07,502] [11   ] [INFO ] [] - Application "Box Edit" running for user "DESKTOP-T63COKT\金田駿之介"
[2022-02-04 19:13:07,502] [11   ] [INFO ] [] - Handling application_request
[2022-02-04 19:13:07,502] [17   ] [INFO ] [] - Attempt #1 to connect to named pipe box_edit_pipe
[2022-02-04 19:13:07,502] [17   ] [INFO ] [] - The named pipe box_edit_pipe is connected
[2022-02-04 19:13:07,518] [19   ] [INFO ] [] - Received 109 bytes from application boxedit
[2022-02-04 19:13:07,518] [19   ] [INFO ] [] - Disconnected from box_edit_pipe
[2022-02-04 19:13:07,523] [11   ] [INFO ] [] - Received {"response_type":"get_default_application","default_application_name":[{"xlsx":"Excel"},{"txt":"メモ帳"}]} from application boxedit
[2022-02-04 19:13:07,524] [11   ] [INFO ] [] - Elapsed time to handle application_request: 00:00:00.0181486
[2022-02-04 19:13:19,998] [11   ] [INFO ] [] - Accepted Origin
[2022-02-04 19:13:19,998] [11   ] [INFO ] [] - Handling status request
[2022-02-04 19:13:21,160] [11   ] [INFO ] [] - Accepted Origin
[2022-02-04 19:13:21,160] [11   ] [INFO ] [] - Handling status request
[2022-02-04 19:13:22,943] [11   ] [INFO ] [] - Accepted Origin
[2022-02-04 19:13:22,944] [11   ] [INFO ] [] - Handling status request
[2022-02-04 19:13:24,340] [11   ] [INFO ] [] - Accepted Origin
[2022-02-04 19:13:24,340] [11   ] [INFO ] [] - Handling status request
[2022-02-04 19:13:24,811] [11   ] [INFO ] [] - Accepted Origin
[2022-02-04 19:13:24,824] [11   ] [INFO ] [] - Application "Box Edit" running for user "DESKTOP-T63COKT\金田駿之介"
[2022-02-04 19:13:24,824] [11   ] [INFO ] [] - Handling application_request
[2022-02-04 19:13:24,825] [14   ] [INFO ] [] - Attempt #1 to connect to named pipe box_edit_pipe
[2022-02-04 19:13:24,826] [14   ] [INFO ] [] - The named pipe box_edit_pipe is connected
[2022-02-04 19:13:24,850] [13   ] [INFO ] [] - Received 131 bytes from application boxedit
[2022-02-04 19:13:24,851] [13   ] [INFO ] [] - Disconnected from box_edit_pipe
[2022-02-04 19:13:24,852] [11   ] [INFO ] [] - Received {"response_type":"get_default_application","default_application_name":[{"xlsx":"Excel"},{"pdf":"Microsoft Edge"},{"xlsm":"Excel"}]} from application boxedit
[2022-02-04 19:13:24,852] [11   ] [INFO ] [] - Elapsed time to handle application_request: 00:00:00.0290177
[2022-02-04 19:14:41,394] [5    ] [INFO ] [] - Accepted Origin
[2022-02-04 19:14:41,399] [5    ] [INFO ] [] - Handling status request
[2022-02-04 19:14:42,453] [5    ] [INFO ] [] - Accepted Origin
[2022-02-04 19:14:42,455] [5    ] [INFO ] [] - Handling status request
[2022-02-04 19:14:44,431] [5    ] [INFO ] [] - Accepted Origin
[2022-02-04 19:14:44,432] [5    ] [INFO ] [] - Handling status request
[2022-02-04 19:14:45,466] [5    ] [INFO ] [] - Accepted Origin
[2022-02-04 19:14:45,466] [5    ] [INFO ] [] - Handling status request
[2022-02-04 19:14:45,612] [5    ] [INFO ] [] - Accepted Origin
[2022-02-04 19:14:45,639] [5    ] [INFO ] [] - Application "Box Edit" running for user "DESKTOP-T63COKT\金田駿之介"
[2022-02-04 19:14:45,639] [5    ] [INFO ] [] - Handling application_request
[2022-02-04 19:14:45,639] [4    ] [INFO ] [] - Attempt #1 to connect to named pipe box_edit_pipe
[2022-02-04 19:14:45,648] [4    ] [INFO ] [] - The named pipe box_edit_pipe is connected
[2022-02-04 19:14:45,704] [12   ] [INFO ] [] - Received 109 bytes from application boxedit
[2022-02-04 19:14:45,707] [12   ] [INFO ] [] - Disconnected from box_edit_pipe
[2022-02-04 19:14:45,708] [5    ] [INFO ] [] - Received {"response_type":"get_default_application","default_application_name":[{"xlsx":"Excel"},{"txt":"メモ帳"}]} from application boxedit
[2022-02-04 19:14:45,709] [5    ] [INFO ] [] - Elapsed time to handle application_request: 00:00:00.0667437
[2022-02-04 19:16:37,685] [21   ] [INFO ] [] - Initializing the metrics collector
[2022-02-04 19:16:37,685] [21   ] [ERROR] [] - MetricsCollector::Initialize(171): Check Failed: !IsConfigured() - Return: MetricResult_InvalidState
[2022-02-04 19:16:37,685] [21   ] [ERROR] [] - Failed to initialized metrics collector - error: 2
[2022-02-04 19:19:48,244] [25   ] [INFO ] [] - Accepted Origin
[2022-02-04 19:19:48,246] [25   ] [INFO ] [] - Handling status request
[2022-02-04 19:19:49,271] [25   ] [INFO ] [] - Accepted Origin
[2022-02-04 19:19:49,272] [25   ] [INFO ] [] - Handling status request
[2022-02-04 19:20:09,256] [25   ] [INFO ] [] - Accepted Origin
[2022-02-04 19:20:09,257] [25   ] [INFO ] [] - Handling status request
[2022-02-04 19:20:10,432] [25   ] [INFO ] [] - Accepted Origin
[2022-02-04 19:20:10,433] [25   ] [INFO ] [] - Handling status request
[2022-02-04 21:43:32,214] [1    ] [INFO ] [] - ========== Box Local Com Server v4.16.1.911 ==========
[2022-02-04 21:43:32,245] [1    ] [INFO ] [] - Running as a per-user installation
[2022-02-04 21:43:32,392] [1    ] [INFO ] [] - Initializing the metrics collector
[2022-02-04 21:43:32,492] [1    ] [WARN ] [] - MetricsCollector::UpdateConfiguration(374): UpdateConfiguration raised: unable to open database file
[2022-02-04 21:43:32,492] [1    ] [ERROR] [] - MetricsCollector::Initialize(238): Raised: unable to open database file
[2022-02-04 21:43:32,492] [1    ] [ERROR] [] - Failed to initialized metrics collector - error: 6
[2022-02-04 21:43:32,492] [1    ] [ERROR] [] - Could not set permissions to C:\Users\金田駿之介\AppData\Local\Box\Box Tools\Metrics\BoxTools_Metrics.db
[2022-02-04 21:43:32,515] [1    ] [ERROR] [] - FileSystemUtils.AddPermissionsToFile on line number [0]  System.IO.FileNotFoundException: C:\Users\金田駿之介\AppData\Local\Box\Box Tools\Metrics\BoxTools_Metrics.db
   場所 System.Security.AccessControl.NativeObjectSecurity.CreateInternal(ResourceType resourceType, Boolean isContainer, String name, SafeHandle handle, AccessControlSections includeSections, Boolean createByName, ExceptionFromErrorCode exceptionFromErrorCode, Object exceptionContext)
   場所 System.Security.AccessControl.FileSystemSecurity..ctor(Boolean isContainer, String name, AccessControlSections includeSections, Boolean isDirectory)
   場所 System.Security.AccessControl.FileSecurity..ctor(String fileName, AccessControlSections includeSections)
   場所 Box.Utilities.Util.FileSystemUtils.AddPermissionsToFile(String filePath, WellKnownSidType account, FileSystemRights permissions)
[2022-02-04 21:43:32,515] [1    ] [INFO ] [] - Initializing the metrics collector
[2022-02-04 21:43:32,515] [1    ] [ERROR] [] - MetricsCollector::Initialize(171): Check Failed: !IsConfigured() - Return: MetricResult_InvalidState
[2022-02-04 21:43:32,515] [1    ] [ERROR] [] - Failed to initialized metrics collector - error: 2
[2022-02-04 21:43:32,515] [1    ] [ERROR] [] - Could not set permissions to C:\Users\金田駿之介\AppData\Local\Box\Box Tools\Metrics\BoxTools_Metrics.db
[2022-02-04 21:43:32,515] [1    ] [ERROR] [] - FileSystemUtils.AddPermissionsToFile on line number [0]  System.IO.FileNotFoundException: C:\Users\金田駿之介\AppData\Local\Box\Box Tools\Metrics\BoxTools_Metrics.db
   場所 System.Security.AccessControl.NativeObjectSecurity.CreateInternal(ResourceType resourceType, Boolean isContainer, String name, SafeHandle handle, AccessControlSections includeSections, Boolean createByName, ExceptionFromErrorCode exceptionFromErrorCode, Object exceptionContext)
   場所 System.Security.AccessControl.FileSystemSecurity..ctor(Boolean isContainer, String name, AccessControlSections includeSections, Boolean isDirectory)
   場所 System.Security.AccessControl.FileSecurity..ctor(String fileName, AccessControlSections includeSections)
   場所 Box.Utilities.Util.FileSystemUtils.AddPermissionsToFile(String filePath, WellKnownSidType account, FileSystemRights permissions)
[2022-02-04 21:43:32,530] [1    ] [INFO ] [] - LocalMachine RegistryKey not set
[2022-02-04 21:43:32,530] [1    ] [INFO ] [] - Starting server...
[2022-02-04 21:43:32,677] [1    ] [INFO ] [] - Server running. Listening to port 17223
[2022-02-04 21:43:32,677] [1    ] [INFO ] [] - Working with debug logging OFF
[2022-02-04 21:43:32,693] [6    ] [INFO ] [] - Initializing the metrics collector
[2022-02-04 21:43:32,693] [6    ] [ERROR] [] - MetricsCollector::Initialize(171): Check Failed: !IsConfigured() - Return: MetricResult_InvalidState
[2022-02-04 21:43:32,693] [6    ] [ERROR] [] - Failed to initialized metrics collector - error: 2
[2022-02-04 21:43:32,693] [6    ] [INFO ] [] - Recording metric - name: ComServerStart
[2022-02-04 21:43:37,542] [4    ] [INFO ] [] - Initializing the metrics collector
[2022-02-04 21:43:37,542] [4    ] [ERROR] [] - MetricsCollector::Initialize(171): Check Failed: !IsConfigured() - Return: MetricResult_InvalidState
[2022-02-04 21:43:37,542] [4    ] [ERROR] [] - Failed to initialized metrics collector - error: 2
[2022-02-04 21:44:57,036] [1    ] [INFO ] [] - ========== Box Local Com Server v4.16.1.911 ==========
[2022-02-04 21:44:57,082] [1    ] [INFO ] [] - Running as a per-user installation
[2022-02-04 21:44:57,313] [1    ] [INFO ] [] - Initializing the metrics collector
[2022-02-04 21:44:57,434] [1    ] [WARN ] [] - MetricsCollector::UpdateConfiguration(374): UpdateConfiguration raised: unable to open database file
[2022-02-04 21:44:57,435] [1    ] [ERROR] [] - MetricsCollector::Initialize(238): Raised: unable to open database file
[2022-02-04 21:44:57,436] [1    ] [ERROR] [] - Failed to initialized metrics collector - error: 6
[2022-02-04 21:44:57,439] [1    ] [ERROR] [] - Could not set permissions to C:\Users\金田駿之介\AppData\Local\Box\Box Tools\Metrics\BoxTools_Metrics.db
[2022-02-04 21:44:57,471] [1    ] [ERROR] [] - FileSystemUtils.AddPermissionsToFile on line number [0]  System.IO.FileNotFoundException: C:\Users\金田駿之介\AppData\Local\Box\Box Tools\Metrics\BoxTools_Metrics.db
   場所 System.Security.AccessControl.NativeObjectSecurity.CreateInternal(ResourceType resourceType, Boolean isContainer, String name, SafeHandle handle, AccessControlSections includeSections, Boolean createByName, ExceptionFromErrorCode exceptionFromErrorCode, Object exceptionContext)
   場所 System.Security.AccessControl.FileSystemSecurity..ctor(Boolean isContainer, String name, AccessControlSections includeSections, Boolean isDirectory)
   場所 System.Security.AccessControl.FileSecurity..ctor(String fileName, AccessControlSections includeSections)
   場所 Box.Utilities.Util.FileSystemUtils.AddPermissionsToFile(String filePath, WellKnownSidType account, FileSystemRights permissions)
[2022-02-04 21:44:57,473] [1    ] [INFO ] [] - Initializing the metrics collector
[2022-02-04 21:44:57,474] [1    ] [ERROR] [] - MetricsCollector::Initialize(171): Check Failed: !IsConfigured() - Return: MetricResult_InvalidState
[2022-02-04 21:44:57,474] [1    ] [ERROR] [] - Failed to initialized metrics collector - error: 2
[2022-02-04 21:44:57,475] [1    ] [ERROR] [] - Could not set permissions to C:\Users\金田駿之介\AppData\Local\Box\Box Tools\Metrics\BoxTools_Metrics.db
[2022-02-04 21:44:57,476] [1    ] [ERROR] [] - FileSystemUtils.AddPermissionsToFile on line number [0]  System.IO.FileNotFoundException: C:\Users\金田駿之介\AppData\Local\Box\Box Tools\Metrics\BoxTools_Metrics.db
   場所 System.Security.AccessControl.NativeObjectSecurity.CreateInternal(ResourceType resourceType, Boolean isContainer, String name, SafeHandle handle, AccessControlSections includeSections, Boolean createByName, ExceptionFromErrorCode exceptionFromErrorCode, Object exceptionContext)
   場所 System.Security.AccessControl.FileSystemSecurity..ctor(Boolean isContainer, String name, AccessControlSections includeSections, Boolean isDirectory)
   場所 System.Security.AccessControl.FileSecurity..ctor(String fileName, AccessControlSections includeSections)
   場所 Box.Utilities.Util.FileSystemUtils.AddPermissionsToFile(String filePath, WellKnownSidType account, FileSystemRights permissions)
[2022-02-04 21:44:57,499] [1    ] [INFO ] [] - LocalMachine RegistryKey not set
[2022-02-04 21:44:57,503] [1    ] [INFO ] [] - Starting server...
[2022-02-04 21:44:57,754] [1    ] [INFO ] [] - Server running. Listening to port 17223
[2022-02-04 21:44:57,757] [1    ] [INFO ] [] - Working with debug logging OFF
[2022-02-04 21:44:57,780] [6    ] [INFO ] [] - Initializing the metrics collector
[2022-02-04 21:44:57,780] [6    ] [ERROR] [] - MetricsCollector::Initialize(171): Check Failed: !IsConfigured() - Return: MetricResult_InvalidState
[2022-02-04 21:44:57,780] [6    ] [ERROR] [] - Failed to initialized metrics collector - error: 2
[2022-02-04 21:44:57,780] [6    ] [INFO ] [] - Recording metric - name: ComServerStart
[2022-02-04 21:45:02,513] [4    ] [INFO ] [] - Initializing the metrics collector
[2022-02-04 21:45:02,513] [4    ] [ERROR] [] - MetricsCollector::Initialize(171): Check Failed: !IsConfigured() - Return: MetricResult_InvalidState
[2022-02-04 21:45:02,515] [4    ] [ERROR] [] - Failed to initialized metrics collector - error: 2
[2022-02-04 21:55:02,530] [7    ] [INFO ] [] - Initializing the metrics collector
[2022-02-04 21:55:02,532] [7    ] [ERROR] [] - MetricsCollector::Initialize(171): Check Failed: !IsConfigured() - Return: MetricResult_InvalidState
[2022-02-04 21:55:02,532] [7    ] [ERROR] [] - Failed to initialized metrics collector - error: 2
[2022-02-04 22:05:02,524] [10   ] [INFO ] [] - Initializing the metrics collector
[2022-02-04 22:05:02,526] [10   ] [ERROR] [] - MetricsCollector::Initialize(171): Check Failed: !IsConfigured() - Return: MetricResult_InvalidState
[2022-02-04 22:05:02,527] [10   ] [ERROR] [] - Failed to initialized metrics collector - error: 2
[2022-02-04 22:15:02,529] [11   ] [INFO ] [] - Initializing the metrics collector
[2022-02-04 22:15:02,533] [11   ] [ERROR] [] - MetricsCollector::Initialize(171): Check Failed: !IsConfigured() - Return: MetricResult_InvalidState
[2022-02-04 22:15:02,535] [11   ] [ERROR] [] - Failed to initialized metrics collector - error: 2
[2022-02-04 22:25:02,539] [12   ] [INFO ] [] - Initializing the metrics collector
[2022-02-04 22:25:02,543] [12   ] [ERROR] [] - MetricsCollector::Initialize(171): Check Failed: !IsConfigured() - Return: MetricResult_InvalidState
[2022-02-04 22:25:02,544] [12   ] [ERROR] [] - Failed to initialized metrics collector - error: 2
[2022-02-04 22:35:02,556] [13   ] [INFO ] [] - Initializing the metrics collector
[2022-02-04 22:35:02,559] [13   ] [ERROR] [] - MetricsCollector::Initialize(171): Check Failed: !IsConfigured() - Return: MetricResult_InvalidState
[2022-02-04 22:35:02,561] [13   ] [ERROR] [] - Failed to initialized metrics collector - error: 2
[2022-02-04 22:45:02,565] [14   ] [INFO ] [] - Initializing the metrics collector
[2022-02-04 22:45:02,568] [14   ] [ERROR] [] - MetricsCollector::Initialize(171): Check Failed: !IsConfigured() - Return: MetricResult_InvalidState
[2022-02-04 22:45:02,568] [14   ] [ERROR] [] - Failed to initialized metrics collector - error: 2
[2022-02-04 22:55:02,575] [15   ] [INFO ] [] - Initializing the metrics collector
[2022-02-04 22:55:02,581] [15   ] [ERROR] [] - MetricsCollector::Initialize(171): Check Failed: !IsConfigured() - Return: MetricResult_InvalidState
[2022-02-04 22:55:02,584] [15   ] [ERROR] [] - Failed to initialized metrics collector - error: 2
