[2022-07-28 14:40:49,748] [1    ] [INFO ] [] - ========== Box Local Com Server v4.18.0.946 ==========
[2022-07-28 14:40:49,811] [1    ] [INFO ] [] - Running as a per-user installation
[2022-07-28 14:40:50,030] [1    ] [INFO ] [] - Initializing the metrics collector
[2022-07-28 14:40:51,420] [1    ] [WARN ] [] - MetricsCollector::UpdateConfiguration(374): UpdateConfiguration raised: unable to open database file
[2022-07-28 14:40:51,435] [1    ] [ERROR] [] - MetricsCollector::Initialize(238): Raised: unable to open database file
[2022-07-28 14:40:51,435] [1    ] [ERROR] [] - Failed to initialized metrics collector - error: 6
[2022-07-28 14:40:51,435] [1    ] [ERROR] [] - Could not set permissions to C:\Users\金田駿之介\AppData\Local\Box\Box Tools\Metrics\BoxTools_Metrics.db
[2022-07-28 14:40:51,560] [1    ] [ERROR] [] - FileSystemUtils.AddPermissionsToFile on line number [0]  System.IO.FileNotFoundException: C:\Users\金田駿之介\AppData\Local\Box\Box Tools\Metrics\BoxTools_Metrics.db
   場所 System.Security.AccessControl.NativeObjectSecurity.CreateInternal(ResourceType resourceType, Boolean isContainer, String name, SafeHandle handle, AccessControlSections includeSections, Boolean createByName, ExceptionFromErrorCode exceptionFromErrorCode, Object exceptionContext)
   場所 System.Security.AccessControl.FileSystemSecurity..ctor(Boolean isContainer, String name, AccessControlSections includeSections, Boolean isDirectory)
   場所 System.Security.AccessControl.FileSecurity..ctor(String fileName, AccessControlSections includeSections)
   場所 Box.Utilities.Util.FileSystemUtils.AddPermissionsToFile(String filePath, WellKnownSidType account, FileSystemRights permissions)
[2022-07-28 14:40:51,576] [1    ] [INFO ] [] - Initializing the metrics collector
[2022-07-28 14:40:51,576] [1    ] [ERROR] [] - MetricsCollector::Initialize(171): Check Failed: !IsConfigured() - Return: MetricResult_InvalidState
[2022-07-28 14:40:51,576] [1    ] [ERROR] [] - Failed to initialized metrics collector - error: 2
[2022-07-28 14:40:51,576] [1    ] [ERROR] [] - Could not set permissions to C:\Users\金田駿之介\AppData\Local\Box\Box Tools\Metrics\BoxTools_Metrics.db
[2022-07-28 14:40:51,576] [1    ] [ERROR] [] - FileSystemUtils.AddPermissionsToFile on line number [0]  System.IO.FileNotFoundException: C:\Users\金田駿之介\AppData\Local\Box\Box Tools\Metrics\BoxTools_Metrics.db
   場所 System.Security.AccessControl.NativeObjectSecurity.CreateInternal(ResourceType resourceType, Boolean isContainer, String name, SafeHandle handle, AccessControlSections includeSections, Boolean createByName, ExceptionFromErrorCode exceptionFromErrorCode, Object exceptionContext)
   場所 System.Security.AccessControl.FileSystemSecurity..ctor(Boolean isContainer, String name, AccessControlSections includeSections, Boolean isDirectory)
   場所 System.Security.AccessControl.FileSecurity..ctor(String fileName, AccessControlSections includeSections)
   場所 Box.Utilities.Util.FileSystemUtils.AddPermissionsToFile(String filePath, WellKnownSidType account, FileSystemRights permissions)
[2022-07-28 14:40:51,592] [1    ] [INFO ] [] - LocalMachine RegistryKey not set
[2022-07-28 14:40:51,607] [1    ] [INFO ] [] - Starting server...
[2022-07-28 14:40:52,107] [1    ] [INFO ] [] - Server running. Listening to port 17223
[2022-07-28 14:40:52,107] [1    ] [INFO ] [] - Working with debug logging OFF
[2022-07-28 14:40:52,123] [5    ] [INFO ] [] - Initializing the metrics collector
[2022-07-28 14:40:52,138] [5    ] [ERROR] [] - MetricsCollector::Initialize(171): Check Failed: !IsConfigured() - Return: MetricResult_InvalidState
[2022-07-28 14:40:52,138] [5    ] [ERROR] [] - Failed to initialized metrics collector - error: 2
[2022-07-28 14:40:52,138] [5    ] [INFO ] [] - Recording metric - name: ComServerStart
[2022-07-28 14:40:56,639] [4    ] [INFO ] [] - Initializing the metrics collector
[2022-07-28 14:40:56,655] [4    ] [ERROR] [] - MetricsCollector::Initialize(171): Check Failed: !IsConfigured() - Return: MetricResult_InvalidState
[2022-07-28 14:40:56,655] [4    ] [ERROR] [] - Failed to initialized metrics collector - error: 2
[2022-07-28 14:50:56,638] [7    ] [INFO ] [] - Initializing the metrics collector
[2022-07-28 14:50:56,639] [7    ] [ERROR] [] - MetricsCollector::Initialize(171): Check Failed: !IsConfigured() - Return: MetricResult_InvalidState
[2022-07-28 14:50:56,641] [7    ] [ERROR] [] - Failed to initialized metrics collector - error: 2
[2022-07-28 14:58:24,515] [1    ] [INFO ] [] - ========== Box Local Com Server v4.18.0.946 ==========
[2022-07-28 14:58:24,636] [1    ] [INFO ] [] - Running as a per-user installation
[2022-07-28 14:58:24,954] [1    ] [INFO ] [] - Initializing the metrics collector
[2022-07-28 14:58:27,342] [1    ] [WARN ] [] - MetricsCollector::UpdateConfiguration(374): UpdateConfiguration raised: unable to open database file
[2022-07-28 14:58:27,348] [1    ] [ERROR] [] - MetricsCollector::Initialize(238): Raised: unable to open database file
[2022-07-28 14:58:27,349] [1    ] [ERROR] [] - Failed to initialized metrics collector - error: 6
[2022-07-28 14:58:27,352] [1    ] [ERROR] [] - Could not set permissions to C:\Users\金田駿之介\AppData\Local\Box\Box Tools\Metrics\BoxTools_Metrics.db
[2022-07-28 14:58:27,507] [1    ] [ERROR] [] - FileSystemUtils.AddPermissionsToFile on line number [0]  System.IO.FileNotFoundException: C:\Users\金田駿之介\AppData\Local\Box\Box Tools\Metrics\BoxTools_Metrics.db
   場所 System.Security.AccessControl.NativeObjectSecurity.CreateInternal(ResourceType resourceType, Boolean isContainer, String name, SafeHandle handle, AccessControlSections includeSections, Boolean createByName, ExceptionFromErrorCode exceptionFromErrorCode, Object exceptionContext)
   場所 System.Security.AccessControl.FileSystemSecurity..ctor(Boolean isContainer, String name, AccessControlSections includeSections, Boolean isDirectory)
   場所 System.Security.AccessControl.FileSecurity..ctor(String fileName, AccessControlSections includeSections)
   場所 Box.Utilities.Util.FileSystemUtils.AddPermissionsToFile(String filePath, WellKnownSidType account, FileSystemRights permissions)
[2022-07-28 14:58:27,512] [1    ] [INFO ] [] - Initializing the metrics collector
[2022-07-28 14:58:27,514] [1    ] [ERROR] [] - MetricsCollector::Initialize(171): Check Failed: !IsConfigured() - Return: MetricResult_InvalidState
[2022-07-28 14:58:27,514] [1    ] [ERROR] [] - Failed to initialized metrics collector - error: 2
[2022-07-28 14:58:27,516] [1    ] [ERROR] [] - Could not set permissions to C:\Users\金田駿之介\AppData\Local\Box\Box Tools\Metrics\BoxTools_Metrics.db
[2022-07-28 14:58:27,517] [1    ] [ERROR] [] - FileSystemUtils.AddPermissionsToFile on line number [0]  System.IO.FileNotFoundException: C:\Users\金田駿之介\AppData\Local\Box\Box Tools\Metrics\BoxTools_Metrics.db
   場所 System.Security.AccessControl.NativeObjectSecurity.CreateInternal(ResourceType resourceType, Boolean isContainer, String name, SafeHandle handle, AccessControlSections includeSections, Boolean createByName, ExceptionFromErrorCode exceptionFromErrorCode, Object exceptionContext)
   場所 System.Security.AccessControl.FileSystemSecurity..ctor(Boolean isContainer, String name, AccessControlSections includeSections, Boolean isDirectory)
   場所 System.Security.AccessControl.FileSecurity..ctor(String fileName, AccessControlSections includeSections)
   場所 Box.Utilities.Util.FileSystemUtils.AddPermissionsToFile(String filePath, WellKnownSidType account, FileSystemRights permissions)
[2022-07-28 14:58:27,571] [1    ] [INFO ] [] - LocalMachine RegistryKey not set
[2022-07-28 14:58:27,604] [1    ] [INFO ] [] - Starting server...
[2022-07-28 14:58:28,111] [1    ] [INFO ] [] - Server running. Listening to port 17223
[2022-07-28 14:58:28,119] [1    ] [INFO ] [] - Working with debug logging OFF
[2022-07-28 14:58:28,246] [7    ] [INFO ] [] - Initializing the metrics collector
[2022-07-28 14:58:28,247] [7    ] [ERROR] [] - MetricsCollector::Initialize(171): Check Failed: !IsConfigured() - Return: MetricResult_InvalidState
[2022-07-28 14:58:28,248] [7    ] [ERROR] [] - Failed to initialized metrics collector - error: 2
[2022-07-28 14:58:28,250] [7    ] [INFO ] [] - Recording metric - name: ComServerStart
[2022-07-28 14:58:32,589] [4    ] [INFO ] [] - Initializing the metrics collector
[2022-07-28 14:58:32,589] [4    ] [ERROR] [] - MetricsCollector::Initialize(171): Check Failed: !IsConfigured() - Return: MetricResult_InvalidState
[2022-07-28 14:58:32,590] [4    ] [ERROR] [] - Failed to initialized metrics collector - error: 2
[2022-07-28 15:24:07,767] [1    ] [INFO ] [] - ========== Box Local Com Server v4.18.0.946 ==========
[2022-07-28 15:24:07,907] [1    ] [INFO ] [] - Running as a per-user installation
[2022-07-28 15:24:08,029] [1    ] [INFO ] [] - Initializing the metrics collector
[2022-07-28 15:24:08,040] [1    ] [WARN ] [] - MetricsCollector::UpdateConfiguration(374): UpdateConfiguration raised: unable to open database file
[2022-07-28 15:24:08,048] [1    ] [ERROR] [] - MetricsCollector::Initialize(238): Raised: unable to open database file
[2022-07-28 15:24:08,048] [1    ] [ERROR] [] - Failed to initialized metrics collector - error: 6
[2022-07-28 15:24:08,050] [1    ] [ERROR] [] - Could not set permissions to C:\Users\金田駿之介\AppData\Local\Box\Box Tools\Metrics\BoxTools_Metrics.db
[2022-07-28 15:24:08,110] [1    ] [ERROR] [] - FileSystemUtils.AddPermissionsToFile on line number [0]  System.IO.FileNotFoundException: C:\Users\金田駿之介\AppData\Local\Box\Box Tools\Metrics\BoxTools_Metrics.db
   場所 System.Security.AccessControl.NativeObjectSecurity.CreateInternal(ResourceType resourceType, Boolean isContainer, String name, SafeHandle handle, AccessControlSections includeSections, Boolean createByName, ExceptionFromErrorCode exceptionFromErrorCode, Object exceptionContext)
   場所 System.Security.AccessControl.FileSystemSecurity..ctor(Boolean isContainer, String name, AccessControlSections includeSections, Boolean isDirectory)
   場所 System.Security.AccessControl.FileSecurity..ctor(String fileName, AccessControlSections includeSections)
   場所 Box.Utilities.Util.FileSystemUtils.AddPermissionsToFile(String filePath, WellKnownSidType account, FileSystemRights permissions)
[2022-07-28 15:24:08,130] [1    ] [INFO ] [] - Initializing the metrics collector
[2022-07-28 15:24:08,130] [1    ] [ERROR] [] - MetricsCollector::Initialize(171): Check Failed: !IsConfigured() - Return: MetricResult_InvalidState
[2022-07-28 15:24:08,130] [1    ] [ERROR] [] - Failed to initialized metrics collector - error: 2
[2022-07-28 15:24:08,130] [1    ] [ERROR] [] - Could not set permissions to C:\Users\金田駿之介\AppData\Local\Box\Box Tools\Metrics\BoxTools_Metrics.db
[2022-07-28 15:24:08,130] [1    ] [ERROR] [] - FileSystemUtils.AddPermissionsToFile on line number [0]  System.IO.FileNotFoundException: C:\Users\金田駿之介\AppData\Local\Box\Box Tools\Metrics\BoxTools_Metrics.db
   場所 System.Security.AccessControl.NativeObjectSecurity.CreateInternal(ResourceType resourceType, Boolean isContainer, String name, SafeHandle handle, AccessControlSections includeSections, Boolean createByName, ExceptionFromErrorCode exceptionFromErrorCode, Object exceptionContext)
   場所 System.Security.AccessControl.FileSystemSecurity..ctor(Boolean isContainer, String name, AccessControlSections includeSections, Boolean isDirectory)
   場所 System.Security.AccessControl.FileSecurity..ctor(String fileName, AccessControlSections includeSections)
   場所 Box.Utilities.Util.FileSystemUtils.AddPermissionsToFile(String filePath, WellKnownSidType account, FileSystemRights permissions)
[2022-07-28 15:24:08,191] [1    ] [INFO ] [] - LocalMachine RegistryKey not set
[2022-07-28 15:24:08,201] [1    ] [INFO ] [] - Starting server...
[2022-07-28 15:24:08,239] [1    ] [INFO ] [] - Server running. Listening to port 17223
[2022-07-28 15:24:08,241] [1    ] [INFO ] [] - Working with debug logging OFF
[2022-07-28 15:24:08,282] [7    ] [INFO ] [] - Initializing the metrics collector
[2022-07-28 15:24:08,282] [7    ] [ERROR] [] - MetricsCollector::Initialize(171): Check Failed: !IsConfigured() - Return: MetricResult_InvalidState
[2022-07-28 15:24:08,282] [7    ] [ERROR] [] - Failed to initialized metrics collector - error: 2
[2022-07-28 15:24:08,290] [7    ] [INFO ] [] - Recording metric - name: ComServerStart
[2022-07-28 15:24:13,194] [4    ] [INFO ] [] - Initializing the metrics collector
[2022-07-28 15:24:13,194] [4    ] [ERROR] [] - MetricsCollector::Initialize(171): Check Failed: !IsConfigured() - Return: MetricResult_InvalidState
[2022-07-28 15:24:13,194] [4    ] [ERROR] [] - Failed to initialized metrics collector - error: 2
[2022-07-28 15:25:31,357] [1    ] [INFO ] [] - ========== Box Local Com Server v4.18.0.946 ==========
[2022-07-28 15:25:31,534] [1    ] [INFO ] [] - Running as a per-user installation
[2022-07-28 15:25:31,666] [1    ] [INFO ] [] - Initializing the metrics collector
[2022-07-28 15:25:31,676] [1    ] [WARN ] [] - MetricsCollector::UpdateConfiguration(374): UpdateConfiguration raised: unable to open database file
[2022-07-28 15:25:31,676] [1    ] [ERROR] [] - MetricsCollector::Initialize(238): Raised: unable to open database file
[2022-07-28 15:25:31,684] [1    ] [ERROR] [] - Failed to initialized metrics collector - error: 6
[2022-07-28 15:25:31,686] [1    ] [ERROR] [] - Could not set permissions to C:\Users\金田駿之介\AppData\Local\Box\Box Tools\Metrics\BoxTools_Metrics.db
[2022-07-28 15:25:31,735] [1    ] [ERROR] [] - FileSystemUtils.AddPermissionsToFile on line number [0]  System.IO.FileNotFoundException: C:\Users\金田駿之介\AppData\Local\Box\Box Tools\Metrics\BoxTools_Metrics.db
   場所 System.Security.AccessControl.NativeObjectSecurity.CreateInternal(ResourceType resourceType, Boolean isContainer, String name, SafeHandle handle, AccessControlSections includeSections, Boolean createByName, ExceptionFromErrorCode exceptionFromErrorCode, Object exceptionContext)
   場所 System.Security.AccessControl.FileSystemSecurity..ctor(Boolean isContainer, String name, AccessControlSections includeSections, Boolean isDirectory)
   場所 System.Security.AccessControl.FileSecurity..ctor(String fileName, AccessControlSections includeSections)
   場所 Box.Utilities.Util.FileSystemUtils.AddPermissionsToFile(String filePath, WellKnownSidType account, FileSystemRights permissions)
[2022-07-28 15:25:31,735] [1    ] [INFO ] [] - Initializing the metrics collector
[2022-07-28 15:25:31,735] [1    ] [ERROR] [] - MetricsCollector::Initialize(171): Check Failed: !IsConfigured() - Return: MetricResult_InvalidState
[2022-07-28 15:25:31,735] [1    ] [ERROR] [] - Failed to initialized metrics collector - error: 2
[2022-07-28 15:25:31,743] [1    ] [ERROR] [] - Could not set permissions to C:\Users\金田駿之介\AppData\Local\Box\Box Tools\Metrics\BoxTools_Metrics.db
[2022-07-28 15:25:31,743] [1    ] [ERROR] [] - FileSystemUtils.AddPermissionsToFile on line number [0]  System.IO.FileNotFoundException: C:\Users\金田駿之介\AppData\Local\Box\Box Tools\Metrics\BoxTools_Metrics.db
   場所 System.Security.AccessControl.NativeObjectSecurity.CreateInternal(ResourceType resourceType, Boolean isContainer, String name, SafeHandle handle, AccessControlSections includeSections, Boolean createByName, ExceptionFromErrorCode exceptionFromErrorCode, Object exceptionContext)
   場所 System.Security.AccessControl.FileSystemSecurity..ctor(Boolean isContainer, String name, AccessControlSections includeSections, Boolean isDirectory)
   場所 System.Security.AccessControl.FileSecurity..ctor(String fileName, AccessControlSections includeSections)
   場所 Box.Utilities.Util.FileSystemUtils.AddPermissionsToFile(String filePath, WellKnownSidType account, FileSystemRights permissions)
[2022-07-28 15:25:31,866] [1    ] [INFO ] [] - LocalMachine RegistryKey not set
[2022-07-28 15:25:31,881] [1    ] [INFO ] [] - Starting server...
[2022-07-28 15:25:31,907] [1    ] [INFO ] [] - Server running. Listening to port 17223
[2022-07-28 15:25:31,907] [1    ] [INFO ] [] - Working with debug logging OFF
[2022-07-28 15:25:31,950] [5    ] [INFO ] [] - Initializing the metrics collector
[2022-07-28 15:25:31,955] [5    ] [ERROR] [] - MetricsCollector::Initialize(171): Check Failed: !IsConfigured() - Return: MetricResult_InvalidState
[2022-07-28 15:25:31,955] [5    ] [ERROR] [] - Failed to initialized metrics collector - error: 2
[2022-07-28 15:25:31,957] [5    ] [INFO ] [] - Recording metric - name: ComServerStart
[2022-07-28 15:25:36,849] [4    ] [INFO ] [] - Initializing the metrics collector
[2022-07-28 15:25:36,851] [4    ] [ERROR] [] - MetricsCollector::Initialize(171): Check Failed: !IsConfigured() - Return: MetricResult_InvalidState
[2022-07-28 15:25:36,853] [4    ] [ERROR] [] - Failed to initialized metrics collector - error: 2
[2022-07-28 15:26:14,440] [1    ] [INFO ] [] - ========== Box Local Com Server v4.19.0.956 ==========
[2022-07-28 15:26:14,475] [1    ] [INFO ] [] - Running as a per-user installation
[2022-07-28 15:26:15,855] [1    ] [ERROR] [] - Could not set permissions to C:\Users\金田駿之介\AppData\Local\Box\Box Tools\Metrics\BoxTools_Metrics.db
[2022-07-28 15:26:15,873] [1    ] [ERROR] [] - FileSystemUtils.AddPermissionsToFile on line number [0]  System.IO.FileNotFoundException: C:\Users\金田駿之介\AppData\Local\Box\Box Tools\Metrics\BoxTools_Metrics.db
   場所 System.Security.AccessControl.NativeObjectSecurity.CreateInternal(ResourceType resourceType, Boolean isContainer, String name, SafeHandle handle, AccessControlSections includeSections, Boolean createByName, ExceptionFromErrorCode exceptionFromErrorCode, Object exceptionContext)
   場所 System.Security.AccessControl.FileSystemSecurity..ctor(Boolean isContainer, String name, AccessControlSections includeSections, Boolean isDirectory)
   場所 System.Security.AccessControl.FileSecurity..ctor(String fileName, AccessControlSections includeSections)
   場所 Box.Utilities.Util.FileSystemUtils.AddPermissionsToFile(String filePath, WellKnownSidType account, FileSystemRights permissions)
[2022-07-28 15:26:15,881] [1    ] [ERROR] [] - Could not set permissions to C:\Users\金田駿之介\AppData\Local\Box\Box Tools\Metrics\BoxTools_Metrics.db
[2022-07-28 15:26:15,881] [1    ] [ERROR] [] - FileSystemUtils.AddPermissionsToFile on line number [0]  System.IO.FileNotFoundException: C:\Users\金田駿之介\AppData\Local\Box\Box Tools\Metrics\BoxTools_Metrics.db
   場所 System.Security.AccessControl.NativeObjectSecurity.CreateInternal(ResourceType resourceType, Boolean isContainer, String name, SafeHandle handle, AccessControlSections includeSections, Boolean createByName, ExceptionFromErrorCode exceptionFromErrorCode, Object exceptionContext)
   場所 System.Security.AccessControl.FileSystemSecurity..ctor(Boolean isContainer, String name, AccessControlSections includeSections, Boolean isDirectory)
   場所 System.Security.AccessControl.FileSecurity..ctor(String fileName, AccessControlSections includeSections)
   場所 Box.Utilities.Util.FileSystemUtils.AddPermissionsToFile(String filePath, WellKnownSidType account, FileSystemRights permissions)
[2022-07-28 15:26:15,919] [1    ] [INFO ] [] - LocalMachine RegistryKey not set
[2022-07-28 15:26:15,929] [1    ] [INFO ] [] - Starting server...
[2022-07-28 15:26:16,337] [1    ] [INFO ] [] - Server running. Listening to port 17223
[2022-07-28 15:26:16,339] [1    ] [INFO ] [] - Working with debug logging OFF
