[2024-01-15 09:35:11,461] [1    ] [INFO ] [] - ========== Box Local Com Server v4.24.0.1029 ==========
[2024-01-15 09:35:11,525] [1    ] [INFO ] [] - Running as a per-user installation
[2024-01-15 09:35:11,560] [1    ] [INFO ] [] - Initializing the metrics collector
[2024-01-15 09:35:11,589] [1    ] [WARN ] [] - MetricsCollector::UpdateConfiguration(374): UpdateConfiguration raised: unable to open database file
[2024-01-15 09:35:11,589] [1    ] [ERROR] [] - MetricsCollector::Initialize(238): Raised: unable to open database file
[2024-01-15 09:35:11,590] [1    ] [ERROR] [] - Failed to initialized metrics collector - error: 6
[2024-01-15 09:35:11,591] [1    ] [INFO ] [] - Initializing the metrics collector
[2024-01-15 09:35:11,591] [1    ] [ERROR] [] - MetricsCollector::Initialize(171): Check Failed: !IsConfigured() - Return: MetricResult_InvalidState
[2024-01-15 09:35:11,591] [1    ] [ERROR] [] - Failed to initialized metrics collector - error: 2
[2024-01-15 09:35:11,604] [1    ] [INFO ] [] - LocalMachine RegistryKey not set
[2024-01-15 09:35:11,608] [1    ] [INFO ] [] - Starting server...
[2024-01-15 09:35:11,646] [1    ] [INFO ] [] - Server running. Listening to port 17223
[2024-01-15 09:35:11,647] [1    ] [INFO ] [] - Working with debug logging OFF
[2024-01-15 09:35:11,668] [7    ] [INFO ] [] - Initializing the metrics collector
[2024-01-15 09:35:11,669] [7    ] [ERROR] [] - MetricsCollector::Initialize(171): Check Failed: !IsConfigured() - Return: MetricResult_InvalidState
[2024-01-15 09:35:11,669] [7    ] [ERROR] [] - Failed to initialized metrics collector - error: 2
[2024-01-15 09:35:11,671] [7    ] [INFO ] [] - Recording metric - name: ComServerStart
[2024-01-15 09:35:16,612] [4    ] [INFO ] [] - Initializing the metrics collector
[2024-01-15 09:35:16,612] [4    ] [ERROR] [] - MetricsCollector::Initialize(171): Check Failed: !IsConfigured() - Return: MetricResult_InvalidState
[2024-01-15 09:35:16,613] [4    ] [ERROR] [] - Failed to initialized metrics collector - error: 2
[2024-01-15 09:45:18,029] [5    ] [INFO ] [] - Initializing the metrics collector
[2024-01-15 09:45:18,030] [5    ] [ERROR] [] - MetricsCollector::Initialize(171): Check Failed: !IsConfigured() - Return: MetricResult_InvalidState
[2024-01-15 09:45:18,031] [5    ] [ERROR] [] - Failed to initialized metrics collector - error: 2
