[2024-01-17 23:58:56,508] [1    ] [INFO ] [] - ========== Box Local Com Server v4.24.0.1029 ==========
[2024-01-17 23:58:56,606] [1    ] [INFO ] [] - Running as a per-user installation
[2024-01-17 23:58:56,690] [1    ] [INFO ] [] - Initializing the metrics collector
[2024-01-17 23:58:56,699] [1    ] [WARN ] [] - MetricsCollector::UpdateConfiguration(374): UpdateConfiguration raised: unable to open database file
[2024-01-17 23:58:56,699] [1    ] [ERROR] [] - MetricsCollector::Initialize(238): Raised: unable to open database file
[2024-01-17 23:58:56,707] [1    ] [ERROR] [] - Failed to initialized metrics collector - error: 6
[2024-01-17 23:58:56,707] [1    ] [INFO ] [] - Initializing the metrics collector
[2024-01-17 23:58:56,707] [1    ] [ERROR] [] - MetricsCollector::Initialize(171): Check Failed: !IsConfigured() - Return: MetricResult_InvalidState
[2024-01-17 23:58:56,707] [1    ] [ERROR] [] - Failed to initialized metrics collector - error: 2
[2024-01-17 23:58:56,739] [1    ] [INFO ] [] - LocalMachine RegistryKey not set
[2024-01-17 23:58:56,749] [1    ] [INFO ] [] - Starting server...
[2024-01-17 23:58:56,799] [1    ] [INFO ] [] - Server running. Listening to port 17223
[2024-01-17 23:58:56,799] [1    ] [INFO ] [] - Working with debug logging OFF
[2024-01-17 23:58:56,848] [6    ] [INFO ] [] - Initializing the metrics collector
[2024-01-17 23:58:56,848] [6    ] [ERROR] [] - MetricsCollector::Initialize(171): Check Failed: !IsConfigured() - Return: MetricResult_InvalidState
[2024-01-17 23:58:56,848] [6    ] [ERROR] [] - Failed to initialized metrics collector - error: 2
[2024-01-17 23:58:56,856] [6    ] [INFO ] [] - Recording metric - name: ComServerStart
[2024-01-17 23:59:01,757] [5    ] [INFO ] [] - Initializing the metrics collector
[2024-01-17 23:59:01,757] [5    ] [ERROR] [] - MetricsCollector::Initialize(171): Check Failed: !IsConfigured() - Return: MetricResult_InvalidState
[2024-01-17 23:59:01,757] [5    ] [ERROR] [] - Failed to initialized metrics collector - error: 2
