[2024-01-29 22:49:30,202] [1    ] [INFO ] [] - ========== Box Local Com Server v4.24.0.1029 ==========
[2024-01-29 22:49:30,268] [1    ] [INFO ] [] - Running as a per-user installation
[2024-01-29 22:49:30,372] [1    ] [INFO ] [] - Initializing the metrics collector
[2024-01-29 22:49:30,417] [1    ] [WARN ] [] - MetricsCollector::UpdateConfiguration(374): UpdateConfiguration raised: unable to open database file
[2024-01-29 22:49:30,417] [1    ] [ERROR] [] - MetricsCollector::Initialize(238): Raised: unable to open database file
[2024-01-29 22:49:30,417] [1    ] [ERROR] [] - Failed to initialized metrics collector - error: 6
[2024-01-29 22:49:30,417] [1    ] [INFO ] [] - Initializing the metrics collector
[2024-01-29 22:49:30,417] [1    ] [ERROR] [] - MetricsCollector::Initialize(171): Check Failed: !IsConfigured() - Return: MetricResult_InvalidState
[2024-01-29 22:49:30,417] [1    ] [ERROR] [] - Failed to initialized metrics collector - error: 2
[2024-01-29 22:49:30,631] [1    ] [INFO ] [] - LocalMachine RegistryKey not set
[2024-01-29 22:49:30,649] [1    ] [INFO ] [] - Starting server...
[2024-01-29 22:49:30,765] [1    ] [INFO ] [] - Server running. Listening to port 17223
[2024-01-29 22:49:30,765] [1    ] [INFO ] [] - Working with debug logging OFF
[2024-01-29 22:49:30,836] [5    ] [INFO ] [] - Initializing the metrics collector
[2024-01-29 22:49:30,836] [5    ] [ERROR] [] - MetricsCollector::Initialize(171): Check Failed: !IsConfigured() - Return: MetricResult_InvalidState
[2024-01-29 22:49:30,850] [5    ] [ERROR] [] - Failed to initialized metrics collector - error: 2
[2024-01-29 22:49:30,850] [5    ] [INFO ] [] - Recording metric - name: ComServerStart
[2024-01-29 22:49:35,601] [4    ] [INFO ] [] - Initializing the metrics collector
[2024-01-29 22:49:35,601] [4    ] [ERROR] [] - MetricsCollector::Initialize(171): Check Failed: !IsConfigured() - Return: MetricResult_InvalidState
[2024-01-29 22:49:35,601] [4    ] [ERROR] [] - Failed to initialized metrics collector - error: 2
[2024-01-29 22:59:35,492] [8    ] [INFO ] [] - Initializing the metrics collector
[2024-01-29 22:59:35,492] [8    ] [ERROR] [] - MetricsCollector::Initialize(171): Check Failed: !IsConfigured() - Return: MetricResult_InvalidState
[2024-01-29 22:59:35,492] [8    ] [ERROR] [] - Failed to initialized metrics collector - error: 2
[2024-01-29 23:09:35,511] [10   ] [INFO ] [] - Initializing the metrics collector
[2024-01-29 23:09:35,517] [10   ] [ERROR] [] - MetricsCollector::Initialize(171): Check Failed: !IsConfigured() - Return: MetricResult_InvalidState
[2024-01-29 23:09:35,517] [10   ] [ERROR] [] - Failed to initialized metrics collector - error: 2
[2024-01-29 23:19:35,523] [11   ] [INFO ] [] - Initializing the metrics collector
[2024-01-29 23:19:35,523] [11   ] [ERROR] [] - MetricsCollector::Initialize(171): Check Failed: !IsConfigured() - Return: MetricResult_InvalidState
[2024-01-29 23:19:35,523] [11   ] [ERROR] [] - Failed to initialized metrics collector - error: 2
[2024-01-29 23:29:35,527] [12   ] [INFO ] [] - Initializing the metrics collector
[2024-01-29 23:29:35,527] [12   ] [ERROR] [] - MetricsCollector::Initialize(171): Check Failed: !IsConfigured() - Return: MetricResult_InvalidState
[2024-01-29 23:29:35,527] [12   ] [ERROR] [] - Failed to initialized metrics collector - error: 2
