[2024-01-27 00:05:48,914] [19   ] [INFO ] [] - Initializing the metrics collector
[2024-01-27 00:05:48,943] [19   ] [ERROR] [] - MetricsCollector::Initialize(171): Check Failed: !IsConfigured() - Return: MetricResult_InvalidState
[2024-01-27 00:05:48,944] [19   ] [ERROR] [] - Failed to initialized metrics collector - error: 2
[2024-01-27 00:15:48,902] [20   ] [INFO ] [] - Initializing the metrics collector
[2024-01-27 00:15:48,904] [20   ] [ERROR] [] - MetricsCollector::Initialize(171): Check Failed: !IsConfigured() - Return: MetricResult_InvalidState
[2024-01-27 00:15:48,912] [20   ] [ERROR] [] - Failed to initialized metrics collector - error: 2
[2024-01-27 15:51:33,362] [19   ] [INFO ] [] - Initializing the metrics collector
[2024-01-27 15:51:33,364] [19   ] [ERROR] [] - MetricsCollector::Initialize(171): Check Failed: !IsConfigured() - Return: MetricResult_InvalidState
[2024-01-27 15:51:33,365] [19   ] [ERROR] [] - Failed to initialized metrics collector - error: 2
[2024-01-27 16:01:33,385] [17   ] [INFO ] [] - Initializing the metrics collector
[2024-01-27 16:01:33,387] [17   ] [ERROR] [] - MetricsCollector::Initialize(171): Check Failed: !IsConfigured() - Return: MetricResult_InvalidState
[2024-01-27 16:01:33,390] [17   ] [ERROR] [] - Failed to initialized metrics collector - error: 2
[2024-01-27 16:11:33,414] [16   ] [INFO ] [] - Initializing the metrics collector
[2024-01-27 16:11:33,418] [16   ] [ERROR] [] - MetricsCollector::Initialize(171): Check Failed: !IsConfigured() - Return: MetricResult_InvalidState
[2024-01-27 16:11:33,420] [16   ] [ERROR] [] - Failed to initialized metrics collector - error: 2
[2024-01-27 16:21:33,432] [13   ] [INFO ] [] - Initializing the metrics collector
[2024-01-27 16:21:33,434] [13   ] [ERROR] [] - MetricsCollector::Initialize(171): Check Failed: !IsConfigured() - Return: MetricResult_InvalidState
[2024-01-27 16:21:33,435] [13   ] [ERROR] [] - Failed to initialized metrics collector - error: 2
[2024-01-27 16:31:33,437] [12   ] [INFO ] [] - Initializing the metrics collector
[2024-01-27 16:31:33,457] [12   ] [ERROR] [] - MetricsCollector::Initialize(171): Check Failed: !IsConfigured() - Return: MetricResult_InvalidState
[2024-01-27 16:31:33,461] [12   ] [ERROR] [] - Failed to initialized metrics collector - error: 2
[2024-01-27 16:41:33,456] [11   ] [INFO ] [] - Initializing the metrics collector
[2024-01-27 16:41:33,458] [11   ] [ERROR] [] - MetricsCollector::Initialize(171): Check Failed: !IsConfigured() - Return: MetricResult_InvalidState
[2024-01-27 16:41:33,459] [11   ] [ERROR] [] - Failed to initialized metrics collector - error: 2
[2024-01-27 23:10:16,609] [10   ] [INFO ] [] - Initializing the metrics collector
[2024-01-27 23:10:16,611] [10   ] [ERROR] [] - MetricsCollector::Initialize(171): Check Failed: !IsConfigured() - Return: MetricResult_InvalidState
[2024-01-27 23:10:16,612] [10   ] [ERROR] [] - Failed to initialized metrics collector - error: 2
[2024-01-27 23:20:16,624] [7    ] [INFO ] [] - Initializing the metrics collector
[2024-01-27 23:20:16,626] [7    ] [ERROR] [] - MetricsCollector::Initialize(171): Check Failed: !IsConfigured() - Return: MetricResult_InvalidState
[2024-01-27 23:20:16,628] [7    ] [ERROR] [] - Failed to initialized metrics collector - error: 2
