[2024-01-25 08:51:03,084] [4    ] [INFO ] [] - Initializing the metrics collector
[2024-01-25 08:51:03,109] [4    ] [ERROR] [] - MetricsCollector::Initialize(171): Check Failed: !IsConfigured() - Return: MetricResult_InvalidState
[2024-01-25 08:51:03,111] [4    ] [ERROR] [] - Failed to initialized metrics collector - error: 2
[2024-01-25 09:01:03,097] [8    ] [INFO ] [] - Initializing the metrics collector
[2024-01-25 09:01:03,101] [8    ] [ERROR] [] - MetricsCollector::Initialize(171): Check Failed: !IsConfigured() - Return: MetricResult_InvalidState
[2024-01-25 09:01:03,105] [8    ] [ERROR] [] - Failed to initialized metrics collector - error: 2
[2024-01-25 09:11:03,114] [5    ] [INFO ] [] - Initializing the metrics collector
[2024-01-25 09:11:03,119] [5    ] [ERROR] [] - MetricsCollector::Initialize(171): Check Failed: !IsConfigured() - Return: MetricResult_InvalidState
[2024-01-25 09:11:03,121] [5    ] [ERROR] [] - Failed to initialized metrics collector - error: 2
[2024-01-25 09:21:03,137] [11   ] [INFO ] [] - Initializing the metrics collector
[2024-01-25 09:21:03,138] [11   ] [ERROR] [] - MetricsCollector::Initialize(171): Check Failed: !IsConfigured() - Return: MetricResult_InvalidState
[2024-01-25 09:21:03,138] [11   ] [ERROR] [] - Failed to initialized metrics collector - error: 2
[2024-01-25 09:31:03,155] [12   ] [INFO ] [] - Initializing the metrics collector
[2024-01-25 09:31:03,158] [12   ] [ERROR] [] - MetricsCollector::Initialize(171): Check Failed: !IsConfigured() - Return: MetricResult_InvalidState
[2024-01-25 09:31:03,159] [12   ] [ERROR] [] - Failed to initialized metrics collector - error: 2
[2024-01-25 09:41:03,154] [13   ] [INFO ] [] - Initializing the metrics collector
[2024-01-25 09:41:03,155] [13   ] [ERROR] [] - MetricsCollector::Initialize(171): Check Failed: !IsConfigured() - Return: MetricResult_InvalidState
[2024-01-25 09:41:03,155] [13   ] [ERROR] [] - Failed to initialized metrics collector - error: 2
[2024-01-25 12:42:30,830] [14   ] [INFO ] [] - Initializing the metrics collector
[2024-01-25 12:42:30,831] [14   ] [ERROR] [] - MetricsCollector::Initialize(171): Check Failed: !IsConfigured() - Return: MetricResult_InvalidState
[2024-01-25 12:42:30,831] [14   ] [ERROR] [] - Failed to initialized metrics collector - error: 2
