[2024-02-02 18:44:06,276] [1    ] [INFO ] [] - ========== Box Local Com Server v4.24.0.1029 ==========
[2024-02-02 18:44:06,323] [1    ] [INFO ] [] - Running as a per-user installation
[2024-02-02 18:44:06,386] [1    ] [INFO ] [] - Initializing the metrics collector
[2024-02-02 18:44:06,401] [1    ] [WARN ] [] - MetricsCollector::UpdateConfiguration(374): UpdateConfiguration raised: unable to open database file
[2024-02-02 18:44:06,401] [1    ] [ERROR] [] - MetricsCollector::Initialize(238): Raised: unable to open database file
[2024-02-02 18:44:06,401] [1    ] [ERROR] [] - Failed to initialized metrics collector - error: 6
[2024-02-02 18:44:06,417] [1    ] [INFO ] [] - Initializing the metrics collector
[2024-02-02 18:44:06,417] [1    ] [ERROR] [] - MetricsCollector::Initialize(171): Check Failed: !IsConfigured() - Return: MetricResult_InvalidState
[2024-02-02 18:44:06,417] [1    ] [ERROR] [] - Failed to initialized metrics collector - error: 2
[2024-02-02 18:44:06,432] [1    ] [INFO ] [] - LocalMachine RegistryKey not set
[2024-02-02 18:44:06,432] [1    ] [INFO ] [] - Starting server...
[2024-02-02 18:44:06,448] [1    ] [INFO ] [] - Server running. Listening to port 17223
[2024-02-02 18:44:06,448] [1    ] [INFO ] [] - Working with debug logging OFF
[2024-02-02 18:44:06,464] [6    ] [INFO ] [] - Initializing the metrics collector
[2024-02-02 18:44:06,464] [6    ] [ERROR] [] - MetricsCollector::Initialize(171): Check Failed: !IsConfigured() - Return: MetricResult_InvalidState
[2024-02-02 18:44:06,464] [6    ] [ERROR] [] - Failed to initialized metrics collector - error: 2
[2024-02-02 18:44:06,464] [6    ] [INFO ] [] - Recording metric - name: ComServerStart
[2024-02-02 18:44:11,451] [4    ] [INFO ] [] - Initializing the metrics collector
[2024-02-02 18:44:11,461] [4    ] [ERROR] [] - MetricsCollector::Initialize(171): Check Failed: !IsConfigured() - Return: MetricResult_InvalidState
[2024-02-02 18:44:11,461] [4    ] [ERROR] [] - Failed to initialized metrics collector - error: 2
[2024-02-02 21:37:44,610] [10   ] [INFO ] [] - Initializing the metrics collector
[2024-02-02 21:37:44,612] [10   ] [ERROR] [] - MetricsCollector::Initialize(171): Check Failed: !IsConfigured() - Return: MetricResult_InvalidState
[2024-02-02 21:37:44,613] [10   ] [ERROR] [] - Failed to initialized metrics collector - error: 2
[2024-02-02 22:28:29,649] [11   ] [INFO ] [] - Initializing the metrics collector
[2024-02-02 22:28:29,649] [11   ] [ERROR] [] - MetricsCollector::Initialize(171): Check Failed: !IsConfigured() - Return: MetricResult_InvalidState
[2024-02-02 22:28:29,649] [11   ] [ERROR] [] - Failed to initialized metrics collector - error: 2
