[2023-01-27 23:28:06,583] [1    ] [INFO ] [] - ========== Box Local Com Server v4.20.0.970 ==========
[2023-01-27 23:28:06,818] [1    ] [INFO ] [] - Running as a per-user installation
[2023-01-27 23:28:06,864] [1    ] [INFO ] [] - Initializing the metrics collector
[2023-01-27 23:28:06,864] [1    ] [WARN ] [] - MetricsCollector::UpdateConfiguration(374): UpdateConfiguration raised: unable to open database file
[2023-01-27 23:28:06,864] [1    ] [ERROR] [] - MetricsCollector::Initialize(238): Raised: unable to open database file
[2023-01-27 23:28:06,864] [1    ] [ERROR] [] - Failed to initialized metrics collector - error: 6
[2023-01-27 23:28:06,864] [1    ] [ERROR] [] - Could not set permissions to C:\Users\金田駿之介\AppData\Local\Box\Box Tools\Metrics\BoxTools_Metrics.db
[2023-01-27 23:28:06,943] [1    ] [ERROR] [] - FileSystemUtils.AddPermissionsToFile on line number [0]  System.IO.FileNotFoundException: C:\Users\金田駿之介\AppData\Local\Box\Box Tools\Metrics\BoxTools_Metrics.db
   場所 System.Security.AccessControl.NativeObjectSecurity.CreateInternal(ResourceType resourceType, Boolean isContainer, String name, SafeHandle handle, AccessControlSections includeSections, Boolean createByName, ExceptionFromErrorCode exceptionFromErrorCode, Object exceptionContext)
   場所 System.Security.AccessControl.FileSystemSecurity..ctor(Boolean isContainer, String name, AccessControlSections includeSections, Boolean isDirectory)
   場所 System.Security.AccessControl.FileSecurity..ctor(String fileName, AccessControlSections includeSections)
   場所 Box.Utilities.Util.FileSystemUtils.AddPermissionsToFile(String filePath, WellKnownSidType account, FileSystemRights permissions)
[2023-01-27 23:28:06,943] [1    ] [INFO ] [] - Initializing the metrics collector
[2023-01-27 23:28:06,943] [1    ] [ERROR] [] - MetricsCollector::Initialize(171): Check Failed: !IsConfigured() - Return: MetricResult_InvalidState
[2023-01-27 23:28:06,943] [1    ] [ERROR] [] - Failed to initialized metrics collector - error: 2
[2023-01-27 23:28:06,943] [1    ] [ERROR] [] - Could not set permissions to C:\Users\金田駿之介\AppData\Local\Box\Box Tools\Metrics\BoxTools_Metrics.db
[2023-01-27 23:28:06,958] [1    ] [ERROR] [] - FileSystemUtils.AddPermissionsToFile on line number [0]  System.IO.FileNotFoundException: C:\Users\金田駿之介\AppData\Local\Box\Box Tools\Metrics\BoxTools_Metrics.db
   場所 System.Security.AccessControl.NativeObjectSecurity.CreateInternal(ResourceType resourceType, Boolean isContainer, String name, SafeHandle handle, AccessControlSections includeSections, Boolean createByName, ExceptionFromErrorCode exceptionFromErrorCode, Object exceptionContext)
   場所 System.Security.AccessControl.FileSystemSecurity..ctor(Boolean isContainer, String name, AccessControlSections includeSections, Boolean isDirectory)
   場所 System.Security.AccessControl.FileSecurity..ctor(String fileName, AccessControlSections includeSections)
   場所 Box.Utilities.Util.FileSystemUtils.AddPermissionsToFile(String filePath, WellKnownSidType account, FileSystemRights permissions)
[2023-01-27 23:28:07,005] [1    ] [INFO ] [] - LocalMachine RegistryKey not set
[2023-01-27 23:28:07,021] [1    ] [INFO ] [] - Starting server...
[2023-01-27 23:28:07,052] [1    ] [INFO ] [] - Server running. Listening to port 17223
[2023-01-27 23:28:07,052] [1    ] [INFO ] [] - Working with debug logging OFF
[2023-01-27 23:28:07,083] [7    ] [INFO ] [] - Initializing the metrics collector
[2023-01-27 23:28:07,083] [7    ] [ERROR] [] - MetricsCollector::Initialize(171): Check Failed: !IsConfigured() - Return: MetricResult_InvalidState
[2023-01-27 23:28:07,083] [7    ] [ERROR] [] - Failed to initialized metrics collector - error: 2
[2023-01-27 23:28:07,083] [7    ] [INFO ] [] - Recording metric - name: ComServerStart
[2023-01-27 23:28:12,019] [4    ] [INFO ] [] - Initializing the metrics collector
[2023-01-27 23:28:12,019] [4    ] [ERROR] [] - MetricsCollector::Initialize(171): Check Failed: !IsConfigured() - Return: MetricResult_InvalidState
[2023-01-27 23:28:12,019] [4    ] [ERROR] [] - Failed to initialized metrics collector - error: 2
[2023-01-27 23:38:11,991] [10   ] [INFO ] [] - Initializing the metrics collector
[2023-01-27 23:38:11,994] [10   ] [ERROR] [] - MetricsCollector::Initialize(171): Check Failed: !IsConfigured() - Return: MetricResult_InvalidState
[2023-01-27 23:38:11,996] [10   ] [ERROR] [] - Failed to initialized metrics collector - error: 2
