[2024-02-01 19:45:50,115] [1    ] [INFO ] [] - ========== Box Local Com Server v4.24.0.1029 ==========
[2024-02-01 19:45:50,162] [1    ] [INFO ] [] - Running as a per-user installation
[2024-02-01 19:45:50,271] [1    ] [INFO ] [] - Initializing the metrics collector
[2024-02-01 19:45:50,287] [1    ] [WARN ] [] - MetricsCollector::UpdateConfiguration(374): UpdateConfiguration raised: unable to open database file
[2024-02-01 19:45:50,287] [1    ] [ERROR] [] - MetricsCollector::Initialize(238): Raised: unable to open database file
[2024-02-01 19:45:50,287] [1    ] [ERROR] [] - Failed to initialized metrics collector - error: 6
[2024-02-01 19:45:50,302] [1    ] [INFO ] [] - Initializing the metrics collector
[2024-02-01 19:45:50,302] [1    ] [ERROR] [] - MetricsCollector::Initialize(171): Check Failed: !IsConfigured() - Return: MetricResult_InvalidState
[2024-02-01 19:45:50,302] [1    ] [ERROR] [] - Failed to initialized metrics collector - error: 2
[2024-02-01 19:45:50,365] [1    ] [INFO ] [] - LocalMachine RegistryKey not set
[2024-02-01 19:45:50,365] [1    ] [INFO ] [] - Starting server...
[2024-02-01 19:45:50,412] [1    ] [INFO ] [] - Server running. Listening to port 17223
[2024-02-01 19:45:50,412] [1    ] [INFO ] [] - Working with debug logging OFF
[2024-02-01 19:45:50,443] [6    ] [INFO ] [] - Initializing the metrics collector
[2024-02-01 19:45:50,443] [6    ] [ERROR] [] - MetricsCollector::Initialize(171): Check Failed: !IsConfigured() - Return: MetricResult_InvalidState
[2024-02-01 19:45:50,443] [6    ] [ERROR] [] - Failed to initialized metrics collector - error: 2
[2024-02-01 19:45:50,443] [6    ] [INFO ] [] - Recording metric - name: ComServerStart
[2024-02-01 19:45:55,368] [4    ] [INFO ] [] - Initializing the metrics collector
[2024-02-01 19:45:55,368] [4    ] [ERROR] [] - MetricsCollector::Initialize(171): Check Failed: !IsConfigured() - Return: MetricResult_InvalidState
[2024-02-01 19:45:55,368] [4    ] [ERROR] [] - Failed to initialized metrics collector - error: 2
[2024-02-01 19:55:55,361] [5    ] [INFO ] [] - Initializing the metrics collector
[2024-02-01 19:55:55,364] [5    ] [ERROR] [] - MetricsCollector::Initialize(171): Check Failed: !IsConfigured() - Return: MetricResult_InvalidState
[2024-02-01 19:55:55,366] [5    ] [ERROR] [] - Failed to initialized metrics collector - error: 2
[2024-02-01 20:05:55,387] [8    ] [INFO ] [] - Initializing the metrics collector
[2024-02-01 20:05:55,390] [8    ] [ERROR] [] - MetricsCollector::Initialize(171): Check Failed: !IsConfigured() - Return: MetricResult_InvalidState
[2024-02-01 20:05:55,392] [8    ] [ERROR] [] - Failed to initialized metrics collector - error: 2
[2024-02-01 20:15:55,393] [11   ] [INFO ] [] - Initializing the metrics collector
[2024-02-01 20:15:55,396] [11   ] [ERROR] [] - MetricsCollector::Initialize(171): Check Failed: !IsConfigured() - Return: MetricResult_InvalidState
[2024-02-01 20:15:55,399] [11   ] [ERROR] [] - Failed to initialized metrics collector - error: 2
[2024-02-01 20:25:55,420] [13   ] [INFO ] [] - Initializing the metrics collector
[2024-02-01 20:25:55,425] [13   ] [ERROR] [] - MetricsCollector::Initialize(171): Check Failed: !IsConfigured() - Return: MetricResult_InvalidState
[2024-02-01 20:25:55,427] [13   ] [ERROR] [] - Failed to initialized metrics collector - error: 2
[2024-02-01 20:35:55,432] [14   ] [INFO ] [] - Initializing the metrics collector
[2024-02-01 20:35:55,443] [14   ] [ERROR] [] - MetricsCollector::Initialize(171): Check Failed: !IsConfigured() - Return: MetricResult_InvalidState
[2024-02-01 20:35:55,447] [14   ] [ERROR] [] - Failed to initialized metrics collector - error: 2
[2024-02-01 20:45:55,441] [15   ] [INFO ] [] - Initializing the metrics collector
[2024-02-01 20:45:55,446] [15   ] [ERROR] [] - MetricsCollector::Initialize(171): Check Failed: !IsConfigured() - Return: MetricResult_InvalidState
[2024-02-01 20:45:55,449] [15   ] [ERROR] [] - Failed to initialized metrics collector - error: 2
[2024-02-01 22:39:54,881] [14   ] [INFO ] [] - Initializing the metrics collector
[2024-02-01 22:39:54,884] [14   ] [ERROR] [] - MetricsCollector::Initialize(171): Check Failed: !IsConfigured() - Return: MetricResult_InvalidState
[2024-02-01 22:39:54,886] [14   ] [ERROR] [] - Failed to initialized metrics collector - error: 2
[2024-02-01 22:49:54,901] [13   ] [INFO ] [] - Initializing the metrics collector
[2024-02-01 22:49:54,904] [13   ] [ERROR] [] - MetricsCollector::Initialize(171): Check Failed: !IsConfigured() - Return: MetricResult_InvalidState
[2024-02-01 22:49:54,904] [13   ] [ERROR] [] - Failed to initialized metrics collector - error: 2
[2024-02-01 23:05:11,921] [12   ] [INFO ] [] - Initializing the metrics collector
[2024-02-01 23:05:11,923] [12   ] [ERROR] [] - MetricsCollector::Initialize(171): Check Failed: !IsConfigured() - Return: MetricResult_InvalidState
[2024-02-01 23:05:11,924] [12   ] [ERROR] [] - Failed to initialized metrics collector - error: 2
[2024-02-01 23:15:11,935] [10   ] [INFO ] [] - Initializing the metrics collector
[2024-02-01 23:15:11,938] [10   ] [ERROR] [] - MetricsCollector::Initialize(171): Check Failed: !IsConfigured() - Return: MetricResult_InvalidState
[2024-02-01 23:15:11,939] [10   ] [ERROR] [] - Failed to initialized metrics collector - error: 2
[2024-02-01 23:25:11,949] [8    ] [INFO ] [] - Initializing the metrics collector
[2024-02-01 23:25:11,950] [8    ] [ERROR] [] - MetricsCollector::Initialize(171): Check Failed: !IsConfigured() - Return: MetricResult_InvalidState
[2024-02-01 23:25:11,951] [8    ] [ERROR] [] - Failed to initialized metrics collector - error: 2
[2024-02-01 23:35:11,963] [4    ] [INFO ] [] - Initializing the metrics collector
[2024-02-01 23:35:11,964] [4    ] [ERROR] [] - MetricsCollector::Initialize(171): Check Failed: !IsConfigured() - Return: MetricResult_InvalidState
[2024-02-01 23:35:11,965] [4    ] [ERROR] [] - Failed to initialized metrics collector - error: 2
[2024-02-01 23:45:11,999] [5    ] [INFO ] [] - Initializing the metrics collector
[2024-02-01 23:45:12,005] [5    ] [ERROR] [] - MetricsCollector::Initialize(171): Check Failed: !IsConfigured() - Return: MetricResult_InvalidState
[2024-02-01 23:45:12,006] [5    ] [ERROR] [] - Failed to initialized metrics collector - error: 2
[2024-02-01 23:55:12,012] [15   ] [INFO ] [] - Initializing the metrics collector
[2024-02-01 23:55:12,014] [15   ] [ERROR] [] - MetricsCollector::Initialize(171): Check Failed: !IsConfigured() - Return: MetricResult_InvalidState
[2024-02-01 23:55:12,016] [15   ] [ERROR] [] - Failed to initialized metrics collector - error: 2
