[2024-01-26 22:54:11,158] [1    ] [INFO ] [] - ========== Box Local Com Server v4.24.0.1029 ==========
[2024-01-26 22:54:11,208] [1    ] [INFO ] [] - Running as a per-user installation
[2024-01-26 22:54:11,269] [1    ] [INFO ] [] - Initializing the metrics collector
[2024-01-26 22:54:11,292] [1    ] [WARN ] [] - MetricsCollector::UpdateConfiguration(374): UpdateConfiguration raised: unable to open database file
[2024-01-26 22:54:11,292] [1    ] [ERROR] [] - MetricsCollector::Initialize(238): Raised: unable to open database file
[2024-01-26 22:54:11,292] [1    ] [ERROR] [] - Failed to initialized metrics collector - error: 6
[2024-01-26 22:54:11,297] [1    ] [INFO ] [] - Initializing the metrics collector
[2024-01-26 22:54:11,297] [1    ] [ERROR] [] - MetricsCollector::Initialize(171): Check Failed: !IsConfigured() - Return: MetricResult_InvalidState
[2024-01-26 22:54:11,297] [1    ] [ERROR] [] - Failed to initialized metrics collector - error: 2
[2024-01-26 22:54:11,310] [1    ] [INFO ] [] - LocalMachine RegistryKey not set
[2024-01-26 22:54:11,317] [1    ] [INFO ] [] - Starting server...
[2024-01-26 22:54:11,330] [1    ] [INFO ] [] - Server running. Listening to port 17223
[2024-01-26 22:54:11,330] [1    ] [INFO ] [] - Working with debug logging OFF
[2024-01-26 22:54:11,350] [6    ] [INFO ] [] - Initializing the metrics collector
[2024-01-26 22:54:11,350] [6    ] [ERROR] [] - MetricsCollector::Initialize(171): Check Failed: !IsConfigured() - Return: MetricResult_InvalidState
[2024-01-26 22:54:11,350] [6    ] [ERROR] [] - Failed to initialized metrics collector - error: 2
[2024-01-26 22:54:11,350] [6    ] [INFO ] [] - Recording metric - name: ComServerStart
[2024-01-26 22:54:16,315] [4    ] [INFO ] [] - Initializing the metrics collector
[2024-01-26 22:54:16,315] [4    ] [ERROR] [] - MetricsCollector::Initialize(171): Check Failed: !IsConfigured() - Return: MetricResult_InvalidState
[2024-01-26 22:54:16,315] [4    ] [ERROR] [] - Failed to initialized metrics collector - error: 2
[2024-01-26 23:04:16,324] [10   ] [INFO ] [] - Initializing the metrics collector
[2024-01-26 23:04:16,326] [10   ] [ERROR] [] - MetricsCollector::Initialize(171): Check Failed: !IsConfigured() - Return: MetricResult_InvalidState
[2024-01-26 23:04:16,327] [10   ] [ERROR] [] - Failed to initialized metrics collector - error: 2
[2024-01-26 23:14:16,340] [12   ] [INFO ] [] - Initializing the metrics collector
[2024-01-26 23:14:16,342] [12   ] [ERROR] [] - MetricsCollector::Initialize(171): Check Failed: !IsConfigured() - Return: MetricResult_InvalidState
[2024-01-26 23:14:16,343] [12   ] [ERROR] [] - Failed to initialized metrics collector - error: 2
[2024-01-26 23:24:16,354] [13   ] [INFO ] [] - Initializing the metrics collector
[2024-01-26 23:24:16,356] [13   ] [ERROR] [] - MetricsCollector::Initialize(171): Check Failed: !IsConfigured() - Return: MetricResult_InvalidState
[2024-01-26 23:24:16,357] [13   ] [ERROR] [] - Failed to initialized metrics collector - error: 2
[2024-01-26 23:34:16,383] [14   ] [INFO ] [] - Initializing the metrics collector
[2024-01-26 23:34:16,388] [14   ] [ERROR] [] - MetricsCollector::Initialize(171): Check Failed: !IsConfigured() - Return: MetricResult_InvalidState
[2024-01-26 23:34:16,390] [14   ] [ERROR] [] - Failed to initialized metrics collector - error: 2
[2024-01-26 23:45:48,845] [16   ] [INFO ] [] - Initializing the metrics collector
[2024-01-26 23:45:48,848] [16   ] [ERROR] [] - MetricsCollector::Initialize(171): Check Failed: !IsConfigured() - Return: MetricResult_InvalidState
[2024-01-26 23:45:48,850] [16   ] [ERROR] [] - Failed to initialized metrics collector - error: 2
[2024-01-26 23:55:48,853] [17   ] [INFO ] [] - Initializing the metrics collector
[2024-01-26 23:55:48,855] [17   ] [ERROR] [] - MetricsCollector::Initialize(171): Check Failed: !IsConfigured() - Return: MetricResult_InvalidState
[2024-01-26 23:55:48,856] [17   ] [ERROR] [] - Failed to initialized metrics collector - error: 2
