[2024-01-14 08:51:39,360] [1    ] [INFO ] [] - ========== Box Local Com Server v4.24.0.1029 ==========
[2024-01-14 08:51:39,453] [1    ] [INFO ] [] - Running as a per-user installation
[2024-01-14 08:51:39,578] [1    ] [INFO ] [] - Initializing the metrics collector
[2024-01-14 08:51:39,594] [1    ] [WARN ] [] - MetricsCollector::UpdateConfiguration(374): UpdateConfiguration raised: unable to open database file
[2024-01-14 08:51:39,594] [1    ] [ERROR] [] - MetricsCollector::Initialize(238): Raised: unable to open database file
[2024-01-14 08:51:39,594] [1    ] [ERROR] [] - Failed to initialized metrics collector - error: 6
[2024-01-14 08:51:39,625] [1    ] [INFO ] [] - Initializing the metrics collector
[2024-01-14 08:51:39,625] [1    ] [ERROR] [] - MetricsCollector::Initialize(171): Check Failed: !IsConfigured() - Return: MetricResult_InvalidState
[2024-01-14 08:51:39,625] [1    ] [ERROR] [] - Failed to initialized metrics collector - error: 2
[2024-01-14 08:51:39,641] [1    ] [INFO ] [] - LocalMachine RegistryKey not set
[2024-01-14 08:51:39,672] [1    ] [INFO ] [] - Starting server...
[2024-01-14 08:51:39,734] [1    ] [INFO ] [] - Server running. Listening to port 17223
[2024-01-14 08:51:39,734] [1    ] [INFO ] [] - Working with debug logging OFF
[2024-01-14 08:51:39,750] [6    ] [INFO ] [] - Initializing the metrics collector
[2024-01-14 08:51:39,750] [6    ] [ERROR] [] - MetricsCollector::Initialize(171): Check Failed: !IsConfigured() - Return: MetricResult_InvalidState
[2024-01-14 08:51:39,750] [6    ] [ERROR] [] - Failed to initialized metrics collector - error: 2
[2024-01-14 08:51:39,750] [6    ] [INFO ] [] - Recording metric - name: ComServerStart
[2024-01-14 08:51:44,664] [4    ] [INFO ] [] - Initializing the metrics collector
[2024-01-14 08:51:44,664] [4    ] [ERROR] [] - MetricsCollector::Initialize(171): Check Failed: !IsConfigured() - Return: MetricResult_InvalidState
[2024-01-14 08:51:44,664] [4    ] [ERROR] [] - Failed to initialized metrics collector - error: 2
[2024-01-14 09:01:44,648] [5    ] [INFO ] [] - Initializing the metrics collector
[2024-01-14 09:01:44,648] [5    ] [ERROR] [] - MetricsCollector::Initialize(171): Check Failed: !IsConfigured() - Return: MetricResult_InvalidState
[2024-01-14 09:01:44,648] [5    ] [ERROR] [] - Failed to initialized metrics collector - error: 2
[2024-01-14 09:11:44,645] [4    ] [INFO ] [] - Initializing the metrics collector
[2024-01-14 09:11:44,685] [4    ] [ERROR] [] - MetricsCollector::Initialize(171): Check Failed: !IsConfigured() - Return: MetricResult_InvalidState
[2024-01-14 09:11:44,685] [4    ] [ERROR] [] - Failed to initialized metrics collector - error: 2
[2024-01-14 09:21:44,666] [4    ] [INFO ] [] - Initializing the metrics collector
[2024-01-14 09:21:44,666] [4    ] [ERROR] [] - MetricsCollector::Initialize(171): Check Failed: !IsConfigured() - Return: MetricResult_InvalidState
[2024-01-14 09:21:44,666] [4    ] [ERROR] [] - Failed to initialized metrics collector - error: 2
[2024-01-14 09:31:44,713] [5    ] [INFO ] [] - Initializing the metrics collector
[2024-01-14 09:31:44,728] [5    ] [ERROR] [] - MetricsCollector::Initialize(171): Check Failed: !IsConfigured() - Return: MetricResult_InvalidState
[2024-01-14 09:31:44,728] [5    ] [ERROR] [] - Failed to initialized metrics collector - error: 2
[2024-01-14 09:53:58,312] [4    ] [INFO ] [] - Initializing the metrics collector
[2024-01-14 09:53:58,327] [4    ] [ERROR] [] - MetricsCollector::Initialize(171): Check Failed: !IsConfigured() - Return: MetricResult_InvalidState
[2024-01-14 09:53:58,343] [4    ] [ERROR] [] - Failed to initialized metrics collector - error: 2
[2024-01-14 10:03:58,294] [7    ] [INFO ] [] - Initializing the metrics collector
[2024-01-14 10:03:58,294] [7    ] [ERROR] [] - MetricsCollector::Initialize(171): Check Failed: !IsConfigured() - Return: MetricResult_InvalidState
[2024-01-14 10:03:58,295] [7    ] [ERROR] [] - Failed to initialized metrics collector - error: 2
[2024-01-14 10:13:58,304] [11   ] [INFO ] [] - Initializing the metrics collector
[2024-01-14 10:13:58,305] [11   ] [ERROR] [] - MetricsCollector::Initialize(171): Check Failed: !IsConfigured() - Return: MetricResult_InvalidState
[2024-01-14 10:13:58,305] [11   ] [ERROR] [] - Failed to initialized metrics collector - error: 2
[2024-01-14 10:23:58,399] [13   ] [INFO ] [] - Initializing the metrics collector
[2024-01-14 10:23:58,416] [13   ] [ERROR] [] - MetricsCollector::Initialize(171): Check Failed: !IsConfigured() - Return: MetricResult_InvalidState
[2024-01-14 10:23:58,419] [13   ] [ERROR] [] - Failed to initialized metrics collector - error: 2
[2024-01-14 10:33:58,431] [15   ] [INFO ] [] - Initializing the metrics collector
[2024-01-14 10:33:58,432] [15   ] [ERROR] [] - MetricsCollector::Initialize(171): Check Failed: !IsConfigured() - Return: MetricResult_InvalidState
[2024-01-14 10:33:58,433] [15   ] [ERROR] [] - Failed to initialized metrics collector - error: 2
[2024-01-14 10:43:58,456] [17   ] [INFO ] [] - Initializing the metrics collector
[2024-01-14 10:43:58,462] [17   ] [ERROR] [] - MetricsCollector::Initialize(171): Check Failed: !IsConfigured() - Return: MetricResult_InvalidState
[2024-01-14 10:43:58,464] [17   ] [ERROR] [] - Failed to initialized metrics collector - error: 2
