[2024-01-16 09:50:05,382] [1    ] [INFO ] [] - ========== Box Local Com Server v4.24.0.1029 ==========
[2024-01-16 09:50:05,422] [1    ] [INFO ] [] - Running as a per-user installation
[2024-01-16 09:50:05,582] [1    ] [INFO ] [] - Initializing the metrics collector
[2024-01-16 09:50:05,598] [1    ] [WARN ] [] - MetricsCollector::UpdateConfiguration(374): UpdateConfiguration raised: unable to open database file
[2024-01-16 09:50:05,598] [1    ] [ERROR] [] - MetricsCollector::Initialize(238): Raised: unable to open database file
[2024-01-16 09:50:05,598] [1    ] [ERROR] [] - Failed to initialized metrics collector - error: 6
[2024-01-16 09:50:05,614] [1    ] [INFO ] [] - Initializing the metrics collector
[2024-01-16 09:50:05,614] [1    ] [ERROR] [] - MetricsCollector::Initialize(171): Check Failed: !IsConfigured() - Return: MetricResult_InvalidState
[2024-01-16 09:50:05,614] [1    ] [ERROR] [] - Failed to initialized metrics collector - error: 2
[2024-01-16 09:50:05,686] [1    ] [INFO ] [] - LocalMachine RegistryKey not set
[2024-01-16 09:50:05,694] [1    ] [INFO ] [] - Starting server...
[2024-01-16 09:50:05,757] [1    ] [INFO ] [] - Server running. Listening to port 17223
[2024-01-16 09:50:05,757] [1    ] [INFO ] [] - Working with debug logging OFF
[2024-01-16 09:50:05,773] [5    ] [INFO ] [] - Initializing the metrics collector
[2024-01-16 09:50:05,781] [5    ] [ERROR] [] - MetricsCollector::Initialize(171): Check Failed: !IsConfigured() - Return: MetricResult_InvalidState
[2024-01-16 09:50:05,781] [5    ] [ERROR] [] - Failed to initialized metrics collector - error: 2
[2024-01-16 09:50:05,781] [5    ] [INFO ] [] - Recording metric - name: ComServerStart
[2024-01-16 09:50:10,817] [4    ] [INFO ] [] - Initializing the metrics collector
[2024-01-16 09:50:10,817] [4    ] [ERROR] [] - MetricsCollector::Initialize(171): Check Failed: !IsConfigured() - Return: MetricResult_InvalidState
[2024-01-16 09:50:10,817] [4    ] [ERROR] [] - Failed to initialized metrics collector - error: 2
[2024-01-16 10:00:10,674] [7    ] [INFO ] [] - Initializing the metrics collector
[2024-01-16 10:00:10,674] [7    ] [ERROR] [] - MetricsCollector::Initialize(171): Check Failed: !IsConfigured() - Return: MetricResult_InvalidState
[2024-01-16 10:00:10,679] [7    ] [ERROR] [] - Failed to initialized metrics collector - error: 2
[2024-01-16 10:10:10,672] [10   ] [INFO ] [] - Initializing the metrics collector
[2024-01-16 10:10:10,674] [10   ] [ERROR] [] - MetricsCollector::Initialize(171): Check Failed: !IsConfigured() - Return: MetricResult_InvalidState
[2024-01-16 10:10:10,677] [10   ] [ERROR] [] - Failed to initialized metrics collector - error: 2
[2024-01-16 10:20:10,679] [11   ] [INFO ] [] - Initializing the metrics collector
[2024-01-16 10:20:10,681] [11   ] [ERROR] [] - MetricsCollector::Initialize(171): Check Failed: !IsConfigured() - Return: MetricResult_InvalidState
[2024-01-16 10:20:10,681] [11   ] [ERROR] [] - Failed to initialized metrics collector - error: 2
