[2024-01-30 09:14:44,273] [1    ] [INFO ] [] - ========== Box Local Com Server v4.24.0.1029 ==========
[2024-01-30 09:14:44,336] [1    ] [INFO ] [] - Running as a per-user installation
[2024-01-30 09:14:44,554] [1    ] [INFO ] [] - Initializing the metrics collector
[2024-01-30 09:14:44,570] [1    ] [WARN ] [] - MetricsCollector::UpdateConfiguration(374): UpdateConfiguration raised: unable to open database file
[2024-01-30 09:14:44,585] [1    ] [ERROR] [] - MetricsCollector::Initialize(238): Raised: unable to open database file
[2024-01-30 09:14:44,585] [1    ] [ERROR] [] - Failed to initialized metrics collector - error: 6
[2024-01-30 09:14:44,585] [1    ] [INFO ] [] - Initializing the metrics collector
[2024-01-30 09:14:44,585] [1    ] [ERROR] [] - MetricsCollector::Initialize(171): Check Failed: !IsConfigured() - Return: MetricResult_InvalidState
[2024-01-30 09:14:44,585] [1    ] [ERROR] [] - Failed to initialized metrics collector - error: 2
[2024-01-30 09:14:44,679] [1    ] [INFO ] [] - LocalMachine RegistryKey not set
[2024-01-30 09:14:44,695] [1    ] [INFO ] [] - Starting server...
[2024-01-30 09:14:44,742] [1    ] [INFO ] [] - Server running. Listening to port 17223
[2024-01-30 09:14:44,742] [1    ] [INFO ] [] - Working with debug logging OFF
[2024-01-30 09:14:44,773] [6    ] [INFO ] [] - Initializing the metrics collector
[2024-01-30 09:14:44,773] [6    ] [ERROR] [] - MetricsCollector::Initialize(171): Check Failed: !IsConfigured() - Return: MetricResult_InvalidState
[2024-01-30 09:14:44,773] [6    ] [ERROR] [] - Failed to initialized metrics collector - error: 2
[2024-01-30 09:14:44,773] [6    ] [INFO ] [] - Recording metric - name: ComServerStart
[2024-01-30 09:14:49,747] [4    ] [INFO ] [] - Initializing the metrics collector
[2024-01-30 09:14:49,747] [4    ] [ERROR] [] - MetricsCollector::Initialize(171): Check Failed: !IsConfigured() - Return: MetricResult_InvalidState
[2024-01-30 09:14:49,747] [4    ] [ERROR] [] - Failed to initialized metrics collector - error: 2
[2024-01-30 09:24:49,646] [10   ] [INFO ] [] - Initializing the metrics collector
[2024-01-30 09:24:49,648] [10   ] [ERROR] [] - MetricsCollector::Initialize(171): Check Failed: !IsConfigured() - Return: MetricResult_InvalidState
[2024-01-30 09:24:49,650] [10   ] [ERROR] [] - Failed to initialized metrics collector - error: 2
[2024-01-30 09:34:49,651] [11   ] [INFO ] [] - Initializing the metrics collector
[2024-01-30 09:34:49,653] [11   ] [ERROR] [] - MetricsCollector::Initialize(171): Check Failed: !IsConfigured() - Return: MetricResult_InvalidState
[2024-01-30 09:34:49,654] [11   ] [ERROR] [] - Failed to initialized metrics collector - error: 2
[2024-01-30 09:44:49,667] [12   ] [INFO ] [] - Initializing the metrics collector
[2024-01-30 09:44:49,670] [12   ] [ERROR] [] - MetricsCollector::Initialize(171): Check Failed: !IsConfigured() - Return: MetricResult_InvalidState
[2024-01-30 09:44:49,671] [12   ] [ERROR] [] - Failed to initialized metrics collector - error: 2
