[2024-01-23 08:43:38,324] [1    ] [INFO ] [] - ========== Box Local Com Server v4.24.0.1029 ==========
[2024-01-23 08:43:38,527] [1    ] [INFO ] [] - Running as a per-user installation
[2024-01-23 08:43:38,667] [1    ] [INFO ] [] - Initializing the metrics collector
[2024-01-23 08:43:38,714] [1    ] [WARN ] [] - MetricsCollector::UpdateConfiguration(374): UpdateConfiguration raised: unable to open database file
[2024-01-23 08:43:38,714] [1    ] [ERROR] [] - MetricsCollector::Initialize(238): Raised: unable to open database file
[2024-01-23 08:43:38,714] [1    ] [ERROR] [] - Failed to initialized metrics collector - error: 6
[2024-01-23 08:43:38,714] [1    ] [INFO ] [] - Initializing the metrics collector
[2024-01-23 08:43:38,714] [1    ] [ERROR] [] - MetricsCollector::Initialize(171): Check Failed: !IsConfigured() - Return: MetricResult_InvalidState
[2024-01-23 08:43:38,714] [1    ] [ERROR] [] - Failed to initialized metrics collector - error: 2
[2024-01-23 08:43:38,761] [1    ] [INFO ] [] - LocalMachine RegistryKey not set
[2024-01-23 08:43:38,777] [1    ] [INFO ] [] - Starting server...
[2024-01-23 08:43:38,792] [1    ] [INFO ] [] - Server running. Listening to port 17223
[2024-01-23 08:43:38,792] [1    ] [INFO ] [] - Working with debug logging OFF
[2024-01-23 08:43:38,855] [6    ] [INFO ] [] - Initializing the metrics collector
[2024-01-23 08:43:38,855] [6    ] [ERROR] [] - MetricsCollector::Initialize(171): Check Failed: !IsConfigured() - Return: MetricResult_InvalidState
[2024-01-23 08:43:38,855] [6    ] [ERROR] [] - Failed to initialized metrics collector - error: 2
[2024-01-23 08:43:38,855] [6    ] [INFO ] [] - Recording metric - name: ComServerStart
[2024-01-23 08:43:43,758] [4    ] [INFO ] [] - Initializing the metrics collector
[2024-01-23 08:43:43,758] [4    ] [ERROR] [] - MetricsCollector::Initialize(171): Check Failed: !IsConfigured() - Return: MetricResult_InvalidState
[2024-01-23 08:43:43,758] [4    ] [ERROR] [] - Failed to initialized metrics collector - error: 2
[2024-01-23 08:53:43,754] [5    ] [INFO ] [] - Initializing the metrics collector
[2024-01-23 08:53:43,757] [5    ] [ERROR] [] - MetricsCollector::Initialize(171): Check Failed: !IsConfigured() - Return: MetricResult_InvalidState
[2024-01-23 08:53:43,762] [5    ] [ERROR] [] - Failed to initialized metrics collector - error: 2
[2024-01-23 09:03:43,759] [8    ] [INFO ] [] - Initializing the metrics collector
[2024-01-23 09:03:43,760] [8    ] [ERROR] [] - MetricsCollector::Initialize(171): Check Failed: !IsConfigured() - Return: MetricResult_InvalidState
[2024-01-23 09:03:43,761] [8    ] [ERROR] [] - Failed to initialized metrics collector - error: 2
[2024-01-23 09:13:43,770] [10   ] [INFO ] [] - Initializing the metrics collector
[2024-01-23 09:13:43,771] [10   ] [ERROR] [] - MetricsCollector::Initialize(171): Check Failed: !IsConfigured() - Return: MetricResult_InvalidState
[2024-01-23 09:13:43,772] [10   ] [ERROR] [] - Failed to initialized metrics collector - error: 2
[2024-01-23 09:23:43,787] [11   ] [INFO ] [] - Initializing the metrics collector
[2024-01-23 09:23:43,788] [11   ] [ERROR] [] - MetricsCollector::Initialize(171): Check Failed: !IsConfigured() - Return: MetricResult_InvalidState
[2024-01-23 09:23:43,790] [11   ] [ERROR] [] - Failed to initialized metrics collector - error: 2
[2024-01-23 09:33:43,809] [12   ] [INFO ] [] - Initializing the metrics collector
[2024-01-23 09:33:43,809] [12   ] [ERROR] [] - MetricsCollector::Initialize(171): Check Failed: !IsConfigured() - Return: MetricResult_InvalidState
[2024-01-23 09:33:43,810] [12   ] [ERROR] [] - Failed to initialized metrics collector - error: 2
[2024-01-23 09:43:43,818] [13   ] [INFO ] [] - Initializing the metrics collector
[2024-01-23 09:43:43,819] [13   ] [ERROR] [] - MetricsCollector::Initialize(171): Check Failed: !IsConfigured() - Return: MetricResult_InvalidState
[2024-01-23 09:43:43,822] [13   ] [ERROR] [] - Failed to initialized metrics collector - error: 2
[2024-01-23 09:53:43,827] [14   ] [INFO ] [] - Initializing the metrics collector
[2024-01-23 09:53:43,828] [14   ] [ERROR] [] - MetricsCollector::Initialize(171): Check Failed: !IsConfigured() - Return: MetricResult_InvalidState
[2024-01-23 09:53:43,829] [14   ] [ERROR] [] - Failed to initialized metrics collector - error: 2
[2024-01-23 10:03:43,848] [15   ] [INFO ] [] - Initializing the metrics collector
[2024-01-23 10:03:43,849] [15   ] [ERROR] [] - MetricsCollector::Initialize(171): Check Failed: !IsConfigured() - Return: MetricResult_InvalidState
[2024-01-23 10:03:43,850] [15   ] [ERROR] [] - Failed to initialized metrics collector - error: 2
[2024-01-23 10:13:43,859] [16   ] [INFO ] [] - Initializing the metrics collector
[2024-01-23 10:13:43,860] [16   ] [ERROR] [] - MetricsCollector::Initialize(171): Check Failed: !IsConfigured() - Return: MetricResult_InvalidState
[2024-01-23 10:13:43,861] [16   ] [ERROR] [] - Failed to initialized metrics collector - error: 2
[2024-01-23 10:23:43,862] [18   ] [INFO ] [] - Initializing the metrics collector
[2024-01-23 10:23:43,863] [18   ] [ERROR] [] - MetricsCollector::Initialize(171): Check Failed: !IsConfigured() - Return: MetricResult_InvalidState
[2024-01-23 10:23:43,864] [18   ] [ERROR] [] - Failed to initialized metrics collector - error: 2
[2024-01-23 10:33:43,862] [19   ] [INFO ] [] - Initializing the metrics collector
[2024-01-23 10:33:43,862] [19   ] [ERROR] [] - MetricsCollector::Initialize(171): Check Failed: !IsConfigured() - Return: MetricResult_InvalidState
[2024-01-23 10:33:43,862] [19   ] [ERROR] [] - Failed to initialized metrics collector - error: 2
[2024-01-23 12:45:11,080] [5    ] [INFO ] [] - Initializing the metrics collector
[2024-01-23 12:45:11,080] [5    ] [ERROR] [] - MetricsCollector::Initialize(171): Check Failed: !IsConfigured() - Return: MetricResult_InvalidState
[2024-01-23 12:45:11,080] [5    ] [ERROR] [] - Failed to initialized metrics collector - error: 2
