[2022-02-15 21:55:58,394] [1    ] [INFO ] [] - ========== Box Edit v4.16.1.911 ==========
[2022-02-15 21:55:58,434] [1    ] [INFO ] [] - Command Line: "C:\Users\金田駿之介\AppData\Local\Box\Box Edit\Box Edit.exe" 
[2022-02-15 21:55:59,597] [1    ] [INFO ] [] - Getting DebugLogging value from CurrentUser
[2022-02-15 21:55:59,597] [1    ] [INFO ] [] - Working with debug logging OFF
[2022-02-15 21:55:59,707] [1    ] [INFO ] [] - Days to keep files in cache set to 7
[2022-02-15 21:56:03,131] [1    ] [INFO ] [] - LocalMachine RegistryKey not set
[2022-02-15 21:56:03,269] [1    ] [INFO ] [] - Initializing the metrics collector
[2022-02-15 21:56:03,284] [1    ] [WARN ] [] - MetricsCollector::UpdateConfiguration(374): UpdateConfiguration raised: unable to open database file
[2022-02-15 21:56:03,285] [1    ] [ERROR] [] - MetricsCollector::Initialize(238): Raised: unable to open database file
[2022-02-15 21:56:03,286] [1    ] [ERROR] [] - Failed to initialized metrics collector - error: 6
[2022-02-15 21:56:03,288] [1    ] [ERROR] [] - Could not set permissions to C:\Users\金田駿之介\AppData\Local\Box\Box Tools\Metrics\BoxTools_Metrics.db
[2022-02-15 21:56:03,303] [1    ] [ERROR] [] - FileSystemUtils.AddPermissionsToFile on line number [0]  System.IO.FileNotFoundException: C:\Users\金田駿之介\AppData\Local\Box\Box Tools\Metrics\BoxTools_Metrics.db
   場所 System.Security.AccessControl.NativeObjectSecurity.CreateInternal(ResourceType resourceType, Boolean isContainer, String name, SafeHandle handle, AccessControlSections includeSections, Boolean createByName, ExceptionFromErrorCode exceptionFromErrorCode, Object exceptionContext)
   場所 System.Security.AccessControl.FileSystemSecurity..ctor(Boolean isContainer, String name, AccessControlSections includeSections, Boolean isDirectory)
   場所 System.Security.AccessControl.FileSecurity..ctor(String fileName, AccessControlSections includeSections)
   場所 Box.Utilities.Util.FileSystemUtils.AddPermissionsToFile(String filePath, WellKnownSidType account, FileSystemRights permissions)
[2022-02-15 21:56:03,313] [6    ] [INFO ] [] - Checking for upgrades
[2022-02-15 21:56:03,328] [6    ] [INFO ] [] - Url used to upgrade: https://cdn07.boxcdn.net/BoxEditAutoupdate.json
[2022-02-15 21:56:03,424] [1    ] [INFO ] [] - Running pipe server using box_edit_pipe as pipe name
[2022-02-15 21:56:03,446] [1    ] [INFO ] [] - Initializing the metrics collector
[2022-02-15 21:56:03,447] [1    ] [ERROR] [] - MetricsCollector::Initialize(171): Check Failed: !IsConfigured() - Return: MetricResult_InvalidState
[2022-02-15 21:56:03,460] [1    ] [ERROR] [] - Failed to initialized metrics collector - error: 2
[2022-02-15 21:56:03,461] [1    ] [ERROR] [] - Could not set permissions to C:\Users\金田駿之介\AppData\Local\Box\Box Tools\Metrics\BoxTools_Metrics.db
[2022-02-15 21:56:03,462] [1    ] [ERROR] [] - FileSystemUtils.AddPermissionsToFile on line number [0]  System.IO.FileNotFoundException: C:\Users\金田駿之介\AppData\Local\Box\Box Tools\Metrics\BoxTools_Metrics.db
   場所 System.Security.AccessControl.NativeObjectSecurity.CreateInternal(ResourceType resourceType, Boolean isContainer, String name, SafeHandle handle, AccessControlSections includeSections, Boolean createByName, ExceptionFromErrorCode exceptionFromErrorCode, Object exceptionContext)
   場所 System.Security.AccessControl.FileSystemSecurity..ctor(Boolean isContainer, String name, AccessControlSections includeSections, Boolean isDirectory)
   場所 System.Security.AccessControl.FileSecurity..ctor(String fileName, AccessControlSections includeSections)
   場所 Box.Utilities.Util.FileSystemUtils.AddPermissionsToFile(String filePath, WellKnownSidType account, FileSystemRights permissions)
[2022-02-15 21:56:04,358] [6    ] [INFO ] [] - No track defined, checking against default track
[2022-02-15 21:56:04,358] [6    ] [INFO ] [] - RolloutID set to 29
[2022-02-15 21:56:04,358] [6    ] [INFO ] [] - No upgrade available
[2022-02-15 21:56:08,469] [10   ] [INFO ] [] - Initializing the metrics collector
[2022-02-15 21:56:08,469] [10   ] [ERROR] [] - MetricsCollector::Initialize(171): Check Failed: !IsConfigured() - Return: MetricResult_InvalidState
[2022-02-15 21:56:08,471] [10   ] [ERROR] [] - Failed to initialized metrics collector - error: 2
[2022-02-15 22:06:08,479] [17   ] [INFO ] [] - Initializing the metrics collector
[2022-02-15 22:06:08,479] [17   ] [ERROR] [] - MetricsCollector::Initialize(171): Check Failed: !IsConfigured() - Return: MetricResult_InvalidState
[2022-02-15 22:06:08,479] [17   ] [ERROR] [] - Failed to initialized metrics collector - error: 2
[2022-02-15 22:16:08,478] [16   ] [INFO ] [] - Initializing the metrics collector
[2022-02-15 22:16:08,480] [16   ] [ERROR] [] - MetricsCollector::Initialize(171): Check Failed: !IsConfigured() - Return: MetricResult_InvalidState
[2022-02-15 22:16:08,480] [16   ] [ERROR] [] - Failed to initialized metrics collector - error: 2
[2022-02-15 22:26:08,485] [14   ] [INFO ] [] - Initializing the metrics collector
[2022-02-15 22:26:08,485] [14   ] [ERROR] [] - MetricsCollector::Initialize(171): Check Failed: !IsConfigured() - Return: MetricResult_InvalidState
[2022-02-15 22:26:08,485] [14   ] [ERROR] [] - Failed to initialized metrics collector - error: 2
[2022-02-15 22:36:08,503] [15   ] [INFO ] [] - Initializing the metrics collector
[2022-02-15 22:36:08,507] [15   ] [ERROR] [] - MetricsCollector::Initialize(171): Check Failed: !IsConfigured() - Return: MetricResult_InvalidState
[2022-02-15 22:36:08,510] [15   ] [ERROR] [] - Failed to initialized metrics collector - error: 2
[2022-02-15 22:46:08,519] [12   ] [INFO ] [] - Initializing the metrics collector
[2022-02-15 22:46:08,519] [12   ] [ERROR] [] - MetricsCollector::Initialize(171): Check Failed: !IsConfigured() - Return: MetricResult_InvalidState
[2022-02-15 22:46:08,526] [12   ] [ERROR] [] - Failed to initialized metrics collector - error: 2
[2022-02-15 22:56:08,536] [13   ] [INFO ] [] - Initializing the metrics collector
[2022-02-15 22:56:08,536] [13   ] [ERROR] [] - MetricsCollector::Initialize(171): Check Failed: !IsConfigured() - Return: MetricResult_InvalidState
[2022-02-15 22:56:08,536] [13   ] [ERROR] [] - Failed to initialized metrics collector - error: 2
[2022-02-15 23:06:08,551] [11   ] [INFO ] [] - Initializing the metrics collector
[2022-02-15 23:06:08,551] [11   ] [ERROR] [] - MetricsCollector::Initialize(171): Check Failed: !IsConfigured() - Return: MetricResult_InvalidState
[2022-02-15 23:06:08,555] [11   ] [ERROR] [] - Failed to initialized metrics collector - error: 2
[2022-02-15 23:16:08,571] [7    ] [INFO ] [] - Initializing the metrics collector
[2022-02-15 23:16:08,571] [7    ] [ERROR] [] - MetricsCollector::Initialize(171): Check Failed: !IsConfigured() - Return: MetricResult_InvalidState
[2022-02-15 23:16:08,571] [7    ] [ERROR] [] - Failed to initialized metrics collector - error: 2
[2022-02-15 23:26:08,564] [6    ] [INFO ] [] - Initializing the metrics collector
[2022-02-15 23:26:08,567] [6    ] [ERROR] [] - MetricsCollector::Initialize(171): Check Failed: !IsConfigured() - Return: MetricResult_InvalidState
[2022-02-15 23:26:08,568] [6    ] [ERROR] [] - Failed to initialized metrics collector - error: 2
[2022-02-15 23:36:08,572] [10   ] [INFO ] [] - Initializing the metrics collector
[2022-02-15 23:36:08,575] [10   ] [ERROR] [] - MetricsCollector::Initialize(171): Check Failed: !IsConfigured() - Return: MetricResult_InvalidState
[2022-02-15 23:36:08,576] [10   ] [ERROR] [] - Failed to initialized metrics collector - error: 2
[2022-02-15 23:46:08,602] [17   ] [INFO ] [] - Initializing the metrics collector
[2022-02-15 23:46:08,610] [17   ] [ERROR] [] - MetricsCollector::Initialize(171): Check Failed: !IsConfigured() - Return: MetricResult_InvalidState
[2022-02-15 23:46:08,615] [17   ] [ERROR] [] - Failed to initialized metrics collector - error: 2
