[2023-08-20 15:39:23,361] [1    ] [INFO ] [] - ========== Box Edit v4.23.0.1013 ==========
[2023-08-20 15:39:23,470] [1    ] [INFO ] [] - Command Line: "C:\Users\金田駿之介\AppData\Local\Box\Box Edit\Box Edit.exe" 
[2023-08-20 15:39:26,001] [1    ] [INFO ] [] - Getting DebugLogging value from CurrentUser
[2023-08-20 15:39:26,001] [1    ] [INFO ] [] - Working with debug logging OFF
[2023-08-20 15:39:26,126] [1    ] [INFO ] [] - Days to keep files in cache set to 7
[2023-08-20 15:39:28,250] [1    ] [INFO ] [] - LocalMachine RegistryKey not set
[2023-08-20 15:39:28,297] [1    ] [INFO ] [] - DeviceId::CheckDeviceId(488): Starting DeviceId generator.
[2023-08-20 15:39:28,313] [1    ] [INFO ] [] - DeviceId::CheckDeviceId(515): Global mutex obtained. Start checking.
[2023-08-20 15:39:29,344] [1    ] [INFO ] [] - DeviceId::RestoreGlobalDeviceData(65): Failed reading global DeviceData from registry: Registry key "SOFTWARE\Box\DeviceId" not found.
[2023-08-20 15:39:29,437] [1    ] [INFO ] [] - DeviceId::RestoreAndValidateLocalProperites(389): Restored local DeviceId
[2023-08-20 15:39:29,437] [1    ] [INFO ] [] - DeviceId::RestoreAndValidateLocalProperites(393): Restored local DeviceData
[2023-08-20 15:39:29,437] [1    ] [INFO ] [] - DeviceId::PerformChecking(452): Checking DeviceData.
[2023-08-20 15:39:29,453] [1    ] [INFO ] [] - DeviceId::PerformChecking(453): DeviceData read from registry: {"ComputerSystemProductUUID":"B4C5DFD1-4333-1CB6-C49D-A3067E9A232A","Version":1}
[2023-08-20 15:39:29,453] [1    ] [INFO ] [] - DeviceId::PerformChecking(454): Generated DeviceData: {"ComputerSystemProductUUID":"B4C5DFD1-4333-1CB6-C49D-A3067E9A232A","Version":1}
[2023-08-20 15:39:29,515] [1    ] [ERROR] [] - Could not set permissions to C:\Users\金田駿之介\AppData\Local\Box\Box Tools\Metrics\BoxTools_Metrics.db
[2023-08-20 15:39:29,531] [1    ] [ERROR] [] - FileSystemUtils.AddPermissionsToFile on line number [0]  System.IO.FileNotFoundException: C:\Users\金田駿之介\AppData\Local\Box\Box Tools\Metrics\BoxTools_Metrics.db
   場所 System.Security.AccessControl.NativeObjectSecurity.CreateInternal(ResourceType resourceType, Boolean isContainer, String name, SafeHandle handle, AccessControlSections includeSections, Boolean createByName, ExceptionFromErrorCode exceptionFromErrorCode, Object exceptionContext)
   場所 System.Security.AccessControl.FileSystemSecurity..ctor(Boolean isContainer, String name, AccessControlSections includeSections, Boolean isDirectory)
   場所 System.Security.AccessControl.FileSecurity..ctor(String fileName, AccessControlSections includeSections)
   場所 Box.Utilities.Util.FileSystemUtils.AddPermissionsToFile(String filePath, WellKnownSidType account, FileSystemRights permissions)
[2023-08-20 15:39:29,547] [9    ] [INFO ] [] - .NET Version - installed 528372, expected: 528040
[2023-08-20 15:39:29,547] [9    ] [INFO ] [] - result: True
[2023-08-20 15:39:29,562] [9    ] [INFO ] [] - Checking for upgrades
[2023-08-20 15:39:29,578] [9    ] [INFO ] [] - ### File path for UpgradeState: C:\Users\金田駿之介\AppData\Local\Box\upgrade_state.json
[2023-08-20 15:39:29,640] [1    ] [INFO ] [] - Running pipe server using box_edit_pipe as pipe name
[2023-08-20 15:39:29,656] [1    ] [ERROR] [] - Could not set permissions to C:\Users\金田駿之介\AppData\Local\Box\Box Tools\Metrics\BoxTools_Metrics.db
[2023-08-20 15:39:29,656] [1    ] [ERROR] [] - FileSystemUtils.AddPermissionsToFile on line number [0]  System.IO.FileNotFoundException: C:\Users\金田駿之介\AppData\Local\Box\Box Tools\Metrics\BoxTools_Metrics.db
   場所 System.Security.AccessControl.NativeObjectSecurity.CreateInternal(ResourceType resourceType, Boolean isContainer, String name, SafeHandle handle, AccessControlSections includeSections, Boolean createByName, ExceptionFromErrorCode exceptionFromErrorCode, Object exceptionContext)
   場所 System.Security.AccessControl.FileSystemSecurity..ctor(Boolean isContainer, String name, AccessControlSections includeSections, Boolean isDirectory)
   場所 System.Security.AccessControl.FileSecurity..ctor(String fileName, AccessControlSections includeSections)
   場所 Box.Utilities.Util.FileSystemUtils.AddPermissionsToFile(String filePath, WellKnownSidType account, FileSystemRights permissions)
[2023-08-20 15:39:29,672] [1    ] [INFO ] [] - .NET Version: .NET Framework 4.8 (528372) - 4.0.30319.42000
[2023-08-20 15:39:29,937] [9    ] [INFO ] [] - Url used to upgrade: https://cdn07.boxcdn.net/BoxEditAutoupdate2.json
[2023-08-20 15:39:30,390] [9    ] [INFO ] [] - ### current version track name: 4.23.0
[2023-08-20 15:39:30,390] [9    ] [WARN ] [] - Track 4.23.0 not found
[2023-08-20 15:39:30,406] [9    ] [INFO ] [] - Track default for upgrade found
[2023-08-20 15:39:30,406] [9    ] [INFO ] [] - RolloutID set to 42
[2023-08-20 15:39:30,406] [9    ] [INFO ] [] - No upgrade available
[2023-08-20 16:58:15,236] [1    ] [INFO ] [] - ========== Box Edit v4.23.0.1013 ==========
[2023-08-20 16:58:15,371] [1    ] [INFO ] [] - Command Line: "C:\Users\金田駿之介\AppData\Local\Box\Box Edit\Box Edit.exe" 
[2023-08-20 16:58:21,065] [1    ] [INFO ] [] - Getting DebugLogging value from CurrentUser
[2023-08-20 16:58:21,067] [1    ] [INFO ] [] - Working with debug logging OFF
[2023-08-20 16:58:21,195] [1    ] [INFO ] [] - Days to keep files in cache set to 7
[2023-08-20 16:58:21,752] [1    ] [INFO ] [] - LocalMachine RegistryKey not set
[2023-08-20 16:58:21,816] [1    ] [INFO ] [] - DeviceId::CheckDeviceId(488): Starting DeviceId generator.
[2023-08-20 16:58:21,818] [1    ] [INFO ] [] - DeviceId::CheckDeviceId(515): Global mutex obtained. Start checking.
[2023-08-20 16:58:22,497] [1    ] [INFO ] [] - DeviceId::RestoreGlobalDeviceData(65): Failed reading global DeviceData from registry: Registry key "SOFTWARE\Box\DeviceId" not found.
[2023-08-20 16:58:22,925] [1    ] [INFO ] [] - DeviceId::RestoreAndValidateLocalProperites(389): Restored local DeviceId
[2023-08-20 16:58:22,925] [1    ] [INFO ] [] - DeviceId::RestoreAndValidateLocalProperites(393): Restored local DeviceData
[2023-08-20 16:58:22,926] [1    ] [INFO ] [] - DeviceId::PerformChecking(452): Checking DeviceData.
[2023-08-20 16:58:23,008] [1    ] [INFO ] [] - DeviceId::PerformChecking(453): DeviceData read from registry: {"ComputerSystemProductUUID":"B4C5DFD1-4333-1CB6-C49D-A3067E9A232A","Version":1}
[2023-08-20 16:58:23,009] [1    ] [INFO ] [] - DeviceId::PerformChecking(454): Generated DeviceData: {"ComputerSystemProductUUID":"B4C5DFD1-4333-1CB6-C49D-A3067E9A232A","Version":1}
[2023-08-20 16:58:23,087] [1    ] [ERROR] [] - Could not set permissions to C:\Users\金田駿之介\AppData\Local\Box\Box Tools\Metrics\BoxTools_Metrics.db
[2023-08-20 16:58:23,103] [1    ] [ERROR] [] - FileSystemUtils.AddPermissionsToFile on line number [0]  System.IO.FileNotFoundException: C:\Users\金田駿之介\AppData\Local\Box\Box Tools\Metrics\BoxTools_Metrics.db
   場所 System.Security.AccessControl.NativeObjectSecurity.CreateInternal(ResourceType resourceType, Boolean isContainer, String name, SafeHandle handle, AccessControlSections includeSections, Boolean createByName, ExceptionFromErrorCode exceptionFromErrorCode, Object exceptionContext)
   場所 System.Security.AccessControl.FileSystemSecurity..ctor(Boolean isContainer, String name, AccessControlSections includeSections, Boolean isDirectory)
   場所 System.Security.AccessControl.FileSecurity..ctor(String fileName, AccessControlSections includeSections)
   場所 Box.Utilities.Util.FileSystemUtils.AddPermissionsToFile(String filePath, WellKnownSidType account, FileSystemRights permissions)
[2023-08-20 16:58:23,113] [9    ] [INFO ] [] - .NET Version - installed 533325, expected: 528040
[2023-08-20 16:58:23,114] [9    ] [INFO ] [] - result: True
[2023-08-20 16:58:23,115] [9    ] [INFO ] [] - Checking for upgrades
[2023-08-20 16:58:23,124] [9    ] [INFO ] [] - ### File path for UpgradeState: C:\Users\金田駿之介\AppData\Local\Box\upgrade_state.json
[2023-08-20 16:58:23,498] [9    ] [INFO ] [] - Url used to upgrade: https://cdn07.boxcdn.net/BoxEditAutoupdate2.json
[2023-08-20 16:58:23,674] [1    ] [INFO ] [] - Running pipe server using box_edit_pipe as pipe name
[2023-08-20 16:58:23,792] [1    ] [ERROR] [] - Could not set permissions to C:\Users\金田駿之介\AppData\Local\Box\Box Tools\Metrics\BoxTools_Metrics.db
[2023-08-20 16:58:23,793] [1    ] [ERROR] [] - FileSystemUtils.AddPermissionsToFile on line number [0]  System.IO.FileNotFoundException: C:\Users\金田駿之介\AppData\Local\Box\Box Tools\Metrics\BoxTools_Metrics.db
   場所 System.Security.AccessControl.NativeObjectSecurity.CreateInternal(ResourceType resourceType, Boolean isContainer, String name, SafeHandle handle, AccessControlSections includeSections, Boolean createByName, ExceptionFromErrorCode exceptionFromErrorCode, Object exceptionContext)
   場所 System.Security.AccessControl.FileSystemSecurity..ctor(Boolean isContainer, String name, AccessControlSections includeSections, Boolean isDirectory)
   場所 System.Security.AccessControl.FileSecurity..ctor(String fileName, AccessControlSections includeSections)
   場所 Box.Utilities.Util.FileSystemUtils.AddPermissionsToFile(String filePath, WellKnownSidType account, FileSystemRights permissions)
[2023-08-20 16:58:23,805] [1    ] [INFO ] [] - .NET Version: unknown (533325) - 4.0.30319.42000
[2023-08-20 16:58:24,447] [9    ] [INFO ] [] - ### current version track name: 4.23.0
[2023-08-20 16:58:24,448] [9    ] [WARN ] [] - Track 4.23.0 not found
[2023-08-20 16:58:24,449] [9    ] [INFO ] [] - Track default for upgrade found
[2023-08-20 16:58:24,450] [9    ] [INFO ] [] - RolloutID set to 42
[2023-08-20 16:58:24,450] [9    ] [INFO ] [] - No upgrade available
[2023-08-20 21:06:06,821] [1    ] [INFO ] [] - ========== Box Edit v4.23.0.1013 ==========
[2023-08-20 21:06:06,862] [1    ] [INFO ] [] - Command Line: "C:\Users\金田駿之介\AppData\Local\Box\Box Edit\Box Edit.exe" 
[2023-08-20 21:06:08,634] [1    ] [INFO ] [] - Getting DebugLogging value from CurrentUser
[2023-08-20 21:06:08,634] [1    ] [INFO ] [] - Working with debug logging OFF
[2023-08-20 21:06:08,724] [1    ] [INFO ] [] - Days to keep files in cache set to 7
[2023-08-20 21:06:09,156] [1    ] [INFO ] [] - LocalMachine RegistryKey not set
[2023-08-20 21:06:09,196] [1    ] [INFO ] [] - DeviceId::CheckDeviceId(488): Starting DeviceId generator.
[2023-08-20 21:06:09,196] [1    ] [INFO ] [] - DeviceId::CheckDeviceId(515): Global mutex obtained. Start checking.
[2023-08-20 21:06:09,454] [1    ] [INFO ] [] - DeviceId::RestoreGlobalDeviceData(65): Failed reading global DeviceData from registry: Registry key "SOFTWARE\Box\DeviceId" not found.
[2023-08-20 21:06:09,544] [1    ] [INFO ] [] - DeviceId::RestoreAndValidateLocalProperites(389): Restored local DeviceId
[2023-08-20 21:06:09,544] [1    ] [INFO ] [] - DeviceId::RestoreAndValidateLocalProperites(393): Restored local DeviceData
[2023-08-20 21:06:09,544] [1    ] [INFO ] [] - DeviceId::PerformChecking(452): Checking DeviceData.
[2023-08-20 21:06:09,554] [1    ] [INFO ] [] - DeviceId::PerformChecking(453): DeviceData read from registry: {"ComputerSystemProductUUID":"B4C5DFD1-4333-1CB6-C49D-A3067E9A232A","Version":1}
[2023-08-20 21:06:09,554] [1    ] [INFO ] [] - DeviceId::PerformChecking(454): Generated DeviceData: {"ComputerSystemProductUUID":"B4C5DFD1-4333-1CB6-C49D-A3067E9A232A","Version":1}
[2023-08-20 21:06:09,605] [1    ] [ERROR] [] - Could not set permissions to C:\Users\金田駿之介\AppData\Local\Box\Box Tools\Metrics\BoxTools_Metrics.db
[2023-08-20 21:06:09,620] [1    ] [ERROR] [] - FileSystemUtils.AddPermissionsToFile on line number [0]  System.IO.FileNotFoundException: C:\Users\金田駿之介\AppData\Local\Box\Box Tools\Metrics\BoxTools_Metrics.db
   場所 System.Security.AccessControl.NativeObjectSecurity.CreateInternal(ResourceType resourceType, Boolean isContainer, String name, SafeHandle handle, AccessControlSections includeSections, Boolean createByName, ExceptionFromErrorCode exceptionFromErrorCode, Object exceptionContext)
   場所 System.Security.AccessControl.FileSystemSecurity..ctor(Boolean isContainer, String name, AccessControlSections includeSections, Boolean isDirectory)
   場所 System.Security.AccessControl.FileSecurity..ctor(String fileName, AccessControlSections includeSections)
   場所 Box.Utilities.Util.FileSystemUtils.AddPermissionsToFile(String filePath, WellKnownSidType account, FileSystemRights permissions)
[2023-08-20 21:06:09,636] [9    ] [INFO ] [] - .NET Version - installed 533325, expected: 528040
[2023-08-20 21:06:09,636] [9    ] [INFO ] [] - result: True
[2023-08-20 21:06:09,636] [9    ] [INFO ] [] - Checking for upgrades
[2023-08-20 21:06:09,636] [9    ] [INFO ] [] - ### File path for UpgradeState: C:\Users\金田駿之介\AppData\Local\Box\upgrade_state.json
[2023-08-20 21:06:09,727] [1    ] [INFO ] [] - Running pipe server using box_edit_pipe as pipe name
[2023-08-20 21:06:09,737] [1    ] [ERROR] [] - Could not set permissions to C:\Users\金田駿之介\AppData\Local\Box\Box Tools\Metrics\BoxTools_Metrics.db
[2023-08-20 21:06:09,737] [1    ] [ERROR] [] - FileSystemUtils.AddPermissionsToFile on line number [0]  System.IO.FileNotFoundException: C:\Users\金田駿之介\AppData\Local\Box\Box Tools\Metrics\BoxTools_Metrics.db
   場所 System.Security.AccessControl.NativeObjectSecurity.CreateInternal(ResourceType resourceType, Boolean isContainer, String name, SafeHandle handle, AccessControlSections includeSections, Boolean createByName, ExceptionFromErrorCode exceptionFromErrorCode, Object exceptionContext)
   場所 System.Security.AccessControl.FileSystemSecurity..ctor(Boolean isContainer, String name, AccessControlSections includeSections, Boolean isDirectory)
   場所 System.Security.AccessControl.FileSecurity..ctor(String fileName, AccessControlSections includeSections)
   場所 Box.Utilities.Util.FileSystemUtils.AddPermissionsToFile(String filePath, WellKnownSidType account, FileSystemRights permissions)
[2023-08-20 21:06:09,747] [1    ] [INFO ] [] - .NET Version: unknown (533325) - 4.0.30319.42000
[2023-08-20 21:06:09,977] [9    ] [INFO ] [] - Url used to upgrade: https://cdn07.boxcdn.net/BoxEditAutoupdate2.json
[2023-08-20 21:06:10,339] [9    ] [INFO ] [] - ### current version track name: 4.23.0
[2023-08-20 21:06:10,339] [9    ] [WARN ] [] - Track 4.23.0 not found
[2023-08-20 21:06:10,339] [9    ] [INFO ] [] - Track default for upgrade found
[2023-08-20 21:06:10,339] [9    ] [INFO ] [] - RolloutID set to 42
[2023-08-20 21:06:10,339] [9    ] [INFO ] [] - No upgrade available
