[2023-12-23 19:31:03,285] [1    ] [INFO ] [] - ========== Box Edit v4.24.0.1029 ==========
[2023-12-23 19:31:03,317] [1    ] [INFO ] [] - Command Line: "C:\Users\金田駿之介\AppData\Local\Box\Box Edit\Box Edit.exe" 
[2023-12-23 19:31:07,015] [1    ] [INFO ] [] - Getting DebugLogging value from CurrentUser
[2023-12-23 19:31:07,015] [1    ] [INFO ] [] - Working with debug logging OFF
[2023-12-23 19:31:07,390] [1    ] [INFO ] [] - Days to keep files in cache set to 7
[2023-12-23 19:31:10,554] [1    ] [INFO ] [] - LocalMachine RegistryKey not set
[2023-12-23 19:31:10,665] [1    ] [INFO ] [] - DeviceId::CheckDeviceId(488): Starting DeviceId generator.
[2023-12-23 19:31:10,679] [1    ] [INFO ] [] - DeviceId::CheckDeviceId(515): Global mutex obtained. Start checking.
[2023-12-23 19:31:11,268] [1    ] [INFO ] [] - DeviceId::RestoreGlobalDeviceData(65): Failed reading global DeviceData from registry: Registry key "SOFTWARE\Box\DeviceId" not found.
[2023-12-23 19:31:11,465] [1    ] [INFO ] [] - DeviceId::RestoreAndValidateLocalProperites(389): Restored local DeviceId
[2023-12-23 19:31:11,465] [1    ] [INFO ] [] - DeviceId::RestoreAndValidateLocalProperites(393): Restored local DeviceData
[2023-12-23 19:31:11,465] [1    ] [INFO ] [] - DeviceId::PerformChecking(452): Checking DeviceData.
[2023-12-23 19:31:11,481] [1    ] [INFO ] [] - DeviceId::PerformChecking(453): DeviceData read from registry: {"ComputerSystemProductUUID":"B4C5DFD1-4333-1CB6-C49D-A3067E9A232A","Version":1}
[2023-12-23 19:31:11,481] [1    ] [INFO ] [] - DeviceId::PerformChecking(454): Generated DeviceData: {"ComputerSystemProductUUID":"B4C5DFD1-4333-1CB6-C49D-A3067E9A232A","Version":1}
[2023-12-23 19:31:11,559] [9    ] [INFO ] [] - .NET Version - installed 533325, expected: 528040
[2023-12-23 19:31:11,559] [9    ] [INFO ] [] - result: True
[2023-12-23 19:31:11,559] [9    ] [INFO ] [] - Checking for upgrades
[2023-12-23 19:31:11,575] [9    ] [INFO ] [] - ### File path for UpgradeState: C:\Users\金田駿之介\AppData\Local\Box\upgrade_state.json
[2023-12-23 19:31:11,621] [1    ] [INFO ] [] - Running pipe server using box_edit_pipe as pipe name
[2023-12-23 19:31:11,637] [1    ] [INFO ] [] - .NET Version: unknown (533325) - 4.0.30319.42000
[2023-12-23 19:31:12,016] [9    ] [INFO ] [] - Url used to upgrade: https://cdn07.boxcdn.net/BoxEditAutoupdate2.json
[2023-12-23 19:31:12,219] [9    ] [INFO ] [] - ### current version track name: 4.24.0
[2023-12-23 19:31:12,219] [9    ] [WARN ] [] - Track 4.24.0 not found
[2023-12-23 19:31:12,219] [9    ] [INFO ] [] - Track default for upgrade found
[2023-12-23 19:31:12,219] [9    ] [INFO ] [] - RolloutID set to 73
[2023-12-23 19:31:12,219] [9    ] [INFO ] [] - No upgrade available
