[2022-11-26 08:13:55,733] [1    ] [INFO ] [] - ========== Box Edit v4.20.0.970 ==========
[2022-11-26 08:13:55,817] [1    ] [INFO ] [] - Command Line: "C:\Users\金田駿之介\AppData\Local\Box\Box Edit\Box Edit.exe" 
[2022-11-26 08:14:07,636] [1    ] [INFO ] [] - Getting DebugLogging value from CurrentUser
[2022-11-26 08:14:07,639] [1    ] [INFO ] [] - Working with debug logging OFF
[2022-11-26 08:14:07,927] [1    ] [INFO ] [] - Days to keep files in cache set to 7
[2022-11-26 08:14:10,795] [1    ] [INFO ] [] - LocalMachine RegistryKey not set
[2022-11-26 08:14:12,589] [1    ] [ERROR] [] - Could not set permissions to C:\Users\金田駿之介\AppData\Local\Box\Box Tools\Metrics\BoxTools_Metrics.db
[2022-11-26 08:14:12,597] [1    ] [ERROR] [] - FileSystemUtils.AddPermissionsToFile on line number [0]  System.IO.FileNotFoundException: C:\Users\金田駿之介\AppData\Local\Box\Box Tools\Metrics\BoxTools_Metrics.db
   場所 System.Security.AccessControl.NativeObjectSecurity.CreateInternal(ResourceType resourceType, Boolean isContainer, String name, SafeHandle handle, AccessControlSections includeSections, Boolean createByName, ExceptionFromErrorCode exceptionFromErrorCode, Object exceptionContext)
   場所 System.Security.AccessControl.FileSystemSecurity..ctor(Boolean isContainer, String name, AccessControlSections includeSections, Boolean isDirectory)
   場所 System.Security.AccessControl.FileSecurity..ctor(String fileName, AccessControlSections includeSections)
   場所 Box.Utilities.Util.FileSystemUtils.AddPermissionsToFile(String filePath, WellKnownSidType account, FileSystemRights permissions)
[2022-11-26 08:14:12,603] [6    ] [INFO ] [] - Checking for upgrades
[2022-11-26 08:14:12,614] [6    ] [INFO ] [] - ### File path for UpgradeState: C:\Users\金田駿之介\AppData\Local\Box\upgrade_state.json
[2022-11-26 08:14:12,779] [1    ] [INFO ] [] - Running pipe server using box_edit_pipe as pipe name
[2022-11-26 08:14:12,791] [1    ] [ERROR] [] - Could not set permissions to C:\Users\金田駿之介\AppData\Local\Box\Box Tools\Metrics\BoxTools_Metrics.db
[2022-11-26 08:14:12,794] [1    ] [ERROR] [] - FileSystemUtils.AddPermissionsToFile on line number [0]  System.IO.FileNotFoundException: C:\Users\金田駿之介\AppData\Local\Box\Box Tools\Metrics\BoxTools_Metrics.db
   場所 System.Security.AccessControl.NativeObjectSecurity.CreateInternal(ResourceType resourceType, Boolean isContainer, String name, SafeHandle handle, AccessControlSections includeSections, Boolean createByName, ExceptionFromErrorCode exceptionFromErrorCode, Object exceptionContext)
   場所 System.Security.AccessControl.FileSystemSecurity..ctor(Boolean isContainer, String name, AccessControlSections includeSections, Boolean isDirectory)
   場所 System.Security.AccessControl.FileSecurity..ctor(String fileName, AccessControlSections includeSections)
   場所 Box.Utilities.Util.FileSystemUtils.AddPermissionsToFile(String filePath, WellKnownSidType account, FileSystemRights permissions)
[2022-11-26 08:14:12,795] [1    ] [INFO ] [] - .NET Version: .NET Framework 4.8 (528372) - 4.0.30319.42000
[2022-11-26 08:14:13,100] [6    ] [INFO ] [] - Url used to upgrade: https://cdn07.boxcdn.net/BoxEditAutoupdate2.json
[2022-11-26 08:14:14,344] [6    ] [INFO ] [] - No track defined, checking against default track
[2022-11-26 08:14:14,345] [6    ] [INFO ] [] - RolloutID set to 61
[2022-11-26 08:14:14,346] [6    ] [INFO ] [] - No upgrade available
