[2023-10-05 12:45:15,446] [1    ] [INFO ] [] - ========== Box Edit v4.23.0.1013 ==========
[2023-10-05 12:45:15,484] [1    ] [INFO ] [] - Command Line: "C:\Users\金田駿之介\AppData\Local\Box\Box Edit\Box Edit.exe" 
[2023-10-05 12:45:16,886] [1    ] [INFO ] [] - Getting DebugLogging value from CurrentUser
[2023-10-05 12:45:16,886] [1    ] [INFO ] [] - Working with debug logging OFF
[2023-10-05 12:45:16,976] [1    ] [INFO ] [] - Days to keep files in cache set to 7
[2023-10-05 12:45:17,406] [1    ] [INFO ] [] - LocalMachine RegistryKey not set
[2023-10-05 12:45:17,460] [1    ] [INFO ] [] - DeviceId::CheckDeviceId(488): Starting DeviceId generator.
[2023-10-05 12:45:17,460] [1    ] [INFO ] [] - DeviceId::CheckDeviceId(515): Global mutex obtained. Start checking.
[2023-10-05 12:45:17,622] [1    ] [INFO ] [] - DeviceId::RestoreGlobalDeviceData(65): Failed reading global DeviceData from registry: Registry key "SOFTWARE\Box\DeviceId" not found.
[2023-10-05 12:45:17,707] [1    ] [INFO ] [] - DeviceId::RestoreAndValidateLocalProperites(389): Restored local DeviceId
[2023-10-05 12:45:17,707] [1    ] [INFO ] [] - DeviceId::RestoreAndValidateLocalProperites(393): Restored local DeviceData
[2023-10-05 12:45:17,707] [1    ] [INFO ] [] - DeviceId::PerformChecking(452): Checking DeviceData.
[2023-10-05 12:45:17,723] [1    ] [INFO ] [] - DeviceId::PerformChecking(453): DeviceData read from registry: {"ComputerSystemProductUUID":"B4C5DFD1-4333-1CB6-C49D-A3067E9A232A","Version":1}
[2023-10-05 12:45:17,723] [1    ] [INFO ] [] - DeviceId::PerformChecking(454): Generated DeviceData: {"ComputerSystemProductUUID":"B4C5DFD1-4333-1CB6-C49D-A3067E9A232A","Version":1}
[2023-10-05 12:45:17,776] [1    ] [ERROR] [] - Could not set permissions to C:\Users\金田駿之介\AppData\Local\Box\Box Tools\Metrics\BoxTools_Metrics.db
[2023-10-05 12:45:17,776] [1    ] [ERROR] [] - FileSystemUtils.AddPermissionsToFile on line number [0]  System.IO.FileNotFoundException: C:\Users\金田駿之介\AppData\Local\Box\Box Tools\Metrics\BoxTools_Metrics.db
   場所 System.Security.AccessControl.NativeObjectSecurity.CreateInternal(ResourceType resourceType, Boolean isContainer, String name, SafeHandle handle, AccessControlSections includeSections, Boolean createByName, ExceptionFromErrorCode exceptionFromErrorCode, Object exceptionContext)
   場所 System.Security.AccessControl.FileSystemSecurity..ctor(Boolean isContainer, String name, AccessControlSections includeSections, Boolean isDirectory)
   場所 System.Security.AccessControl.FileSecurity..ctor(String fileName, AccessControlSections includeSections)
   場所 Box.Utilities.Util.FileSystemUtils.AddPermissionsToFile(String filePath, WellKnownSidType account, FileSystemRights permissions)
[2023-10-05 12:45:17,792] [9    ] [INFO ] [] - .NET Version - installed 533325, expected: 528040
[2023-10-05 12:45:17,792] [9    ] [INFO ] [] - result: True
[2023-10-05 12:45:17,792] [9    ] [INFO ] [] - Checking for upgrades
[2023-10-05 12:45:17,807] [9    ] [INFO ] [] - ### File path for UpgradeState: C:\Users\金田駿之介\AppData\Local\Box\upgrade_state.json
[2023-10-05 12:45:17,861] [1    ] [INFO ] [] - Running pipe server using box_edit_pipe as pipe name
[2023-10-05 12:45:17,876] [1    ] [ERROR] [] - Could not set permissions to C:\Users\金田駿之介\AppData\Local\Box\Box Tools\Metrics\BoxTools_Metrics.db
[2023-10-05 12:45:17,876] [1    ] [ERROR] [] - FileSystemUtils.AddPermissionsToFile on line number [0]  System.IO.FileNotFoundException: C:\Users\金田駿之介\AppData\Local\Box\Box Tools\Metrics\BoxTools_Metrics.db
   場所 System.Security.AccessControl.NativeObjectSecurity.CreateInternal(ResourceType resourceType, Boolean isContainer, String name, SafeHandle handle, AccessControlSections includeSections, Boolean createByName, ExceptionFromErrorCode exceptionFromErrorCode, Object exceptionContext)
   場所 System.Security.AccessControl.FileSystemSecurity..ctor(Boolean isContainer, String name, AccessControlSections includeSections, Boolean isDirectory)
   場所 System.Security.AccessControl.FileSecurity..ctor(String fileName, AccessControlSections includeSections)
   場所 Box.Utilities.Util.FileSystemUtils.AddPermissionsToFile(String filePath, WellKnownSidType account, FileSystemRights permissions)
[2023-10-05 12:45:17,876] [1    ] [INFO ] [] - .NET Version: unknown (533325) - 4.0.30319.42000
[2023-10-05 12:45:18,077] [9    ] [INFO ] [] - Url used to upgrade: https://cdn07.boxcdn.net/BoxEditAutoupdate2.json
[2023-10-05 12:45:18,286] [9    ] [INFO ] [] - ### current version track name: 4.23.0
[2023-10-05 12:45:18,286] [9    ] [WARN ] [] - Track 4.23.0 not found
[2023-10-05 12:45:18,286] [9    ] [INFO ] [] - Track default for upgrade found
[2023-10-05 12:45:18,286] [9    ] [INFO ] [] - RolloutID set to 42
[2023-10-05 12:45:18,286] [9    ] [INFO ] [] - Newer version found 4.24.0.1029
[2023-10-05 12:45:18,302] [9    ] [INFO ] [] - Download of upgrade https://e3.boxcdn.net/boxedit/upgrades/win/BoxToolsInstaller-UserUpgrade-4.24.0.1029.msi.zip to C:\Users\金田駿之介\AppData\Local\Temp\Box\BoxTools\Installer\BoxToolsUpgrade.msi.zip completed
[2023-10-05 12:45:18,317] [9    ] [INFO ] [] - ### File path for UpgradeState: C:\Users\金田駿之介\AppData\Local\Box\upgrade_state.json
[2023-10-05 12:45:21,650] [13   ] [INFO ] [] - SHA1 - expected: 51b6f42deb06879e547d870be591d89426b8c9d2, received: 51b6f42deb06879e547d870be591d89426b8c9d2
[2023-10-05 12:45:21,650] [13   ] [INFO ] [] - Upgrade downloaded correctly and passed SHA1 verification
[2023-10-05 12:45:21,828] [13   ] [INFO ] [] - Upgrade extracted
[2023-10-05 12:45:36,738] [13   ] [INFO ] [] - Installing upgrade
[2023-10-05 12:45:36,846] [13   ] [INFO ] [] - ### File path for UpgradeState: C:\Users\金田駿之介\AppData\Local\Box\upgrade_state.json
[2023-10-05 12:45:36,924] [13   ] [INFO ] [] - Recorded AU metric.
[2023-10-05 12:45:36,924] [13   ] [INFO ] [] - ### File path for UpgradeState: C:\Users\金田駿之介\AppData\Local\Box\upgrade_state.json
[2023-10-05 12:46:18,427] [1    ] [INFO ] [] - ========== Box Edit v4.24.0.1029 ==========
[2023-10-05 12:46:18,449] [1    ] [INFO ] [] - Command Line: "C:\Users\金田駿之介\AppData\Local\Box\Box Edit\Box Edit.exe"
[2023-10-05 12:46:20,875] [1    ] [INFO ] [] - Getting DebugLogging value from CurrentUser
[2023-10-05 12:46:20,880] [1    ] [INFO ] [] - Working with debug logging OFF
[2023-10-05 12:46:21,007] [1    ] [INFO ] [] - Days to keep files in cache set to 7
[2023-10-05 12:46:21,242] [1    ] [INFO ] [] - LocalMachine RegistryKey not set
[2023-10-05 12:46:21,535] [1    ] [INFO ] [] - DeviceId::CheckDeviceId(488): Starting DeviceId generator.
[2023-10-05 12:46:21,538] [1    ] [INFO ] [] - DeviceId::CheckDeviceId(515): Global mutex obtained. Start checking.
[2023-10-05 12:46:21,667] [1    ] [INFO ] [] - DeviceId::RestoreGlobalDeviceData(65): Failed reading global DeviceData from registry: Registry key "SOFTWARE\Box\DeviceId" not found.
[2023-10-05 12:46:21,719] [1    ] [INFO ] [] - DeviceId::RestoreAndValidateLocalProperites(389): Restored local DeviceId
[2023-10-05 12:46:21,720] [1    ] [INFO ] [] - DeviceId::RestoreAndValidateLocalProperites(393): Restored local DeviceData
[2023-10-05 12:46:21,720] [1    ] [INFO ] [] - DeviceId::PerformChecking(452): Checking DeviceData.
[2023-10-05 12:46:21,723] [1    ] [INFO ] [] - DeviceId::PerformChecking(453): DeviceData read from registry: {"ComputerSystemProductUUID":"B4C5DFD1-4333-1CB6-C49D-A3067E9A232A","Version":1}
[2023-10-05 12:46:21,723] [1    ] [INFO ] [] - DeviceId::PerformChecking(454): Generated DeviceData: {"ComputerSystemProductUUID":"B4C5DFD1-4333-1CB6-C49D-A3067E9A232A","Version":1}
[2023-10-05 12:46:23,044] [9    ] [INFO ] [] - .NET Version - installed 533325, expected: 528040
[2023-10-05 12:46:23,047] [9    ] [INFO ] [] - result: True
[2023-10-05 12:46:23,048] [9    ] [INFO ] [] - Checking for upgrades
[2023-10-05 12:46:23,063] [9    ] [INFO ] [] - ### File path for UpgradeState: C:\Users\金田駿之介\AppData\Local\Box\upgrade_state.json
[2023-10-05 12:46:23,235] [1    ] [INFO ] [] - Running pipe server using box_edit_pipe as pipe name
[2023-10-05 12:46:23,258] [1    ] [INFO ] [] - .NET Version: unknown (533325) - 4.0.30319.42000
[2023-10-05 12:46:23,494] [9    ] [INFO ] [] - Url used to upgrade: https://cdn07.boxcdn.net/BoxEditAutoupdate2.json
[2023-10-05 12:46:23,678] [9    ] [INFO ] [] - ### current version track name: 4.24.0
[2023-10-05 12:46:23,680] [9    ] [WARN ] [] - Track 4.24.0 not found
[2023-10-05 12:46:23,681] [9    ] [INFO ] [] - Track default for upgrade found
[2023-10-05 12:46:23,682] [9    ] [INFO ] [] - RolloutID set to 73
[2023-10-05 12:46:23,682] [9    ] [INFO ] [] - No upgrade available
