[2023-12-14 18:08:07,118] [1    ] [INFO ] [] - ========== Box Edit v4.24.0.1029 ==========
[2023-12-14 18:08:07,149] [1    ] [INFO ] [] - Command Line: "C:\Users\金田駿之介\AppData\Local\Box\Box Edit\Box Edit.exe" 
[2023-12-14 18:08:08,118] [1    ] [INFO ] [] - Getting DebugLogging value from CurrentUser
[2023-12-14 18:08:08,133] [1    ] [INFO ] [] - Working with debug logging OFF
[2023-12-14 18:08:08,196] [1    ] [INFO ] [] - Days to keep files in cache set to 7
[2023-12-14 18:08:08,508] [1    ] [INFO ] [] - LocalMachine RegistryKey not set
[2023-12-14 18:08:08,539] [1    ] [INFO ] [] - DeviceId::CheckDeviceId(488): Starting DeviceId generator.
[2023-12-14 18:08:08,539] [1    ] [INFO ] [] - DeviceId::CheckDeviceId(515): Global mutex obtained. Start checking.
[2023-12-14 18:08:08,664] [1    ] [INFO ] [] - DeviceId::RestoreGlobalDeviceData(65): Failed reading global DeviceData from registry: Registry key "SOFTWARE\Box\DeviceId" not found.
[2023-12-14 18:08:08,743] [1    ] [INFO ] [] - DeviceId::RestoreAndValidateLocalProperites(389): Restored local DeviceId
[2023-12-14 18:08:08,743] [1    ] [INFO ] [] - DeviceId::RestoreAndValidateLocalProperites(393): Restored local DeviceData
[2023-12-14 18:08:08,743] [1    ] [INFO ] [] - DeviceId::PerformChecking(452): Checking DeviceData.
[2023-12-14 18:08:08,743] [1    ] [INFO ] [] - DeviceId::PerformChecking(453): DeviceData read from registry: {"ComputerSystemProductUUID":"B4C5DFD1-4333-1CB6-C49D-A3067E9A232A","Version":1}
[2023-12-14 18:08:08,743] [1    ] [INFO ] [] - DeviceId::PerformChecking(454): Generated DeviceData: {"ComputerSystemProductUUID":"B4C5DFD1-4333-1CB6-C49D-A3067E9A232A","Version":1}
[2023-12-14 18:08:08,789] [9    ] [INFO ] [] - .NET Version - installed 533325, expected: 528040
[2023-12-14 18:08:08,789] [9    ] [INFO ] [] - result: True
[2023-12-14 18:08:08,789] [9    ] [INFO ] [] - Checking for upgrades
[2023-12-14 18:08:08,805] [9    ] [INFO ] [] - ### File path for UpgradeState: C:\Users\金田駿之介\AppData\Local\Box\upgrade_state.json
[2023-12-14 18:08:08,836] [1    ] [INFO ] [] - Running pipe server using box_edit_pipe as pipe name
[2023-12-14 18:08:08,852] [1    ] [INFO ] [] - .NET Version: unknown (533325) - 4.0.30319.42000
[2023-12-14 18:08:09,024] [9    ] [INFO ] [] - Url used to upgrade: https://cdn07.boxcdn.net/BoxEditAutoupdate2.json
[2023-12-14 18:08:09,039] [9    ] [ERROR] [] - UpgradeService.GetLatestUpgrade on line number [0]  System.Net.WebException: リモート名を解決できませんでした。: 'cdn07.boxcdn.net'
   場所 System.Net.WebClient.DownloadDataInternal(Uri address, WebRequest& request)
   場所 System.Net.WebClient.DownloadString(Uri address)
   場所 System.Net.WebClient.DownloadString(String address)
   場所 Box.Edit.UpgradeService.UpgradeService.GetLatestUpgrade()
[2023-12-14 18:08:09,039] [9    ] [INFO ] [] - .NET Version - installed 533325, expected: 528040
[2023-12-14 18:08:09,039] [9    ] [INFO ] [] - result: True
[2023-12-14 18:08:09,039] [9    ] [INFO ] [] - Checking for upgrades
[2023-12-14 18:08:09,039] [9    ] [INFO ] [] - ### File path for UpgradeState: C:\Users\金田駿之介\AppData\Local\Box\upgrade_state.json
[2023-12-14 18:08:09,039] [9    ] [INFO ] [] - Url used to upgrade: https://cdn07.boxcdn.net/BoxEditAutoupdate2.json
[2023-12-14 18:08:09,055] [9    ] [ERROR] [] - UpgradeService.GetLatestUpgrade on line number [0]  System.Net.WebException: リモート名を解決できませんでした。: 'cdn07.boxcdn.net'
   場所 System.Net.WebClient.DownloadDataInternal(Uri address, WebRequest& request)
   場所 System.Net.WebClient.DownloadString(Uri address)
   場所 System.Net.WebClient.DownloadString(String address)
   場所 Box.Edit.UpgradeService.UpgradeService.GetLatestUpgrade()
[2023-12-14 18:08:09,055] [9    ] [INFO ] [] - .NET Version - installed 533325, expected: 528040
[2023-12-14 18:08:09,055] [9    ] [INFO ] [] - result: True
[2023-12-14 18:08:09,055] [9    ] [INFO ] [] - Checking for upgrades
[2023-12-14 18:08:09,055] [9    ] [INFO ] [] - ### File path for UpgradeState: C:\Users\金田駿之介\AppData\Local\Box\upgrade_state.json
[2023-12-14 18:08:09,055] [9    ] [INFO ] [] - Url used to upgrade: https://cdn07.boxcdn.net/BoxEditAutoupdate2.json
[2023-12-14 18:08:09,055] [9    ] [ERROR] [] - UpgradeService.GetLatestUpgrade on line number [0]  System.Net.WebException: リモート名を解決できませんでした。: 'cdn07.boxcdn.net'
   場所 System.Net.WebClient.DownloadDataInternal(Uri address, WebRequest& request)
   場所 System.Net.WebClient.DownloadString(Uri address)
   場所 System.Net.WebClient.DownloadString(String address)
   場所 Box.Edit.UpgradeService.UpgradeService.GetLatestUpgrade()
[2023-12-14 18:08:09,055] [9    ] [INFO ] [] - .NET Version - installed 533325, expected: 528040
[2023-12-14 18:08:09,055] [9    ] [INFO ] [] - result: True
[2023-12-14 18:08:09,055] [9    ] [INFO ] [] - Checking for upgrades
[2023-12-14 18:08:09,055] [9    ] [INFO ] [] - ### File path for UpgradeState: C:\Users\金田駿之介\AppData\Local\Box\upgrade_state.json
[2023-12-14 18:08:09,055] [9    ] [INFO ] [] - Url used to upgrade: https://cdn07.boxcdn.net/BoxEditAutoupdate2.json
[2023-12-14 18:08:09,071] [9    ] [ERROR] [] - UpgradeService.GetLatestUpgrade on line number [0]  System.Net.WebException: リモート名を解決できませんでした。: 'cdn07.boxcdn.net'
   場所 System.Net.WebClient.DownloadDataInternal(Uri address, WebRequest& request)
   場所 System.Net.WebClient.DownloadString(Uri address)
   場所 System.Net.WebClient.DownloadString(String address)
   場所 Box.Edit.UpgradeService.UpgradeService.GetLatestUpgrade()
[2023-12-14 18:08:09,071] [9    ] [INFO ] [] - .NET Version - installed 533325, expected: 528040
[2023-12-14 18:08:09,071] [9    ] [INFO ] [] - result: True
[2023-12-14 18:08:09,071] [9    ] [INFO ] [] - Checking for upgrades
[2023-12-14 18:08:09,071] [9    ] [INFO ] [] - ### File path for UpgradeState: C:\Users\金田駿之介\AppData\Local\Box\upgrade_state.json
[2023-12-14 18:08:09,071] [9    ] [INFO ] [] - Url used to upgrade: https://cdn07.boxcdn.net/BoxEditAutoupdate2.json
[2023-12-14 18:08:09,086] [9    ] [ERROR] [] - UpgradeService.GetLatestUpgrade on line number [0]  System.Net.WebException: リモート名を解決できませんでした。: 'cdn07.boxcdn.net'
   場所 System.Net.WebClient.DownloadDataInternal(Uri address, WebRequest& request)
   場所 System.Net.WebClient.DownloadString(Uri address)
   場所 System.Net.WebClient.DownloadString(String address)
   場所 Box.Edit.UpgradeService.UpgradeService.GetLatestUpgrade()
[2023-12-14 18:08:09,086] [9    ] [INFO ] [] - .NET Version - installed 533325, expected: 528040
[2023-12-14 18:08:09,086] [9    ] [INFO ] [] - result: True
[2023-12-14 18:08:09,086] [9    ] [INFO ] [] - Checking for upgrades
[2023-12-14 18:08:09,086] [9    ] [INFO ] [] - ### File path for UpgradeState: C:\Users\金田駿之介\AppData\Local\Box\upgrade_state.json
[2023-12-14 18:08:09,086] [9    ] [INFO ] [] - Too many attemps for upgrade
