[2022-02-17 22:41:40,151] [1    ] [INFO ] [] - ========== Box Edit v4.16.1.911 ==========
[2022-02-17 22:41:40,185] [1    ] [INFO ] [] - Command Line: "C:\Users\金田駿之介\AppData\Local\Box\Box Edit\Box Edit.exe" 
[2022-02-17 22:41:43,129] [1    ] [INFO ] [] - Getting DebugLogging value from CurrentUser
[2022-02-17 22:41:43,131] [1    ] [INFO ] [] - Working with debug logging OFF
[2022-02-17 22:41:43,253] [1    ] [INFO ] [] - Days to keep files in cache set to 7
[2022-02-17 22:41:43,735] [1    ] [INFO ] [] - LocalMachine RegistryKey not set
[2022-02-17 22:41:43,927] [1    ] [INFO ] [] - Initializing the metrics collector
[2022-02-17 22:41:44,028] [1    ] [WARN ] [] - MetricsCollector::UpdateConfiguration(374): UpdateConfiguration raised: unable to open database file
[2022-02-17 22:41:44,029] [1    ] [ERROR] [] - MetricsCollector::Initialize(238): Raised: unable to open database file
[2022-02-17 22:41:44,029] [1    ] [ERROR] [] - Failed to initialized metrics collector - error: 6
[2022-02-17 22:41:44,031] [1    ] [ERROR] [] - Could not set permissions to C:\Users\金田駿之介\AppData\Local\Box\Box Tools\Metrics\BoxTools_Metrics.db
[2022-02-17 22:41:44,038] [1    ] [ERROR] [] - FileSystemUtils.AddPermissionsToFile on line number [0]  System.IO.FileNotFoundException: C:\Users\金田駿之介\AppData\Local\Box\Box Tools\Metrics\BoxTools_Metrics.db
   場所 System.Security.AccessControl.NativeObjectSecurity.CreateInternal(ResourceType resourceType, Boolean isContainer, String name, SafeHandle handle, AccessControlSections includeSections, Boolean createByName, ExceptionFromErrorCode exceptionFromErrorCode, Object exceptionContext)
   場所 System.Security.AccessControl.FileSystemSecurity..ctor(Boolean isContainer, String name, AccessControlSections includeSections, Boolean isDirectory)
   場所 System.Security.AccessControl.FileSecurity..ctor(String fileName, AccessControlSections includeSections)
   場所 Box.Utilities.Util.FileSystemUtils.AddPermissionsToFile(String filePath, WellKnownSidType account, FileSystemRights permissions)
[2022-02-17 22:41:44,046] [6    ] [INFO ] [] - Checking for upgrades
[2022-02-17 22:41:44,049] [6    ] [INFO ] [] - Url used to upgrade: https://cdn07.boxcdn.net/BoxEditAutoupdate.json
[2022-02-17 22:41:44,165] [1    ] [INFO ] [] - Running pipe server using box_edit_pipe as pipe name
[2022-02-17 22:41:44,179] [1    ] [INFO ] [] - Initializing the metrics collector
[2022-02-17 22:41:44,181] [1    ] [ERROR] [] - MetricsCollector::Initialize(171): Check Failed: !IsConfigured() - Return: MetricResult_InvalidState
[2022-02-17 22:41:44,181] [1    ] [ERROR] [] - Failed to initialized metrics collector - error: 2
[2022-02-17 22:41:44,182] [1    ] [ERROR] [] - Could not set permissions to C:\Users\金田駿之介\AppData\Local\Box\Box Tools\Metrics\BoxTools_Metrics.db
[2022-02-17 22:41:44,183] [1    ] [ERROR] [] - FileSystemUtils.AddPermissionsToFile on line number [0]  System.IO.FileNotFoundException: C:\Users\金田駿之介\AppData\Local\Box\Box Tools\Metrics\BoxTools_Metrics.db
   場所 System.Security.AccessControl.NativeObjectSecurity.CreateInternal(ResourceType resourceType, Boolean isContainer, String name, SafeHandle handle, AccessControlSections includeSections, Boolean createByName, ExceptionFromErrorCode exceptionFromErrorCode, Object exceptionContext)
   場所 System.Security.AccessControl.FileSystemSecurity..ctor(Boolean isContainer, String name, AccessControlSections includeSections, Boolean isDirectory)
   場所 System.Security.AccessControl.FileSecurity..ctor(String fileName, AccessControlSections includeSections)
   場所 Box.Utilities.Util.FileSystemUtils.AddPermissionsToFile(String filePath, WellKnownSidType account, FileSystemRights permissions)
[2022-02-17 22:41:45,334] [6    ] [INFO ] [] - No track defined, checking against default track
[2022-02-17 22:41:45,336] [6    ] [INFO ] [] - RolloutID set to 29
[2022-02-17 22:41:45,337] [6    ] [INFO ] [] - Not upgrading because RolloutID is not in range
[2022-02-17 22:41:49,201] [10   ] [INFO ] [] - Initializing the metrics collector
[2022-02-17 22:41:49,201] [10   ] [ERROR] [] - MetricsCollector::Initialize(171): Check Failed: !IsConfigured() - Return: MetricResult_InvalidState
[2022-02-17 22:41:49,201] [10   ] [ERROR] [] - Failed to initialized metrics collector - error: 2
[2022-02-17 22:51:51,063] [14   ] [INFO ] [] - Initializing the metrics collector
[2022-02-17 22:51:51,065] [14   ] [ERROR] [] - MetricsCollector::Initialize(171): Check Failed: !IsConfigured() - Return: MetricResult_InvalidState
[2022-02-17 22:51:51,066] [14   ] [ERROR] [] - Failed to initialized metrics collector - error: 2
[2022-02-17 23:01:51,123] [17   ] [INFO ] [] - Initializing the metrics collector
[2022-02-17 23:01:51,123] [17   ] [ERROR] [] - MetricsCollector::Initialize(171): Check Failed: !IsConfigured() - Return: MetricResult_InvalidState
[2022-02-17 23:01:51,123] [17   ] [ERROR] [] - Failed to initialized metrics collector - error: 2
[2022-02-17 23:11:51,136] [16   ] [INFO ] [] - Initializing the metrics collector
[2022-02-17 23:11:51,136] [16   ] [ERROR] [] - MetricsCollector::Initialize(171): Check Failed: !IsConfigured() - Return: MetricResult_InvalidState
[2022-02-17 23:11:51,136] [16   ] [ERROR] [] - Failed to initialized metrics collector - error: 2
