[2022-03-23 15:50:10,299] [1    ] [INFO ] [] - ========== Box Edit v4.17.0.935 ==========
[2022-03-23 15:50:10,606] [1    ] [INFO ] [] - Command Line: "C:\Users\金田駿之介\AppData\Local\Box\Box Edit\Box Edit.exe" 
[2022-03-23 15:50:13,574] [1    ] [INFO ] [] - Getting DebugLogging value from CurrentUser
[2022-03-23 15:50:13,577] [1    ] [INFO ] [] - Working with debug logging OFF
[2022-03-23 15:50:13,801] [1    ] [INFO ] [] - Days to keep files in cache set to 7
[2022-03-23 15:50:14,577] [1    ] [INFO ] [] - LocalMachine RegistryKey not set
[2022-03-23 15:50:14,776] [1    ] [INFO ] [] - Initializing the metrics collector
[2022-03-23 15:50:14,896] [1    ] [WARN ] [] - MetricsCollector::UpdateConfiguration(374): UpdateConfiguration raised: unable to open database file
[2022-03-23 15:50:14,897] [1    ] [ERROR] [] - MetricsCollector::Initialize(238): Raised: unable to open database file
[2022-03-23 15:50:14,897] [1    ] [ERROR] [] - Failed to initialized metrics collector - error: 6
[2022-03-23 15:50:14,903] [1    ] [ERROR] [] - Could not set permissions to C:\Users\金田駿之介\AppData\Local\Box\Box Tools\Metrics\BoxTools_Metrics.db
[2022-03-23 15:50:14,912] [1    ] [ERROR] [] - FileSystemUtils.AddPermissionsToFile on line number [0]  System.IO.FileNotFoundException: C:\Users\金田駿之介\AppData\Local\Box\Box Tools\Metrics\BoxTools_Metrics.db
   場所 System.Security.AccessControl.NativeObjectSecurity.CreateInternal(ResourceType resourceType, Boolean isContainer, String name, SafeHandle handle, AccessControlSections includeSections, Boolean createByName, ExceptionFromErrorCode exceptionFromErrorCode, Object exceptionContext)
   場所 System.Security.AccessControl.FileSystemSecurity..ctor(Boolean isContainer, String name, AccessControlSections includeSections, Boolean isDirectory)
   場所 System.Security.AccessControl.FileSecurity..ctor(String fileName, AccessControlSections includeSections)
   場所 Box.Utilities.Util.FileSystemUtils.AddPermissionsToFile(String filePath, WellKnownSidType account, FileSystemRights permissions)
[2022-03-23 15:50:14,924] [6    ] [INFO ] [] - Checking for upgrades
[2022-03-23 15:50:14,935] [6    ] [INFO ] [] - Url used to upgrade: https://cdn07.boxcdn.net/BoxEditAutoupdate2.json
[2022-03-23 15:50:15,637] [1    ] [INFO ] [] - Box Local Com Server started by Box Edit
[2022-03-23 15:50:15,759] [1    ] [INFO ] [] - Running pipe server using box_edit_pipe as pipe name
[2022-03-23 15:50:15,768] [1    ] [INFO ] [] - Initializing the metrics collector
[2022-03-23 15:50:15,768] [1    ] [ERROR] [] - MetricsCollector::Initialize(171): Check Failed: !IsConfigured() - Return: MetricResult_InvalidState
[2022-03-23 15:50:15,768] [1    ] [ERROR] [] - Failed to initialized metrics collector - error: 2
[2022-03-23 15:50:15,769] [1    ] [ERROR] [] - Could not set permissions to C:\Users\金田駿之介\AppData\Local\Box\Box Tools\Metrics\BoxTools_Metrics.db
[2022-03-23 15:50:15,769] [1    ] [ERROR] [] - FileSystemUtils.AddPermissionsToFile on line number [0]  System.IO.FileNotFoundException: C:\Users\金田駿之介\AppData\Local\Box\Box Tools\Metrics\BoxTools_Metrics.db
   場所 System.Security.AccessControl.NativeObjectSecurity.CreateInternal(ResourceType resourceType, Boolean isContainer, String name, SafeHandle handle, AccessControlSections includeSections, Boolean createByName, ExceptionFromErrorCode exceptionFromErrorCode, Object exceptionContext)
   場所 System.Security.AccessControl.FileSystemSecurity..ctor(Boolean isContainer, String name, AccessControlSections includeSections, Boolean isDirectory)
   場所 System.Security.AccessControl.FileSecurity..ctor(String fileName, AccessControlSections includeSections)
   場所 Box.Utilities.Util.FileSystemUtils.AddPermissionsToFile(String filePath, WellKnownSidType account, FileSystemRights permissions)
[2022-03-23 15:50:15,857] [6    ] [INFO ] [] - No track defined, checking against default track
[2022-03-23 15:50:15,858] [6    ] [INFO ] [] - RolloutID set to 67
[2022-03-23 15:50:15,859] [6    ] [INFO ] [] - No upgrade available
[2022-03-23 15:50:20,789] [10   ] [INFO ] [] - Initializing the metrics collector
[2022-03-23 15:50:20,792] [10   ] [ERROR] [] - MetricsCollector::Initialize(171): Check Failed: !IsConfigured() - Return: MetricResult_InvalidState
[2022-03-23 15:50:20,793] [10   ] [ERROR] [] - Failed to initialized metrics collector - error: 2
[2022-03-23 16:00:26,999] [15   ] [INFO ] [] - Initializing the metrics collector
[2022-03-23 16:00:27,002] [15   ] [ERROR] [] - MetricsCollector::Initialize(171): Check Failed: !IsConfigured() - Return: MetricResult_InvalidState
[2022-03-23 16:00:27,004] [15   ] [ERROR] [] - Failed to initialized metrics collector - error: 2
[2022-03-23 16:10:27,005] [12   ] [INFO ] [] - Initializing the metrics collector
[2022-03-23 16:10:27,008] [12   ] [ERROR] [] - MetricsCollector::Initialize(171): Check Failed: !IsConfigured() - Return: MetricResult_InvalidState
[2022-03-23 16:10:27,009] [12   ] [ERROR] [] - Failed to initialized metrics collector - error: 2
[2022-03-23 16:20:27,008] [17   ] [INFO ] [] - Initializing the metrics collector
[2022-03-23 16:20:27,011] [17   ] [ERROR] [] - MetricsCollector::Initialize(171): Check Failed: !IsConfigured() - Return: MetricResult_InvalidState
[2022-03-23 16:20:27,013] [17   ] [ERROR] [] - Failed to initialized metrics collector - error: 2
[2022-03-23 16:30:27,025] [18   ] [INFO ] [] - Initializing the metrics collector
[2022-03-23 16:30:27,029] [18   ] [ERROR] [] - MetricsCollector::Initialize(171): Check Failed: !IsConfigured() - Return: MetricResult_InvalidState
[2022-03-23 16:30:27,032] [18   ] [ERROR] [] - Failed to initialized metrics collector - error: 2
[2022-03-23 16:40:27,045] [16   ] [INFO ] [] - Initializing the metrics collector
[2022-03-23 16:40:27,047] [16   ] [ERROR] [] - MetricsCollector::Initialize(171): Check Failed: !IsConfigured() - Return: MetricResult_InvalidState
[2022-03-23 16:40:27,048] [16   ] [ERROR] [] - Failed to initialized metrics collector - error: 2
[2022-03-23 16:50:27,055] [19   ] [INFO ] [] - Initializing the metrics collector
[2022-03-23 16:50:27,058] [19   ] [ERROR] [] - MetricsCollector::Initialize(171): Check Failed: !IsConfigured() - Return: MetricResult_InvalidState
[2022-03-23 16:50:27,059] [19   ] [ERROR] [] - Failed to initialized metrics collector - error: 2
[2022-03-23 17:03:08,321] [22   ] [INFO ] [] - Initializing the metrics collector
[2022-03-23 17:03:08,322] [22   ] [ERROR] [] - MetricsCollector::Initialize(171): Check Failed: !IsConfigured() - Return: MetricResult_InvalidState
[2022-03-23 17:03:08,322] [22   ] [ERROR] [] - Failed to initialized metrics collector - error: 2
