[2022-06-09 02:11:24,825] [1    ] [INFO ] [] - ========== Box Edit v4.18.0.946 ==========
[2022-06-09 02:11:24,856] [1    ] [INFO ] [] - Command Line: "C:\Users\金田駿之介\AppData\Local\Box\Box Edit\Box Edit.exe" 
[2022-06-09 02:13:47,108] [1    ] [INFO ] [] - Getting DebugLogging value from CurrentUser
[2022-06-09 02:13:47,108] [1    ] [INFO ] [] - Working with debug logging OFF
[2022-06-09 02:13:47,619] [1    ] [INFO ] [] - Days to keep files in cache set to 7
[2022-06-09 02:13:49,678] [1    ] [INFO ] [] - LocalMachine RegistryKey not set
[2022-06-09 02:13:51,342] [1    ] [INFO ] [] - Initializing the metrics collector
[2022-06-09 02:13:54,940] [1    ] [WARN ] [] - MetricsCollector::UpdateConfiguration(374): UpdateConfiguration raised: unable to open database file
[2022-06-09 02:13:54,940] [1    ] [ERROR] [] - MetricsCollector::Initialize(238): Raised: unable to open database file
[2022-06-09 02:13:54,940] [1    ] [ERROR] [] - Failed to initialized metrics collector - error: 6
[2022-06-09 02:13:54,940] [1    ] [ERROR] [] - Could not set permissions to C:\Users\金田駿之介\AppData\Local\Box\Box Tools\Metrics\BoxTools_Metrics.db
[2022-06-09 02:13:54,980] [1    ] [ERROR] [] - FileSystemUtils.AddPermissionsToFile on line number [0]  System.IO.FileNotFoundException: C:\Users\金田駿之介\AppData\Local\Box\Box Tools\Metrics\BoxTools_Metrics.db
   場所 System.Security.AccessControl.NativeObjectSecurity.CreateInternal(ResourceType resourceType, Boolean isContainer, String name, SafeHandle handle, AccessControlSections includeSections, Boolean createByName, ExceptionFromErrorCode exceptionFromErrorCode, Object exceptionContext)
   場所 System.Security.AccessControl.FileSystemSecurity..ctor(Boolean isContainer, String name, AccessControlSections includeSections, Boolean isDirectory)
   場所 System.Security.AccessControl.FileSecurity..ctor(String fileName, AccessControlSections includeSections)
   場所 Box.Utilities.Util.FileSystemUtils.AddPermissionsToFile(String filePath, WellKnownSidType account, FileSystemRights permissions)
[2022-06-09 02:13:55,051] [6    ] [INFO ] [] - Checking for upgrades
[2022-06-09 02:13:55,213] [6    ] [INFO ] [] - Url used to upgrade: https://cdn07.boxcdn.net/BoxEditAutoupdate2.json
[2022-06-09 02:13:55,589] [1    ] [INFO ] [] - Running pipe server using box_edit_pipe as pipe name
[2022-06-09 02:13:55,874] [1    ] [INFO ] [] - Initializing the metrics collector
[2022-06-09 02:13:55,874] [1    ] [ERROR] [] - MetricsCollector::Initialize(171): Check Failed: !IsConfigured() - Return: MetricResult_InvalidState
[2022-06-09 02:13:55,874] [1    ] [ERROR] [] - Failed to initialized metrics collector - error: 2
[2022-06-09 02:13:55,874] [1    ] [ERROR] [] - Could not set permissions to C:\Users\金田駿之介\AppData\Local\Box\Box Tools\Metrics\BoxTools_Metrics.db
[2022-06-09 02:13:55,874] [1    ] [ERROR] [] - FileSystemUtils.AddPermissionsToFile on line number [0]  System.IO.FileNotFoundException: C:\Users\金田駿之介\AppData\Local\Box\Box Tools\Metrics\BoxTools_Metrics.db
   場所 System.Security.AccessControl.NativeObjectSecurity.CreateInternal(ResourceType resourceType, Boolean isContainer, String name, SafeHandle handle, AccessControlSections includeSections, Boolean createByName, ExceptionFromErrorCode exceptionFromErrorCode, Object exceptionContext)
   場所 System.Security.AccessControl.FileSystemSecurity..ctor(Boolean isContainer, String name, AccessControlSections includeSections, Boolean isDirectory)
   場所 System.Security.AccessControl.FileSecurity..ctor(String fileName, AccessControlSections includeSections)
   場所 Box.Utilities.Util.FileSystemUtils.AddPermissionsToFile(String filePath, WellKnownSidType account, FileSystemRights permissions)
[2022-06-09 02:13:55,976] [1    ] [INFO ] [] - .NET Version: .NET Framework 4.8 (528372) - 4.0.30319.42000
[2022-06-09 02:13:56,149] [11   ] [INFO ] [] - Sending async metric DotNetVersion to Gen204 json endpoint.
[2022-06-09 02:13:59,995] [6    ] [INFO ] [] - No track defined, checking against default track
[2022-06-09 02:14:00,005] [6    ] [INFO ] [] - RolloutID set to 68
[2022-06-09 02:14:00,005] [6    ] [INFO ] [] - No upgrade available
[2022-06-09 02:14:00,237] [11   ] [INFO ] [] - Metric ingestion endpoint response: NoContent
[2022-06-09 02:14:00,994] [10   ] [INFO ] [] - Initializing the metrics collector
[2022-06-09 02:14:00,994] [10   ] [ERROR] [] - MetricsCollector::Initialize(171): Check Failed: !IsConfigured() - Return: MetricResult_InvalidState
[2022-06-09 02:14:00,994] [10   ] [ERROR] [] - Failed to initialized metrics collector - error: 2
[2022-06-09 02:22:14,154] [1    ] [INFO ] [] - ========== Box Edit v4.18.0.946 ==========
[2022-06-09 02:22:18,128] [1    ] [INFO ] [] - Command Line: "C:\Users\金田駿之介\AppData\Local\Box\Box Edit\Box Edit.exe" 
[2022-06-09 02:22:45,502] [1    ] [INFO ] [] - Getting DebugLogging value from CurrentUser
[2022-06-09 02:22:45,518] [1    ] [INFO ] [] - Working with debug logging OFF
[2022-06-09 02:22:46,865] [1    ] [INFO ] [] - Days to keep files in cache set to 7
[2022-06-09 02:22:54,635] [1    ] [INFO ] [] - LocalMachine RegistryKey not set
[2022-06-09 02:22:55,396] [1    ] [INFO ] [] - Initializing the metrics collector
[2022-06-09 02:22:58,008] [1    ] [WARN ] [] - MetricsCollector::UpdateConfiguration(374): UpdateConfiguration raised: unable to open database file
[2022-06-09 02:22:58,008] [1    ] [ERROR] [] - MetricsCollector::Initialize(238): Raised: unable to open database file
[2022-06-09 02:22:58,008] [1    ] [ERROR] [] - Failed to initialized metrics collector - error: 6
[2022-06-09 02:22:58,008] [1    ] [ERROR] [] - Could not set permissions to C:\Users\金田駿之介\AppData\Local\Box\Box Tools\Metrics\BoxTools_Metrics.db
[2022-06-09 02:22:58,039] [1    ] [ERROR] [] - FileSystemUtils.AddPermissionsToFile on line number [0]  System.IO.FileNotFoundException: C:\Users\金田駿之介\AppData\Local\Box\Box Tools\Metrics\BoxTools_Metrics.db
   場所 System.Security.AccessControl.NativeObjectSecurity.CreateInternal(ResourceType resourceType, Boolean isContainer, String name, SafeHandle handle, AccessControlSections includeSections, Boolean createByName, ExceptionFromErrorCode exceptionFromErrorCode, Object exceptionContext)
   場所 System.Security.AccessControl.FileSystemSecurity..ctor(Boolean isContainer, String name, AccessControlSections includeSections, Boolean isDirectory)
   場所 System.Security.AccessControl.FileSecurity..ctor(String fileName, AccessControlSections includeSections)
   場所 Box.Utilities.Util.FileSystemUtils.AddPermissionsToFile(String filePath, WellKnownSidType account, FileSystemRights permissions)
[2022-06-09 02:22:58,055] [6    ] [INFO ] [] - Checking for upgrades
[2022-06-09 02:22:58,117] [6    ] [INFO ] [] - Url used to upgrade: https://cdn07.boxcdn.net/BoxEditAutoupdate2.json
[2022-06-09 02:22:58,523] [1    ] [INFO ] [] - Running pipe server using box_edit_pipe as pipe name
[2022-06-09 02:22:58,570] [1    ] [INFO ] [] - Initializing the metrics collector
[2022-06-09 02:22:58,570] [1    ] [ERROR] [] - MetricsCollector::Initialize(171): Check Failed: !IsConfigured() - Return: MetricResult_InvalidState
[2022-06-09 02:22:58,570] [1    ] [ERROR] [] - Failed to initialized metrics collector - error: 2
[2022-06-09 02:22:58,570] [1    ] [ERROR] [] - Could not set permissions to C:\Users\金田駿之介\AppData\Local\Box\Box Tools\Metrics\BoxTools_Metrics.db
[2022-06-09 02:22:58,601] [1    ] [ERROR] [] - FileSystemUtils.AddPermissionsToFile on line number [0]  System.IO.FileNotFoundException: C:\Users\金田駿之介\AppData\Local\Box\Box Tools\Metrics\BoxTools_Metrics.db
   場所 System.Security.AccessControl.NativeObjectSecurity.CreateInternal(ResourceType resourceType, Boolean isContainer, String name, SafeHandle handle, AccessControlSections includeSections, Boolean createByName, ExceptionFromErrorCode exceptionFromErrorCode, Object exceptionContext)
   場所 System.Security.AccessControl.FileSystemSecurity..ctor(Boolean isContainer, String name, AccessControlSections includeSections, Boolean isDirectory)
   場所 System.Security.AccessControl.FileSecurity..ctor(String fileName, AccessControlSections includeSections)
   場所 Box.Utilities.Util.FileSystemUtils.AddPermissionsToFile(String filePath, WellKnownSidType account, FileSystemRights permissions)
[2022-06-09 02:22:58,633] [1    ] [INFO ] [] - .NET Version: .NET Framework 4.8 (528372) - 4.0.30319.42000
[2022-06-09 02:22:58,679] [11   ] [INFO ] [] - Sending async metric DotNetVersion to Gen204 json endpoint.
[2022-06-09 02:23:03,634] [9    ] [INFO ] [] - Initializing the metrics collector
[2022-06-09 02:23:03,634] [9    ] [ERROR] [] - MetricsCollector::Initialize(171): Check Failed: !IsConfigured() - Return: MetricResult_InvalidState
[2022-06-09 02:23:03,634] [9    ] [ERROR] [] - Failed to initialized metrics collector - error: 2
[2022-06-09 02:23:03,899] [11   ] [INFO ] [] - Metric ingestion endpoint response: NoContent
[2022-06-09 02:23:04,274] [6    ] [INFO ] [] - No track defined, checking against default track
[2022-06-09 02:23:04,274] [6    ] [INFO ] [] - RolloutID set to 68
[2022-06-09 02:23:04,274] [6    ] [INFO ] [] - No upgrade available
