[2024-02-19 09:20:59,591] [1    ] [INFO ] [] - ========== Box Edit v4.24.0.1029 ==========
[2024-02-19 09:20:59,620] [1    ] [INFO ] [] - Command Line: "C:\Users\金田駿之介\AppData\Local\Box\Box Edit\Box Edit.exe" 
[2024-02-19 09:21:00,735] [1    ] [INFO ] [] - Getting DebugLogging value from CurrentUser
[2024-02-19 09:21:00,743] [1    ] [INFO ] [] - Working with debug logging OFF
[2024-02-19 09:21:00,816] [1    ] [INFO ] [] - Days to keep files in cache set to 7
[2024-02-19 09:21:02,190] [1    ] [INFO ] [] - LocalMachine RegistryKey not set
[2024-02-19 09:21:02,311] [1    ] [INFO ] [] - DeviceId::CheckDeviceId(488): Starting DeviceId generator.
[2024-02-19 09:21:02,321] [1    ] [INFO ] [] - DeviceId::CheckDeviceId(515): Global mutex obtained. Start checking.
[2024-02-19 09:21:03,175] [1    ] [INFO ] [] - DeviceId::RestoreGlobalDeviceData(65): Failed reading global DeviceData from registry: Registry key "SOFTWARE\Box\DeviceId" not found.
[2024-02-19 09:21:03,408] [1    ] [INFO ] [] - DeviceId::RestoreAndValidateLocalProperites(389): Restored local DeviceId
[2024-02-19 09:21:03,408] [1    ] [INFO ] [] - DeviceId::RestoreAndValidateLocalProperites(393): Restored local DeviceData
[2024-02-19 09:21:03,416] [1    ] [INFO ] [] - DeviceId::PerformChecking(452): Checking DeviceData.
[2024-02-19 09:21:03,418] [1    ] [INFO ] [] - DeviceId::PerformChecking(453): DeviceData read from registry: {"ComputerSystemProductUUID":"B4C5DFD1-4333-1CB6-C49D-A3067E9A232A","Version":1}
[2024-02-19 09:21:03,418] [1    ] [INFO ] [] - DeviceId::PerformChecking(454): Generated DeviceData: {"ComputerSystemProductUUID":"B4C5DFD1-4333-1CB6-C49D-A3067E9A232A","Version":1}
[2024-02-19 09:21:03,689] [9    ] [INFO ] [] - .NET Version - installed 533325, expected: 528040
[2024-02-19 09:21:03,689] [9    ] [INFO ] [] - result: True
[2024-02-19 09:21:03,698] [9    ] [INFO ] [] - Checking for upgrades
[2024-02-19 09:21:03,710] [9    ] [INFO ] [] - ### File path for UpgradeState: C:\Users\金田駿之介\AppData\Local\Box\upgrade_state.json
[2024-02-19 09:21:03,770] [1    ] [INFO ] [] - Running pipe server using box_edit_pipe as pipe name
[2024-02-19 09:21:03,811] [1    ] [INFO ] [] - .NET Version: unknown (533325) - 4.0.30319.42000
[2024-02-19 09:21:04,426] [9    ] [INFO ] [] - Url used to upgrade: https://cdn07.boxcdn.net/BoxEditAutoupdate2.json
[2024-02-19 09:21:15,787] [9    ] [INFO ] [] - ### current version track name: 4.24.0
[2024-02-19 09:21:15,803] [9    ] [WARN ] [] - Track 4.24.0 not found
[2024-02-19 09:21:15,803] [9    ] [INFO ] [] - Track default for upgrade found
[2024-02-19 09:21:15,803] [9    ] [INFO ] [] - RolloutID set to 73
[2024-02-19 09:21:15,803] [9    ] [INFO ] [] - No upgrade available
