[2022-02-07 14:12:34,488] [1    ] [INFO ] [] - ========== Box Edit v4.16.1.911 ==========
[2022-02-07 14:12:34,520] [1    ] [INFO ] [] - Command Line: "C:\Users\金田駿之介\AppData\Local\Box\Box Edit\Box Edit.exe" 
[2022-02-07 14:12:35,502] [1    ] [INFO ] [] - Getting DebugLogging value from CurrentUser
[2022-02-07 14:12:35,502] [1    ] [INFO ] [] - Working with debug logging OFF
[2022-02-07 14:12:35,674] [1    ] [INFO ] [] - Days to keep files in cache set to 7
[2022-02-07 14:12:36,297] [1    ] [INFO ] [] - LocalMachine RegistryKey not set
[2022-02-07 14:12:36,375] [1    ] [INFO ] [] - Initializing the metrics collector
[2022-02-07 14:12:36,391] [1    ] [WARN ] [] - MetricsCollector::UpdateConfiguration(374): UpdateConfiguration raised: unable to open database file
[2022-02-07 14:12:36,391] [1    ] [ERROR] [] - MetricsCollector::Initialize(238): Raised: unable to open database file
[2022-02-07 14:12:36,391] [1    ] [ERROR] [] - Failed to initialized metrics collector - error: 6
[2022-02-07 14:12:36,391] [1    ] [ERROR] [] - Could not set permissions to C:\Users\金田駿之介\AppData\Local\Box\Box Tools\Metrics\BoxTools_Metrics.db
[2022-02-07 14:12:36,391] [1    ] [ERROR] [] - FileSystemUtils.AddPermissionsToFile on line number [0]  System.IO.FileNotFoundException: C:\Users\金田駿之介\AppData\Local\Box\Box Tools\Metrics\BoxTools_Metrics.db
   場所 System.Security.AccessControl.NativeObjectSecurity.CreateInternal(ResourceType resourceType, Boolean isContainer, String name, SafeHandle handle, AccessControlSections includeSections, Boolean createByName, ExceptionFromErrorCode exceptionFromErrorCode, Object exceptionContext)
   場所 System.Security.AccessControl.FileSystemSecurity..ctor(Boolean isContainer, String name, AccessControlSections includeSections, Boolean isDirectory)
   場所 System.Security.AccessControl.FileSecurity..ctor(String fileName, AccessControlSections includeSections)
   場所 Box.Utilities.Util.FileSystemUtils.AddPermissionsToFile(String filePath, WellKnownSidType account, FileSystemRights permissions)
[2022-02-07 14:12:36,407] [6    ] [INFO ] [] - Checking for upgrades
[2022-02-07 14:12:36,407] [6    ] [INFO ] [] - Url used to upgrade: https://cdn07.boxcdn.net/BoxEditAutoupdate.json
[2022-02-07 14:12:36,469] [1    ] [INFO ] [] - Running pipe server using box_edit_pipe as pipe name
[2022-02-07 14:12:36,500] [1    ] [INFO ] [] - Initializing the metrics collector
[2022-02-07 14:12:36,500] [1    ] [ERROR] [] - MetricsCollector::Initialize(171): Check Failed: !IsConfigured() - Return: MetricResult_InvalidState
[2022-02-07 14:12:36,500] [1    ] [ERROR] [] - Failed to initialized metrics collector - error: 2
[2022-02-07 14:12:36,500] [1    ] [ERROR] [] - Could not set permissions to C:\Users\金田駿之介\AppData\Local\Box\Box Tools\Metrics\BoxTools_Metrics.db
[2022-02-07 14:12:36,500] [1    ] [ERROR] [] - FileSystemUtils.AddPermissionsToFile on line number [0]  System.IO.FileNotFoundException: C:\Users\金田駿之介\AppData\Local\Box\Box Tools\Metrics\BoxTools_Metrics.db
   場所 System.Security.AccessControl.NativeObjectSecurity.CreateInternal(ResourceType resourceType, Boolean isContainer, String name, SafeHandle handle, AccessControlSections includeSections, Boolean createByName, ExceptionFromErrorCode exceptionFromErrorCode, Object exceptionContext)
   場所 System.Security.AccessControl.FileSystemSecurity..ctor(Boolean isContainer, String name, AccessControlSections includeSections, Boolean isDirectory)
   場所 System.Security.AccessControl.FileSecurity..ctor(String fileName, AccessControlSections includeSections)
   場所 Box.Utilities.Util.FileSystemUtils.AddPermissionsToFile(String filePath, WellKnownSidType account, FileSystemRights permissions)
[2022-02-07 14:12:37,078] [6    ] [INFO ] [] - No track defined, checking against default track
[2022-02-07 14:12:37,078] [6    ] [INFO ] [] - RolloutID set to 29
[2022-02-07 14:12:37,078] [6    ] [INFO ] [] - No upgrade available
[2022-02-07 14:12:41,538] [10   ] [INFO ] [] - Initializing the metrics collector
[2022-02-07 14:12:41,580] [10   ] [ERROR] [] - MetricsCollector::Initialize(171): Check Failed: !IsConfigured() - Return: MetricResult_InvalidState
[2022-02-07 14:12:41,581] [10   ] [ERROR] [] - Failed to initialized metrics collector - error: 2
[2022-02-07 14:22:41,539] [15   ] [INFO ] [] - Initializing the metrics collector
[2022-02-07 14:22:41,541] [15   ] [ERROR] [] - MetricsCollector::Initialize(171): Check Failed: !IsConfigured() - Return: MetricResult_InvalidState
[2022-02-07 14:22:41,543] [15   ] [ERROR] [] - Failed to initialized metrics collector - error: 2
[2022-02-07 14:32:41,538] [12   ] [INFO ] [] - Initializing the metrics collector
[2022-02-07 14:32:41,541] [12   ] [ERROR] [] - MetricsCollector::Initialize(171): Check Failed: !IsConfigured() - Return: MetricResult_InvalidState
[2022-02-07 14:32:41,543] [12   ] [ERROR] [] - Failed to initialized metrics collector - error: 2
[2022-02-07 14:42:41,548] [16   ] [INFO ] [] - Initializing the metrics collector
[2022-02-07 14:42:41,553] [16   ] [ERROR] [] - MetricsCollector::Initialize(171): Check Failed: !IsConfigured() - Return: MetricResult_InvalidState
[2022-02-07 14:42:41,556] [16   ] [ERROR] [] - Failed to initialized metrics collector - error: 2
[2022-02-07 14:52:41,552] [17   ] [INFO ] [] - Initializing the metrics collector
[2022-02-07 14:52:41,555] [17   ] [ERROR] [] - MetricsCollector::Initialize(171): Check Failed: !IsConfigured() - Return: MetricResult_InvalidState
[2022-02-07 14:52:41,558] [17   ] [ERROR] [] - Failed to initialized metrics collector - error: 2
[2022-02-07 15:02:41,574] [18   ] [INFO ] [] - Initializing the metrics collector
[2022-02-07 15:02:41,576] [18   ] [ERROR] [] - MetricsCollector::Initialize(171): Check Failed: !IsConfigured() - Return: MetricResult_InvalidState
[2022-02-07 15:02:41,578] [18   ] [ERROR] [] - Failed to initialized metrics collector - error: 2
