[2022-02-19 10:56:02,322] [1    ] [INFO ] [] - ========== Box Edit v4.16.1.911 ==========
[2022-02-19 10:56:02,419] [1    ] [INFO ] [] - Command Line: "C:\Users\金田駿之介\AppData\Local\Box\Box Edit\Box Edit.exe" 
[2022-02-19 10:56:04,160] [1    ] [INFO ] [] - Getting DebugLogging value from CurrentUser
[2022-02-19 10:56:04,160] [1    ] [INFO ] [] - Working with debug logging OFF
[2022-02-19 10:56:04,279] [1    ] [INFO ] [] - Days to keep files in cache set to 7
[2022-02-19 10:56:04,925] [1    ] [INFO ] [] - LocalMachine RegistryKey not set
[2022-02-19 10:56:05,100] [1    ] [INFO ] [] - Initializing the metrics collector
[2022-02-19 10:56:05,130] [1    ] [WARN ] [] - MetricsCollector::UpdateConfiguration(374): UpdateConfiguration raised: unable to open database file
[2022-02-19 10:56:05,130] [1    ] [ERROR] [] - MetricsCollector::Initialize(238): Raised: unable to open database file
[2022-02-19 10:56:05,130] [1    ] [ERROR] [] - Failed to initialized metrics collector - error: 6
[2022-02-19 10:56:05,138] [1    ] [ERROR] [] - Could not set permissions to C:\Users\金田駿之介\AppData\Local\Box\Box Tools\Metrics\BoxTools_Metrics.db
[2022-02-19 10:56:05,156] [1    ] [ERROR] [] - FileSystemUtils.AddPermissionsToFile on line number [0]  System.IO.FileNotFoundException: C:\Users\金田駿之介\AppData\Local\Box\Box Tools\Metrics\BoxTools_Metrics.db
   場所 System.Security.AccessControl.NativeObjectSecurity.CreateInternal(ResourceType resourceType, Boolean isContainer, String name, SafeHandle handle, AccessControlSections includeSections, Boolean createByName, ExceptionFromErrorCode exceptionFromErrorCode, Object exceptionContext)
   場所 System.Security.AccessControl.FileSystemSecurity..ctor(Boolean isContainer, String name, AccessControlSections includeSections, Boolean isDirectory)
   場所 System.Security.AccessControl.FileSecurity..ctor(String fileName, AccessControlSections includeSections)
   場所 Box.Utilities.Util.FileSystemUtils.AddPermissionsToFile(String filePath, WellKnownSidType account, FileSystemRights permissions)
[2022-02-19 10:56:05,196] [6    ] [INFO ] [] - Checking for upgrades
[2022-02-19 10:56:05,209] [6    ] [INFO ] [] - Url used to upgrade: https://cdn07.boxcdn.net/BoxEditAutoupdate.json
[2022-02-19 10:56:05,300] [1    ] [INFO ] [] - Running pipe server using box_edit_pipe as pipe name
[2022-02-19 10:56:05,310] [1    ] [INFO ] [] - Initializing the metrics collector
[2022-02-19 10:56:05,315] [1    ] [ERROR] [] - MetricsCollector::Initialize(171): Check Failed: !IsConfigured() - Return: MetricResult_InvalidState
[2022-02-19 10:56:05,315] [1    ] [ERROR] [] - Failed to initialized metrics collector - error: 2
[2022-02-19 10:56:05,319] [1    ] [ERROR] [] - Could not set permissions to C:\Users\金田駿之介\AppData\Local\Box\Box Tools\Metrics\BoxTools_Metrics.db
[2022-02-19 10:56:05,329] [1    ] [ERROR] [] - FileSystemUtils.AddPermissionsToFile on line number [0]  System.IO.FileNotFoundException: C:\Users\金田駿之介\AppData\Local\Box\Box Tools\Metrics\BoxTools_Metrics.db
   場所 System.Security.AccessControl.NativeObjectSecurity.CreateInternal(ResourceType resourceType, Boolean isContainer, String name, SafeHandle handle, AccessControlSections includeSections, Boolean createByName, ExceptionFromErrorCode exceptionFromErrorCode, Object exceptionContext)
   場所 System.Security.AccessControl.FileSystemSecurity..ctor(Boolean isContainer, String name, AccessControlSections includeSections, Boolean isDirectory)
   場所 System.Security.AccessControl.FileSecurity..ctor(String fileName, AccessControlSections includeSections)
   場所 Box.Utilities.Util.FileSystemUtils.AddPermissionsToFile(String filePath, WellKnownSidType account, FileSystemRights permissions)
[2022-02-19 10:56:06,038] [6    ] [INFO ] [] - No track defined, checking against default track
[2022-02-19 10:56:06,040] [6    ] [INFO ] [] - RolloutID set to 29
[2022-02-19 10:56:06,040] [6    ] [INFO ] [] - Not upgrading because RolloutID is not in range
[2022-02-19 10:56:10,355] [9    ] [INFO ] [] - Initializing the metrics collector
[2022-02-19 10:56:10,365] [9    ] [ERROR] [] - MetricsCollector::Initialize(171): Check Failed: !IsConfigured() - Return: MetricResult_InvalidState
[2022-02-19 10:56:10,370] [9    ] [ERROR] [] - Failed to initialized metrics collector - error: 2
[2022-02-19 10:56:15,041] [7    ] [INFO ] [] - Pipe connected
[2022-02-19 10:56:15,100] [7    ] [INFO ] [] - Closed Pipe
[2022-02-19 10:56:20,695] [7    ] [INFO ] [] - Pipe connected
[2022-02-19 10:56:20,711] [7    ] [INFO ] [] - Closed Pipe
[2022-02-19 11:06:10,345] [17   ] [INFO ] [] - Initializing the metrics collector
[2022-02-19 11:06:10,345] [17   ] [ERROR] [] - MetricsCollector::Initialize(171): Check Failed: !IsConfigured() - Return: MetricResult_InvalidState
[2022-02-19 11:06:10,345] [17   ] [ERROR] [] - Failed to initialized metrics collector - error: 2
[2022-02-19 11:16:10,354] [18   ] [INFO ] [] - Initializing the metrics collector
[2022-02-19 11:16:10,355] [18   ] [ERROR] [] - MetricsCollector::Initialize(171): Check Failed: !IsConfigured() - Return: MetricResult_InvalidState
[2022-02-19 11:16:10,355] [18   ] [ERROR] [] - Failed to initialized metrics collector - error: 2
[2022-02-19 11:26:10,373] [15   ] [INFO ] [] - Initializing the metrics collector
[2022-02-19 11:26:10,379] [15   ] [ERROR] [] - MetricsCollector::Initialize(171): Check Failed: !IsConfigured() - Return: MetricResult_InvalidState
[2022-02-19 11:26:10,382] [15   ] [ERROR] [] - Failed to initialized metrics collector - error: 2
[2022-02-19 11:45:37,293] [1    ] [INFO ] [] - ========== Box Edit v4.16.1.911 ==========
[2022-02-19 11:45:37,325] [1    ] [INFO ] [] - Command Line: "C:\Users\金田駿之介\AppData\Local\Box\Box Edit\Box Edit.exe" 
[2022-02-19 11:45:39,554] [1    ] [INFO ] [] - Getting DebugLogging value from CurrentUser
[2022-02-19 11:45:39,569] [1    ] [INFO ] [] - Working with debug logging OFF
[2022-02-19 11:45:39,663] [1    ] [INFO ] [] - Days to keep files in cache set to 7
[2022-02-19 11:45:40,041] [1    ] [INFO ] [] - LocalMachine RegistryKey not set
[2022-02-19 11:45:40,166] [1    ] [INFO ] [] - Initializing the metrics collector
[2022-02-19 11:45:40,264] [1    ] [WARN ] [] - MetricsCollector::UpdateConfiguration(374): UpdateConfiguration raised: unable to open database file
[2022-02-19 11:45:40,264] [1    ] [ERROR] [] - MetricsCollector::Initialize(238): Raised: unable to open database file
[2022-02-19 11:45:40,264] [1    ] [ERROR] [] - Failed to initialized metrics collector - error: 6
[2022-02-19 11:45:40,264] [1    ] [ERROR] [] - Could not set permissions to C:\Users\金田駿之介\AppData\Local\Box\Box Tools\Metrics\BoxTools_Metrics.db
[2022-02-19 11:45:40,264] [1    ] [ERROR] [] - FileSystemUtils.AddPermissionsToFile on line number [0]  System.IO.FileNotFoundException: C:\Users\金田駿之介\AppData\Local\Box\Box Tools\Metrics\BoxTools_Metrics.db
   場所 System.Security.AccessControl.NativeObjectSecurity.CreateInternal(ResourceType resourceType, Boolean isContainer, String name, SafeHandle handle, AccessControlSections includeSections, Boolean createByName, ExceptionFromErrorCode exceptionFromErrorCode, Object exceptionContext)
   場所 System.Security.AccessControl.FileSystemSecurity..ctor(Boolean isContainer, String name, AccessControlSections includeSections, Boolean isDirectory)
   場所 System.Security.AccessControl.FileSecurity..ctor(String fileName, AccessControlSections includeSections)
   場所 Box.Utilities.Util.FileSystemUtils.AddPermissionsToFile(String filePath, WellKnownSidType account, FileSystemRights permissions)
[2022-02-19 11:45:40,280] [6    ] [INFO ] [] - Checking for upgrades
[2022-02-19 11:45:40,280] [6    ] [INFO ] [] - Url used to upgrade: https://cdn07.boxcdn.net/BoxEditAutoupdate.json
[2022-02-19 11:45:40,351] [1    ] [INFO ] [] - Running pipe server using box_edit_pipe as pipe name
[2022-02-19 11:45:40,367] [1    ] [INFO ] [] - Initializing the metrics collector
[2022-02-19 11:45:40,367] [1    ] [ERROR] [] - MetricsCollector::Initialize(171): Check Failed: !IsConfigured() - Return: MetricResult_InvalidState
[2022-02-19 11:45:40,367] [1    ] [ERROR] [] - Failed to initialized metrics collector - error: 2
[2022-02-19 11:45:40,367] [1    ] [ERROR] [] - Could not set permissions to C:\Users\金田駿之介\AppData\Local\Box\Box Tools\Metrics\BoxTools_Metrics.db
[2022-02-19 11:45:40,382] [1    ] [ERROR] [] - FileSystemUtils.AddPermissionsToFile on line number [0]  System.IO.FileNotFoundException: C:\Users\金田駿之介\AppData\Local\Box\Box Tools\Metrics\BoxTools_Metrics.db
   場所 System.Security.AccessControl.NativeObjectSecurity.CreateInternal(ResourceType resourceType, Boolean isContainer, String name, SafeHandle handle, AccessControlSections includeSections, Boolean createByName, ExceptionFromErrorCode exceptionFromErrorCode, Object exceptionContext)
   場所 System.Security.AccessControl.FileSystemSecurity..ctor(Boolean isContainer, String name, AccessControlSections includeSections, Boolean isDirectory)
   場所 System.Security.AccessControl.FileSecurity..ctor(String fileName, AccessControlSections includeSections)
   場所 Box.Utilities.Util.FileSystemUtils.AddPermissionsToFile(String filePath, WellKnownSidType account, FileSystemRights permissions)
[2022-02-19 11:45:41,316] [6    ] [INFO ] [] - No track defined, checking against default track
[2022-02-19 11:45:41,332] [6    ] [INFO ] [] - RolloutID set to 29
[2022-02-19 11:45:41,332] [6    ] [INFO ] [] - Not upgrading because RolloutID is not in range
[2022-02-19 11:45:45,402] [9    ] [INFO ] [] - Initializing the metrics collector
[2022-02-19 11:45:45,402] [9    ] [ERROR] [] - MetricsCollector::Initialize(171): Check Failed: !IsConfigured() - Return: MetricResult_InvalidState
[2022-02-19 11:45:45,402] [9    ] [ERROR] [] - Failed to initialized metrics collector - error: 2
[2022-02-19 13:40:49,244] [1    ] [INFO ] [] - ========== Box Edit v4.16.1.911 ==========
[2022-02-19 13:40:49,284] [1    ] [INFO ] [] - Command Line: "C:\Users\金田駿之介\AppData\Local\Box\Box Edit\Box Edit.exe" 
[2022-02-19 13:40:50,266] [1    ] [INFO ] [] - Getting DebugLogging value from CurrentUser
[2022-02-19 13:40:50,266] [1    ] [INFO ] [] - Working with debug logging OFF
[2022-02-19 13:40:50,360] [1    ] [INFO ] [] - Days to keep files in cache set to 7
[2022-02-19 13:40:50,698] [1    ] [INFO ] [] - LocalMachine RegistryKey not set
[2022-02-19 13:40:50,776] [1    ] [INFO ] [] - Initializing the metrics collector
[2022-02-19 13:40:50,793] [1    ] [WARN ] [] - MetricsCollector::UpdateConfiguration(374): UpdateConfiguration raised: unable to open database file
[2022-02-19 13:40:50,793] [1    ] [ERROR] [] - MetricsCollector::Initialize(238): Raised: unable to open database file
[2022-02-19 13:40:50,793] [1    ] [ERROR] [] - Failed to initialized metrics collector - error: 6
[2022-02-19 13:40:50,793] [1    ] [ERROR] [] - Could not set permissions to C:\Users\金田駿之介\AppData\Local\Box\Box Tools\Metrics\BoxTools_Metrics.db
[2022-02-19 13:40:50,793] [1    ] [ERROR] [] - FileSystemUtils.AddPermissionsToFile on line number [0]  System.IO.FileNotFoundException: C:\Users\金田駿之介\AppData\Local\Box\Box Tools\Metrics\BoxTools_Metrics.db
   場所 System.Security.AccessControl.NativeObjectSecurity.CreateInternal(ResourceType resourceType, Boolean isContainer, String name, SafeHandle handle, AccessControlSections includeSections, Boolean createByName, ExceptionFromErrorCode exceptionFromErrorCode, Object exceptionContext)
   場所 System.Security.AccessControl.FileSystemSecurity..ctor(Boolean isContainer, String name, AccessControlSections includeSections, Boolean isDirectory)
   場所 System.Security.AccessControl.FileSecurity..ctor(String fileName, AccessControlSections includeSections)
   場所 Box.Utilities.Util.FileSystemUtils.AddPermissionsToFile(String filePath, WellKnownSidType account, FileSystemRights permissions)
[2022-02-19 13:40:50,793] [6    ] [INFO ] [] - Checking for upgrades
[2022-02-19 13:40:50,808] [6    ] [INFO ] [] - Url used to upgrade: https://cdn07.boxcdn.net/BoxEditAutoupdate.json
[2022-02-19 13:40:50,840] [1    ] [INFO ] [] - Running pipe server using box_edit_pipe as pipe name
[2022-02-19 13:40:50,840] [1    ] [INFO ] [] - Initializing the metrics collector
[2022-02-19 13:40:50,855] [1    ] [ERROR] [] - MetricsCollector::Initialize(171): Check Failed: !IsConfigured() - Return: MetricResult_InvalidState
[2022-02-19 13:40:50,855] [1    ] [ERROR] [] - Failed to initialized metrics collector - error: 2
[2022-02-19 13:40:50,855] [1    ] [ERROR] [] - Could not set permissions to C:\Users\金田駿之介\AppData\Local\Box\Box Tools\Metrics\BoxTools_Metrics.db
[2022-02-19 13:40:50,855] [1    ] [ERROR] [] - FileSystemUtils.AddPermissionsToFile on line number [0]  System.IO.FileNotFoundException: C:\Users\金田駿之介\AppData\Local\Box\Box Tools\Metrics\BoxTools_Metrics.db
   場所 System.Security.AccessControl.NativeObjectSecurity.CreateInternal(ResourceType resourceType, Boolean isContainer, String name, SafeHandle handle, AccessControlSections includeSections, Boolean createByName, ExceptionFromErrorCode exceptionFromErrorCode, Object exceptionContext)
   場所 System.Security.AccessControl.FileSystemSecurity..ctor(Boolean isContainer, String name, AccessControlSections includeSections, Boolean isDirectory)
   場所 System.Security.AccessControl.FileSecurity..ctor(String fileName, AccessControlSections includeSections)
   場所 Box.Utilities.Util.FileSystemUtils.AddPermissionsToFile(String filePath, WellKnownSidType account, FileSystemRights permissions)
[2022-02-19 13:40:51,348] [6    ] [INFO ] [] - No track defined, checking against default track
[2022-02-19 13:40:51,348] [6    ] [INFO ] [] - RolloutID set to 29
[2022-02-19 13:40:51,348] [6    ] [INFO ] [] - Not upgrading because RolloutID is not in range
[2022-02-19 13:40:55,870] [10   ] [INFO ] [] - Initializing the metrics collector
[2022-02-19 13:40:55,870] [10   ] [ERROR] [] - MetricsCollector::Initialize(171): Check Failed: !IsConfigured() - Return: MetricResult_InvalidState
[2022-02-19 13:40:55,870] [10   ] [ERROR] [] - Failed to initialized metrics collector - error: 2
[2022-02-19 13:50:55,877] [15   ] [INFO ] [] - Initializing the metrics collector
[2022-02-19 13:50:55,877] [15   ] [ERROR] [] - MetricsCollector::Initialize(171): Check Failed: !IsConfigured() - Return: MetricResult_InvalidState
[2022-02-19 13:50:55,877] [15   ] [ERROR] [] - Failed to initialized metrics collector - error: 2
[2022-02-19 14:00:55,887] [13   ] [INFO ] [] - Initializing the metrics collector
[2022-02-19 14:00:55,887] [13   ] [ERROR] [] - MetricsCollector::Initialize(171): Check Failed: !IsConfigured() - Return: MetricResult_InvalidState
[2022-02-19 14:00:55,887] [13   ] [ERROR] [] - Failed to initialized metrics collector - error: 2
[2022-02-19 14:11:04,601] [18   ] [INFO ] [] - Initializing the metrics collector
[2022-02-19 14:11:04,605] [18   ] [ERROR] [] - MetricsCollector::Initialize(171): Check Failed: !IsConfigured() - Return: MetricResult_InvalidState
[2022-02-19 14:11:04,608] [18   ] [ERROR] [] - Failed to initialized metrics collector - error: 2
[2022-02-19 23:31:29,419] [1    ] [INFO ] [] - ========== Box Edit v4.16.1.911 ==========
[2022-02-19 23:31:29,451] [1    ] [INFO ] [] - Command Line: "C:\Users\金田駿之介\AppData\Local\Box\Box Edit\Box Edit.exe" 
[2022-02-19 23:31:30,405] [1    ] [INFO ] [] - Getting DebugLogging value from CurrentUser
[2022-02-19 23:31:30,405] [1    ] [INFO ] [] - Working with debug logging OFF
[2022-02-19 23:31:30,515] [1    ] [INFO ] [] - Days to keep files in cache set to 7
[2022-02-19 23:31:30,949] [1    ] [INFO ] [] - LocalMachine RegistryKey not set
[2022-02-19 23:31:31,011] [1    ] [INFO ] [] - Initializing the metrics collector
[2022-02-19 23:31:31,043] [1    ] [WARN ] [] - MetricsCollector::UpdateConfiguration(374): UpdateConfiguration raised: unable to open database file
[2022-02-19 23:31:31,043] [1    ] [ERROR] [] - MetricsCollector::Initialize(238): Raised: unable to open database file
[2022-02-19 23:31:31,043] [1    ] [ERROR] [] - Failed to initialized metrics collector - error: 6
[2022-02-19 23:31:31,043] [1    ] [ERROR] [] - Could not set permissions to C:\Users\金田駿之介\AppData\Local\Box\Box Tools\Metrics\BoxTools_Metrics.db
[2022-02-19 23:31:31,043] [1    ] [ERROR] [] - FileSystemUtils.AddPermissionsToFile on line number [0]  System.IO.FileNotFoundException: C:\Users\金田駿之介\AppData\Local\Box\Box Tools\Metrics\BoxTools_Metrics.db
   場所 System.Security.AccessControl.NativeObjectSecurity.CreateInternal(ResourceType resourceType, Boolean isContainer, String name, SafeHandle handle, AccessControlSections includeSections, Boolean createByName, ExceptionFromErrorCode exceptionFromErrorCode, Object exceptionContext)
   場所 System.Security.AccessControl.FileSystemSecurity..ctor(Boolean isContainer, String name, AccessControlSections includeSections, Boolean isDirectory)
   場所 System.Security.AccessControl.FileSecurity..ctor(String fileName, AccessControlSections includeSections)
   場所 Box.Utilities.Util.FileSystemUtils.AddPermissionsToFile(String filePath, WellKnownSidType account, FileSystemRights permissions)
[2022-02-19 23:31:31,058] [6    ] [INFO ] [] - Checking for upgrades
[2022-02-19 23:31:31,058] [6    ] [INFO ] [] - Url used to upgrade: https://cdn07.boxcdn.net/BoxEditAutoupdate.json
[2022-02-19 23:31:31,105] [1    ] [INFO ] [] - Running pipe server using box_edit_pipe as pipe name
[2022-02-19 23:31:31,136] [1    ] [INFO ] [] - Initializing the metrics collector
[2022-02-19 23:31:31,136] [1    ] [ERROR] [] - MetricsCollector::Initialize(171): Check Failed: !IsConfigured() - Return: MetricResult_InvalidState
[2022-02-19 23:31:31,136] [1    ] [ERROR] [] - Failed to initialized metrics collector - error: 2
[2022-02-19 23:31:31,136] [1    ] [ERROR] [] - Could not set permissions to C:\Users\金田駿之介\AppData\Local\Box\Box Tools\Metrics\BoxTools_Metrics.db
[2022-02-19 23:31:31,136] [1    ] [ERROR] [] - FileSystemUtils.AddPermissionsToFile on line number [0]  System.IO.FileNotFoundException: C:\Users\金田駿之介\AppData\Local\Box\Box Tools\Metrics\BoxTools_Metrics.db
   場所 System.Security.AccessControl.NativeObjectSecurity.CreateInternal(ResourceType resourceType, Boolean isContainer, String name, SafeHandle handle, AccessControlSections includeSections, Boolean createByName, ExceptionFromErrorCode exceptionFromErrorCode, Object exceptionContext)
   場所 System.Security.AccessControl.FileSystemSecurity..ctor(Boolean isContainer, String name, AccessControlSections includeSections, Boolean isDirectory)
   場所 System.Security.AccessControl.FileSecurity..ctor(String fileName, AccessControlSections includeSections)
   場所 Box.Utilities.Util.FileSystemUtils.AddPermissionsToFile(String filePath, WellKnownSidType account, FileSystemRights permissions)
[2022-02-19 23:31:31,152] [6    ] [ERROR] [] - UpgradeService.GetLatestUpgrade on line number [0]  System.Net.WebException: リモート名を解決できませんでした。: 'cdn07.boxcdn.net'
   場所 System.Net.WebClient.DownloadDataInternal(Uri address, WebRequest& request)
   場所 System.Net.WebClient.DownloadString(Uri address)
   場所 System.Net.WebClient.DownloadString(String address)
   場所 Box.Edit.UpgradeService.UpgradeService.GetLatestUpgrade()
[2022-02-19 23:31:31,168] [6    ] [INFO ] [] - Checking for upgrades
[2022-02-19 23:31:31,168] [6    ] [INFO ] [] - Url used to upgrade: https://cdn07.boxcdn.net/BoxEditAutoupdate.json
[2022-02-19 23:31:31,168] [6    ] [ERROR] [] - UpgradeService.GetLatestUpgrade on line number [0]  System.Net.WebException: リモート名を解決できませんでした。: 'cdn07.boxcdn.net'
   場所 System.Net.WebClient.DownloadDataInternal(Uri address, WebRequest& request)
   場所 System.Net.WebClient.DownloadString(Uri address)
   場所 System.Net.WebClient.DownloadString(String address)
   場所 Box.Edit.UpgradeService.UpgradeService.GetLatestUpgrade()
[2022-02-19 23:31:31,183] [6    ] [INFO ] [] - Checking for upgrades
[2022-02-19 23:31:31,183] [6    ] [INFO ] [] - Url used to upgrade: https://cdn07.boxcdn.net/BoxEditAutoupdate.json
[2022-02-19 23:31:31,183] [6    ] [ERROR] [] - UpgradeService.GetLatestUpgrade on line number [0]  System.Net.WebException: リモート名を解決できませんでした。: 'cdn07.boxcdn.net'
   場所 System.Net.WebClient.DownloadDataInternal(Uri address, WebRequest& request)
   場所 System.Net.WebClient.DownloadString(Uri address)
   場所 System.Net.WebClient.DownloadString(String address)
   場所 Box.Edit.UpgradeService.UpgradeService.GetLatestUpgrade()
[2022-02-19 23:31:31,183] [6    ] [INFO ] [] - Checking for upgrades
[2022-02-19 23:31:31,183] [6    ] [INFO ] [] - Url used to upgrade: https://cdn07.boxcdn.net/BoxEditAutoupdate.json
[2022-02-19 23:31:31,199] [6    ] [ERROR] [] - UpgradeService.GetLatestUpgrade on line number [0]  System.Net.WebException: リモート名を解決できませんでした。: 'cdn07.boxcdn.net'
   場所 System.Net.WebClient.DownloadDataInternal(Uri address, WebRequest& request)
   場所 System.Net.WebClient.DownloadString(Uri address)
   場所 System.Net.WebClient.DownloadString(String address)
   場所 Box.Edit.UpgradeService.UpgradeService.GetLatestUpgrade()
[2022-02-19 23:31:31,199] [6    ] [INFO ] [] - Checking for upgrades
[2022-02-19 23:31:31,199] [6    ] [INFO ] [] - Url used to upgrade: https://cdn07.boxcdn.net/BoxEditAutoupdate.json
[2022-02-19 23:31:31,199] [6    ] [ERROR] [] - UpgradeService.GetLatestUpgrade on line number [0]  System.Net.WebException: リモート名を解決できませんでした。: 'cdn07.boxcdn.net'
   場所 System.Net.WebClient.DownloadDataInternal(Uri address, WebRequest& request)
   場所 System.Net.WebClient.DownloadString(Uri address)
   場所 System.Net.WebClient.DownloadString(String address)
   場所 Box.Edit.UpgradeService.UpgradeService.GetLatestUpgrade()
[2022-02-19 23:31:31,214] [6    ] [INFO ] [] - Checking for upgrades
[2022-02-19 23:31:31,214] [6    ] [INFO ] [] - Too many attemps for upgrade
[2022-02-19 23:31:36,150] [10   ] [INFO ] [] - Initializing the metrics collector
[2022-02-19 23:31:36,150] [10   ] [ERROR] [] - MetricsCollector::Initialize(171): Check Failed: !IsConfigured() - Return: MetricResult_InvalidState
[2022-02-19 23:31:36,150] [10   ] [ERROR] [] - Failed to initialized metrics collector - error: 2
