[2023-11-06 23:21:34,541] [1    ] [INFO ] [] - ========== Box Edit v4.24.0.1029 ==========
[2023-11-06 23:21:34,613] [1    ] [INFO ] [] - Command Line: "C:\Users\金田駿之介\AppData\Local\Box\Box Edit\Box Edit.exe" 
[2023-11-06 23:21:36,563] [1    ] [INFO ] [] - Getting DebugLogging value from CurrentUser
[2023-11-06 23:21:36,563] [1    ] [INFO ] [] - Working with debug logging OFF
[2023-11-06 23:21:36,657] [1    ] [INFO ] [] - Days to keep files in cache set to 7
[2023-11-06 23:21:37,177] [1    ] [INFO ] [] - LocalMachine RegistryKey not set
[2023-11-06 23:21:37,231] [1    ] [INFO ] [] - DeviceId::CheckDeviceId(488): Starting DeviceId generator.
[2023-11-06 23:21:37,251] [1    ] [INFO ] [] - DeviceId::CheckDeviceId(515): Global mutex obtained. Start checking.
[2023-11-06 23:21:37,584] [1    ] [INFO ] [] - DeviceId::RestoreGlobalDeviceData(65): Failed reading global DeviceData from registry: Registry key "SOFTWARE\Box\DeviceId" not found.
[2023-11-06 23:21:37,706] [1    ] [INFO ] [] - DeviceId::RestoreAndValidateLocalProperites(389): Restored local DeviceId
[2023-11-06 23:21:37,706] [1    ] [INFO ] [] - DeviceId::RestoreAndValidateLocalProperites(393): Restored local DeviceData
[2023-11-06 23:21:37,706] [1    ] [INFO ] [] - DeviceId::PerformChecking(452): Checking DeviceData.
[2023-11-06 23:21:37,721] [1    ] [INFO ] [] - DeviceId::PerformChecking(453): DeviceData read from registry: {"ComputerSystemProductUUID":"B4C5DFD1-4333-1CB6-C49D-A3067E9A232A","Version":1}
[2023-11-06 23:21:37,721] [1    ] [INFO ] [] - DeviceId::PerformChecking(454): Generated DeviceData: {"ComputerSystemProductUUID":"B4C5DFD1-4333-1CB6-C49D-A3067E9A232A","Version":1}
[2023-11-06 23:21:37,841] [9    ] [INFO ] [] - .NET Version - installed 533325, expected: 528040
[2023-11-06 23:21:37,841] [9    ] [INFO ] [] - result: True
[2023-11-06 23:21:37,841] [9    ] [INFO ] [] - Checking for upgrades
[2023-11-06 23:21:37,857] [9    ] [INFO ] [] - ### File path for UpgradeState: C:\Users\金田駿之介\AppData\Local\Box\upgrade_state.json
[2023-11-06 23:21:38,312] [1    ] [INFO ] [] - Running pipe server using box_edit_pipe as pipe name
[2023-11-06 23:21:38,345] [1    ] [INFO ] [] - .NET Version: unknown (533325) - 4.0.30319.42000
[2023-11-06 23:21:38,478] [9    ] [INFO ] [] - Url used to upgrade: https://cdn07.boxcdn.net/BoxEditAutoupdate2.json
[2023-11-06 23:21:38,691] [9    ] [INFO ] [] - ### current version track name: 4.24.0
[2023-11-06 23:21:38,699] [9    ] [WARN ] [] - Track 4.24.0 not found
[2023-11-06 23:21:38,699] [9    ] [INFO ] [] - Track default for upgrade found
[2023-11-06 23:21:38,707] [9    ] [INFO ] [] - RolloutID set to 73
[2023-11-06 23:21:38,707] [9    ] [INFO ] [] - No upgrade available
