[2022-02-27 09:22:56,034] [1    ] [INFO ] [] - ========== Box Edit v4.17.0.935 ==========
[2022-02-27 09:22:56,081] [1    ] [INFO ] [] - Command Line: "C:\Users\金田駿之介\AppData\Local\Box\Box Edit\Box Edit.exe" 
[2022-02-27 09:22:57,973] [1    ] [INFO ] [] - Getting DebugLogging value from CurrentUser
[2022-02-27 09:22:57,973] [1    ] [INFO ] [] - Working with debug logging OFF
[2022-02-27 09:22:58,113] [1    ] [INFO ] [] - Days to keep files in cache set to 7
[2022-02-27 09:22:58,639] [1    ] [INFO ] [] - LocalMachine RegistryKey not set
[2022-02-27 09:22:58,842] [1    ] [INFO ] [] - Initializing the metrics collector
[2022-02-27 09:22:58,967] [1    ] [WARN ] [] - MetricsCollector::UpdateConfiguration(374): UpdateConfiguration raised: unable to open database file
[2022-02-27 09:22:58,967] [1    ] [ERROR] [] - MetricsCollector::Initialize(238): Raised: unable to open database file
[2022-02-27 09:22:58,967] [1    ] [ERROR] [] - Failed to initialized metrics collector - error: 6
[2022-02-27 09:22:58,983] [1    ] [ERROR] [] - Could not set permissions to C:\Users\金田駿之介\AppData\Local\Box\Box Tools\Metrics\BoxTools_Metrics.db
[2022-02-27 09:22:58,983] [1    ] [ERROR] [] - FileSystemUtils.AddPermissionsToFile on line number [0]  System.IO.FileNotFoundException: C:\Users\金田駿之介\AppData\Local\Box\Box Tools\Metrics\BoxTools_Metrics.db
   場所 System.Security.AccessControl.NativeObjectSecurity.CreateInternal(ResourceType resourceType, Boolean isContainer, String name, SafeHandle handle, AccessControlSections includeSections, Boolean createByName, ExceptionFromErrorCode exceptionFromErrorCode, Object exceptionContext)
   場所 System.Security.AccessControl.FileSystemSecurity..ctor(Boolean isContainer, String name, AccessControlSections includeSections, Boolean isDirectory)
   場所 System.Security.AccessControl.FileSecurity..ctor(String fileName, AccessControlSections includeSections)
   場所 Box.Utilities.Util.FileSystemUtils.AddPermissionsToFile(String filePath, WellKnownSidType account, FileSystemRights permissions)
[2022-02-27 09:22:58,983] [6    ] [INFO ] [] - Checking for upgrades
[2022-02-27 09:22:58,998] [6    ] [INFO ] [] - Url used to upgrade: https://cdn07.boxcdn.net/BoxEditAutoupdate2.json
[2022-02-27 09:22:59,092] [1    ] [INFO ] [] - Running pipe server using box_edit_pipe as pipe name
[2022-02-27 09:22:59,108] [1    ] [INFO ] [] - Initializing the metrics collector
[2022-02-27 09:22:59,108] [1    ] [ERROR] [] - MetricsCollector::Initialize(171): Check Failed: !IsConfigured() - Return: MetricResult_InvalidState
[2022-02-27 09:22:59,108] [1    ] [ERROR] [] - Failed to initialized metrics collector - error: 2
[2022-02-27 09:22:59,108] [1    ] [ERROR] [] - Could not set permissions to C:\Users\金田駿之介\AppData\Local\Box\Box Tools\Metrics\BoxTools_Metrics.db
[2022-02-27 09:22:59,108] [1    ] [ERROR] [] - FileSystemUtils.AddPermissionsToFile on line number [0]  System.IO.FileNotFoundException: C:\Users\金田駿之介\AppData\Local\Box\Box Tools\Metrics\BoxTools_Metrics.db
   場所 System.Security.AccessControl.NativeObjectSecurity.CreateInternal(ResourceType resourceType, Boolean isContainer, String name, SafeHandle handle, AccessControlSections includeSections, Boolean createByName, ExceptionFromErrorCode exceptionFromErrorCode, Object exceptionContext)
   場所 System.Security.AccessControl.FileSystemSecurity..ctor(Boolean isContainer, String name, AccessControlSections includeSections, Boolean isDirectory)
   場所 System.Security.AccessControl.FileSecurity..ctor(String fileName, AccessControlSections includeSections)
   場所 Box.Utilities.Util.FileSystemUtils.AddPermissionsToFile(String filePath, WellKnownSidType account, FileSystemRights permissions)
[2022-02-27 09:22:59,686] [6    ] [INFO ] [] - No track defined, checking against default track
[2022-02-27 09:22:59,686] [6    ] [INFO ] [] - RolloutID set to 67
[2022-02-27 09:22:59,686] [6    ] [INFO ] [] - No upgrade available
[2022-02-27 09:23:04,139] [10   ] [INFO ] [] - Initializing the metrics collector
[2022-02-27 09:23:04,139] [10   ] [ERROR] [] - MetricsCollector::Initialize(171): Check Failed: !IsConfigured() - Return: MetricResult_InvalidState
[2022-02-27 09:23:04,139] [10   ] [ERROR] [] - Failed to initialized metrics collector - error: 2
[2022-02-27 09:31:14,799] [8    ] [INFO ] [] - Pipe connected
[2022-02-27 09:31:14,831] [8    ] [INFO ] [] - Closed Pipe
[2022-02-27 09:31:27,562] [8    ] [INFO ] [] - Pipe connected
[2022-02-27 09:31:27,593] [8    ] [INFO ] [] - Closed Pipe
[2022-02-27 09:31:29,541] [8    ] [INFO ] [] - Pipe connected
[2022-02-27 09:31:29,566] [8    ] [INFO ] [] - Closed Pipe
[2022-02-27 09:33:04,144] [15   ] [INFO ] [] - Initializing the metrics collector
[2022-02-27 09:33:04,144] [15   ] [ERROR] [] - MetricsCollector::Initialize(171): Check Failed: !IsConfigured() - Return: MetricResult_InvalidState
[2022-02-27 09:33:04,144] [15   ] [ERROR] [] - Failed to initialized metrics collector - error: 2
[2022-02-27 09:43:04,150] [16   ] [INFO ] [] - Initializing the metrics collector
[2022-02-27 09:43:04,150] [16   ] [ERROR] [] - MetricsCollector::Initialize(171): Check Failed: !IsConfigured() - Return: MetricResult_InvalidState
[2022-02-27 09:43:04,150] [16   ] [ERROR] [] - Failed to initialized metrics collector - error: 2
[2022-02-27 09:53:04,167] [13   ] [INFO ] [] - Initializing the metrics collector
[2022-02-27 09:53:04,169] [13   ] [ERROR] [] - MetricsCollector::Initialize(171): Check Failed: !IsConfigured() - Return: MetricResult_InvalidState
[2022-02-27 09:53:04,170] [13   ] [ERROR] [] - Failed to initialized metrics collector - error: 2
[2022-02-27 10:19:29,029] [19   ] [INFO ] [] - Initializing the metrics collector
[2022-02-27 10:19:29,031] [19   ] [ERROR] [] - MetricsCollector::Initialize(171): Check Failed: !IsConfigured() - Return: MetricResult_InvalidState
[2022-02-27 10:19:29,032] [19   ] [ERROR] [] - Failed to initialized metrics collector - error: 2
[2022-02-27 10:29:12,174] [8    ] [INFO ] [] - Pipe connected
[2022-02-27 10:29:12,186] [8    ] [INFO ] [] - Closed Pipe
[2022-02-27 10:31:28,070] [21   ] [INFO ] [] - Initializing the metrics collector
[2022-02-27 10:31:28,072] [21   ] [ERROR] [] - MetricsCollector::Initialize(171): Check Failed: !IsConfigured() - Return: MetricResult_InvalidState
[2022-02-27 10:31:28,074] [21   ] [ERROR] [] - Failed to initialized metrics collector - error: 2
[2022-02-27 10:31:29,672] [8    ] [INFO ] [] - Pipe connected
[2022-02-27 10:31:29,728] [8    ] [INFO ] [] - Closed Pipe
[2022-02-27 14:20:59,183] [1    ] [INFO ] [] - ========== Box Edit v4.17.0.935 ==========
[2022-02-27 14:20:59,214] [1    ] [INFO ] [] - Command Line: "C:\Users\金田駿之介\AppData\Local\Box\Box Edit\Box Edit.exe" 
[2022-02-27 14:21:02,030] [1    ] [INFO ] [] - Getting DebugLogging value from CurrentUser
[2022-02-27 14:21:02,030] [1    ] [INFO ] [] - Working with debug logging OFF
[2022-02-27 14:21:02,124] [1    ] [INFO ] [] - Days to keep files in cache set to 7
[2022-02-27 14:21:02,452] [1    ] [INFO ] [] - LocalMachine RegistryKey not set
[2022-02-27 14:21:02,514] [1    ] [INFO ] [] - Initializing the metrics collector
[2022-02-27 14:21:02,530] [1    ] [WARN ] [] - MetricsCollector::UpdateConfiguration(374): UpdateConfiguration raised: unable to open database file
[2022-02-27 14:21:02,530] [1    ] [ERROR] [] - MetricsCollector::Initialize(238): Raised: unable to open database file
[2022-02-27 14:21:02,530] [1    ] [ERROR] [] - Failed to initialized metrics collector - error: 6
[2022-02-27 14:21:02,530] [1    ] [ERROR] [] - Could not set permissions to C:\Users\金田駿之介\AppData\Local\Box\Box Tools\Metrics\BoxTools_Metrics.db
[2022-02-27 14:21:02,530] [1    ] [ERROR] [] - FileSystemUtils.AddPermissionsToFile on line number [0]  System.IO.FileNotFoundException: C:\Users\金田駿之介\AppData\Local\Box\Box Tools\Metrics\BoxTools_Metrics.db
   場所 System.Security.AccessControl.NativeObjectSecurity.CreateInternal(ResourceType resourceType, Boolean isContainer, String name, SafeHandle handle, AccessControlSections includeSections, Boolean createByName, ExceptionFromErrorCode exceptionFromErrorCode, Object exceptionContext)
   場所 System.Security.AccessControl.FileSystemSecurity..ctor(Boolean isContainer, String name, AccessControlSections includeSections, Boolean isDirectory)
   場所 System.Security.AccessControl.FileSecurity..ctor(String fileName, AccessControlSections includeSections)
   場所 Box.Utilities.Util.FileSystemUtils.AddPermissionsToFile(String filePath, WellKnownSidType account, FileSystemRights permissions)
[2022-02-27 14:21:02,545] [6    ] [INFO ] [] - Checking for upgrades
[2022-02-27 14:21:02,545] [6    ] [INFO ] [] - Url used to upgrade: https://cdn07.boxcdn.net/BoxEditAutoupdate2.json
[2022-02-27 14:21:02,592] [1    ] [INFO ] [] - Running pipe server using box_edit_pipe as pipe name
[2022-02-27 14:21:02,592] [1    ] [INFO ] [] - Initializing the metrics collector
[2022-02-27 14:21:02,592] [1    ] [ERROR] [] - MetricsCollector::Initialize(171): Check Failed: !IsConfigured() - Return: MetricResult_InvalidState
[2022-02-27 14:21:02,608] [1    ] [ERROR] [] - Failed to initialized metrics collector - error: 2
[2022-02-27 14:21:02,608] [1    ] [ERROR] [] - Could not set permissions to C:\Users\金田駿之介\AppData\Local\Box\Box Tools\Metrics\BoxTools_Metrics.db
[2022-02-27 14:21:02,608] [1    ] [ERROR] [] - FileSystemUtils.AddPermissionsToFile on line number [0]  System.IO.FileNotFoundException: C:\Users\金田駿之介\AppData\Local\Box\Box Tools\Metrics\BoxTools_Metrics.db
   場所 System.Security.AccessControl.NativeObjectSecurity.CreateInternal(ResourceType resourceType, Boolean isContainer, String name, SafeHandle handle, AccessControlSections includeSections, Boolean createByName, ExceptionFromErrorCode exceptionFromErrorCode, Object exceptionContext)
   場所 System.Security.AccessControl.FileSystemSecurity..ctor(Boolean isContainer, String name, AccessControlSections includeSections, Boolean isDirectory)
   場所 System.Security.AccessControl.FileSecurity..ctor(String fileName, AccessControlSections includeSections)
   場所 Box.Utilities.Util.FileSystemUtils.AddPermissionsToFile(String filePath, WellKnownSidType account, FileSystemRights permissions)
[2022-02-27 14:21:07,632] [10   ] [INFO ] [] - Initializing the metrics collector
[2022-02-27 14:21:07,632] [10   ] [ERROR] [] - MetricsCollector::Initialize(171): Check Failed: !IsConfigured() - Return: MetricResult_InvalidState
[2022-02-27 14:21:07,632] [10   ] [ERROR] [] - Failed to initialized metrics collector - error: 2
[2022-02-27 14:21:09,054] [6    ] [INFO ] [] - No track defined, checking against default track
[2022-02-27 14:21:09,054] [6    ] [INFO ] [] - RolloutID set to 67
[2022-02-27 14:21:09,054] [6    ] [INFO ] [] - No upgrade available
[2022-02-27 14:31:07,655] [15   ] [INFO ] [] - Initializing the metrics collector
[2022-02-27 14:31:07,655] [15   ] [ERROR] [] - MetricsCollector::Initialize(171): Check Failed: !IsConfigured() - Return: MetricResult_InvalidState
[2022-02-27 14:31:07,655] [15   ] [ERROR] [] - Failed to initialized metrics collector - error: 2
[2022-02-27 14:41:07,656] [13   ] [INFO ] [] - Initializing the metrics collector
[2022-02-27 14:41:07,658] [13   ] [ERROR] [] - MetricsCollector::Initialize(171): Check Failed: !IsConfigured() - Return: MetricResult_InvalidState
[2022-02-27 14:41:07,660] [13   ] [ERROR] [] - Failed to initialized metrics collector - error: 2
[2022-02-27 14:51:07,666] [16   ] [INFO ] [] - Initializing the metrics collector
[2022-02-27 14:51:07,669] [16   ] [ERROR] [] - MetricsCollector::Initialize(171): Check Failed: !IsConfigured() - Return: MetricResult_InvalidState
[2022-02-27 14:51:07,673] [16   ] [ERROR] [] - Failed to initialized metrics collector - error: 2
[2022-02-27 14:57:04,382] [8    ] [INFO ] [] - Pipe connected
[2022-02-27 14:57:04,422] [8    ] [INFO ] [] - Closed Pipe
[2022-02-27 14:57:28,819] [8    ] [INFO ] [] - Pipe connected
[2022-02-27 14:57:28,864] [8    ] [INFO ] [] - Closed Pipe
[2022-02-27 14:57:44,944] [8    ] [INFO ] [] - Pipe connected
[2022-02-27 14:57:44,992] [8    ] [INFO ] [] - Closed Pipe
[2022-02-27 14:57:51,251] [8    ] [INFO ] [] - Pipe connected
[2022-02-27 14:57:51,304] [8    ] [INFO ] [] - Closed Pipe
[2022-02-27 14:57:55,130] [8    ] [INFO ] [] - Pipe connected
[2022-02-27 14:57:55,156] [8    ] [INFO ] [] - Closed Pipe
[2022-02-27 14:58:02,891] [8    ] [INFO ] [] - Pipe connected
[2022-02-27 14:58:02,904] [8    ] [INFO ] [] - Closed Pipe
[2022-02-27 15:01:07,685] [21   ] [INFO ] [] - Initializing the metrics collector
[2022-02-27 15:01:07,688] [21   ] [ERROR] [] - MetricsCollector::Initialize(171): Check Failed: !IsConfigured() - Return: MetricResult_InvalidState
[2022-02-27 15:01:07,690] [21   ] [ERROR] [] - Failed to initialized metrics collector - error: 2
[2022-02-27 15:11:07,697] [22   ] [INFO ] [] - Initializing the metrics collector
[2022-02-27 15:11:07,699] [22   ] [ERROR] [] - MetricsCollector::Initialize(171): Check Failed: !IsConfigured() - Return: MetricResult_InvalidState
[2022-02-27 15:11:07,702] [22   ] [ERROR] [] - Failed to initialized metrics collector - error: 2
[2022-02-27 21:19:10,043] [1    ] [INFO ] [] - ========== Box Edit v4.17.0.935 ==========
[2022-02-27 21:19:10,090] [1    ] [INFO ] [] - Command Line: "C:\Users\金田駿之介\AppData\Local\Box\Box Edit\Box Edit.exe" 
[2022-02-27 21:19:11,240] [1    ] [INFO ] [] - Getting DebugLogging value from CurrentUser
[2022-02-27 21:19:11,240] [1    ] [INFO ] [] - Working with debug logging OFF
[2022-02-27 21:19:11,380] [1    ] [INFO ] [] - Days to keep files in cache set to 7
[2022-02-27 21:19:11,896] [1    ] [INFO ] [] - LocalMachine RegistryKey not set
[2022-02-27 21:19:11,990] [1    ] [INFO ] [] - Initializing the metrics collector
[2022-02-27 21:19:12,021] [1    ] [WARN ] [] - MetricsCollector::UpdateConfiguration(374): UpdateConfiguration raised: unable to open database file
[2022-02-27 21:19:12,021] [1    ] [ERROR] [] - MetricsCollector::Initialize(238): Raised: unable to open database file
[2022-02-27 21:19:12,021] [1    ] [ERROR] [] - Failed to initialized metrics collector - error: 6
[2022-02-27 21:19:12,037] [1    ] [ERROR] [] - Could not set permissions to C:\Users\金田駿之介\AppData\Local\Box\Box Tools\Metrics\BoxTools_Metrics.db
[2022-02-27 21:19:12,037] [1    ] [ERROR] [] - FileSystemUtils.AddPermissionsToFile on line number [0]  System.IO.FileNotFoundException: C:\Users\金田駿之介\AppData\Local\Box\Box Tools\Metrics\BoxTools_Metrics.db
   場所 System.Security.AccessControl.NativeObjectSecurity.CreateInternal(ResourceType resourceType, Boolean isContainer, String name, SafeHandle handle, AccessControlSections includeSections, Boolean createByName, ExceptionFromErrorCode exceptionFromErrorCode, Object exceptionContext)
   場所 System.Security.AccessControl.FileSystemSecurity..ctor(Boolean isContainer, String name, AccessControlSections includeSections, Boolean isDirectory)
   場所 System.Security.AccessControl.FileSecurity..ctor(String fileName, AccessControlSections includeSections)
   場所 Box.Utilities.Util.FileSystemUtils.AddPermissionsToFile(String filePath, WellKnownSidType account, FileSystemRights permissions)
[2022-02-27 21:19:12,052] [6    ] [INFO ] [] - Checking for upgrades
[2022-02-27 21:19:12,068] [6    ] [INFO ] [] - Url used to upgrade: https://cdn07.boxcdn.net/BoxEditAutoupdate2.json
[2022-02-27 21:19:12,468] [1    ] [INFO ] [] - Box Local Com Server started by Box Edit
[2022-02-27 21:19:12,549] [1    ] [INFO ] [] - Running pipe server using box_edit_pipe as pipe name
[2022-02-27 21:19:12,565] [1    ] [INFO ] [] - Initializing the metrics collector
[2022-02-27 21:19:12,565] [1    ] [ERROR] [] - MetricsCollector::Initialize(171): Check Failed: !IsConfigured() - Return: MetricResult_InvalidState
[2022-02-27 21:19:12,565] [1    ] [ERROR] [] - Failed to initialized metrics collector - error: 2
[2022-02-27 21:19:12,565] [1    ] [ERROR] [] - Could not set permissions to C:\Users\金田駿之介\AppData\Local\Box\Box Tools\Metrics\BoxTools_Metrics.db
[2022-02-27 21:19:12,565] [1    ] [ERROR] [] - FileSystemUtils.AddPermissionsToFile on line number [0]  System.IO.FileNotFoundException: C:\Users\金田駿之介\AppData\Local\Box\Box Tools\Metrics\BoxTools_Metrics.db
   場所 System.Security.AccessControl.NativeObjectSecurity.CreateInternal(ResourceType resourceType, Boolean isContainer, String name, SafeHandle handle, AccessControlSections includeSections, Boolean createByName, ExceptionFromErrorCode exceptionFromErrorCode, Object exceptionContext)
   場所 System.Security.AccessControl.FileSystemSecurity..ctor(Boolean isContainer, String name, AccessControlSections includeSections, Boolean isDirectory)
   場所 System.Security.AccessControl.FileSecurity..ctor(String fileName, AccessControlSections includeSections)
   場所 Box.Utilities.Util.FileSystemUtils.AddPermissionsToFile(String filePath, WellKnownSidType account, FileSystemRights permissions)
[2022-02-27 21:19:12,951] [6    ] [INFO ] [] - No track defined, checking against default track
[2022-02-27 21:19:12,951] [6    ] [INFO ] [] - RolloutID set to 67
[2022-02-27 21:19:12,951] [6    ] [INFO ] [] - No upgrade available
[2022-02-27 21:19:17,594] [10   ] [INFO ] [] - Initializing the metrics collector
[2022-02-27 21:19:17,594] [10   ] [ERROR] [] - MetricsCollector::Initialize(171): Check Failed: !IsConfigured() - Return: MetricResult_InvalidState
[2022-02-27 21:19:17,594] [10   ] [ERROR] [] - Failed to initialized metrics collector - error: 2
