[2022-03-26 09:17:11,865] [1    ] [INFO ] [] - ========== Box Edit v4.17.0.935 ==========
[2022-03-26 09:17:12,006] [1    ] [INFO ] [] - Command Line: "C:\Users\金田駿之介\AppData\Local\Box\Box Edit\Box Edit.exe" 
[2022-03-26 09:17:14,083] [1    ] [INFO ] [] - Getting DebugLogging value from CurrentUser
[2022-03-26 09:17:14,083] [1    ] [INFO ] [] - Working with debug logging OFF
[2022-03-26 09:17:14,193] [1    ] [INFO ] [] - Days to keep files in cache set to 7
[2022-03-26 09:17:14,443] [1    ] [INFO ] [] - LocalMachine RegistryKey not set
[2022-03-26 09:17:14,630] [1    ] [INFO ] [] - Initializing the metrics collector
[2022-03-26 09:17:14,724] [1    ] [WARN ] [] - MetricsCollector::UpdateConfiguration(374): UpdateConfiguration raised: unable to open database file
[2022-03-26 09:17:14,724] [1    ] [ERROR] [] - MetricsCollector::Initialize(238): Raised: unable to open database file
[2022-03-26 09:17:14,724] [1    ] [ERROR] [] - Failed to initialized metrics collector - error: 6
[2022-03-26 09:17:14,724] [1    ] [ERROR] [] - Could not set permissions to C:\Users\金田駿之介\AppData\Local\Box\Box Tools\Metrics\BoxTools_Metrics.db
[2022-03-26 09:17:14,724] [1    ] [ERROR] [] - FileSystemUtils.AddPermissionsToFile on line number [0]  System.IO.FileNotFoundException: C:\Users\金田駿之介\AppData\Local\Box\Box Tools\Metrics\BoxTools_Metrics.db
   場所 System.Security.AccessControl.NativeObjectSecurity.CreateInternal(ResourceType resourceType, Boolean isContainer, String name, SafeHandle handle, AccessControlSections includeSections, Boolean createByName, ExceptionFromErrorCode exceptionFromErrorCode, Object exceptionContext)
   場所 System.Security.AccessControl.FileSystemSecurity..ctor(Boolean isContainer, String name, AccessControlSections includeSections, Boolean isDirectory)
   場所 System.Security.AccessControl.FileSecurity..ctor(String fileName, AccessControlSections includeSections)
   場所 Box.Utilities.Util.FileSystemUtils.AddPermissionsToFile(String filePath, WellKnownSidType account, FileSystemRights permissions)
[2022-03-26 09:17:14,739] [6    ] [INFO ] [] - Checking for upgrades
[2022-03-26 09:17:14,739] [6    ] [INFO ] [] - Url used to upgrade: https://cdn07.boxcdn.net/BoxEditAutoupdate2.json
[2022-03-26 09:17:14,833] [1    ] [INFO ] [] - Running pipe server using box_edit_pipe as pipe name
[2022-03-26 09:17:14,849] [1    ] [INFO ] [] - Initializing the metrics collector
[2022-03-26 09:17:14,849] [1    ] [ERROR] [] - MetricsCollector::Initialize(171): Check Failed: !IsConfigured() - Return: MetricResult_InvalidState
[2022-03-26 09:17:14,849] [1    ] [ERROR] [] - Failed to initialized metrics collector - error: 2
[2022-03-26 09:17:14,849] [1    ] [ERROR] [] - Could not set permissions to C:\Users\金田駿之介\AppData\Local\Box\Box Tools\Metrics\BoxTools_Metrics.db
[2022-03-26 09:17:14,849] [1    ] [ERROR] [] - FileSystemUtils.AddPermissionsToFile on line number [0]  System.IO.FileNotFoundException: C:\Users\金田駿之介\AppData\Local\Box\Box Tools\Metrics\BoxTools_Metrics.db
   場所 System.Security.AccessControl.NativeObjectSecurity.CreateInternal(ResourceType resourceType, Boolean isContainer, String name, SafeHandle handle, AccessControlSections includeSections, Boolean createByName, ExceptionFromErrorCode exceptionFromErrorCode, Object exceptionContext)
   場所 System.Security.AccessControl.FileSystemSecurity..ctor(Boolean isContainer, String name, AccessControlSections includeSections, Boolean isDirectory)
   場所 System.Security.AccessControl.FileSecurity..ctor(String fileName, AccessControlSections includeSections)
   場所 Box.Utilities.Util.FileSystemUtils.AddPermissionsToFile(String filePath, WellKnownSidType account, FileSystemRights permissions)
[2022-03-26 09:17:15,489] [6    ] [ERROR] [] - UpgradeService.GetLatestUpgrade on line number [0]  System.Net.WebException: リモート名を解決できませんでした。: 'cdn07.boxcdn.net'
   場所 System.Net.WebClient.DownloadDataInternal(Uri address, WebRequest& request)
   場所 System.Net.WebClient.DownloadString(Uri address)
   場所 System.Net.WebClient.DownloadString(String address)
   場所 Box.Edit.UpgradeService.UpgradeService.GetLatestUpgrade()
[2022-03-26 09:17:15,489] [6    ] [INFO ] [] - Checking for upgrades
[2022-03-26 09:17:15,489] [6    ] [INFO ] [] - Url used to upgrade: https://cdn07.boxcdn.net/BoxEditAutoupdate2.json
[2022-03-26 09:17:15,505] [6    ] [ERROR] [] - UpgradeService.GetLatestUpgrade on line number [0]  System.Net.WebException: リモート名を解決できませんでした。: 'cdn07.boxcdn.net'
   場所 System.Net.WebClient.DownloadDataInternal(Uri address, WebRequest& request)
   場所 System.Net.WebClient.DownloadString(Uri address)
   場所 System.Net.WebClient.DownloadString(String address)
   場所 Box.Edit.UpgradeService.UpgradeService.GetLatestUpgrade()
[2022-03-26 09:17:15,505] [6    ] [INFO ] [] - Checking for upgrades
[2022-03-26 09:17:15,505] [6    ] [INFO ] [] - Url used to upgrade: https://cdn07.boxcdn.net/BoxEditAutoupdate2.json
[2022-03-26 09:17:15,520] [6    ] [ERROR] [] - UpgradeService.GetLatestUpgrade on line number [0]  System.Net.WebException: リモート名を解決できませんでした。: 'cdn07.boxcdn.net'
   場所 System.Net.WebClient.DownloadDataInternal(Uri address, WebRequest& request)
   場所 System.Net.WebClient.DownloadString(Uri address)
   場所 System.Net.WebClient.DownloadString(String address)
   場所 Box.Edit.UpgradeService.UpgradeService.GetLatestUpgrade()
[2022-03-26 09:17:15,520] [6    ] [INFO ] [] - Checking for upgrades
[2022-03-26 09:17:15,520] [6    ] [INFO ] [] - Url used to upgrade: https://cdn07.boxcdn.net/BoxEditAutoupdate2.json
[2022-03-26 09:17:15,520] [6    ] [ERROR] [] - UpgradeService.GetLatestUpgrade on line number [0]  System.Net.WebException: リモート名を解決できませんでした。: 'cdn07.boxcdn.net'
   場所 System.Net.WebClient.DownloadDataInternal(Uri address, WebRequest& request)
   場所 System.Net.WebClient.DownloadString(Uri address)
   場所 System.Net.WebClient.DownloadString(String address)
   場所 Box.Edit.UpgradeService.UpgradeService.GetLatestUpgrade()
[2022-03-26 09:17:15,520] [6    ] [INFO ] [] - Checking for upgrades
[2022-03-26 09:17:15,520] [6    ] [INFO ] [] - Url used to upgrade: https://cdn07.boxcdn.net/BoxEditAutoupdate2.json
[2022-03-26 09:17:15,536] [6    ] [ERROR] [] - UpgradeService.GetLatestUpgrade on line number [0]  System.Net.WebException: リモート名を解決できませんでした。: 'cdn07.boxcdn.net'
   場所 System.Net.WebClient.DownloadDataInternal(Uri address, WebRequest& request)
   場所 System.Net.WebClient.DownloadString(Uri address)
   場所 System.Net.WebClient.DownloadString(String address)
   場所 Box.Edit.UpgradeService.UpgradeService.GetLatestUpgrade()
[2022-03-26 09:17:15,536] [6    ] [INFO ] [] - Checking for upgrades
[2022-03-26 09:17:15,536] [6    ] [INFO ] [] - Too many attemps for upgrade
[2022-03-26 09:17:19,876] [9    ] [INFO ] [] - Initializing the metrics collector
[2022-03-26 09:17:19,876] [9    ] [ERROR] [] - MetricsCollector::Initialize(171): Check Failed: !IsConfigured() - Return: MetricResult_InvalidState
[2022-03-26 09:17:19,876] [9    ] [ERROR] [] - Failed to initialized metrics collector - error: 2
[2022-03-26 09:27:19,902] [15   ] [INFO ] [] - Initializing the metrics collector
[2022-03-26 09:27:19,904] [15   ] [ERROR] [] - MetricsCollector::Initialize(171): Check Failed: !IsConfigured() - Return: MetricResult_InvalidState
[2022-03-26 09:27:19,905] [15   ] [ERROR] [] - Failed to initialized metrics collector - error: 2
[2022-03-26 09:31:10,510] [1    ] [INFO ] [] - ========== Box Edit v4.17.0.935 ==========
[2022-03-26 09:31:10,543] [1    ] [INFO ] [] - Command Line: "C:\Users\金田駿之介\AppData\Local\Box\Box Edit\Box Edit.exe" 
[2022-03-26 09:31:12,953] [1    ] [INFO ] [] - Getting DebugLogging value from CurrentUser
[2022-03-26 09:31:12,956] [1    ] [INFO ] [] - Working with debug logging OFF
[2022-03-26 09:31:13,230] [1    ] [INFO ] [] - Days to keep files in cache set to 7
[2022-03-26 09:31:13,722] [1    ] [INFO ] [] - LocalMachine RegistryKey not set
[2022-03-26 09:31:14,017] [1    ] [INFO ] [] - Initializing the metrics collector
[2022-03-26 09:31:14,155] [1    ] [WARN ] [] - MetricsCollector::UpdateConfiguration(374): UpdateConfiguration raised: unable to open database file
[2022-03-26 09:31:14,156] [1    ] [ERROR] [] - MetricsCollector::Initialize(238): Raised: unable to open database file
[2022-03-26 09:31:14,157] [1    ] [ERROR] [] - Failed to initialized metrics collector - error: 6
[2022-03-26 09:31:14,168] [1    ] [ERROR] [] - Could not set permissions to C:\Users\金田駿之介\AppData\Local\Box\Box Tools\Metrics\BoxTools_Metrics.db
[2022-03-26 09:31:14,191] [1    ] [ERROR] [] - FileSystemUtils.AddPermissionsToFile on line number [0]  System.IO.FileNotFoundException: C:\Users\金田駿之介\AppData\Local\Box\Box Tools\Metrics\BoxTools_Metrics.db
   場所 System.Security.AccessControl.NativeObjectSecurity.CreateInternal(ResourceType resourceType, Boolean isContainer, String name, SafeHandle handle, AccessControlSections includeSections, Boolean createByName, ExceptionFromErrorCode exceptionFromErrorCode, Object exceptionContext)
   場所 System.Security.AccessControl.FileSystemSecurity..ctor(Boolean isContainer, String name, AccessControlSections includeSections, Boolean isDirectory)
   場所 System.Security.AccessControl.FileSecurity..ctor(String fileName, AccessControlSections includeSections)
   場所 Box.Utilities.Util.FileSystemUtils.AddPermissionsToFile(String filePath, WellKnownSidType account, FileSystemRights permissions)
[2022-03-26 09:31:14,201] [6    ] [INFO ] [] - Checking for upgrades
[2022-03-26 09:31:14,233] [6    ] [INFO ] [] - Url used to upgrade: https://cdn07.boxcdn.net/BoxEditAutoupdate2.json
[2022-03-26 09:31:15,338] [1    ] [INFO ] [] - Box Local Com Server started by Box Edit
[2022-03-26 09:31:15,516] [1    ] [INFO ] [] - Running pipe server using box_edit_pipe as pipe name
[2022-03-26 09:31:15,540] [1    ] [INFO ] [] - Initializing the metrics collector
[2022-03-26 09:31:15,541] [1    ] [ERROR] [] - MetricsCollector::Initialize(171): Check Failed: !IsConfigured() - Return: MetricResult_InvalidState
[2022-03-26 09:31:15,542] [1    ] [ERROR] [] - Failed to initialized metrics collector - error: 2
[2022-03-26 09:31:15,544] [1    ] [ERROR] [] - Could not set permissions to C:\Users\金田駿之介\AppData\Local\Box\Box Tools\Metrics\BoxTools_Metrics.db
[2022-03-26 09:31:15,544] [1    ] [ERROR] [] - FileSystemUtils.AddPermissionsToFile on line number [0]  System.IO.FileNotFoundException: C:\Users\金田駿之介\AppData\Local\Box\Box Tools\Metrics\BoxTools_Metrics.db
   場所 System.Security.AccessControl.NativeObjectSecurity.CreateInternal(ResourceType resourceType, Boolean isContainer, String name, SafeHandle handle, AccessControlSections includeSections, Boolean createByName, ExceptionFromErrorCode exceptionFromErrorCode, Object exceptionContext)
   場所 System.Security.AccessControl.FileSystemSecurity..ctor(Boolean isContainer, String name, AccessControlSections includeSections, Boolean isDirectory)
   場所 System.Security.AccessControl.FileSecurity..ctor(String fileName, AccessControlSections includeSections)
   場所 Box.Utilities.Util.FileSystemUtils.AddPermissionsToFile(String filePath, WellKnownSidType account, FileSystemRights permissions)
[2022-03-26 09:31:16,176] [6    ] [INFO ] [] - No track defined, checking against default track
[2022-03-26 09:31:16,181] [6    ] [INFO ] [] - RolloutID set to 67
[2022-03-26 09:31:16,181] [6    ] [INFO ] [] - No upgrade available
[2022-03-26 09:31:20,574] [10   ] [INFO ] [] - Initializing the metrics collector
[2022-03-26 09:31:20,575] [10   ] [ERROR] [] - MetricsCollector::Initialize(171): Check Failed: !IsConfigured() - Return: MetricResult_InvalidState
[2022-03-26 09:31:20,575] [10   ] [ERROR] [] - Failed to initialized metrics collector - error: 2
