[2023-01-27 23:28:08,114] [1    ] [INFO ] [] - ========== Box Edit v4.20.0.970 ==========
[2023-01-27 23:28:08,161] [1    ] [INFO ] [] - Command Line: "C:\Users\金田駿之介\AppData\Local\Box\Box Edit\Box Edit.exe" 
[2023-01-27 23:28:10,535] [1    ] [INFO ] [] - Getting DebugLogging value from CurrentUser
[2023-01-27 23:28:10,535] [1    ] [INFO ] [] - Working with debug logging OFF
[2023-01-27 23:28:10,676] [1    ] [INFO ] [] - Days to keep files in cache set to 7
[2023-01-27 23:28:11,379] [1    ] [INFO ] [] - LocalMachine RegistryKey not set
[2023-01-27 23:28:11,520] [1    ] [ERROR] [] - Could not set permissions to C:\Users\金田駿之介\AppData\Local\Box\Box Tools\Metrics\BoxTools_Metrics.db
[2023-01-27 23:28:11,520] [1    ] [ERROR] [] - FileSystemUtils.AddPermissionsToFile on line number [0]  System.IO.FileNotFoundException: C:\Users\金田駿之介\AppData\Local\Box\Box Tools\Metrics\BoxTools_Metrics.db
   場所 System.Security.AccessControl.NativeObjectSecurity.CreateInternal(ResourceType resourceType, Boolean isContainer, String name, SafeHandle handle, AccessControlSections includeSections, Boolean createByName, ExceptionFromErrorCode exceptionFromErrorCode, Object exceptionContext)
   場所 System.Security.AccessControl.FileSystemSecurity..ctor(Boolean isContainer, String name, AccessControlSections includeSections, Boolean isDirectory)
   場所 System.Security.AccessControl.FileSecurity..ctor(String fileName, AccessControlSections includeSections)
   場所 Box.Utilities.Util.FileSystemUtils.AddPermissionsToFile(String filePath, WellKnownSidType account, FileSystemRights permissions)
[2023-01-27 23:28:11,551] [7    ] [INFO ] [] - Checking for upgrades
[2023-01-27 23:28:11,566] [7    ] [INFO ] [] - ### File path for UpgradeState: C:\Users\金田駿之介\AppData\Local\Box\upgrade_state.json
[2023-01-27 23:28:11,629] [1    ] [INFO ] [] - Running pipe server using box_edit_pipe as pipe name
[2023-01-27 23:28:11,645] [1    ] [ERROR] [] - Could not set permissions to C:\Users\金田駿之介\AppData\Local\Box\Box Tools\Metrics\BoxTools_Metrics.db
[2023-01-27 23:28:11,660] [1    ] [ERROR] [] - FileSystemUtils.AddPermissionsToFile on line number [0]  System.IO.FileNotFoundException: C:\Users\金田駿之介\AppData\Local\Box\Box Tools\Metrics\BoxTools_Metrics.db
   場所 System.Security.AccessControl.NativeObjectSecurity.CreateInternal(ResourceType resourceType, Boolean isContainer, String name, SafeHandle handle, AccessControlSections includeSections, Boolean createByName, ExceptionFromErrorCode exceptionFromErrorCode, Object exceptionContext)
   場所 System.Security.AccessControl.FileSystemSecurity..ctor(Boolean isContainer, String name, AccessControlSections includeSections, Boolean isDirectory)
   場所 System.Security.AccessControl.FileSecurity..ctor(String fileName, AccessControlSections includeSections)
   場所 Box.Utilities.Util.FileSystemUtils.AddPermissionsToFile(String filePath, WellKnownSidType account, FileSystemRights permissions)
[2023-01-27 23:28:11,660] [1    ] [INFO ] [] - .NET Version: .NET Framework 4.8 (528372) - 4.0.30319.42000
[2023-01-27 23:28:11,941] [7    ] [INFO ] [] - Url used to upgrade: https://cdn07.boxcdn.net/BoxEditAutoupdate2.json
[2023-01-27 23:28:12,348] [7    ] [INFO ] [] - No track defined, checking against default track
[2023-01-27 23:28:12,348] [7    ] [INFO ] [] - RolloutID set to 61
[2023-01-27 23:28:12,348] [7    ] [INFO ] [] - No upgrade available
