[2022-12-01 14:57:45,752] [1    ] [INFO ] [] - ========== Box Edit v4.20.0.970 ==========
[2022-12-01 14:57:45,799] [1    ] [INFO ] [] - Command Line: "C:\Users\金田駿之介\AppData\Local\Box\Box Edit\Box Edit.exe" 
[2022-12-01 14:57:47,377] [1    ] [INFO ] [] - Getting DebugLogging value from CurrentUser
[2022-12-01 14:57:47,377] [1    ] [INFO ] [] - Working with debug logging OFF
[2022-12-01 14:57:47,471] [1    ] [INFO ] [] - Days to keep files in cache set to 7
[2022-12-01 14:57:49,783] [1    ] [INFO ] [] - LocalMachine RegistryKey not set
[2022-12-01 14:57:49,892] [1    ] [ERROR] [] - Could not set permissions to C:\Users\金田駿之介\AppData\Local\Box\Box Tools\Metrics\BoxTools_Metrics.db
[2022-12-01 14:57:49,892] [1    ] [ERROR] [] - FileSystemUtils.AddPermissionsToFile on line number [0]  System.IO.FileNotFoundException: C:\Users\金田駿之介\AppData\Local\Box\Box Tools\Metrics\BoxTools_Metrics.db
   場所 System.Security.AccessControl.NativeObjectSecurity.CreateInternal(ResourceType resourceType, Boolean isContainer, String name, SafeHandle handle, AccessControlSections includeSections, Boolean createByName, ExceptionFromErrorCode exceptionFromErrorCode, Object exceptionContext)
   場所 System.Security.AccessControl.FileSystemSecurity..ctor(Boolean isContainer, String name, AccessControlSections includeSections, Boolean isDirectory)
   場所 System.Security.AccessControl.FileSecurity..ctor(String fileName, AccessControlSections includeSections)
   場所 Box.Utilities.Util.FileSystemUtils.AddPermissionsToFile(String filePath, WellKnownSidType account, FileSystemRights permissions)
[2022-12-01 14:57:49,908] [6    ] [INFO ] [] - Checking for upgrades
[2022-12-01 14:57:49,908] [6    ] [INFO ] [] - ### File path for UpgradeState: C:\Users\金田駿之介\AppData\Local\Box\upgrade_state.json
[2022-12-01 14:57:49,970] [1    ] [INFO ] [] - Running pipe server using box_edit_pipe as pipe name
[2022-12-01 14:57:49,986] [1    ] [ERROR] [] - Could not set permissions to C:\Users\金田駿之介\AppData\Local\Box\Box Tools\Metrics\BoxTools_Metrics.db
[2022-12-01 14:57:49,986] [1    ] [ERROR] [] - FileSystemUtils.AddPermissionsToFile on line number [0]  System.IO.FileNotFoundException: C:\Users\金田駿之介\AppData\Local\Box\Box Tools\Metrics\BoxTools_Metrics.db
   場所 System.Security.AccessControl.NativeObjectSecurity.CreateInternal(ResourceType resourceType, Boolean isContainer, String name, SafeHandle handle, AccessControlSections includeSections, Boolean createByName, ExceptionFromErrorCode exceptionFromErrorCode, Object exceptionContext)
   場所 System.Security.AccessControl.FileSystemSecurity..ctor(Boolean isContainer, String name, AccessControlSections includeSections, Boolean isDirectory)
   場所 System.Security.AccessControl.FileSecurity..ctor(String fileName, AccessControlSections includeSections)
   場所 Box.Utilities.Util.FileSystemUtils.AddPermissionsToFile(String filePath, WellKnownSidType account, FileSystemRights permissions)
[2022-12-01 14:57:50,001] [1    ] [INFO ] [] - .NET Version: .NET Framework 4.8 (528372) - 4.0.30319.42000
[2022-12-01 14:57:50,236] [6    ] [INFO ] [] - Url used to upgrade: https://cdn07.boxcdn.net/BoxEditAutoupdate2.json
[2022-12-01 14:57:50,611] [6    ] [INFO ] [] - No track defined, checking against default track
[2022-12-01 14:57:50,626] [6    ] [INFO ] [] - RolloutID set to 61
[2022-12-01 14:57:50,626] [6    ] [INFO ] [] - No upgrade available
