[2024-02-17 10:01:48,086] [1    ] [INFO ] [] - ========== Box Edit v4.24.0.1029 ==========
[2024-02-17 10:01:48,132] [1    ] [INFO ] [] - Command Line: "C:\Users\金田駿之介\AppData\Local\Box\Box Edit\Box Edit.exe" 
[2024-02-17 10:01:51,015] [1    ] [INFO ] [] - Getting DebugLogging value from CurrentUser
[2024-02-17 10:01:51,015] [1    ] [INFO ] [] - Working with debug logging OFF
[2024-02-17 10:01:51,172] [1    ] [INFO ] [] - Days to keep files in cache set to 7
[2024-02-17 10:01:52,248] [1    ] [INFO ] [] - LocalMachine RegistryKey not set
[2024-02-17 10:01:52,329] [1    ] [INFO ] [] - DeviceId::CheckDeviceId(488): Starting DeviceId generator.
[2024-02-17 10:01:52,347] [1    ] [INFO ] [] - DeviceId::CheckDeviceId(515): Global mutex obtained. Start checking.
[2024-02-17 10:01:53,044] [1    ] [INFO ] [] - DeviceId::RestoreGlobalDeviceData(65): Failed reading global DeviceData from registry: Registry key "SOFTWARE\Box\DeviceId" not found.
[2024-02-17 10:01:53,196] [1    ] [INFO ] [] - DeviceId::RestoreAndValidateLocalProperites(389): Restored local DeviceId
[2024-02-17 10:01:53,196] [1    ] [INFO ] [] - DeviceId::RestoreAndValidateLocalProperites(393): Restored local DeviceData
[2024-02-17 10:01:53,204] [1    ] [INFO ] [] - DeviceId::PerformChecking(452): Checking DeviceData.
[2024-02-17 10:01:53,206] [1    ] [INFO ] [] - DeviceId::PerformChecking(453): DeviceData read from registry: {"ComputerSystemProductUUID":"B4C5DFD1-4333-1CB6-C49D-A3067E9A232A","Version":1}
[2024-02-17 10:01:53,206] [1    ] [INFO ] [] - DeviceId::PerformChecking(454): Generated DeviceData: {"ComputerSystemProductUUID":"B4C5DFD1-4333-1CB6-C49D-A3067E9A232A","Version":1}
[2024-02-17 10:01:53,315] [9    ] [INFO ] [] - .NET Version - installed 533325, expected: 528040
[2024-02-17 10:01:53,317] [9    ] [INFO ] [] - result: True
[2024-02-17 10:01:53,317] [9    ] [INFO ] [] - Checking for upgrades
[2024-02-17 10:01:53,327] [9    ] [INFO ] [] - ### File path for UpgradeState: C:\Users\金田駿之介\AppData\Local\Box\upgrade_state.json
[2024-02-17 10:01:53,398] [1    ] [INFO ] [] - Running pipe server using box_edit_pipe as pipe name
[2024-02-17 10:01:53,418] [1    ] [INFO ] [] - .NET Version: unknown (533325) - 4.0.30319.42000
[2024-02-17 10:01:53,702] [9    ] [INFO ] [] - Url used to upgrade: https://cdn07.boxcdn.net/BoxEditAutoupdate2.json
[2024-02-17 10:01:54,005] [9    ] [INFO ] [] - ### current version track name: 4.24.0
[2024-02-17 10:01:54,005] [9    ] [WARN ] [] - Track 4.24.0 not found
[2024-02-17 10:01:54,005] [9    ] [INFO ] [] - Track default for upgrade found
[2024-02-17 10:01:54,005] [9    ] [INFO ] [] - RolloutID set to 73
[2024-02-17 10:01:54,005] [9    ] [INFO ] [] - No upgrade available
[2024-02-17 21:12:31,357] [1    ] [INFO ] [] - ========== Box Edit v4.24.0.1029 ==========
[2024-02-17 21:12:31,449] [1    ] [INFO ] [] - Command Line: "C:\Users\金田駿之介\AppData\Local\Box\Box Edit\Box Edit.exe" 
[2024-02-17 21:12:33,726] [1    ] [INFO ] [] - Getting DebugLogging value from CurrentUser
[2024-02-17 21:12:33,726] [1    ] [INFO ] [] - Working with debug logging OFF
[2024-02-17 21:12:34,265] [1    ] [INFO ] [] - Days to keep files in cache set to 7
[2024-02-17 21:12:35,009] [1    ] [INFO ] [] - LocalMachine RegistryKey not set
[2024-02-17 21:12:35,107] [1    ] [INFO ] [] - DeviceId::CheckDeviceId(488): Starting DeviceId generator.
[2024-02-17 21:12:35,109] [1    ] [INFO ] [] - DeviceId::CheckDeviceId(515): Global mutex obtained. Start checking.
[2024-02-17 21:12:36,963] [1    ] [INFO ] [] - DeviceId::RestoreGlobalDeviceData(65): Failed reading global DeviceData from registry: Registry key "SOFTWARE\Box\DeviceId" not found.
[2024-02-17 21:12:37,282] [1    ] [INFO ] [] - DeviceId::RestoreAndValidateLocalProperites(389): Restored local DeviceId
[2024-02-17 21:12:37,282] [1    ] [INFO ] [] - DeviceId::RestoreAndValidateLocalProperites(393): Restored local DeviceData
[2024-02-17 21:12:37,282] [1    ] [INFO ] [] - DeviceId::PerformChecking(452): Checking DeviceData.
[2024-02-17 21:12:37,291] [1    ] [INFO ] [] - DeviceId::PerformChecking(453): DeviceData read from registry: {"ComputerSystemProductUUID":"B4C5DFD1-4333-1CB6-C49D-A3067E9A232A","Version":1}
[2024-02-17 21:12:37,291] [1    ] [INFO ] [] - DeviceId::PerformChecking(454): Generated DeviceData: {"ComputerSystemProductUUID":"B4C5DFD1-4333-1CB6-C49D-A3067E9A232A","Version":1}
[2024-02-17 21:12:38,041] [9    ] [INFO ] [] - .NET Version - installed 533325, expected: 528040
[2024-02-17 21:12:38,049] [9    ] [INFO ] [] - result: True
[2024-02-17 21:12:38,049] [9    ] [INFO ] [] - Checking for upgrades
[2024-02-17 21:12:38,183] [9    ] [INFO ] [] - ### File path for UpgradeState: C:\Users\金田駿之介\AppData\Local\Box\upgrade_state.json
[2024-02-17 21:12:38,325] [1    ] [INFO ] [] - Running pipe server using box_edit_pipe as pipe name
[2024-02-17 21:12:38,350] [1    ] [INFO ] [] - .NET Version: unknown (533325) - 4.0.30319.42000
[2024-02-17 21:12:39,077] [9    ] [INFO ] [] - Url used to upgrade: https://cdn07.boxcdn.net/BoxEditAutoupdate2.json
[2024-02-17 21:12:40,668] [9    ] [INFO ] [] - ### current version track name: 4.24.0
[2024-02-17 21:12:40,668] [9    ] [WARN ] [] - Track 4.24.0 not found
[2024-02-17 21:12:40,668] [9    ] [INFO ] [] - Track default for upgrade found
[2024-02-17 21:12:40,668] [9    ] [INFO ] [] - RolloutID set to 73
[2024-02-17 21:12:40,668] [9    ] [INFO ] [] - No upgrade available
