[2022-12-28 09:49:55,380] [1    ] [INFO ] [] - ========== Box Edit v4.20.0.970 ==========
[2022-12-28 09:49:55,414] [1    ] [INFO ] [] - Command Line: "C:\Users\金田駿之介\AppData\Local\Box\Box Edit\Box Edit.exe" 
[2022-12-28 09:49:57,092] [1    ] [INFO ] [] - Getting DebugLogging value from CurrentUser
[2022-12-28 09:49:57,097] [1    ] [INFO ] [] - Working with debug logging OFF
[2022-12-28 09:49:57,207] [1    ] [INFO ] [] - Days to keep files in cache set to 7
[2022-12-28 09:49:57,661] [1    ] [INFO ] [] - LocalMachine RegistryKey not set
[2022-12-28 09:49:57,772] [1    ] [ERROR] [] - Could not set permissions to C:\Users\金田駿之介\AppData\Local\Box\Box Tools\Metrics\BoxTools_Metrics.db
[2022-12-28 09:49:57,779] [1    ] [ERROR] [] - FileSystemUtils.AddPermissionsToFile on line number [0]  System.IO.FileNotFoundException: C:\Users\金田駿之介\AppData\Local\Box\Box Tools\Metrics\BoxTools_Metrics.db
   場所 System.Security.AccessControl.NativeObjectSecurity.CreateInternal(ResourceType resourceType, Boolean isContainer, String name, SafeHandle handle, AccessControlSections includeSections, Boolean createByName, ExceptionFromErrorCode exceptionFromErrorCode, Object exceptionContext)
   場所 System.Security.AccessControl.FileSystemSecurity..ctor(Boolean isContainer, String name, AccessControlSections includeSections, Boolean isDirectory)
   場所 System.Security.AccessControl.FileSecurity..ctor(String fileName, AccessControlSections includeSections)
   場所 Box.Utilities.Util.FileSystemUtils.AddPermissionsToFile(String filePath, WellKnownSidType account, FileSystemRights permissions)
[2022-12-28 09:49:57,785] [6    ] [INFO ] [] - Checking for upgrades
[2022-12-28 09:49:57,798] [6    ] [INFO ] [] - ### File path for UpgradeState: C:\Users\金田駿之介\AppData\Local\Box\upgrade_state.json
[2022-12-28 09:49:57,887] [1    ] [INFO ] [] - Running pipe server using box_edit_pipe as pipe name
[2022-12-28 09:49:58,008] [1    ] [ERROR] [] - Could not set permissions to C:\Users\金田駿之介\AppData\Local\Box\Box Tools\Metrics\BoxTools_Metrics.db
[2022-12-28 09:49:58,009] [1    ] [ERROR] [] - FileSystemUtils.AddPermissionsToFile on line number [0]  System.IO.FileNotFoundException: C:\Users\金田駿之介\AppData\Local\Box\Box Tools\Metrics\BoxTools_Metrics.db
   場所 System.Security.AccessControl.NativeObjectSecurity.CreateInternal(ResourceType resourceType, Boolean isContainer, String name, SafeHandle handle, AccessControlSections includeSections, Boolean createByName, ExceptionFromErrorCode exceptionFromErrorCode, Object exceptionContext)
   場所 System.Security.AccessControl.FileSystemSecurity..ctor(Boolean isContainer, String name, AccessControlSections includeSections, Boolean isDirectory)
   場所 System.Security.AccessControl.FileSecurity..ctor(String fileName, AccessControlSections includeSections)
   場所 Box.Utilities.Util.FileSystemUtils.AddPermissionsToFile(String filePath, WellKnownSidType account, FileSystemRights permissions)
[2022-12-28 09:49:58,011] [1    ] [INFO ] [] - .NET Version: .NET Framework 4.8 (528372) - 4.0.30319.42000
[2022-12-28 09:49:58,258] [6    ] [INFO ] [] - Url used to upgrade: https://cdn07.boxcdn.net/BoxEditAutoupdate2.json
[2022-12-28 09:49:58,440] [6    ] [INFO ] [] - No track defined, checking against default track
[2022-12-28 09:49:58,441] [6    ] [INFO ] [] - RolloutID set to 61
[2022-12-28 09:49:58,442] [6    ] [INFO ] [] - No upgrade available
[2022-12-28 22:56:03,969] [1    ] [INFO ] [] - ========== Box Edit v4.20.0.970 ==========
[2022-12-28 22:56:04,000] [1    ] [INFO ] [] - Command Line: "C:\Users\金田駿之介\AppData\Local\Box\Box Edit\Box Edit.exe" 
[2022-12-28 22:56:05,593] [1    ] [INFO ] [] - Getting DebugLogging value from CurrentUser
[2022-12-28 22:56:05,593] [1    ] [INFO ] [] - Working with debug logging OFF
[2022-12-28 22:56:05,672] [1    ] [INFO ] [] - Days to keep files in cache set to 7
[2022-12-28 22:56:06,078] [1    ] [INFO ] [] - LocalMachine RegistryKey not set
[2022-12-28 22:56:06,171] [1    ] [ERROR] [] - Could not set permissions to C:\Users\金田駿之介\AppData\Local\Box\Box Tools\Metrics\BoxTools_Metrics.db
[2022-12-28 22:56:06,171] [1    ] [ERROR] [] - FileSystemUtils.AddPermissionsToFile on line number [0]  System.IO.FileNotFoundException: C:\Users\金田駿之介\AppData\Local\Box\Box Tools\Metrics\BoxTools_Metrics.db
   場所 System.Security.AccessControl.NativeObjectSecurity.CreateInternal(ResourceType resourceType, Boolean isContainer, String name, SafeHandle handle, AccessControlSections includeSections, Boolean createByName, ExceptionFromErrorCode exceptionFromErrorCode, Object exceptionContext)
   場所 System.Security.AccessControl.FileSystemSecurity..ctor(Boolean isContainer, String name, AccessControlSections includeSections, Boolean isDirectory)
   場所 System.Security.AccessControl.FileSecurity..ctor(String fileName, AccessControlSections includeSections)
   場所 Box.Utilities.Util.FileSystemUtils.AddPermissionsToFile(String filePath, WellKnownSidType account, FileSystemRights permissions)
[2022-12-28 22:56:06,187] [6    ] [INFO ] [] - Checking for upgrades
[2022-12-28 22:56:06,187] [6    ] [INFO ] [] - ### File path for UpgradeState: C:\Users\金田駿之介\AppData\Local\Box\upgrade_state.json
[2022-12-28 22:56:06,234] [1    ] [INFO ] [] - Running pipe server using box_edit_pipe as pipe name
[2022-12-28 22:56:06,234] [1    ] [ERROR] [] - Could not set permissions to C:\Users\金田駿之介\AppData\Local\Box\Box Tools\Metrics\BoxTools_Metrics.db
[2022-12-28 22:56:06,234] [1    ] [ERROR] [] - FileSystemUtils.AddPermissionsToFile on line number [0]  System.IO.FileNotFoundException: C:\Users\金田駿之介\AppData\Local\Box\Box Tools\Metrics\BoxTools_Metrics.db
   場所 System.Security.AccessControl.NativeObjectSecurity.CreateInternal(ResourceType resourceType, Boolean isContainer, String name, SafeHandle handle, AccessControlSections includeSections, Boolean createByName, ExceptionFromErrorCode exceptionFromErrorCode, Object exceptionContext)
   場所 System.Security.AccessControl.FileSystemSecurity..ctor(Boolean isContainer, String name, AccessControlSections includeSections, Boolean isDirectory)
   場所 System.Security.AccessControl.FileSecurity..ctor(String fileName, AccessControlSections includeSections)
   場所 Box.Utilities.Util.FileSystemUtils.AddPermissionsToFile(String filePath, WellKnownSidType account, FileSystemRights permissions)
[2022-12-28 22:56:06,250] [1    ] [INFO ] [] - .NET Version: .NET Framework 4.8 (528372) - 4.0.30319.42000
[2022-12-28 22:56:06,421] [6    ] [INFO ] [] - Url used to upgrade: https://cdn07.boxcdn.net/BoxEditAutoupdate2.json
[2022-12-28 22:56:06,640] [6    ] [INFO ] [] - No track defined, checking against default track
[2022-12-28 22:56:06,640] [6    ] [INFO ] [] - RolloutID set to 61
[2022-12-28 22:56:06,640] [6    ] [INFO ] [] - No upgrade available
