[2022-02-25 23:10:13,689] [1    ] [INFO ] [] - ========== Box Edit v4.17.0.935 ==========
[2022-02-25 23:10:13,737] [1    ] [INFO ] [] - Command Line: "C:\Users\金田駿之介\AppData\Local\Box\Box Edit\Box Edit.exe" 
[2022-02-25 23:10:15,287] [1    ] [INFO ] [] - Getting DebugLogging value from CurrentUser
[2022-02-25 23:10:15,287] [1    ] [INFO ] [] - Working with debug logging OFF
[2022-02-25 23:10:15,387] [1    ] [INFO ] [] - Days to keep files in cache set to 7
[2022-02-25 23:10:15,863] [1    ] [INFO ] [] - LocalMachine RegistryKey not set
[2022-02-25 23:10:15,946] [1    ] [INFO ] [] - Initializing the metrics collector
[2022-02-25 23:10:16,096] [1    ] [WARN ] [] - MetricsCollector::UpdateConfiguration(374): UpdateConfiguration raised: unable to open database file
[2022-02-25 23:10:16,096] [1    ] [ERROR] [] - MetricsCollector::Initialize(238): Raised: unable to open database file
[2022-02-25 23:10:16,096] [1    ] [ERROR] [] - Failed to initialized metrics collector - error: 6
[2022-02-25 23:10:16,096] [1    ] [ERROR] [] - Could not set permissions to C:\Users\金田駿之介\AppData\Local\Box\Box Tools\Metrics\BoxTools_Metrics.db
[2022-02-25 23:10:16,104] [1    ] [ERROR] [] - FileSystemUtils.AddPermissionsToFile on line number [0]  System.IO.FileNotFoundException: C:\Users\金田駿之介\AppData\Local\Box\Box Tools\Metrics\BoxTools_Metrics.db
   場所 System.Security.AccessControl.NativeObjectSecurity.CreateInternal(ResourceType resourceType, Boolean isContainer, String name, SafeHandle handle, AccessControlSections includeSections, Boolean createByName, ExceptionFromErrorCode exceptionFromErrorCode, Object exceptionContext)
   場所 System.Security.AccessControl.FileSystemSecurity..ctor(Boolean isContainer, String name, AccessControlSections includeSections, Boolean isDirectory)
   場所 System.Security.AccessControl.FileSecurity..ctor(String fileName, AccessControlSections includeSections)
   場所 Box.Utilities.Util.FileSystemUtils.AddPermissionsToFile(String filePath, WellKnownSidType account, FileSystemRights permissions)
[2022-02-25 23:10:16,112] [6    ] [INFO ] [] - Checking for upgrades
[2022-02-25 23:10:16,120] [6    ] [INFO ] [] - Url used to upgrade: https://cdn07.boxcdn.net/BoxEditAutoupdate2.json
[2022-02-25 23:10:16,723] [1    ] [INFO ] [] - Box Local Com Server started by Box Edit
[2022-02-25 23:10:16,780] [1    ] [INFO ] [] - Running pipe server using box_edit_pipe as pipe name
[2022-02-25 23:10:16,797] [1    ] [INFO ] [] - Initializing the metrics collector
[2022-02-25 23:10:16,797] [1    ] [ERROR] [] - MetricsCollector::Initialize(171): Check Failed: !IsConfigured() - Return: MetricResult_InvalidState
[2022-02-25 23:10:16,797] [1    ] [ERROR] [] - Failed to initialized metrics collector - error: 2
[2022-02-25 23:10:16,797] [1    ] [ERROR] [] - Could not set permissions to C:\Users\金田駿之介\AppData\Local\Box\Box Tools\Metrics\BoxTools_Metrics.db
[2022-02-25 23:10:16,797] [1    ] [ERROR] [] - FileSystemUtils.AddPermissionsToFile on line number [0]  System.IO.FileNotFoundException: C:\Users\金田駿之介\AppData\Local\Box\Box Tools\Metrics\BoxTools_Metrics.db
   場所 System.Security.AccessControl.NativeObjectSecurity.CreateInternal(ResourceType resourceType, Boolean isContainer, String name, SafeHandle handle, AccessControlSections includeSections, Boolean createByName, ExceptionFromErrorCode exceptionFromErrorCode, Object exceptionContext)
   場所 System.Security.AccessControl.FileSystemSecurity..ctor(Boolean isContainer, String name, AccessControlSections includeSections, Boolean isDirectory)
   場所 System.Security.AccessControl.FileSecurity..ctor(String fileName, AccessControlSections includeSections)
   場所 Box.Utilities.Util.FileSystemUtils.AddPermissionsToFile(String filePath, WellKnownSidType account, FileSystemRights permissions)
[2022-02-25 23:10:21,825] [10   ] [INFO ] [] - Initializing the metrics collector
[2022-02-25 23:10:21,825] [10   ] [ERROR] [] - MetricsCollector::Initialize(171): Check Failed: !IsConfigured() - Return: MetricResult_InvalidState
[2022-02-25 23:10:21,833] [10   ] [ERROR] [] - Failed to initialized metrics collector - error: 2
[2022-02-25 23:10:22,497] [6    ] [INFO ] [] - No track defined, checking against default track
[2022-02-25 23:10:22,505] [6    ] [INFO ] [] - RolloutID set to 67
[2022-02-25 23:10:22,505] [6    ] [INFO ] [] - No upgrade available
[2022-02-25 23:20:21,899] [15   ] [INFO ] [] - Initializing the metrics collector
[2022-02-25 23:20:21,899] [15   ] [ERROR] [] - MetricsCollector::Initialize(171): Check Failed: !IsConfigured() - Return: MetricResult_InvalidState
[2022-02-25 23:20:21,899] [15   ] [ERROR] [] - Failed to initialized metrics collector - error: 2
[2022-02-25 23:30:21,879] [16   ] [INFO ] [] - Initializing the metrics collector
[2022-02-25 23:30:21,879] [16   ] [ERROR] [] - MetricsCollector::Initialize(171): Check Failed: !IsConfigured() - Return: MetricResult_InvalidState
[2022-02-25 23:30:21,879] [16   ] [ERROR] [] - Failed to initialized metrics collector - error: 2
[2022-02-25 23:40:21,902] [17   ] [INFO ] [] - Initializing the metrics collector
[2022-02-25 23:40:21,902] [17   ] [ERROR] [] - MetricsCollector::Initialize(171): Check Failed: !IsConfigured() - Return: MetricResult_InvalidState
[2022-02-25 23:40:21,902] [17   ] [ERROR] [] - Failed to initialized metrics collector - error: 2
