[2023-11-08 09:45:28,952] [1    ] [INFO ] [] - ========== Box Edit v4.24.0.1029 ==========
[2023-11-08 09:45:28,994] [1    ] [INFO ] [] - Command Line: "C:\Users\金田駿之介\AppData\Local\Box\Box Edit\Box Edit.exe" 
[2023-11-08 09:45:30,422] [1    ] [INFO ] [] - Getting DebugLogging value from CurrentUser
[2023-11-08 09:45:30,422] [1    ] [INFO ] [] - Working with debug logging OFF
[2023-11-08 09:45:30,503] [1    ] [INFO ] [] - Days to keep files in cache set to 7
[2023-11-08 09:45:31,007] [1    ] [INFO ] [] - LocalMachine RegistryKey not set
[2023-11-08 09:45:31,054] [1    ] [INFO ] [] - DeviceId::CheckDeviceId(488): Starting DeviceId generator.
[2023-11-08 09:45:31,054] [1    ] [INFO ] [] - DeviceId::CheckDeviceId(515): Global mutex obtained. Start checking.
[2023-11-08 09:45:31,399] [1    ] [INFO ] [] - DeviceId::RestoreGlobalDeviceData(65): Failed reading global DeviceData from registry: Registry key "SOFTWARE\Box\DeviceId" not found.
[2023-11-08 09:45:31,493] [1    ] [INFO ] [] - DeviceId::RestoreAndValidateLocalProperites(389): Restored local DeviceId
[2023-11-08 09:45:31,493] [1    ] [INFO ] [] - DeviceId::RestoreAndValidateLocalProperites(393): Restored local DeviceData
[2023-11-08 09:45:31,493] [1    ] [INFO ] [] - DeviceId::PerformChecking(452): Checking DeviceData.
[2023-11-08 09:45:31,493] [1    ] [INFO ] [] - DeviceId::PerformChecking(453): DeviceData read from registry: {"ComputerSystemProductUUID":"B4C5DFD1-4333-1CB6-C49D-A3067E9A232A","Version":1}
[2023-11-08 09:45:31,493] [1    ] [INFO ] [] - DeviceId::PerformChecking(454): Generated DeviceData: {"ComputerSystemProductUUID":"B4C5DFD1-4333-1CB6-C49D-A3067E9A232A","Version":1}
[2023-11-08 09:45:31,571] [9    ] [INFO ] [] - .NET Version - installed 533325, expected: 528040
[2023-11-08 09:45:31,571] [9    ] [INFO ] [] - result: True
[2023-11-08 09:45:31,571] [9    ] [INFO ] [] - Checking for upgrades
[2023-11-08 09:45:31,571] [9    ] [INFO ] [] - ### File path for UpgradeState: C:\Users\金田駿之介\AppData\Local\Box\upgrade_state.json
[2023-11-08 09:45:31,634] [1    ] [INFO ] [] - Running pipe server using box_edit_pipe as pipe name
[2023-11-08 09:45:31,649] [1    ] [INFO ] [] - .NET Version: unknown (533325) - 4.0.30319.42000
[2023-11-08 09:45:31,782] [9    ] [INFO ] [] - Url used to upgrade: https://cdn07.boxcdn.net/BoxEditAutoupdate2.json
[2023-11-08 09:45:31,993] [9    ] [INFO ] [] - ### current version track name: 4.24.0
[2023-11-08 09:45:31,993] [9    ] [WARN ] [] - Track 4.24.0 not found
[2023-11-08 09:45:31,993] [9    ] [INFO ] [] - Track default for upgrade found
[2023-11-08 09:45:31,993] [9    ] [INFO ] [] - RolloutID set to 73
[2023-11-08 09:45:31,993] [9    ] [INFO ] [] - No upgrade available
[2023-11-08 19:45:00,461] [1    ] [INFO ] [] - ========== Box Edit v4.24.0.1029 ==========
[2023-11-08 19:45:00,500] [1    ] [INFO ] [] - Command Line: "C:\Users\金田駿之介\AppData\Local\Box\Box Edit\Box Edit.exe" 
[2023-11-08 19:45:01,945] [1    ] [INFO ] [] - Getting DebugLogging value from CurrentUser
[2023-11-08 19:45:01,947] [1    ] [INFO ] [] - Working with debug logging OFF
[2023-11-08 19:45:02,047] [1    ] [INFO ] [] - Days to keep files in cache set to 7
[2023-11-08 19:45:02,521] [1    ] [INFO ] [] - LocalMachine RegistryKey not set
[2023-11-08 19:45:02,561] [1    ] [INFO ] [] - DeviceId::CheckDeviceId(488): Starting DeviceId generator.
[2023-11-08 19:45:02,561] [1    ] [INFO ] [] - DeviceId::CheckDeviceId(515): Global mutex obtained. Start checking.
[2023-11-08 19:45:02,946] [1    ] [INFO ] [] - DeviceId::RestoreGlobalDeviceData(65): Failed reading global DeviceData from registry: Registry key "SOFTWARE\Box\DeviceId" not found.
[2023-11-08 19:45:03,022] [1    ] [INFO ] [] - DeviceId::RestoreAndValidateLocalProperites(389): Restored local DeviceId
[2023-11-08 19:45:03,022] [1    ] [INFO ] [] - DeviceId::RestoreAndValidateLocalProperites(393): Restored local DeviceData
[2023-11-08 19:45:03,027] [1    ] [INFO ] [] - DeviceId::PerformChecking(452): Checking DeviceData.
[2023-11-08 19:45:03,032] [1    ] [INFO ] [] - DeviceId::PerformChecking(453): DeviceData read from registry: {"ComputerSystemProductUUID":"B4C5DFD1-4333-1CB6-C49D-A3067E9A232A","Version":1}
[2023-11-08 19:45:03,032] [1    ] [INFO ] [] - DeviceId::PerformChecking(454): Generated DeviceData: {"ComputerSystemProductUUID":"B4C5DFD1-4333-1CB6-C49D-A3067E9A232A","Version":1}
[2023-11-08 19:45:03,097] [9    ] [INFO ] [] - .NET Version - installed 533325, expected: 528040
[2023-11-08 19:45:03,097] [9    ] [INFO ] [] - result: True
[2023-11-08 19:45:03,097] [9    ] [INFO ] [] - Checking for upgrades
[2023-11-08 19:45:03,107] [9    ] [INFO ] [] - ### File path for UpgradeState: C:\Users\金田駿之介\AppData\Local\Box\upgrade_state.json
[2023-11-08 19:45:03,187] [1    ] [INFO ] [] - Running pipe server using box_edit_pipe as pipe name
[2023-11-08 19:45:03,205] [1    ] [INFO ] [] - .NET Version: unknown (533325) - 4.0.30319.42000
[2023-11-08 19:45:03,372] [9    ] [INFO ] [] - Url used to upgrade: https://cdn07.boxcdn.net/BoxEditAutoupdate2.json
[2023-11-08 19:45:03,532] [9    ] [INFO ] [] - ### current version track name: 4.24.0
[2023-11-08 19:45:03,532] [9    ] [WARN ] [] - Track 4.24.0 not found
[2023-11-08 19:45:03,532] [9    ] [INFO ] [] - Track default for upgrade found
[2023-11-08 19:45:03,537] [9    ] [INFO ] [] - RolloutID set to 73
[2023-11-08 19:45:03,538] [9    ] [INFO ] [] - No upgrade available
[2023-11-08 23:01:46,059] [1    ] [INFO ] [] - ========== Box Edit v4.24.0.1029 ==========
[2023-11-08 23:01:46,106] [1    ] [INFO ] [] - Command Line: "C:\Users\金田駿之介\AppData\Local\Box\Box Edit\Box Edit.exe" 
[2023-11-08 23:01:47,614] [1    ] [INFO ] [] - Getting DebugLogging value from CurrentUser
[2023-11-08 23:01:47,614] [1    ] [INFO ] [] - Working with debug logging OFF
[2023-11-08 23:01:47,755] [1    ] [INFO ] [] - Days to keep files in cache set to 7
[2023-11-08 23:01:48,303] [1    ] [INFO ] [] - LocalMachine RegistryKey not set
[2023-11-08 23:01:48,342] [1    ] [INFO ] [] - DeviceId::CheckDeviceId(488): Starting DeviceId generator.
[2023-11-08 23:01:48,347] [1    ] [INFO ] [] - DeviceId::CheckDeviceId(515): Global mutex obtained. Start checking.
[2023-11-08 23:01:48,612] [1    ] [INFO ] [] - DeviceId::RestoreGlobalDeviceData(65): Failed reading global DeviceData from registry: Registry key "SOFTWARE\Box\DeviceId" not found.
[2023-11-08 23:01:48,693] [1    ] [INFO ] [] - DeviceId::RestoreAndValidateLocalProperites(389): Restored local DeviceId
[2023-11-08 23:01:48,693] [1    ] [INFO ] [] - DeviceId::RestoreAndValidateLocalProperites(393): Restored local DeviceData
[2023-11-08 23:01:48,693] [1    ] [INFO ] [] - DeviceId::PerformChecking(452): Checking DeviceData.
[2023-11-08 23:01:48,703] [1    ] [INFO ] [] - DeviceId::PerformChecking(453): DeviceData read from registry: {"ComputerSystemProductUUID":"B4C5DFD1-4333-1CB6-C49D-A3067E9A232A","Version":1}
[2023-11-08 23:01:48,703] [1    ] [INFO ] [] - DeviceId::PerformChecking(454): Generated DeviceData: {"ComputerSystemProductUUID":"B4C5DFD1-4333-1CB6-C49D-A3067E9A232A","Version":1}
[2023-11-08 23:01:48,758] [9    ] [INFO ] [] - .NET Version - installed 533325, expected: 528040
[2023-11-08 23:01:48,758] [9    ] [INFO ] [] - result: True
[2023-11-08 23:01:48,758] [9    ] [INFO ] [] - Checking for upgrades
[2023-11-08 23:01:48,768] [9    ] [INFO ] [] - ### File path for UpgradeState: C:\Users\金田駿之介\AppData\Local\Box\upgrade_state.json
[2023-11-08 23:01:48,830] [1    ] [INFO ] [] - Running pipe server using box_edit_pipe as pipe name
[2023-11-08 23:01:48,853] [1    ] [INFO ] [] - .NET Version: unknown (533325) - 4.0.30319.42000
[2023-11-08 23:01:49,043] [9    ] [INFO ] [] - Url used to upgrade: https://cdn07.boxcdn.net/BoxEditAutoupdate2.json
[2023-11-08 23:01:49,223] [9    ] [INFO ] [] - ### current version track name: 4.24.0
[2023-11-08 23:01:49,238] [9    ] [WARN ] [] - Track 4.24.0 not found
[2023-11-08 23:01:49,238] [9    ] [INFO ] [] - Track default for upgrade found
[2023-11-08 23:01:49,243] [9    ] [INFO ] [] - RolloutID set to 73
[2023-11-08 23:01:49,243] [9    ] [INFO ] [] - No upgrade available
