[2023-07-08 19:17:17,251] [1    ] [INFO ] [] - ========== Box Edit v4.22.2.1002 ==========
[2023-07-08 19:17:17,303] [1    ] [INFO ] [] - Command Line: "C:\Users\金田駿之介\AppData\Local\Box\Box Edit\Box Edit.exe" 
[2023-07-08 19:17:20,632] [1    ] [INFO ] [] - Getting DebugLogging value from CurrentUser
[2023-07-08 19:17:20,632] [1    ] [INFO ] [] - Working with debug logging OFF
[2023-07-08 19:17:20,730] [1    ] [INFO ] [] - Days to keep files in cache set to 7
[2023-07-08 19:17:21,403] [1    ] [INFO ] [] - LocalMachine RegistryKey not set
[2023-07-08 19:17:21,439] [1    ] [INFO ] [] - DeviceId::CheckDeviceId(488): Starting DeviceId generator.
[2023-07-08 19:17:21,439] [1    ] [INFO ] [] - DeviceId::CheckDeviceId(515): Global mutex obtained. Start checking.
[2023-07-08 19:17:21,846] [1    ] [INFO ] [] - DeviceId::RestoreGlobalDeviceData(65): Failed reading global DeviceData from registry: Registry key "SOFTWARE\Box\DeviceId" not found.
[2023-07-08 19:17:22,048] [1    ] [INFO ] [] - DeviceId::RestoreAndValidateLocalProperites(389): Restored local DeviceId
[2023-07-08 19:17:22,048] [1    ] [INFO ] [] - DeviceId::RestoreAndValidateLocalProperites(393): Restored local DeviceData
[2023-07-08 19:17:22,048] [1    ] [INFO ] [] - DeviceId::PerformChecking(452): Checking DeviceData.
[2023-07-08 19:17:22,095] [1    ] [INFO ] [] - DeviceId::PerformChecking(453): DeviceData read from registry: {"ComputerSystemProductUUID":"B4C5DFD1-4333-1CB6-C49D-A3067E9A232A","Version":1}
[2023-07-08 19:17:22,095] [1    ] [INFO ] [] - DeviceId::PerformChecking(454): Generated DeviceData: {"ComputerSystemProductUUID":"B4C5DFD1-4333-1CB6-C49D-A3067E9A232A","Version":1}
[2023-07-08 19:17:22,143] [1    ] [ERROR] [] - Could not set permissions to C:\Users\金田駿之介\AppData\Local\Box\Box Tools\Metrics\BoxTools_Metrics.db
[2023-07-08 19:17:22,143] [1    ] [ERROR] [] - FileSystemUtils.AddPermissionsToFile on line number [0]  System.IO.FileNotFoundException: C:\Users\金田駿之介\AppData\Local\Box\Box Tools\Metrics\BoxTools_Metrics.db
   場所 System.Security.AccessControl.NativeObjectSecurity.CreateInternal(ResourceType resourceType, Boolean isContainer, String name, SafeHandle handle, AccessControlSections includeSections, Boolean createByName, ExceptionFromErrorCode exceptionFromErrorCode, Object exceptionContext)
   場所 System.Security.AccessControl.FileSystemSecurity..ctor(Boolean isContainer, String name, AccessControlSections includeSections, Boolean isDirectory)
   場所 System.Security.AccessControl.FileSecurity..ctor(String fileName, AccessControlSections includeSections)
   場所 Box.Utilities.Util.FileSystemUtils.AddPermissionsToFile(String filePath, WellKnownSidType account, FileSystemRights permissions)
[2023-07-08 19:17:22,143] [9    ] [INFO ] [] - .NET Version - installed 528372, expected: 528040
[2023-07-08 19:17:22,143] [9    ] [INFO ] [] - result: True
[2023-07-08 19:17:22,143] [9    ] [INFO ] [] - Checking for upgrades
[2023-07-08 19:17:22,162] [9    ] [INFO ] [] - ### File path for UpgradeState: C:\Users\金田駿之介\AppData\Local\Box\upgrade_state.json
[2023-07-08 19:17:22,411] [9    ] [INFO ] [] - Url used to upgrade: https://cdn07.boxcdn.net/BoxEditAutoupdate2.json
[2023-07-08 19:17:22,531] [1    ] [INFO ] [] - Running pipe server using box_edit_pipe as pipe name
[2023-07-08 19:17:22,544] [1    ] [ERROR] [] - Could not set permissions to C:\Users\金田駿之介\AppData\Local\Box\Box Tools\Metrics\BoxTools_Metrics.db
[2023-07-08 19:17:22,544] [1    ] [ERROR] [] - FileSystemUtils.AddPermissionsToFile on line number [0]  System.IO.FileNotFoundException: C:\Users\金田駿之介\AppData\Local\Box\Box Tools\Metrics\BoxTools_Metrics.db
   場所 System.Security.AccessControl.NativeObjectSecurity.CreateInternal(ResourceType resourceType, Boolean isContainer, String name, SafeHandle handle, AccessControlSections includeSections, Boolean createByName, ExceptionFromErrorCode exceptionFromErrorCode, Object exceptionContext)
   場所 System.Security.AccessControl.FileSystemSecurity..ctor(Boolean isContainer, String name, AccessControlSections includeSections, Boolean isDirectory)
   場所 System.Security.AccessControl.FileSecurity..ctor(String fileName, AccessControlSections includeSections)
   場所 Box.Utilities.Util.FileSystemUtils.AddPermissionsToFile(String filePath, WellKnownSidType account, FileSystemRights permissions)
[2023-07-08 19:17:22,551] [1    ] [INFO ] [] - .NET Version: .NET Framework 4.8 (528372) - 4.0.30319.42000
[2023-07-08 19:17:23,164] [9    ] [ERROR] [] - UpgradeService.GetLatestUpgrade on line number [0]  System.Net.WebException: リモート名を解決できませんでした。: 'cdn07.boxcdn.net'
   場所 System.Net.WebClient.DownloadDataInternal(Uri address, WebRequest& request)
   場所 System.Net.WebClient.DownloadString(Uri address)
   場所 System.Net.WebClient.DownloadString(String address)
   場所 Box.Edit.UpgradeService.UpgradeService.GetLatestUpgrade()
[2023-07-08 19:17:23,164] [9    ] [INFO ] [] - .NET Version - installed 528372, expected: 528040
[2023-07-08 19:17:23,164] [9    ] [INFO ] [] - result: True
[2023-07-08 19:17:23,164] [9    ] [INFO ] [] - Checking for upgrades
[2023-07-08 19:17:23,164] [9    ] [INFO ] [] - ### File path for UpgradeState: C:\Users\金田駿之介\AppData\Local\Box\upgrade_state.json
[2023-07-08 19:17:23,170] [9    ] [INFO ] [] - Url used to upgrade: https://cdn07.boxcdn.net/BoxEditAutoupdate2.json
[2023-07-08 19:17:23,175] [9    ] [ERROR] [] - UpgradeService.GetLatestUpgrade on line number [0]  System.Net.WebException: リモート名を解決できませんでした。: 'cdn07.boxcdn.net'
   場所 System.Net.WebClient.DownloadDataInternal(Uri address, WebRequest& request)
   場所 System.Net.WebClient.DownloadString(Uri address)
   場所 System.Net.WebClient.DownloadString(String address)
   場所 Box.Edit.UpgradeService.UpgradeService.GetLatestUpgrade()
[2023-07-08 19:17:23,175] [9    ] [INFO ] [] - .NET Version - installed 528372, expected: 528040
[2023-07-08 19:17:23,175] [9    ] [INFO ] [] - result: True
[2023-07-08 19:17:23,175] [9    ] [INFO ] [] - Checking for upgrades
[2023-07-08 19:17:23,175] [9    ] [INFO ] [] - ### File path for UpgradeState: C:\Users\金田駿之介\AppData\Local\Box\upgrade_state.json
[2023-07-08 19:17:23,179] [9    ] [INFO ] [] - Url used to upgrade: https://cdn07.boxcdn.net/BoxEditAutoupdate2.json
[2023-07-08 19:17:23,184] [9    ] [ERROR] [] - UpgradeService.GetLatestUpgrade on line number [0]  System.Net.WebException: リモート名を解決できませんでした。: 'cdn07.boxcdn.net'
   場所 System.Net.WebClient.DownloadDataInternal(Uri address, WebRequest& request)
   場所 System.Net.WebClient.DownloadString(Uri address)
   場所 System.Net.WebClient.DownloadString(String address)
   場所 Box.Edit.UpgradeService.UpgradeService.GetLatestUpgrade()
[2023-07-08 19:17:23,184] [9    ] [INFO ] [] - .NET Version - installed 528372, expected: 528040
[2023-07-08 19:17:23,184] [9    ] [INFO ] [] - result: True
[2023-07-08 19:17:23,184] [9    ] [INFO ] [] - Checking for upgrades
[2023-07-08 19:17:23,184] [9    ] [INFO ] [] - ### File path for UpgradeState: C:\Users\金田駿之介\AppData\Local\Box\upgrade_state.json
[2023-07-08 19:17:23,189] [9    ] [INFO ] [] - Url used to upgrade: https://cdn07.boxcdn.net/BoxEditAutoupdate2.json
[2023-07-08 19:17:23,194] [9    ] [ERROR] [] - UpgradeService.GetLatestUpgrade on line number [0]  System.Net.WebException: リモート名を解決できませんでした。: 'cdn07.boxcdn.net'
   場所 System.Net.WebClient.DownloadDataInternal(Uri address, WebRequest& request)
   場所 System.Net.WebClient.DownloadString(Uri address)
   場所 System.Net.WebClient.DownloadString(String address)
   場所 Box.Edit.UpgradeService.UpgradeService.GetLatestUpgrade()
[2023-07-08 19:17:23,194] [9    ] [INFO ] [] - .NET Version - installed 528372, expected: 528040
[2023-07-08 19:17:23,194] [9    ] [INFO ] [] - result: True
[2023-07-08 19:17:23,194] [9    ] [INFO ] [] - Checking for upgrades
[2023-07-08 19:17:23,194] [9    ] [INFO ] [] - ### File path for UpgradeState: C:\Users\金田駿之介\AppData\Local\Box\upgrade_state.json
[2023-07-08 19:17:23,199] [9    ] [INFO ] [] - Url used to upgrade: https://cdn07.boxcdn.net/BoxEditAutoupdate2.json
[2023-07-08 19:17:23,202] [9    ] [ERROR] [] - UpgradeService.GetLatestUpgrade on line number [0]  System.Net.WebException: リモート名を解決できませんでした。: 'cdn07.boxcdn.net'
   場所 System.Net.WebClient.DownloadDataInternal(Uri address, WebRequest& request)
   場所 System.Net.WebClient.DownloadString(Uri address)
   場所 System.Net.WebClient.DownloadString(String address)
   場所 Box.Edit.UpgradeService.UpgradeService.GetLatestUpgrade()
[2023-07-08 19:17:23,202] [9    ] [INFO ] [] - .NET Version - installed 528372, expected: 528040
[2023-07-08 19:17:23,202] [9    ] [INFO ] [] - result: True
[2023-07-08 19:17:23,202] [9    ] [INFO ] [] - Checking for upgrades
[2023-07-08 19:17:23,202] [9    ] [INFO ] [] - ### File path for UpgradeState: C:\Users\金田駿之介\AppData\Local\Box\upgrade_state.json
[2023-07-08 19:17:23,202] [9    ] [INFO ] [] - Too many attemps for upgrade
[2023-07-08 21:16:48,666] [1    ] [INFO ] [] - ========== Box Edit v4.22.2.1002 ==========
[2023-07-08 21:16:48,697] [1    ] [INFO ] [] - Command Line: "C:\Users\金田駿之介\AppData\Local\Box\Box Edit\Box Edit.exe" 
[2023-07-08 21:16:49,900] [1    ] [INFO ] [] - Getting DebugLogging value from CurrentUser
[2023-07-08 21:16:49,900] [1    ] [INFO ] [] - Working with debug logging OFF
[2023-07-08 21:16:49,993] [1    ] [INFO ] [] - Days to keep files in cache set to 7
[2023-07-08 21:16:50,415] [1    ] [INFO ] [] - LocalMachine RegistryKey not set
[2023-07-08 21:16:50,462] [1    ] [INFO ] [] - DeviceId::CheckDeviceId(488): Starting DeviceId generator.
[2023-07-08 21:16:50,462] [1    ] [INFO ] [] - DeviceId::CheckDeviceId(515): Global mutex obtained. Start checking.
[2023-07-08 21:16:50,634] [1    ] [INFO ] [] - DeviceId::RestoreGlobalDeviceData(65): Failed reading global DeviceData from registry: Registry key "SOFTWARE\Box\DeviceId" not found.
[2023-07-08 21:16:50,712] [1    ] [INFO ] [] - DeviceId::RestoreAndValidateLocalProperites(389): Restored local DeviceId
[2023-07-08 21:16:50,712] [1    ] [INFO ] [] - DeviceId::RestoreAndValidateLocalProperites(393): Restored local DeviceData
[2023-07-08 21:16:50,712] [1    ] [INFO ] [] - DeviceId::PerformChecking(452): Checking DeviceData.
[2023-07-08 21:16:50,728] [1    ] [INFO ] [] - DeviceId::PerformChecking(453): DeviceData read from registry: {"ComputerSystemProductUUID":"B4C5DFD1-4333-1CB6-C49D-A3067E9A232A","Version":1}
[2023-07-08 21:16:50,728] [1    ] [INFO ] [] - DeviceId::PerformChecking(454): Generated DeviceData: {"ComputerSystemProductUUID":"B4C5DFD1-4333-1CB6-C49D-A3067E9A232A","Version":1}
[2023-07-08 21:16:50,775] [1    ] [ERROR] [] - Could not set permissions to C:\Users\金田駿之介\AppData\Local\Box\Box Tools\Metrics\BoxTools_Metrics.db
[2023-07-08 21:16:50,775] [1    ] [ERROR] [] - FileSystemUtils.AddPermissionsToFile on line number [0]  System.IO.FileNotFoundException: C:\Users\金田駿之介\AppData\Local\Box\Box Tools\Metrics\BoxTools_Metrics.db
   場所 System.Security.AccessControl.NativeObjectSecurity.CreateInternal(ResourceType resourceType, Boolean isContainer, String name, SafeHandle handle, AccessControlSections includeSections, Boolean createByName, ExceptionFromErrorCode exceptionFromErrorCode, Object exceptionContext)
   場所 System.Security.AccessControl.FileSystemSecurity..ctor(Boolean isContainer, String name, AccessControlSections includeSections, Boolean isDirectory)
   場所 System.Security.AccessControl.FileSecurity..ctor(String fileName, AccessControlSections includeSections)
   場所 Box.Utilities.Util.FileSystemUtils.AddPermissionsToFile(String filePath, WellKnownSidType account, FileSystemRights permissions)
[2023-07-08 21:16:50,790] [9    ] [INFO ] [] - .NET Version - installed 528372, expected: 528040
[2023-07-08 21:16:50,790] [9    ] [INFO ] [] - result: True
[2023-07-08 21:16:50,790] [9    ] [INFO ] [] - Checking for upgrades
[2023-07-08 21:16:50,790] [9    ] [INFO ] [] - ### File path for UpgradeState: C:\Users\金田駿之介\AppData\Local\Box\upgrade_state.json
[2023-07-08 21:16:50,837] [1    ] [INFO ] [] - Running pipe server using box_edit_pipe as pipe name
[2023-07-08 21:16:50,837] [1    ] [ERROR] [] - Could not set permissions to C:\Users\金田駿之介\AppData\Local\Box\Box Tools\Metrics\BoxTools_Metrics.db
[2023-07-08 21:16:50,837] [1    ] [ERROR] [] - FileSystemUtils.AddPermissionsToFile on line number [0]  System.IO.FileNotFoundException: C:\Users\金田駿之介\AppData\Local\Box\Box Tools\Metrics\BoxTools_Metrics.db
   場所 System.Security.AccessControl.NativeObjectSecurity.CreateInternal(ResourceType resourceType, Boolean isContainer, String name, SafeHandle handle, AccessControlSections includeSections, Boolean createByName, ExceptionFromErrorCode exceptionFromErrorCode, Object exceptionContext)
   場所 System.Security.AccessControl.FileSystemSecurity..ctor(Boolean isContainer, String name, AccessControlSections includeSections, Boolean isDirectory)
   場所 System.Security.AccessControl.FileSecurity..ctor(String fileName, AccessControlSections includeSections)
   場所 Box.Utilities.Util.FileSystemUtils.AddPermissionsToFile(String filePath, WellKnownSidType account, FileSystemRights permissions)
[2023-07-08 21:16:50,853] [1    ] [INFO ] [] - .NET Version: .NET Framework 4.8 (528372) - 4.0.30319.42000
[2023-07-08 21:16:51,024] [9    ] [INFO ] [] - Url used to upgrade: https://cdn07.boxcdn.net/BoxEditAutoupdate2.json
[2023-07-08 21:16:51,165] [9    ] [INFO ] [] - ### current version track name: 4.22.2
[2023-07-08 21:16:51,165] [9    ] [WARN ] [] - Track 4.22.2 not found
[2023-07-08 21:16:51,165] [9    ] [INFO ] [] - Track default for upgrade found
[2023-07-08 21:16:51,165] [9    ] [INFO ] [] - RolloutID set to 99
[2023-07-08 21:16:51,165] [9    ] [INFO ] [] - Not upgrading because RolloutID is not in range
