[2024-02-14 11:18:37,072] [1    ] [INFO ] [] - ========== Box Edit v4.24.0.1029 ==========
[2024-02-14 11:18:37,174] [1    ] [INFO ] [] - Command Line: "C:\Users\金田駿之介\AppData\Local\Box\Box Edit\Box Edit.exe" 
[2024-02-14 11:18:38,805] [1    ] [INFO ] [] - Getting DebugLogging value from CurrentUser
[2024-02-14 11:18:38,808] [1    ] [INFO ] [] - Working with debug logging OFF
[2024-02-14 11:18:38,974] [1    ] [INFO ] [] - Days to keep files in cache set to 7
[2024-02-14 11:18:39,461] [1    ] [INFO ] [] - LocalMachine RegistryKey not set
[2024-02-14 11:18:39,507] [1    ] [INFO ] [] - DeviceId::CheckDeviceId(488): Starting DeviceId generator.
[2024-02-14 11:18:39,525] [1    ] [INFO ] [] - DeviceId::CheckDeviceId(515): Global mutex obtained. Start checking.
[2024-02-14 11:18:40,954] [1    ] [INFO ] [] - DeviceId::RestoreGlobalDeviceData(65): Failed reading global DeviceData from registry: Registry key "SOFTWARE\Box\DeviceId" not found.
[2024-02-14 11:18:41,240] [1    ] [INFO ] [] - DeviceId::RestoreAndValidateLocalProperites(389): Restored local DeviceId
[2024-02-14 11:18:41,240] [1    ] [INFO ] [] - DeviceId::RestoreAndValidateLocalProperites(393): Restored local DeviceData
[2024-02-14 11:18:41,240] [1    ] [INFO ] [] - DeviceId::PerformChecking(452): Checking DeviceData.
[2024-02-14 11:18:41,240] [1    ] [INFO ] [] - DeviceId::PerformChecking(453): DeviceData read from registry: {"ComputerSystemProductUUID":"B4C5DFD1-4333-1CB6-C49D-A3067E9A232A","Version":1}
[2024-02-14 11:18:41,240] [1    ] [INFO ] [] - DeviceId::PerformChecking(454): Generated DeviceData: {"ComputerSystemProductUUID":"B4C5DFD1-4333-1CB6-C49D-A3067E9A232A","Version":1}
[2024-02-14 11:18:41,934] [9    ] [INFO ] [] - .NET Version - installed 533325, expected: 528040
[2024-02-14 11:18:41,944] [9    ] [INFO ] [] - result: True
[2024-02-14 11:18:41,944] [9    ] [INFO ] [] - Checking for upgrades
[2024-02-14 11:18:42,036] [9    ] [INFO ] [] - ### File path for UpgradeState: C:\Users\金田駿之介\AppData\Local\Box\upgrade_state.json
[2024-02-14 11:18:42,202] [1    ] [INFO ] [] - Running pipe server using box_edit_pipe as pipe name
[2024-02-14 11:18:42,240] [1    ] [INFO ] [] - .NET Version: unknown (533325) - 4.0.30319.42000
[2024-02-14 11:18:42,826] [9    ] [INFO ] [] - Url used to upgrade: https://cdn07.boxcdn.net/BoxEditAutoupdate2.json
[2024-02-14 11:18:43,540] [9    ] [INFO ] [] - ### current version track name: 4.24.0
[2024-02-14 11:18:43,540] [9    ] [WARN ] [] - Track 4.24.0 not found
[2024-02-14 11:18:43,540] [9    ] [INFO ] [] - Track default for upgrade found
[2024-02-14 11:18:43,540] [9    ] [INFO ] [] - RolloutID set to 73
[2024-02-14 11:18:43,540] [9    ] [INFO ] [] - No upgrade available
[2024-02-14 16:10:26,756] [1    ] [INFO ] [] - ========== Box Edit v4.24.0.1029 ==========
[2024-02-14 16:10:26,818] [1    ] [INFO ] [] - Command Line: "C:\Users\金田駿之介\AppData\Local\Box\Box Edit\Box Edit.exe" 
[2024-02-14 16:10:28,459] [1    ] [INFO ] [] - Getting DebugLogging value from CurrentUser
[2024-02-14 16:10:28,459] [1    ] [INFO ] [] - Working with debug logging OFF
[2024-02-14 16:10:28,568] [1    ] [INFO ] [] - Days to keep files in cache set to 7
[2024-02-14 16:10:29,021] [1    ] [INFO ] [] - LocalMachine RegistryKey not set
[2024-02-14 16:10:29,068] [1    ] [INFO ] [] - DeviceId::CheckDeviceId(488): Starting DeviceId generator.
[2024-02-14 16:10:29,068] [1    ] [INFO ] [] - DeviceId::CheckDeviceId(515): Global mutex obtained. Start checking.
[2024-02-14 16:10:29,271] [1    ] [INFO ] [] - DeviceId::RestoreGlobalDeviceData(65): Failed reading global DeviceData from registry: Registry key "SOFTWARE\Box\DeviceId" not found.
[2024-02-14 16:10:29,349] [1    ] [INFO ] [] - DeviceId::RestoreAndValidateLocalProperites(389): Restored local DeviceId
[2024-02-14 16:10:29,349] [1    ] [INFO ] [] - DeviceId::RestoreAndValidateLocalProperites(393): Restored local DeviceData
[2024-02-14 16:10:29,349] [1    ] [INFO ] [] - DeviceId::PerformChecking(452): Checking DeviceData.
[2024-02-14 16:10:29,365] [1    ] [INFO ] [] - DeviceId::PerformChecking(453): DeviceData read from registry: {"ComputerSystemProductUUID":"B4C5DFD1-4333-1CB6-C49D-A3067E9A232A","Version":1}
[2024-02-14 16:10:29,365] [1    ] [INFO ] [] - DeviceId::PerformChecking(454): Generated DeviceData: {"ComputerSystemProductUUID":"B4C5DFD1-4333-1CB6-C49D-A3067E9A232A","Version":1}
[2024-02-14 16:10:29,427] [9    ] [INFO ] [] - .NET Version - installed 533325, expected: 528040
[2024-02-14 16:10:29,427] [9    ] [INFO ] [] - result: True
[2024-02-14 16:10:29,427] [9    ] [INFO ] [] - Checking for upgrades
[2024-02-14 16:10:29,427] [9    ] [INFO ] [] - ### File path for UpgradeState: C:\Users\金田駿之介\AppData\Local\Box\upgrade_state.json
[2024-02-14 16:10:29,474] [1    ] [INFO ] [] - Running pipe server using box_edit_pipe as pipe name
[2024-02-14 16:10:29,490] [1    ] [INFO ] [] - .NET Version: unknown (533325) - 4.0.30319.42000
[2024-02-14 16:10:29,755] [9    ] [INFO ] [] - Url used to upgrade: https://cdn07.boxcdn.net/BoxEditAutoupdate2.json
[2024-02-14 16:10:29,787] [9    ] [ERROR] [] - UpgradeService.GetLatestUpgrade on line number [0]  System.Net.WebException: リモート名を解決できませんでした。: 'cdn07.boxcdn.net'
   場所 System.Net.WebClient.DownloadDataInternal(Uri address, WebRequest& request)
   場所 System.Net.WebClient.DownloadString(Uri address)
   場所 System.Net.WebClient.DownloadString(String address)
   場所 Box.Edit.UpgradeService.UpgradeService.GetLatestUpgrade()
[2024-02-14 16:10:29,787] [9    ] [INFO ] [] - .NET Version - installed 533325, expected: 528040
[2024-02-14 16:10:29,787] [9    ] [INFO ] [] - result: True
[2024-02-14 16:10:29,787] [9    ] [INFO ] [] - Checking for upgrades
[2024-02-14 16:10:29,787] [9    ] [INFO ] [] - ### File path for UpgradeState: C:\Users\金田駿之介\AppData\Local\Box\upgrade_state.json
[2024-02-14 16:10:29,787] [9    ] [INFO ] [] - Url used to upgrade: https://cdn07.boxcdn.net/BoxEditAutoupdate2.json
[2024-02-14 16:10:29,802] [9    ] [ERROR] [] - UpgradeService.GetLatestUpgrade on line number [0]  System.Net.WebException: リモート名を解決できませんでした。: 'cdn07.boxcdn.net'
   場所 System.Net.WebClient.DownloadDataInternal(Uri address, WebRequest& request)
   場所 System.Net.WebClient.DownloadString(Uri address)
   場所 System.Net.WebClient.DownloadString(String address)
   場所 Box.Edit.UpgradeService.UpgradeService.GetLatestUpgrade()
[2024-02-14 16:10:29,802] [9    ] [INFO ] [] - .NET Version - installed 533325, expected: 528040
[2024-02-14 16:10:29,802] [9    ] [INFO ] [] - result: True
[2024-02-14 16:10:29,802] [9    ] [INFO ] [] - Checking for upgrades
[2024-02-14 16:10:29,802] [9    ] [INFO ] [] - ### File path for UpgradeState: C:\Users\金田駿之介\AppData\Local\Box\upgrade_state.json
[2024-02-14 16:10:29,802] [9    ] [INFO ] [] - Url used to upgrade: https://cdn07.boxcdn.net/BoxEditAutoupdate2.json
[2024-02-14 16:10:29,818] [9    ] [ERROR] [] - UpgradeService.GetLatestUpgrade on line number [0]  System.Net.WebException: リモート名を解決できませんでした。: 'cdn07.boxcdn.net'
   場所 System.Net.WebClient.DownloadDataInternal(Uri address, WebRequest& request)
   場所 System.Net.WebClient.DownloadString(Uri address)
   場所 System.Net.WebClient.DownloadString(String address)
   場所 Box.Edit.UpgradeService.UpgradeService.GetLatestUpgrade()
[2024-02-14 16:10:29,818] [9    ] [INFO ] [] - .NET Version - installed 533325, expected: 528040
[2024-02-14 16:10:29,818] [9    ] [INFO ] [] - result: True
[2024-02-14 16:10:29,818] [9    ] [INFO ] [] - Checking for upgrades
[2024-02-14 16:10:29,818] [9    ] [INFO ] [] - ### File path for UpgradeState: C:\Users\金田駿之介\AppData\Local\Box\upgrade_state.json
[2024-02-14 16:10:29,818] [9    ] [INFO ] [] - Url used to upgrade: https://cdn07.boxcdn.net/BoxEditAutoupdate2.json
[2024-02-14 16:10:29,833] [9    ] [ERROR] [] - UpgradeService.GetLatestUpgrade on line number [0]  System.Net.WebException: リモート名を解決できませんでした。: 'cdn07.boxcdn.net'
   場所 System.Net.WebClient.DownloadDataInternal(Uri address, WebRequest& request)
   場所 System.Net.WebClient.DownloadString(Uri address)
   場所 System.Net.WebClient.DownloadString(String address)
   場所 Box.Edit.UpgradeService.UpgradeService.GetLatestUpgrade()
[2024-02-14 16:10:29,833] [9    ] [INFO ] [] - .NET Version - installed 533325, expected: 528040
[2024-02-14 16:10:29,833] [9    ] [INFO ] [] - result: True
[2024-02-14 16:10:29,833] [9    ] [INFO ] [] - Checking for upgrades
[2024-02-14 16:10:29,833] [9    ] [INFO ] [] - ### File path for UpgradeState: C:\Users\金田駿之介\AppData\Local\Box\upgrade_state.json
[2024-02-14 16:10:29,833] [9    ] [INFO ] [] - Url used to upgrade: https://cdn07.boxcdn.net/BoxEditAutoupdate2.json
[2024-02-14 16:10:29,849] [9    ] [ERROR] [] - UpgradeService.GetLatestUpgrade on line number [0]  System.Net.WebException: リモート名を解決できませんでした。: 'cdn07.boxcdn.net'
   場所 System.Net.WebClient.DownloadDataInternal(Uri address, WebRequest& request)
   場所 System.Net.WebClient.DownloadString(Uri address)
   場所 System.Net.WebClient.DownloadString(String address)
   場所 Box.Edit.UpgradeService.UpgradeService.GetLatestUpgrade()
[2024-02-14 16:10:29,849] [9    ] [INFO ] [] - .NET Version - installed 533325, expected: 528040
[2024-02-14 16:10:29,849] [9    ] [INFO ] [] - result: True
[2024-02-14 16:10:29,849] [9    ] [INFO ] [] - Checking for upgrades
[2024-02-14 16:10:29,849] [9    ] [INFO ] [] - ### File path for UpgradeState: C:\Users\金田駿之介\AppData\Local\Box\upgrade_state.json
[2024-02-14 16:10:29,849] [9    ] [INFO ] [] - Too many attemps for upgrade
[2024-02-14 16:10:31,552] [2    ] [ERROR] [] - Program.TaskScheduler_UnobservedTaskException on line number [0]  System.AggregateException: タスクの例外が、タスクの待機によっても、タスクの Exception プロパティへのアクセスによっても監視されませんでした。その結果、監視されていない例外がファイナライザー スレッドによって再スローされました。 ---> System.AggregateException: 1 つ以上のエラーが発生しました。 ---> System.Net.Http.HttpRequestException: この要求の送信中にエラーが発生しました。 ---> System.Net.WebException: リモート名を解決できませんでした。: 'client-log.box.com'
   場所 System.Net.HttpWebRequest.EndGetRequestStream(IAsyncResult asyncResult, TransportContext& context)
   場所 System.Net.Http.HttpClientHandler.GetRequestStreamCallback(IAsyncResult ar)
   --- 内部例外スタック トレースの終わり ---
   --- 内部例外スタック トレースの終わり ---
   場所 System.Threading.Tasks.Task.ThrowIfExceptional(Boolean includeTaskCanceledExceptions)
   場所 System.Threading.Tasks.Task`1.GetResultCore(Boolean waitCompletionNotification)
   場所 System.Threading.Tasks.Task`1.get_Result()
   場所 Box.Metrics.Reporter.MetricsSender.<>c__DisplayClass22_0.<SendMetricToJsonGen204Async>b__0()
   場所 System.Threading.Tasks.Task.InnerInvoke()
   場所 System.Threading.Tasks.Task.Execute()
   --- 内部例外スタック トレースの終わり ---
---> (内部例外 #0) System.AggregateException: 1 つ以上のエラーが発生しました。 ---> System.Net.Http.HttpRequestException: この要求の送信中にエラーが発生しました。 ---> System.Net.WebException: リモート名を解決できませんでした。: 'client-log.box.com'
   場所 System.Net.HttpWebRequest.EndGetRequestStream(IAsyncResult asyncResult, TransportContext& context)
   場所 System.Net.Http.HttpClientHandler.GetRequestStreamCallback(IAsyncResult ar)
   --- 内部例外スタック トレースの終わり ---
   --- 内部例外スタック トレースの終わり ---
   場所 System.Threading.Tasks.Task.ThrowIfExceptional(Boolean includeTaskCanceledExceptions)
   場所 System.Threading.Tasks.Task`1.GetResultCore(Boolean waitCompletionNotification)
   場所 System.Threading.Tasks.Task`1.get_Result()
   場所 Box.Metrics.Reporter.MetricsSender.<>c__DisplayClass22_0.<SendMetricToJsonGen204Async>b__0()
   場所 System.Threading.Tasks.Task.InnerInvoke()
   場所 System.Threading.Tasks.Task.Execute()
---> (内部例外 #0) System.Net.Http.HttpRequestException: この要求の送信中にエラーが発生しました。 ---> System.Net.WebException: リモート名を解決できませんでした。: 'client-log.box.com'
   場所 System.Net.HttpWebRequest.EndGetRequestStream(IAsyncResult asyncResult, TransportContext& context)
   場所 System.Net.Http.HttpClientHandler.GetRequestStreamCallback(IAsyncResult ar)
   --- 内部例外スタック トレースの終わり ---<---
<---

