[2022-02-18 09:15:11,853] [1    ] [INFO ] [] - ========== Box Edit v4.16.1.911 ==========
[2022-02-18 09:15:11,883] [1    ] [INFO ] [] - Command Line: "C:\Users\金田駿之介\AppData\Local\Box\Box Edit\Box Edit.exe" 
[2022-02-18 09:15:14,431] [1    ] [INFO ] [] - Getting DebugLogging value from CurrentUser
[2022-02-18 09:15:14,440] [1    ] [INFO ] [] - Working with debug logging OFF
[2022-02-18 09:15:14,612] [1    ] [INFO ] [] - Days to keep files in cache set to 7
[2022-02-18 09:15:15,255] [1    ] [INFO ] [] - LocalMachine RegistryKey not set
[2022-02-18 09:15:15,448] [1    ] [INFO ] [] - Initializing the metrics collector
[2022-02-18 09:15:15,559] [1    ] [WARN ] [] - MetricsCollector::UpdateConfiguration(374): UpdateConfiguration raised: unable to open database file
[2022-02-18 09:15:15,559] [1    ] [ERROR] [] - MetricsCollector::Initialize(238): Raised: unable to open database file
[2022-02-18 09:15:15,559] [1    ] [ERROR] [] - Failed to initialized metrics collector - error: 6
[2022-02-18 09:15:15,559] [1    ] [ERROR] [] - Could not set permissions to C:\Users\金田駿之介\AppData\Local\Box\Box Tools\Metrics\BoxTools_Metrics.db
[2022-02-18 09:15:15,567] [1    ] [ERROR] [] - FileSystemUtils.AddPermissionsToFile on line number [0]  System.IO.FileNotFoundException: C:\Users\金田駿之介\AppData\Local\Box\Box Tools\Metrics\BoxTools_Metrics.db
   場所 System.Security.AccessControl.NativeObjectSecurity.CreateInternal(ResourceType resourceType, Boolean isContainer, String name, SafeHandle handle, AccessControlSections includeSections, Boolean createByName, ExceptionFromErrorCode exceptionFromErrorCode, Object exceptionContext)
   場所 System.Security.AccessControl.FileSystemSecurity..ctor(Boolean isContainer, String name, AccessControlSections includeSections, Boolean isDirectory)
   場所 System.Security.AccessControl.FileSecurity..ctor(String fileName, AccessControlSections includeSections)
   場所 Box.Utilities.Util.FileSystemUtils.AddPermissionsToFile(String filePath, WellKnownSidType account, FileSystemRights permissions)
[2022-02-18 09:15:15,569] [6    ] [INFO ] [] - Checking for upgrades
[2022-02-18 09:15:15,579] [6    ] [INFO ] [] - Url used to upgrade: https://cdn07.boxcdn.net/BoxEditAutoupdate.json
[2022-02-18 09:15:15,690] [1    ] [INFO ] [] - Running pipe server using box_edit_pipe as pipe name
[2022-02-18 09:15:15,700] [1    ] [INFO ] [] - Initializing the metrics collector
[2022-02-18 09:15:15,700] [1    ] [ERROR] [] - MetricsCollector::Initialize(171): Check Failed: !IsConfigured() - Return: MetricResult_InvalidState
[2022-02-18 09:15:15,700] [1    ] [ERROR] [] - Failed to initialized metrics collector - error: 2
[2022-02-18 09:15:15,700] [1    ] [ERROR] [] - Could not set permissions to C:\Users\金田駿之介\AppData\Local\Box\Box Tools\Metrics\BoxTools_Metrics.db
[2022-02-18 09:15:15,710] [1    ] [ERROR] [] - FileSystemUtils.AddPermissionsToFile on line number [0]  System.IO.FileNotFoundException: C:\Users\金田駿之介\AppData\Local\Box\Box Tools\Metrics\BoxTools_Metrics.db
   場所 System.Security.AccessControl.NativeObjectSecurity.CreateInternal(ResourceType resourceType, Boolean isContainer, String name, SafeHandle handle, AccessControlSections includeSections, Boolean createByName, ExceptionFromErrorCode exceptionFromErrorCode, Object exceptionContext)
   場所 System.Security.AccessControl.FileSystemSecurity..ctor(Boolean isContainer, String name, AccessControlSections includeSections, Boolean isDirectory)
   場所 System.Security.AccessControl.FileSecurity..ctor(String fileName, AccessControlSections includeSections)
   場所 Box.Utilities.Util.FileSystemUtils.AddPermissionsToFile(String filePath, WellKnownSidType account, FileSystemRights permissions)
[2022-02-18 09:15:15,760] [6    ] [ERROR] [] - UpgradeService.GetLatestUpgrade on line number [0]  System.Net.WebException: リモート名を解決できませんでした。: 'cdn07.boxcdn.net'
   場所 System.Net.WebClient.DownloadDataInternal(Uri address, WebRequest& request)
   場所 System.Net.WebClient.DownloadString(Uri address)
   場所 System.Net.WebClient.DownloadString(String address)
   場所 Box.Edit.UpgradeService.UpgradeService.GetLatestUpgrade()
[2022-02-18 09:15:15,770] [6    ] [INFO ] [] - Checking for upgrades
[2022-02-18 09:15:15,770] [6    ] [INFO ] [] - Url used to upgrade: https://cdn07.boxcdn.net/BoxEditAutoupdate.json
[2022-02-18 09:15:15,780] [6    ] [ERROR] [] - UpgradeService.GetLatestUpgrade on line number [0]  System.Net.WebException: リモート名を解決できませんでした。: 'cdn07.boxcdn.net'
   場所 System.Net.WebClient.DownloadDataInternal(Uri address, WebRequest& request)
   場所 System.Net.WebClient.DownloadString(Uri address)
   場所 System.Net.WebClient.DownloadString(String address)
   場所 Box.Edit.UpgradeService.UpgradeService.GetLatestUpgrade()
[2022-02-18 09:15:15,811] [6    ] [INFO ] [] - Checking for upgrades
[2022-02-18 09:15:15,811] [6    ] [INFO ] [] - Url used to upgrade: https://cdn07.boxcdn.net/BoxEditAutoupdate.json
[2022-02-18 09:15:15,821] [6    ] [ERROR] [] - UpgradeService.GetLatestUpgrade on line number [0]  System.Net.WebException: リモート名を解決できませんでした。: 'cdn07.boxcdn.net'
   場所 System.Net.WebClient.DownloadDataInternal(Uri address, WebRequest& request)
   場所 System.Net.WebClient.DownloadString(Uri address)
   場所 System.Net.WebClient.DownloadString(String address)
   場所 Box.Edit.UpgradeService.UpgradeService.GetLatestUpgrade()
[2022-02-18 09:15:15,831] [6    ] [INFO ] [] - Checking for upgrades
[2022-02-18 09:15:15,831] [6    ] [INFO ] [] - Url used to upgrade: https://cdn07.boxcdn.net/BoxEditAutoupdate.json
[2022-02-18 09:15:15,841] [6    ] [ERROR] [] - UpgradeService.GetLatestUpgrade on line number [0]  System.Net.WebException: リモート名を解決できませんでした。: 'cdn07.boxcdn.net'
   場所 System.Net.WebClient.DownloadDataInternal(Uri address, WebRequest& request)
   場所 System.Net.WebClient.DownloadString(Uri address)
   場所 System.Net.WebClient.DownloadString(String address)
   場所 Box.Edit.UpgradeService.UpgradeService.GetLatestUpgrade()
[2022-02-18 09:15:15,841] [6    ] [INFO ] [] - Checking for upgrades
[2022-02-18 09:15:15,849] [6    ] [INFO ] [] - Url used to upgrade: https://cdn07.boxcdn.net/BoxEditAutoupdate.json
[2022-02-18 09:15:15,851] [6    ] [ERROR] [] - UpgradeService.GetLatestUpgrade on line number [0]  System.Net.WebException: リモート名を解決できませんでした。: 'cdn07.boxcdn.net'
   場所 System.Net.WebClient.DownloadDataInternal(Uri address, WebRequest& request)
   場所 System.Net.WebClient.DownloadString(Uri address)
   場所 System.Net.WebClient.DownloadString(String address)
   場所 Box.Edit.UpgradeService.UpgradeService.GetLatestUpgrade()
[2022-02-18 09:15:15,861] [6    ] [INFO ] [] - Checking for upgrades
[2022-02-18 09:15:15,861] [6    ] [INFO ] [] - Too many attemps for upgrade
[2022-02-18 09:15:20,741] [10   ] [INFO ] [] - Initializing the metrics collector
[2022-02-18 09:15:20,741] [10   ] [ERROR] [] - MetricsCollector::Initialize(171): Check Failed: !IsConfigured() - Return: MetricResult_InvalidState
[2022-02-18 09:15:20,741] [10   ] [ERROR] [] - Failed to initialized metrics collector - error: 2
[2022-02-18 09:18:10,755] [7    ] [INFO ] [] - Pipe connected
[2022-02-18 09:18:10,820] [7    ] [INFO ] [] - Closed Pipe
[2022-02-18 09:18:26,089] [7    ] [INFO ] [] - Pipe connected
[2022-02-18 09:18:26,113] [7    ] [INFO ] [] - Closed Pipe
[2022-02-18 09:18:34,086] [7    ] [INFO ] [] - Pipe connected
[2022-02-18 09:18:34,145] [7    ] [INFO ] [] - Closed Pipe
[2022-02-18 09:19:55,662] [7    ] [INFO ] [] - Pipe connected
[2022-02-18 09:19:55,718] [7    ] [INFO ] [] - Closed Pipe
[2022-02-18 09:22:01,240] [7    ] [INFO ] [] - Pipe connected
[2022-02-18 09:22:01,254] [7    ] [INFO ] [] - Closed Pipe
[2022-02-18 09:22:21,116] [7    ] [INFO ] [] - Pipe connected
[2022-02-18 09:22:21,125] [7    ] [INFO ] [] - Closed Pipe
[2022-02-18 09:22:38,282] [7    ] [INFO ] [] - Pipe connected
[2022-02-18 09:22:38,300] [7    ] [INFO ] [] - Closed Pipe
[2022-02-18 09:25:20,738] [22   ] [INFO ] [] - Initializing the metrics collector
[2022-02-18 09:25:20,741] [22   ] [ERROR] [] - MetricsCollector::Initialize(171): Check Failed: !IsConfigured() - Return: MetricResult_InvalidState
[2022-02-18 09:25:20,742] [22   ] [ERROR] [] - Failed to initialized metrics collector - error: 2
[2022-02-18 09:35:20,772] [12   ] [INFO ] [] - Initializing the metrics collector
[2022-02-18 09:35:20,772] [12   ] [ERROR] [] - MetricsCollector::Initialize(171): Check Failed: !IsConfigured() - Return: MetricResult_InvalidState
[2022-02-18 09:35:20,772] [12   ] [ERROR] [] - Failed to initialized metrics collector - error: 2
[2022-02-18 09:51:17,590] [14   ] [INFO ] [] - Initializing the metrics collector
[2022-02-18 09:51:17,592] [14   ] [ERROR] [] - MetricsCollector::Initialize(171): Check Failed: !IsConfigured() - Return: MetricResult_InvalidState
[2022-02-18 09:51:17,593] [14   ] [ERROR] [] - Failed to initialized metrics collector - error: 2
[2022-02-18 10:01:17,609] [15   ] [INFO ] [] - Initializing the metrics collector
[2022-02-18 10:01:17,612] [15   ] [ERROR] [] - MetricsCollector::Initialize(171): Check Failed: !IsConfigured() - Return: MetricResult_InvalidState
[2022-02-18 10:01:17,614] [15   ] [ERROR] [] - Failed to initialized metrics collector - error: 2
[2022-02-18 10:11:17,613] [24   ] [INFO ] [] - Initializing the metrics collector
[2022-02-18 10:11:17,616] [24   ] [ERROR] [] - MetricsCollector::Initialize(171): Check Failed: !IsConfigured() - Return: MetricResult_InvalidState
[2022-02-18 10:11:17,617] [24   ] [ERROR] [] - Failed to initialized metrics collector - error: 2
[2022-02-18 10:21:17,632] [23   ] [INFO ] [] - Initializing the metrics collector
[2022-02-18 10:21:17,634] [23   ] [ERROR] [] - MetricsCollector::Initialize(171): Check Failed: !IsConfigured() - Return: MetricResult_InvalidState
[2022-02-18 10:21:17,640] [23   ] [ERROR] [] - Failed to initialized metrics collector - error: 2
[2022-02-18 10:31:17,648] [25   ] [INFO ] [] - Initializing the metrics collector
[2022-02-18 10:31:17,650] [25   ] [ERROR] [] - MetricsCollector::Initialize(171): Check Failed: !IsConfigured() - Return: MetricResult_InvalidState
[2022-02-18 10:31:17,652] [25   ] [ERROR] [] - Failed to initialized metrics collector - error: 2
[2022-02-18 10:41:17,672] [26   ] [INFO ] [] - Initializing the metrics collector
[2022-02-18 10:41:17,677] [26   ] [ERROR] [] - MetricsCollector::Initialize(171): Check Failed: !IsConfigured() - Return: MetricResult_InvalidState
[2022-02-18 10:41:17,679] [26   ] [ERROR] [] - Failed to initialized metrics collector - error: 2
[2022-02-18 10:51:17,697] [27   ] [INFO ] [] - Initializing the metrics collector
[2022-02-18 10:51:17,704] [27   ] [ERROR] [] - MetricsCollector::Initialize(171): Check Failed: !IsConfigured() - Return: MetricResult_InvalidState
[2022-02-18 10:51:17,707] [27   ] [ERROR] [] - Failed to initialized metrics collector - error: 2
[2022-02-18 11:13:31,423] [1    ] [INFO ] [] - ========== Box Edit v4.16.1.911 ==========
[2022-02-18 11:13:31,454] [1    ] [INFO ] [] - Command Line: "C:\Users\金田駿之介\AppData\Local\Box\Box Edit\Box Edit.exe" 
[2022-02-18 11:13:32,532] [1    ] [INFO ] [] - Getting DebugLogging value from CurrentUser
[2022-02-18 11:13:32,548] [1    ] [INFO ] [] - Working with debug logging OFF
[2022-02-18 11:13:32,594] [1    ] [INFO ] [] - Days to keep files in cache set to 7
[2022-02-18 11:13:32,922] [1    ] [INFO ] [] - LocalMachine RegistryKey not set
[2022-02-18 11:13:32,969] [1    ] [INFO ] [] - Initializing the metrics collector
[2022-02-18 11:13:33,016] [1    ] [WARN ] [] - MetricsCollector::UpdateConfiguration(374): UpdateConfiguration raised: unable to open database file
[2022-02-18 11:13:33,016] [1    ] [ERROR] [] - MetricsCollector::Initialize(238): Raised: unable to open database file
[2022-02-18 11:13:33,016] [1    ] [ERROR] [] - Failed to initialized metrics collector - error: 6
[2022-02-18 11:13:33,016] [1    ] [ERROR] [] - Could not set permissions to C:\Users\金田駿之介\AppData\Local\Box\Box Tools\Metrics\BoxTools_Metrics.db
[2022-02-18 11:13:33,016] [1    ] [ERROR] [] - FileSystemUtils.AddPermissionsToFile on line number [0]  System.IO.FileNotFoundException: C:\Users\金田駿之介\AppData\Local\Box\Box Tools\Metrics\BoxTools_Metrics.db
   場所 System.Security.AccessControl.NativeObjectSecurity.CreateInternal(ResourceType resourceType, Boolean isContainer, String name, SafeHandle handle, AccessControlSections includeSections, Boolean createByName, ExceptionFromErrorCode exceptionFromErrorCode, Object exceptionContext)
   場所 System.Security.AccessControl.FileSystemSecurity..ctor(Boolean isContainer, String name, AccessControlSections includeSections, Boolean isDirectory)
   場所 System.Security.AccessControl.FileSecurity..ctor(String fileName, AccessControlSections includeSections)
   場所 Box.Utilities.Util.FileSystemUtils.AddPermissionsToFile(String filePath, WellKnownSidType account, FileSystemRights permissions)
[2022-02-18 11:13:33,016] [6    ] [INFO ] [] - Checking for upgrades
[2022-02-18 11:13:33,032] [6    ] [INFO ] [] - Url used to upgrade: https://cdn07.boxcdn.net/BoxEditAutoupdate.json
[2022-02-18 11:13:33,063] [1    ] [INFO ] [] - Running pipe server using box_edit_pipe as pipe name
[2022-02-18 11:13:33,063] [1    ] [INFO ] [] - Initializing the metrics collector
[2022-02-18 11:13:33,063] [1    ] [ERROR] [] - MetricsCollector::Initialize(171): Check Failed: !IsConfigured() - Return: MetricResult_InvalidState
[2022-02-18 11:13:33,063] [1    ] [ERROR] [] - Failed to initialized metrics collector - error: 2
[2022-02-18 11:13:33,063] [1    ] [ERROR] [] - Could not set permissions to C:\Users\金田駿之介\AppData\Local\Box\Box Tools\Metrics\BoxTools_Metrics.db
[2022-02-18 11:13:33,063] [1    ] [ERROR] [] - FileSystemUtils.AddPermissionsToFile on line number [0]  System.IO.FileNotFoundException: C:\Users\金田駿之介\AppData\Local\Box\Box Tools\Metrics\BoxTools_Metrics.db
   場所 System.Security.AccessControl.NativeObjectSecurity.CreateInternal(ResourceType resourceType, Boolean isContainer, String name, SafeHandle handle, AccessControlSections includeSections, Boolean createByName, ExceptionFromErrorCode exceptionFromErrorCode, Object exceptionContext)
   場所 System.Security.AccessControl.FileSystemSecurity..ctor(Boolean isContainer, String name, AccessControlSections includeSections, Boolean isDirectory)
   場所 System.Security.AccessControl.FileSecurity..ctor(String fileName, AccessControlSections includeSections)
   場所 Box.Utilities.Util.FileSystemUtils.AddPermissionsToFile(String filePath, WellKnownSidType account, FileSystemRights permissions)
[2022-02-18 11:13:33,476] [6    ] [INFO ] [] - No track defined, checking against default track
[2022-02-18 11:13:33,476] [6    ] [INFO ] [] - RolloutID set to 29
[2022-02-18 11:13:33,476] [6    ] [INFO ] [] - Not upgrading because RolloutID is not in range
[2022-02-18 11:13:38,088] [10   ] [INFO ] [] - Initializing the metrics collector
[2022-02-18 11:13:38,088] [10   ] [ERROR] [] - MetricsCollector::Initialize(171): Check Failed: !IsConfigured() - Return: MetricResult_InvalidState
[2022-02-18 11:13:38,088] [10   ] [ERROR] [] - Failed to initialized metrics collector - error: 2
[2022-02-18 11:42:53,888] [1    ] [INFO ] [] - ========== Box Edit v4.16.1.911 ==========
[2022-02-18 11:42:53,918] [1    ] [INFO ] [] - Command Line: "C:\Users\金田駿之介\AppData\Local\Box\Box Edit\Box Edit.exe" 
[2022-02-18 11:42:54,938] [1    ] [INFO ] [] - Getting DebugLogging value from CurrentUser
[2022-02-18 11:42:54,948] [1    ] [INFO ] [] - Working with debug logging OFF
[2022-02-18 11:42:54,998] [1    ] [INFO ] [] - Days to keep files in cache set to 7
[2022-02-18 11:42:55,278] [1    ] [INFO ] [] - LocalMachine RegistryKey not set
[2022-02-18 11:42:55,328] [1    ] [INFO ] [] - Initializing the metrics collector
[2022-02-18 11:42:55,367] [1    ] [WARN ] [] - MetricsCollector::UpdateConfiguration(374): UpdateConfiguration raised: unable to open database file
[2022-02-18 11:42:55,367] [1    ] [ERROR] [] - MetricsCollector::Initialize(238): Raised: unable to open database file
[2022-02-18 11:42:55,367] [1    ] [ERROR] [] - Failed to initialized metrics collector - error: 6
[2022-02-18 11:42:55,367] [1    ] [ERROR] [] - Could not set permissions to C:\Users\金田駿之介\AppData\Local\Box\Box Tools\Metrics\BoxTools_Metrics.db
[2022-02-18 11:42:55,367] [1    ] [ERROR] [] - FileSystemUtils.AddPermissionsToFile on line number [0]  System.IO.FileNotFoundException: C:\Users\金田駿之介\AppData\Local\Box\Box Tools\Metrics\BoxTools_Metrics.db
   場所 System.Security.AccessControl.NativeObjectSecurity.CreateInternal(ResourceType resourceType, Boolean isContainer, String name, SafeHandle handle, AccessControlSections includeSections, Boolean createByName, ExceptionFromErrorCode exceptionFromErrorCode, Object exceptionContext)
   場所 System.Security.AccessControl.FileSystemSecurity..ctor(Boolean isContainer, String name, AccessControlSections includeSections, Boolean isDirectory)
   場所 System.Security.AccessControl.FileSecurity..ctor(String fileName, AccessControlSections includeSections)
   場所 Box.Utilities.Util.FileSystemUtils.AddPermissionsToFile(String filePath, WellKnownSidType account, FileSystemRights permissions)
[2022-02-18 11:42:55,377] [6    ] [INFO ] [] - Checking for upgrades
[2022-02-18 11:42:55,377] [6    ] [INFO ] [] - Url used to upgrade: https://cdn07.boxcdn.net/BoxEditAutoupdate.json
[2022-02-18 11:42:55,418] [1    ] [INFO ] [] - Running pipe server using box_edit_pipe as pipe name
[2022-02-18 11:42:55,423] [1    ] [INFO ] [] - Initializing the metrics collector
[2022-02-18 11:42:55,423] [1    ] [ERROR] [] - MetricsCollector::Initialize(171): Check Failed: !IsConfigured() - Return: MetricResult_InvalidState
[2022-02-18 11:42:55,423] [1    ] [ERROR] [] - Failed to initialized metrics collector - error: 2
[2022-02-18 11:42:55,423] [1    ] [ERROR] [] - Could not set permissions to C:\Users\金田駿之介\AppData\Local\Box\Box Tools\Metrics\BoxTools_Metrics.db
[2022-02-18 11:42:55,428] [1    ] [ERROR] [] - FileSystemUtils.AddPermissionsToFile on line number [0]  System.IO.FileNotFoundException: C:\Users\金田駿之介\AppData\Local\Box\Box Tools\Metrics\BoxTools_Metrics.db
   場所 System.Security.AccessControl.NativeObjectSecurity.CreateInternal(ResourceType resourceType, Boolean isContainer, String name, SafeHandle handle, AccessControlSections includeSections, Boolean createByName, ExceptionFromErrorCode exceptionFromErrorCode, Object exceptionContext)
   場所 System.Security.AccessControl.FileSystemSecurity..ctor(Boolean isContainer, String name, AccessControlSections includeSections, Boolean isDirectory)
   場所 System.Security.AccessControl.FileSecurity..ctor(String fileName, AccessControlSections includeSections)
   場所 Box.Utilities.Util.FileSystemUtils.AddPermissionsToFile(String filePath, WellKnownSidType account, FileSystemRights permissions)
[2022-02-18 11:42:55,848] [6    ] [INFO ] [] - No track defined, checking against default track
[2022-02-18 11:42:55,848] [6    ] [INFO ] [] - RolloutID set to 29
[2022-02-18 11:42:55,848] [6    ] [INFO ] [] - Not upgrading because RolloutID is not in range
[2022-02-18 11:43:00,452] [10   ] [INFO ] [] - Initializing the metrics collector
[2022-02-18 11:43:00,452] [10   ] [ERROR] [] - MetricsCollector::Initialize(171): Check Failed: !IsConfigured() - Return: MetricResult_InvalidState
[2022-02-18 11:43:00,452] [10   ] [ERROR] [] - Failed to initialized metrics collector - error: 2
[2022-02-18 11:44:29,183] [7    ] [INFO ] [] - Pipe connected
[2022-02-18 11:44:29,218] [7    ] [INFO ] [] - Closed Pipe
[2022-02-18 11:44:55,531] [7    ] [INFO ] [] - Pipe connected
[2022-02-18 11:44:55,592] [7    ] [INFO ] [] - Closed Pipe
[2022-02-18 11:45:15,122] [7    ] [INFO ] [] - Pipe connected
[2022-02-18 11:45:15,157] [7    ] [INFO ] [] - Closed Pipe
[2022-02-18 11:45:29,247] [7    ] [INFO ] [] - Pipe connected
[2022-02-18 11:45:29,258] [7    ] [INFO ] [] - Closed Pipe
[2022-02-18 11:45:33,661] [7    ] [INFO ] [] - Pipe connected
[2022-02-18 11:45:33,728] [7    ] [INFO ] [] - Closed Pipe
[2022-02-18 11:45:49,816] [7    ] [INFO ] [] - Pipe connected
[2022-02-18 11:45:49,855] [7    ] [INFO ] [] - Closed Pipe
[2022-02-18 11:45:53,814] [7    ] [INFO ] [] - Pipe connected
[2022-02-18 11:45:53,833] [7    ] [INFO ] [] - Closed Pipe
[2022-02-18 11:46:03,091] [7    ] [INFO ] [] - Pipe connected
[2022-02-18 11:46:03,109] [7    ] [INFO ] [] - Closed Pipe
[2022-02-18 11:47:04,604] [7    ] [INFO ] [] - Pipe connected
[2022-02-18 11:47:04,620] [7    ] [INFO ] [] - Closed Pipe
[2022-02-18 11:49:28,112] [7    ] [INFO ] [] - Pipe connected
[2022-02-18 11:49:28,122] [7    ] [INFO ] [] - Closed Pipe
[2022-02-18 11:53:00,450] [23   ] [INFO ] [] - Initializing the metrics collector
[2022-02-18 11:53:00,453] [23   ] [ERROR] [] - MetricsCollector::Initialize(171): Check Failed: !IsConfigured() - Return: MetricResult_InvalidState
[2022-02-18 11:53:00,454] [23   ] [ERROR] [] - Failed to initialized metrics collector - error: 2
[2022-02-18 11:53:10,512] [7    ] [INFO ] [] - Pipe connected
[2022-02-18 11:53:10,545] [7    ] [INFO ] [] - Closed Pipe
[2022-02-18 11:53:31,719] [7    ] [INFO ] [] - Pipe connected
[2022-02-18 11:53:31,738] [7    ] [INFO ] [] - Closed Pipe
[2022-02-18 12:01:10,537] [7    ] [INFO ] [] - Pipe connected
[2022-02-18 12:01:10,559] [7    ] [INFO ] [] - Closed Pipe
