[2023-07-22 01:19:20,962] [1    ] [INFO ] [] - ========== Box Edit v4.23.0.1013 ==========
[2023-07-22 01:19:21,003] [1    ] [INFO ] [] - Command Line: "C:\Users\金田駿之介\AppData\Local\Box\Box Edit\Box Edit.exe" 
[2023-07-22 01:19:22,070] [1    ] [INFO ] [] - Getting DebugLogging value from CurrentUser
[2023-07-22 01:19:22,073] [1    ] [INFO ] [] - Working with debug logging OFF
[2023-07-22 01:19:22,132] [1    ] [INFO ] [] - Days to keep files in cache set to 7
[2023-07-22 01:19:22,773] [1    ] [INFO ] [] - LocalMachine RegistryKey not set
[2023-07-22 01:19:22,808] [1    ] [INFO ] [] - DeviceId::CheckDeviceId(488): Starting DeviceId generator.
[2023-07-22 01:19:22,811] [1    ] [INFO ] [] - DeviceId::CheckDeviceId(515): Global mutex obtained. Start checking.
[2023-07-22 01:19:23,070] [1    ] [INFO ] [] - DeviceId::RestoreGlobalDeviceData(65): Failed reading global DeviceData from registry: Registry key "SOFTWARE\Box\DeviceId" not found.
[2023-07-22 01:19:23,156] [1    ] [INFO ] [] - DeviceId::RestoreAndValidateLocalProperites(389): Restored local DeviceId
[2023-07-22 01:19:23,156] [1    ] [INFO ] [] - DeviceId::RestoreAndValidateLocalProperites(393): Restored local DeviceData
[2023-07-22 01:19:23,156] [1    ] [INFO ] [] - DeviceId::PerformChecking(452): Checking DeviceData.
[2023-07-22 01:19:23,172] [1    ] [INFO ] [] - DeviceId::PerformChecking(453): DeviceData read from registry: {"ComputerSystemProductUUID":"B4C5DFD1-4333-1CB6-C49D-A3067E9A232A","Version":1}
[2023-07-22 01:19:23,172] [1    ] [INFO ] [] - DeviceId::PerformChecking(454): Generated DeviceData: {"ComputerSystemProductUUID":"B4C5DFD1-4333-1CB6-C49D-A3067E9A232A","Version":1}
[2023-07-22 01:19:23,212] [1    ] [ERROR] [] - Could not set permissions to C:\Users\金田駿之介\AppData\Local\Box\Box Tools\Metrics\BoxTools_Metrics.db
[2023-07-22 01:19:23,223] [1    ] [ERROR] [] - FileSystemUtils.AddPermissionsToFile on line number [0]  System.IO.FileNotFoundException: C:\Users\金田駿之介\AppData\Local\Box\Box Tools\Metrics\BoxTools_Metrics.db
   場所 System.Security.AccessControl.NativeObjectSecurity.CreateInternal(ResourceType resourceType, Boolean isContainer, String name, SafeHandle handle, AccessControlSections includeSections, Boolean createByName, ExceptionFromErrorCode exceptionFromErrorCode, Object exceptionContext)
   場所 System.Security.AccessControl.FileSystemSecurity..ctor(Boolean isContainer, String name, AccessControlSections includeSections, Boolean isDirectory)
   場所 System.Security.AccessControl.FileSecurity..ctor(String fileName, AccessControlSections includeSections)
   場所 Box.Utilities.Util.FileSystemUtils.AddPermissionsToFile(String filePath, WellKnownSidType account, FileSystemRights permissions)
[2023-07-22 01:19:23,223] [9    ] [INFO ] [] - .NET Version - installed 528372, expected: 528040
[2023-07-22 01:19:23,223] [9    ] [INFO ] [] - result: True
[2023-07-22 01:19:23,223] [9    ] [INFO ] [] - Checking for upgrades
[2023-07-22 01:19:23,239] [9    ] [INFO ] [] - ### File path for UpgradeState: C:\Users\金田駿之介\AppData\Local\Box\upgrade_state.json
[2023-07-22 01:19:23,295] [1    ] [INFO ] [] - Running pipe server using box_edit_pipe as pipe name
[2023-07-22 01:19:23,308] [1    ] [ERROR] [] - Could not set permissions to C:\Users\金田駿之介\AppData\Local\Box\Box Tools\Metrics\BoxTools_Metrics.db
[2023-07-22 01:19:23,309] [1    ] [ERROR] [] - FileSystemUtils.AddPermissionsToFile on line number [0]  System.IO.FileNotFoundException: C:\Users\金田駿之介\AppData\Local\Box\Box Tools\Metrics\BoxTools_Metrics.db
   場所 System.Security.AccessControl.NativeObjectSecurity.CreateInternal(ResourceType resourceType, Boolean isContainer, String name, SafeHandle handle, AccessControlSections includeSections, Boolean createByName, ExceptionFromErrorCode exceptionFromErrorCode, Object exceptionContext)
   場所 System.Security.AccessControl.FileSystemSecurity..ctor(Boolean isContainer, String name, AccessControlSections includeSections, Boolean isDirectory)
   場所 System.Security.AccessControl.FileSecurity..ctor(String fileName, AccessControlSections includeSections)
   場所 Box.Utilities.Util.FileSystemUtils.AddPermissionsToFile(String filePath, WellKnownSidType account, FileSystemRights permissions)
[2023-07-22 01:19:23,333] [1    ] [INFO ] [] - .NET Version: .NET Framework 4.8 (528372) - 4.0.30319.42000
[2023-07-22 01:19:23,554] [9    ] [INFO ] [] - Url used to upgrade: https://cdn07.boxcdn.net/BoxEditAutoupdate2.json
[2023-07-22 01:19:23,826] [9    ] [INFO ] [] - ### current version track name: 4.23.0
[2023-07-22 01:19:23,831] [9    ] [WARN ] [] - Track 4.23.0 not found
[2023-07-22 01:19:23,836] [9    ] [INFO ] [] - Track default for upgrade found
[2023-07-22 01:19:23,838] [9    ] [INFO ] [] - RolloutID set to 42
[2023-07-22 01:19:23,839] [9    ] [INFO ] [] - No upgrade available
[2023-07-22 13:33:17,155] [1    ] [INFO ] [] - ========== Box Edit v4.23.0.1013 ==========
[2023-07-22 13:33:17,264] [1    ] [INFO ] [] - Command Line: "C:\Users\金田駿之介\AppData\Local\Box\Box Edit\Box Edit.exe" 
[2023-07-22 13:33:20,584] [1    ] [INFO ] [] - Getting DebugLogging value from CurrentUser
[2023-07-22 13:33:20,592] [1    ] [INFO ] [] - Working with debug logging OFF
[2023-07-22 13:33:20,785] [1    ] [INFO ] [] - Days to keep files in cache set to 7
[2023-07-22 13:33:21,433] [1    ] [INFO ] [] - LocalMachine RegistryKey not set
[2023-07-22 13:33:21,478] [1    ] [INFO ] [] - DeviceId::CheckDeviceId(488): Starting DeviceId generator.
[2023-07-22 13:33:21,478] [1    ] [INFO ] [] - DeviceId::CheckDeviceId(515): Global mutex obtained. Start checking.
[2023-07-22 13:33:21,734] [1    ] [INFO ] [] - DeviceId::RestoreGlobalDeviceData(65): Failed reading global DeviceData from registry: Registry key "SOFTWARE\Box\DeviceId" not found.
[2023-07-22 13:33:21,848] [1    ] [INFO ] [] - DeviceId::RestoreAndValidateLocalProperites(389): Restored local DeviceId
[2023-07-22 13:33:21,853] [1    ] [INFO ] [] - DeviceId::RestoreAndValidateLocalProperites(393): Restored local DeviceData
[2023-07-22 13:33:21,854] [1    ] [INFO ] [] - DeviceId::PerformChecking(452): Checking DeviceData.
[2023-07-22 13:33:21,878] [1    ] [INFO ] [] - DeviceId::PerformChecking(453): DeviceData read from registry: {"ComputerSystemProductUUID":"B4C5DFD1-4333-1CB6-C49D-A3067E9A232A","Version":1}
[2023-07-22 13:33:21,878] [1    ] [INFO ] [] - DeviceId::PerformChecking(454): Generated DeviceData: {"ComputerSystemProductUUID":"B4C5DFD1-4333-1CB6-C49D-A3067E9A232A","Version":1}
[2023-07-22 13:33:22,077] [1    ] [ERROR] [] - Could not set permissions to C:\Users\金田駿之介\AppData\Local\Box\Box Tools\Metrics\BoxTools_Metrics.db
[2023-07-22 13:33:22,116] [1    ] [ERROR] [] - FileSystemUtils.AddPermissionsToFile on line number [0]  System.IO.FileNotFoundException: C:\Users\金田駿之介\AppData\Local\Box\Box Tools\Metrics\BoxTools_Metrics.db
   場所 System.Security.AccessControl.NativeObjectSecurity.CreateInternal(ResourceType resourceType, Boolean isContainer, String name, SafeHandle handle, AccessControlSections includeSections, Boolean createByName, ExceptionFromErrorCode exceptionFromErrorCode, Object exceptionContext)
   場所 System.Security.AccessControl.FileSystemSecurity..ctor(Boolean isContainer, String name, AccessControlSections includeSections, Boolean isDirectory)
   場所 System.Security.AccessControl.FileSecurity..ctor(String fileName, AccessControlSections includeSections)
   場所 Box.Utilities.Util.FileSystemUtils.AddPermissionsToFile(String filePath, WellKnownSidType account, FileSystemRights permissions)
[2023-07-22 13:33:22,138] [9    ] [INFO ] [] - .NET Version - installed 528372, expected: 528040
[2023-07-22 13:33:22,138] [9    ] [INFO ] [] - result: True
[2023-07-22 13:33:22,138] [9    ] [INFO ] [] - Checking for upgrades
[2023-07-22 13:33:22,158] [9    ] [INFO ] [] - ### File path for UpgradeState: C:\Users\金田駿之介\AppData\Local\Box\upgrade_state.json
[2023-07-22 13:33:22,236] [1    ] [INFO ] [] - Running pipe server using box_edit_pipe as pipe name
[2023-07-22 13:33:22,285] [1    ] [ERROR] [] - Could not set permissions to C:\Users\金田駿之介\AppData\Local\Box\Box Tools\Metrics\BoxTools_Metrics.db
[2023-07-22 13:33:22,285] [1    ] [ERROR] [] - FileSystemUtils.AddPermissionsToFile on line number [0]  System.IO.FileNotFoundException: C:\Users\金田駿之介\AppData\Local\Box\Box Tools\Metrics\BoxTools_Metrics.db
   場所 System.Security.AccessControl.NativeObjectSecurity.CreateInternal(ResourceType resourceType, Boolean isContainer, String name, SafeHandle handle, AccessControlSections includeSections, Boolean createByName, ExceptionFromErrorCode exceptionFromErrorCode, Object exceptionContext)
   場所 System.Security.AccessControl.FileSystemSecurity..ctor(Boolean isContainer, String name, AccessControlSections includeSections, Boolean isDirectory)
   場所 System.Security.AccessControl.FileSecurity..ctor(String fileName, AccessControlSections includeSections)
   場所 Box.Utilities.Util.FileSystemUtils.AddPermissionsToFile(String filePath, WellKnownSidType account, FileSystemRights permissions)
[2023-07-22 13:33:22,315] [1    ] [INFO ] [] - .NET Version: .NET Framework 4.8 (528372) - 4.0.30319.42000
[2023-07-22 13:33:23,231] [9    ] [INFO ] [] - Url used to upgrade: https://cdn07.boxcdn.net/BoxEditAutoupdate2.json
[2023-07-22 13:33:23,701] [9    ] [INFO ] [] - ### current version track name: 4.23.0
[2023-07-22 13:33:23,701] [9    ] [WARN ] [] - Track 4.23.0 not found
[2023-07-22 13:33:23,701] [9    ] [INFO ] [] - Track default for upgrade found
[2023-07-22 13:33:23,701] [9    ] [INFO ] [] - RolloutID set to 42
[2023-07-22 13:33:23,701] [9    ] [INFO ] [] - No upgrade available
