[2023-11-14 16:13:20,335] [1    ] [INFO ] [] - ========== Box Edit v4.24.0.1029 ==========
[2023-11-14 16:13:20,366] [1    ] [INFO ] [] - Command Line: "C:\Users\金田駿之介\AppData\Local\Box\Box Edit\Box Edit.exe" 
[2023-11-14 16:13:21,631] [1    ] [INFO ] [] - Getting DebugLogging value from CurrentUser
[2023-11-14 16:13:21,631] [1    ] [INFO ] [] - Working with debug logging OFF
[2023-11-14 16:13:21,725] [1    ] [INFO ] [] - Days to keep files in cache set to 7
[2023-11-14 16:13:22,272] [1    ] [INFO ] [] - LocalMachine RegistryKey not set
[2023-11-14 16:13:22,319] [1    ] [INFO ] [] - DeviceId::CheckDeviceId(488): Starting DeviceId generator.
[2023-11-14 16:13:22,319] [1    ] [INFO ] [] - DeviceId::CheckDeviceId(515): Global mutex obtained. Start checking.
[2023-11-14 16:13:22,459] [1    ] [INFO ] [] - DeviceId::RestoreGlobalDeviceData(65): Failed reading global DeviceData from registry: Registry key "SOFTWARE\Box\DeviceId" not found.
[2023-11-14 16:13:22,522] [1    ] [INFO ] [] - DeviceId::RestoreAndValidateLocalProperites(389): Restored local DeviceId
[2023-11-14 16:13:22,522] [1    ] [INFO ] [] - DeviceId::RestoreAndValidateLocalProperites(393): Restored local DeviceData
[2023-11-14 16:13:22,522] [1    ] [INFO ] [] - DeviceId::PerformChecking(452): Checking DeviceData.
[2023-11-14 16:13:22,537] [1    ] [INFO ] [] - DeviceId::PerformChecking(453): DeviceData read from registry: {"ComputerSystemProductUUID":"B4C5DFD1-4333-1CB6-C49D-A3067E9A232A","Version":1}
[2023-11-14 16:13:22,537] [1    ] [INFO ] [] - DeviceId::PerformChecking(454): Generated DeviceData: {"ComputerSystemProductUUID":"B4C5DFD1-4333-1CB6-C49D-A3067E9A232A","Version":1}
[2023-11-14 16:13:22,584] [9    ] [INFO ] [] - .NET Version - installed 533325, expected: 528040
[2023-11-14 16:13:22,584] [9    ] [INFO ] [] - result: True
[2023-11-14 16:13:22,584] [9    ] [INFO ] [] - Checking for upgrades
[2023-11-14 16:13:22,584] [9    ] [INFO ] [] - ### File path for UpgradeState: C:\Users\金田駿之介\AppData\Local\Box\upgrade_state.json
[2023-11-14 16:13:22,647] [1    ] [INFO ] [] - Running pipe server using box_edit_pipe as pipe name
[2023-11-14 16:13:22,662] [1    ] [INFO ] [] - .NET Version: unknown (533325) - 4.0.30319.42000
[2023-11-14 16:13:22,834] [9    ] [INFO ] [] - Url used to upgrade: https://cdn07.boxcdn.net/BoxEditAutoupdate2.json
[2023-11-14 16:13:22,850] [9    ] [ERROR] [] - UpgradeService.GetLatestUpgrade on line number [0]  System.Net.WebException: リモート名を解決できませんでした。: 'cdn07.boxcdn.net'
   場所 System.Net.WebClient.DownloadDataInternal(Uri address, WebRequest& request)
   場所 System.Net.WebClient.DownloadString(Uri address)
   場所 System.Net.WebClient.DownloadString(String address)
   場所 Box.Edit.UpgradeService.UpgradeService.GetLatestUpgrade()
[2023-11-14 16:13:22,850] [9    ] [INFO ] [] - .NET Version - installed 533325, expected: 528040
[2023-11-14 16:13:22,850] [9    ] [INFO ] [] - result: True
[2023-11-14 16:13:22,850] [9    ] [INFO ] [] - Checking for upgrades
[2023-11-14 16:13:22,850] [9    ] [INFO ] [] - ### File path for UpgradeState: C:\Users\金田駿之介\AppData\Local\Box\upgrade_state.json
[2023-11-14 16:13:22,850] [9    ] [INFO ] [] - Url used to upgrade: https://cdn07.boxcdn.net/BoxEditAutoupdate2.json
[2023-11-14 16:13:22,865] [9    ] [ERROR] [] - UpgradeService.GetLatestUpgrade on line number [0]  System.Net.WebException: リモート名を解決できませんでした。: 'cdn07.boxcdn.net'
   場所 System.Net.WebClient.DownloadDataInternal(Uri address, WebRequest& request)
   場所 System.Net.WebClient.DownloadString(Uri address)
   場所 System.Net.WebClient.DownloadString(String address)
   場所 Box.Edit.UpgradeService.UpgradeService.GetLatestUpgrade()
[2023-11-14 16:13:22,865] [9    ] [INFO ] [] - .NET Version - installed 533325, expected: 528040
[2023-11-14 16:13:22,865] [9    ] [INFO ] [] - result: True
[2023-11-14 16:13:22,865] [9    ] [INFO ] [] - Checking for upgrades
[2023-11-14 16:13:22,865] [9    ] [INFO ] [] - ### File path for UpgradeState: C:\Users\金田駿之介\AppData\Local\Box\upgrade_state.json
[2023-11-14 16:13:22,865] [9    ] [INFO ] [] - Url used to upgrade: https://cdn07.boxcdn.net/BoxEditAutoupdate2.json
[2023-11-14 16:13:22,865] [9    ] [ERROR] [] - UpgradeService.GetLatestUpgrade on line number [0]  System.Net.WebException: リモート名を解決できませんでした。: 'cdn07.boxcdn.net'
   場所 System.Net.WebClient.DownloadDataInternal(Uri address, WebRequest& request)
   場所 System.Net.WebClient.DownloadString(Uri address)
   場所 System.Net.WebClient.DownloadString(String address)
   場所 Box.Edit.UpgradeService.UpgradeService.GetLatestUpgrade()
[2023-11-14 16:13:22,865] [9    ] [INFO ] [] - .NET Version - installed 533325, expected: 528040
[2023-11-14 16:13:22,865] [9    ] [INFO ] [] - result: True
[2023-11-14 16:13:22,865] [9    ] [INFO ] [] - Checking for upgrades
[2023-11-14 16:13:22,881] [9    ] [INFO ] [] - ### File path for UpgradeState: C:\Users\金田駿之介\AppData\Local\Box\upgrade_state.json
[2023-11-14 16:13:22,881] [9    ] [INFO ] [] - Url used to upgrade: https://cdn07.boxcdn.net/BoxEditAutoupdate2.json
[2023-11-14 16:13:22,881] [9    ] [ERROR] [] - UpgradeService.GetLatestUpgrade on line number [0]  System.Net.WebException: リモート名を解決できませんでした。: 'cdn07.boxcdn.net'
   場所 System.Net.WebClient.DownloadDataInternal(Uri address, WebRequest& request)
   場所 System.Net.WebClient.DownloadString(Uri address)
   場所 System.Net.WebClient.DownloadString(String address)
   場所 Box.Edit.UpgradeService.UpgradeService.GetLatestUpgrade()
[2023-11-14 16:13:22,881] [9    ] [INFO ] [] - .NET Version - installed 533325, expected: 528040
[2023-11-14 16:13:22,881] [9    ] [INFO ] [] - result: True
[2023-11-14 16:13:22,881] [9    ] [INFO ] [] - Checking for upgrades
[2023-11-14 16:13:22,881] [9    ] [INFO ] [] - ### File path for UpgradeState: C:\Users\金田駿之介\AppData\Local\Box\upgrade_state.json
[2023-11-14 16:13:22,881] [9    ] [INFO ] [] - Url used to upgrade: https://cdn07.boxcdn.net/BoxEditAutoupdate2.json
[2023-11-14 16:13:22,897] [9    ] [ERROR] [] - UpgradeService.GetLatestUpgrade on line number [0]  System.Net.WebException: リモート名を解決できませんでした。: 'cdn07.boxcdn.net'
   場所 System.Net.WebClient.DownloadDataInternal(Uri address, WebRequest& request)
   場所 System.Net.WebClient.DownloadString(Uri address)
   場所 System.Net.WebClient.DownloadString(String address)
   場所 Box.Edit.UpgradeService.UpgradeService.GetLatestUpgrade()
[2023-11-14 16:13:22,897] [9    ] [INFO ] [] - .NET Version - installed 533325, expected: 528040
[2023-11-14 16:13:22,897] [9    ] [INFO ] [] - result: True
[2023-11-14 16:13:22,897] [9    ] [INFO ] [] - Checking for upgrades
[2023-11-14 16:13:22,897] [9    ] [INFO ] [] - ### File path for UpgradeState: C:\Users\金田駿之介\AppData\Local\Box\upgrade_state.json
[2023-11-14 16:13:22,897] [9    ] [INFO ] [] - Too many attemps for upgrade
[2023-11-14 16:13:24,099] [2    ] [ERROR] [] - Program.TaskScheduler_UnobservedTaskException on line number [0]  System.AggregateException: タスクの例外が、タスクの待機によっても、タスクの Exception プロパティへのアクセスによっても監視されませんでした。その結果、監視されていない例外がファイナライザー スレッドによって再スローされました。 ---> System.AggregateException: 1 つ以上のエラーが発生しました。 ---> System.Net.Http.HttpRequestException: この要求の送信中にエラーが発生しました。 ---> System.Net.WebException: リモート名を解決できませんでした。: 'client-log.box.com'
   場所 System.Net.HttpWebRequest.EndGetRequestStream(IAsyncResult asyncResult, TransportContext& context)
   場所 System.Net.Http.HttpClientHandler.GetRequestStreamCallback(IAsyncResult ar)
   --- 内部例外スタック トレースの終わり ---
   --- 内部例外スタック トレースの終わり ---
   場所 System.Threading.Tasks.Task.ThrowIfExceptional(Boolean includeTaskCanceledExceptions)
   場所 System.Threading.Tasks.Task`1.GetResultCore(Boolean waitCompletionNotification)
   場所 System.Threading.Tasks.Task`1.get_Result()
   場所 Box.Metrics.Reporter.MetricsSender.<>c__DisplayClass22_0.<SendMetricToJsonGen204Async>b__0()
   場所 System.Threading.Tasks.Task.InnerInvoke()
   場所 System.Threading.Tasks.Task.Execute()
   --- 内部例外スタック トレースの終わり ---
---> (内部例外 #0) System.AggregateException: 1 つ以上のエラーが発生しました。 ---> System.Net.Http.HttpRequestException: この要求の送信中にエラーが発生しました。 ---> System.Net.WebException: リモート名を解決できませんでした。: 'client-log.box.com'
   場所 System.Net.HttpWebRequest.EndGetRequestStream(IAsyncResult asyncResult, TransportContext& context)
   場所 System.Net.Http.HttpClientHandler.GetRequestStreamCallback(IAsyncResult ar)
   --- 内部例外スタック トレースの終わり ---
   --- 内部例外スタック トレースの終わり ---
   場所 System.Threading.Tasks.Task.ThrowIfExceptional(Boolean includeTaskCanceledExceptions)
   場所 System.Threading.Tasks.Task`1.GetResultCore(Boolean waitCompletionNotification)
   場所 System.Threading.Tasks.Task`1.get_Result()
   場所 Box.Metrics.Reporter.MetricsSender.<>c__DisplayClass22_0.<SendMetricToJsonGen204Async>b__0()
   場所 System.Threading.Tasks.Task.InnerInvoke()
   場所 System.Threading.Tasks.Task.Execute()
---> (内部例外 #0) System.Net.Http.HttpRequestException: この要求の送信中にエラーが発生しました。 ---> System.Net.WebException: リモート名を解決できませんでした。: 'client-log.box.com'
   場所 System.Net.HttpWebRequest.EndGetRequestStream(IAsyncResult asyncResult, TransportContext& context)
   場所 System.Net.Http.HttpClientHandler.GetRequestStreamCallback(IAsyncResult ar)
   --- 内部例外スタック トレースの終わり ---<---
<---

