[2024-02-18 00:13:41,547] [1    ] [INFO ] [] - ========== Box Edit v4.24.0.1029 ==========
[2024-02-18 00:13:41,596] [1    ] [INFO ] [] - Command Line: "C:\Users\金田駿之介\AppData\Local\Box\Box Edit\Box Edit.exe" 
[2024-02-18 00:13:47,490] [1    ] [INFO ] [] - Getting DebugLogging value from CurrentUser
[2024-02-18 00:13:47,493] [1    ] [INFO ] [] - Working with debug logging OFF
[2024-02-18 00:13:47,809] [1    ] [INFO ] [] - Days to keep files in cache set to 7
[2024-02-18 00:13:49,208] [1    ] [INFO ] [] - LocalMachine RegistryKey not set
[2024-02-18 00:13:49,331] [1    ] [INFO ] [] - DeviceId::CheckDeviceId(488): Starting DeviceId generator.
[2024-02-18 00:13:49,345] [1    ] [INFO ] [] - DeviceId::CheckDeviceId(515): Global mutex obtained. Start checking.
[2024-02-18 00:13:50,087] [1    ] [INFO ] [] - DeviceId::RestoreGlobalDeviceData(65): Failed reading global DeviceData from registry: Registry key "SOFTWARE\Box\DeviceId" not found.
[2024-02-18 00:13:51,190] [1    ] [INFO ] [] - DeviceId::RestoreAndValidateLocalProperites(389): Restored local DeviceId
[2024-02-18 00:13:51,190] [1    ] [INFO ] [] - DeviceId::RestoreAndValidateLocalProperites(393): Restored local DeviceData
[2024-02-18 00:13:51,190] [1    ] [INFO ] [] - DeviceId::PerformChecking(452): Checking DeviceData.
[2024-02-18 00:13:51,714] [1    ] [INFO ] [] - DeviceId::PerformChecking(453): DeviceData read from registry: {"ComputerSystemProductUUID":"B4C5DFD1-4333-1CB6-C49D-A3067E9A232A","Version":1}
[2024-02-18 00:13:51,715] [1    ] [INFO ] [] - DeviceId::PerformChecking(454): Generated DeviceData: {"ComputerSystemProductUUID":"B4C5DFD1-4333-1CB6-C49D-A3067E9A232A","Version":1}
[2024-02-18 00:13:52,505] [9    ] [INFO ] [] - .NET Version - installed 533325, expected: 528040
[2024-02-18 00:13:52,534] [9    ] [INFO ] [] - result: True
[2024-02-18 00:13:52,535] [9    ] [INFO ] [] - Checking for upgrades
[2024-02-18 00:13:52,564] [9    ] [INFO ] [] - ### File path for UpgradeState: C:\Users\金田駿之介\AppData\Local\Box\upgrade_state.json
[2024-02-18 00:13:53,041] [1    ] [INFO ] [] - Running pipe server using box_edit_pipe as pipe name
[2024-02-18 00:13:53,062] [1    ] [INFO ] [] - .NET Version: unknown (533325) - 4.0.30319.42000
[2024-02-18 00:13:53,099] [9    ] [INFO ] [] - Url used to upgrade: https://cdn07.boxcdn.net/BoxEditAutoupdate2.json
[2024-02-18 00:13:53,663] [9    ] [INFO ] [] - ### current version track name: 4.24.0
[2024-02-18 00:13:53,667] [9    ] [WARN ] [] - Track 4.24.0 not found
[2024-02-18 00:13:53,668] [9    ] [INFO ] [] - Track default for upgrade found
[2024-02-18 00:13:53,668] [9    ] [INFO ] [] - RolloutID set to 73
[2024-02-18 00:13:53,669] [9    ] [INFO ] [] - No upgrade available
[2024-02-18 10:25:02,710] [1    ] [INFO ] [] - ========== Box Edit v4.24.0.1029 ==========
[2024-02-18 10:25:02,839] [1    ] [INFO ] [] - Command Line: "C:\Users\金田駿之介\AppData\Local\Box\Box Edit\Box Edit.exe" 
[2024-02-18 10:25:10,082] [1    ] [INFO ] [] - Getting DebugLogging value from CurrentUser
[2024-02-18 10:25:10,084] [1    ] [INFO ] [] - Working with debug logging OFF
[2024-02-18 10:25:10,401] [1    ] [INFO ] [] - Days to keep files in cache set to 7
[2024-02-18 10:25:14,273] [1    ] [INFO ] [] - LocalMachine RegistryKey not set
[2024-02-18 10:25:14,359] [1    ] [INFO ] [] - DeviceId::CheckDeviceId(488): Starting DeviceId generator.
[2024-02-18 10:25:14,386] [1    ] [INFO ] [] - DeviceId::CheckDeviceId(515): Global mutex obtained. Start checking.
[2024-02-18 10:25:15,314] [1    ] [INFO ] [] - DeviceId::RestoreGlobalDeviceData(65): Failed reading global DeviceData from registry: Registry key "SOFTWARE\Box\DeviceId" not found.
[2024-02-18 10:25:15,534] [1    ] [INFO ] [] - DeviceId::RestoreAndValidateLocalProperites(389): Restored local DeviceId
[2024-02-18 10:25:15,534] [1    ] [INFO ] [] - DeviceId::RestoreAndValidateLocalProperites(393): Restored local DeviceData
[2024-02-18 10:25:15,535] [1    ] [INFO ] [] - DeviceId::PerformChecking(452): Checking DeviceData.
[2024-02-18 10:25:15,537] [1    ] [INFO ] [] - DeviceId::PerformChecking(453): DeviceData read from registry: {"ComputerSystemProductUUID":"B4C5DFD1-4333-1CB6-C49D-A3067E9A232A","Version":1}
[2024-02-18 10:25:15,538] [1    ] [INFO ] [] - DeviceId::PerformChecking(454): Generated DeviceData: {"ComputerSystemProductUUID":"B4C5DFD1-4333-1CB6-C49D-A3067E9A232A","Version":1}
[2024-02-18 10:25:15,880] [9    ] [INFO ] [] - .NET Version - installed 533325, expected: 528040
[2024-02-18 10:25:15,881] [9    ] [INFO ] [] - result: True
[2024-02-18 10:25:15,881] [9    ] [INFO ] [] - Checking for upgrades
[2024-02-18 10:25:15,891] [9    ] [INFO ] [] - ### File path for UpgradeState: C:\Users\金田駿之介\AppData\Local\Box\upgrade_state.json
[2024-02-18 10:25:15,961] [1    ] [INFO ] [] - Running pipe server using box_edit_pipe as pipe name
[2024-02-18 10:25:15,976] [1    ] [INFO ] [] - .NET Version: unknown (533325) - 4.0.30319.42000
[2024-02-18 10:25:16,457] [9    ] [INFO ] [] - Url used to upgrade: https://cdn07.boxcdn.net/BoxEditAutoupdate2.json
[2024-02-18 10:25:16,727] [9    ] [INFO ] [] - ### current version track name: 4.24.0
[2024-02-18 10:25:16,727] [9    ] [WARN ] [] - Track 4.24.0 not found
[2024-02-18 10:25:16,727] [9    ] [INFO ] [] - Track default for upgrade found
[2024-02-18 10:25:16,727] [9    ] [INFO ] [] - RolloutID set to 73
[2024-02-18 10:25:16,727] [9    ] [INFO ] [] - No upgrade available
