[2022-03-08 09:21:29,136] [1    ] [INFO ] [] - ========== Box Edit v4.17.0.935 ==========
[2022-03-08 09:21:29,176] [1    ] [INFO ] [] - Command Line: "C:\Users\金田駿之介\AppData\Local\Box\Box Edit\Box Edit.exe" 
[2022-03-08 09:21:31,165] [1    ] [INFO ] [] - Getting DebugLogging value from CurrentUser
[2022-03-08 09:21:31,165] [1    ] [INFO ] [] - Working with debug logging OFF
[2022-03-08 09:21:31,321] [1    ] [INFO ] [] - Days to keep files in cache set to 7
[2022-03-08 09:21:31,859] [1    ] [INFO ] [] - LocalMachine RegistryKey not set
[2022-03-08 09:21:32,072] [1    ] [INFO ] [] - Initializing the metrics collector
[2022-03-08 09:21:32,181] [1    ] [WARN ] [] - MetricsCollector::UpdateConfiguration(374): UpdateConfiguration raised: unable to open database file
[2022-03-08 09:21:32,188] [1    ] [ERROR] [] - MetricsCollector::Initialize(238): Raised: unable to open database file
[2022-03-08 09:21:32,188] [1    ] [ERROR] [] - Failed to initialized metrics collector - error: 6
[2022-03-08 09:21:32,191] [1    ] [ERROR] [] - Could not set permissions to C:\Users\金田駿之介\AppData\Local\Box\Box Tools\Metrics\BoxTools_Metrics.db
[2022-03-08 09:21:32,191] [1    ] [ERROR] [] - FileSystemUtils.AddPermissionsToFile on line number [0]  System.IO.FileNotFoundException: C:\Users\金田駿之介\AppData\Local\Box\Box Tools\Metrics\BoxTools_Metrics.db
   場所 System.Security.AccessControl.NativeObjectSecurity.CreateInternal(ResourceType resourceType, Boolean isContainer, String name, SafeHandle handle, AccessControlSections includeSections, Boolean createByName, ExceptionFromErrorCode exceptionFromErrorCode, Object exceptionContext)
   場所 System.Security.AccessControl.FileSystemSecurity..ctor(Boolean isContainer, String name, AccessControlSections includeSections, Boolean isDirectory)
   場所 System.Security.AccessControl.FileSecurity..ctor(String fileName, AccessControlSections includeSections)
   場所 Box.Utilities.Util.FileSystemUtils.AddPermissionsToFile(String filePath, WellKnownSidType account, FileSystemRights permissions)
[2022-03-08 09:21:32,191] [6    ] [INFO ] [] - Checking for upgrades
[2022-03-08 09:21:32,214] [6    ] [INFO ] [] - Url used to upgrade: https://cdn07.boxcdn.net/BoxEditAutoupdate2.json
[2022-03-08 09:21:32,295] [1    ] [INFO ] [] - Running pipe server using box_edit_pipe as pipe name
[2022-03-08 09:21:32,314] [1    ] [INFO ] [] - Initializing the metrics collector
[2022-03-08 09:21:32,314] [1    ] [ERROR] [] - MetricsCollector::Initialize(171): Check Failed: !IsConfigured() - Return: MetricResult_InvalidState
[2022-03-08 09:21:32,314] [1    ] [ERROR] [] - Failed to initialized metrics collector - error: 2
[2022-03-08 09:21:32,320] [1    ] [ERROR] [] - Could not set permissions to C:\Users\金田駿之介\AppData\Local\Box\Box Tools\Metrics\BoxTools_Metrics.db
[2022-03-08 09:21:32,320] [1    ] [ERROR] [] - FileSystemUtils.AddPermissionsToFile on line number [0]  System.IO.FileNotFoundException: C:\Users\金田駿之介\AppData\Local\Box\Box Tools\Metrics\BoxTools_Metrics.db
   場所 System.Security.AccessControl.NativeObjectSecurity.CreateInternal(ResourceType resourceType, Boolean isContainer, String name, SafeHandle handle, AccessControlSections includeSections, Boolean createByName, ExceptionFromErrorCode exceptionFromErrorCode, Object exceptionContext)
   場所 System.Security.AccessControl.FileSystemSecurity..ctor(Boolean isContainer, String name, AccessControlSections includeSections, Boolean isDirectory)
   場所 System.Security.AccessControl.FileSecurity..ctor(String fileName, AccessControlSections includeSections)
   場所 Box.Utilities.Util.FileSystemUtils.AddPermissionsToFile(String filePath, WellKnownSidType account, FileSystemRights permissions)
[2022-03-08 09:21:33,459] [6    ] [INFO ] [] - No track defined, checking against default track
[2022-03-08 09:21:33,464] [6    ] [INFO ] [] - RolloutID set to 67
[2022-03-08 09:21:33,464] [6    ] [INFO ] [] - No upgrade available
[2022-03-08 09:21:37,336] [10   ] [INFO ] [] - Initializing the metrics collector
[2022-03-08 09:21:37,336] [10   ] [ERROR] [] - MetricsCollector::Initialize(171): Check Failed: !IsConfigured() - Return: MetricResult_InvalidState
[2022-03-08 09:21:37,336] [10   ] [ERROR] [] - Failed to initialized metrics collector - error: 2
[2022-03-08 09:31:37,348] [15   ] [INFO ] [] - Initializing the metrics collector
[2022-03-08 09:31:37,351] [15   ] [ERROR] [] - MetricsCollector::Initialize(171): Check Failed: !IsConfigured() - Return: MetricResult_InvalidState
[2022-03-08 09:31:37,353] [15   ] [ERROR] [] - Failed to initialized metrics collector - error: 2
[2022-03-08 09:41:37,351] [16   ] [INFO ] [] - Initializing the metrics collector
[2022-03-08 09:41:37,354] [16   ] [ERROR] [] - MetricsCollector::Initialize(171): Check Failed: !IsConfigured() - Return: MetricResult_InvalidState
[2022-03-08 09:41:37,355] [16   ] [ERROR] [] - Failed to initialized metrics collector - error: 2
[2022-03-08 09:51:37,374] [12   ] [INFO ] [] - Initializing the metrics collector
[2022-03-08 09:51:37,378] [12   ] [ERROR] [] - MetricsCollector::Initialize(171): Check Failed: !IsConfigured() - Return: MetricResult_InvalidState
[2022-03-08 09:51:37,379] [12   ] [ERROR] [] - Failed to initialized metrics collector - error: 2
[2022-03-08 10:01:37,382] [17   ] [INFO ] [] - Initializing the metrics collector
[2022-03-08 10:01:37,385] [17   ] [ERROR] [] - MetricsCollector::Initialize(171): Check Failed: !IsConfigured() - Return: MetricResult_InvalidState
[2022-03-08 10:01:37,387] [17   ] [ERROR] [] - Failed to initialized metrics collector - error: 2
[2022-03-08 10:11:37,403] [18   ] [INFO ] [] - Initializing the metrics collector
[2022-03-08 10:11:37,404] [18   ] [ERROR] [] - MetricsCollector::Initialize(171): Check Failed: !IsConfigured() - Return: MetricResult_InvalidState
[2022-03-08 10:11:37,406] [18   ] [ERROR] [] - Failed to initialized metrics collector - error: 2
[2022-03-08 10:21:37,414] [19   ] [INFO ] [] - Initializing the metrics collector
[2022-03-08 10:21:37,421] [19   ] [ERROR] [] - MetricsCollector::Initialize(171): Check Failed: !IsConfigured() - Return: MetricResult_InvalidState
[2022-03-08 10:21:37,431] [19   ] [ERROR] [] - Failed to initialized metrics collector - error: 2
[2022-03-08 10:31:37,420] [20   ] [INFO ] [] - Initializing the metrics collector
[2022-03-08 10:31:37,425] [20   ] [ERROR] [] - MetricsCollector::Initialize(171): Check Failed: !IsConfigured() - Return: MetricResult_InvalidState
[2022-03-08 10:31:37,427] [20   ] [ERROR] [] - Failed to initialized metrics collector - error: 2
[2022-03-08 10:41:37,421] [21   ] [INFO ] [] - Initializing the metrics collector
[2022-03-08 10:41:37,423] [21   ] [ERROR] [] - MetricsCollector::Initialize(171): Check Failed: !IsConfigured() - Return: MetricResult_InvalidState
[2022-03-08 10:41:37,425] [21   ] [ERROR] [] - Failed to initialized metrics collector - error: 2
[2022-03-08 10:51:37,426] [22   ] [INFO ] [] - Initializing the metrics collector
[2022-03-08 10:51:37,428] [22   ] [ERROR] [] - MetricsCollector::Initialize(171): Check Failed: !IsConfigured() - Return: MetricResult_InvalidState
[2022-03-08 10:51:37,429] [22   ] [ERROR] [] - Failed to initialized metrics collector - error: 2
[2022-03-08 11:01:37,453] [23   ] [INFO ] [] - Initializing the metrics collector
[2022-03-08 11:01:37,460] [23   ] [ERROR] [] - MetricsCollector::Initialize(171): Check Failed: !IsConfigured() - Return: MetricResult_InvalidState
[2022-03-08 11:01:37,464] [23   ] [ERROR] [] - Failed to initialized metrics collector - error: 2
[2022-03-08 20:40:39,929] [26   ] [INFO ] [] - Initializing the metrics collector
[2022-03-08 20:40:39,931] [26   ] [ERROR] [] - MetricsCollector::Initialize(171): Check Failed: !IsConfigured() - Return: MetricResult_InvalidState
[2022-03-08 20:40:39,932] [26   ] [ERROR] [] - Failed to initialized metrics collector - error: 2
[2022-03-08 20:50:39,932] [27   ] [INFO ] [] - Initializing the metrics collector
[2022-03-08 20:50:39,936] [27   ] [ERROR] [] - MetricsCollector::Initialize(171): Check Failed: !IsConfigured() - Return: MetricResult_InvalidState
[2022-03-08 20:50:39,939] [27   ] [ERROR] [] - Failed to initialized metrics collector - error: 2
