[2023-06-24 09:51:26,649] [1    ] [INFO ] [] - ========== Box Edit v4.22.2.1002 ==========
[2023-06-24 09:51:26,696] [1    ] [INFO ] [] - Command Line: "C:\Users\金田駿之介\AppData\Local\Box\Box Edit\Box Edit.exe" 
[2023-06-24 09:51:28,050] [1    ] [INFO ] [] - Getting DebugLogging value from CurrentUser
[2023-06-24 09:51:28,050] [1    ] [INFO ] [] - Working with debug logging OFF
[2023-06-24 09:51:28,144] [1    ] [INFO ] [] - Days to keep files in cache set to 7
[2023-06-24 09:51:29,862] [1    ] [INFO ] [] - LocalMachine RegistryKey not set
[2023-06-24 09:51:29,909] [1    ] [INFO ] [] - DeviceId::CheckDeviceId(488): Starting DeviceId generator.
[2023-06-24 09:51:29,909] [1    ] [INFO ] [] - DeviceId::CheckDeviceId(515): Global mutex obtained. Start checking.
[2023-06-24 09:51:30,112] [1    ] [INFO ] [] - DeviceId::RestoreGlobalDeviceData(65): Failed reading global DeviceData from registry: Registry key "SOFTWARE\Box\DeviceId" not found.
[2023-06-24 09:51:30,237] [1    ] [INFO ] [] - DeviceId::RestoreAndValidateLocalProperites(389): Restored local DeviceId
[2023-06-24 09:51:30,237] [1    ] [INFO ] [] - DeviceId::RestoreAndValidateLocalProperites(393): Restored local DeviceData
[2023-06-24 09:51:30,237] [1    ] [INFO ] [] - DeviceId::PerformChecking(452): Checking DeviceData.
[2023-06-24 09:51:30,268] [1    ] [INFO ] [] - DeviceId::PerformChecking(453): DeviceData read from registry: {"ComputerSystemProductUUID":"B4C5DFD1-4333-1CB6-C49D-A3067E9A232A","Version":1}
[2023-06-24 09:51:30,268] [1    ] [INFO ] [] - DeviceId::PerformChecking(454): Generated DeviceData: {"ComputerSystemProductUUID":"B4C5DFD1-4333-1CB6-C49D-A3067E9A232A","Version":1}
[2023-06-24 09:51:30,346] [1    ] [ERROR] [] - Could not set permissions to C:\Users\金田駿之介\AppData\Local\Box\Box Tools\Metrics\BoxTools_Metrics.db
[2023-06-24 09:51:30,362] [1    ] [ERROR] [] - FileSystemUtils.AddPermissionsToFile on line number [0]  System.IO.FileNotFoundException: C:\Users\金田駿之介\AppData\Local\Box\Box Tools\Metrics\BoxTools_Metrics.db
   場所 System.Security.AccessControl.NativeObjectSecurity.CreateInternal(ResourceType resourceType, Boolean isContainer, String name, SafeHandle handle, AccessControlSections includeSections, Boolean createByName, ExceptionFromErrorCode exceptionFromErrorCode, Object exceptionContext)
   場所 System.Security.AccessControl.FileSystemSecurity..ctor(Boolean isContainer, String name, AccessControlSections includeSections, Boolean isDirectory)
   場所 System.Security.AccessControl.FileSecurity..ctor(String fileName, AccessControlSections includeSections)
   場所 Box.Utilities.Util.FileSystemUtils.AddPermissionsToFile(String filePath, WellKnownSidType account, FileSystemRights permissions)
[2023-06-24 09:51:30,377] [9    ] [INFO ] [] - .NET Version - installed 528372, expected: 528040
[2023-06-24 09:51:30,377] [9    ] [INFO ] [] - result: True
[2023-06-24 09:51:30,377] [9    ] [INFO ] [] - Checking for upgrades
[2023-06-24 09:51:30,393] [9    ] [INFO ] [] - ### File path for UpgradeState: C:\Users\金田駿之介\AppData\Local\Box\upgrade_state.json
[2023-06-24 09:51:30,502] [1    ] [INFO ] [] - Running pipe server using box_edit_pipe as pipe name
[2023-06-24 09:51:30,518] [1    ] [ERROR] [] - Could not set permissions to C:\Users\金田駿之介\AppData\Local\Box\Box Tools\Metrics\BoxTools_Metrics.db
[2023-06-24 09:51:30,534] [1    ] [ERROR] [] - FileSystemUtils.AddPermissionsToFile on line number [0]  System.IO.FileNotFoundException: C:\Users\金田駿之介\AppData\Local\Box\Box Tools\Metrics\BoxTools_Metrics.db
   場所 System.Security.AccessControl.NativeObjectSecurity.CreateInternal(ResourceType resourceType, Boolean isContainer, String name, SafeHandle handle, AccessControlSections includeSections, Boolean createByName, ExceptionFromErrorCode exceptionFromErrorCode, Object exceptionContext)
   場所 System.Security.AccessControl.FileSystemSecurity..ctor(Boolean isContainer, String name, AccessControlSections includeSections, Boolean isDirectory)
   場所 System.Security.AccessControl.FileSecurity..ctor(String fileName, AccessControlSections includeSections)
   場所 Box.Utilities.Util.FileSystemUtils.AddPermissionsToFile(String filePath, WellKnownSidType account, FileSystemRights permissions)
[2023-06-24 09:51:30,534] [1    ] [INFO ] [] - .NET Version: .NET Framework 4.8 (528372) - 4.0.30319.42000
[2023-06-24 09:51:30,893] [9    ] [INFO ] [] - Url used to upgrade: https://cdn07.boxcdn.net/BoxEditAutoupdate2.json
[2023-06-24 09:51:31,299] [9    ] [INFO ] [] - ### current version track name: 4.22.2
[2023-06-24 09:51:31,299] [9    ] [WARN ] [] - Track 4.22.2 not found
[2023-06-24 09:51:31,299] [9    ] [INFO ] [] - Track default for upgrade found
[2023-06-24 09:51:31,299] [9    ] [INFO ] [] - RolloutID set to 99
[2023-06-24 09:51:31,299] [9    ] [INFO ] [] - No upgrade available
[2023-06-24 10:14:18,338] [1    ] [INFO ] [] - ========== Box Edit v4.22.2.1002 ==========
[2023-06-24 10:14:18,367] [1    ] [INFO ] [] - Command Line: "C:\Users\金田駿之介\AppData\Local\Box\Box Edit\Box Edit.exe" 
[2023-06-24 10:14:20,127] [1    ] [INFO ] [] - Getting DebugLogging value from CurrentUser
[2023-06-24 10:14:20,135] [1    ] [INFO ] [] - Working with debug logging OFF
[2023-06-24 10:14:20,214] [1    ] [INFO ] [] - Days to keep files in cache set to 7
[2023-06-24 10:14:20,647] [1    ] [INFO ] [] - LocalMachine RegistryKey not set
[2023-06-24 10:14:20,691] [1    ] [INFO ] [] - DeviceId::CheckDeviceId(488): Starting DeviceId generator.
[2023-06-24 10:14:20,692] [1    ] [INFO ] [] - DeviceId::CheckDeviceId(515): Global mutex obtained. Start checking.
[2023-06-24 10:14:20,855] [1    ] [INFO ] [] - DeviceId::RestoreGlobalDeviceData(65): Failed reading global DeviceData from registry: Registry key "SOFTWARE\Box\DeviceId" not found.
[2023-06-24 10:14:20,970] [1    ] [INFO ] [] - DeviceId::RestoreAndValidateLocalProperites(389): Restored local DeviceId
[2023-06-24 10:14:20,970] [1    ] [INFO ] [] - DeviceId::RestoreAndValidateLocalProperites(393): Restored local DeviceData
[2023-06-24 10:14:20,971] [1    ] [INFO ] [] - DeviceId::PerformChecking(452): Checking DeviceData.
[2023-06-24 10:14:20,977] [1    ] [INFO ] [] - DeviceId::PerformChecking(453): DeviceData read from registry: {"ComputerSystemProductUUID":"B4C5DFD1-4333-1CB6-C49D-A3067E9A232A","Version":1}
[2023-06-24 10:14:20,980] [1    ] [INFO ] [] - DeviceId::PerformChecking(454): Generated DeviceData: {"ComputerSystemProductUUID":"B4C5DFD1-4333-1CB6-C49D-A3067E9A232A","Version":1}
[2023-06-24 10:14:21,034] [1    ] [ERROR] [] - Could not set permissions to C:\Users\金田駿之介\AppData\Local\Box\Box Tools\Metrics\BoxTools_Metrics.db
[2023-06-24 10:14:21,041] [1    ] [ERROR] [] - FileSystemUtils.AddPermissionsToFile on line number [0]  System.IO.FileNotFoundException: C:\Users\金田駿之介\AppData\Local\Box\Box Tools\Metrics\BoxTools_Metrics.db
   場所 System.Security.AccessControl.NativeObjectSecurity.CreateInternal(ResourceType resourceType, Boolean isContainer, String name, SafeHandle handle, AccessControlSections includeSections, Boolean createByName, ExceptionFromErrorCode exceptionFromErrorCode, Object exceptionContext)
   場所 System.Security.AccessControl.FileSystemSecurity..ctor(Boolean isContainer, String name, AccessControlSections includeSections, Boolean isDirectory)
   場所 System.Security.AccessControl.FileSecurity..ctor(String fileName, AccessControlSections includeSections)
   場所 Box.Utilities.Util.FileSystemUtils.AddPermissionsToFile(String filePath, WellKnownSidType account, FileSystemRights permissions)
[2023-06-24 10:14:21,058] [9    ] [INFO ] [] - .NET Version - installed 528372, expected: 528040
[2023-06-24 10:14:21,059] [9    ] [INFO ] [] - result: True
[2023-06-24 10:14:21,059] [9    ] [INFO ] [] - Checking for upgrades
[2023-06-24 10:14:21,075] [9    ] [INFO ] [] - ### File path for UpgradeState: C:\Users\金田駿之介\AppData\Local\Box\upgrade_state.json
[2023-06-24 10:14:21,151] [1    ] [INFO ] [] - Running pipe server using box_edit_pipe as pipe name
[2023-06-24 10:14:21,171] [1    ] [ERROR] [] - Could not set permissions to C:\Users\金田駿之介\AppData\Local\Box\Box Tools\Metrics\BoxTools_Metrics.db
[2023-06-24 10:14:21,179] [1    ] [ERROR] [] - FileSystemUtils.AddPermissionsToFile on line number [0]  System.IO.FileNotFoundException: C:\Users\金田駿之介\AppData\Local\Box\Box Tools\Metrics\BoxTools_Metrics.db
   場所 System.Security.AccessControl.NativeObjectSecurity.CreateInternal(ResourceType resourceType, Boolean isContainer, String name, SafeHandle handle, AccessControlSections includeSections, Boolean createByName, ExceptionFromErrorCode exceptionFromErrorCode, Object exceptionContext)
   場所 System.Security.AccessControl.FileSystemSecurity..ctor(Boolean isContainer, String name, AccessControlSections includeSections, Boolean isDirectory)
   場所 System.Security.AccessControl.FileSecurity..ctor(String fileName, AccessControlSections includeSections)
   場所 Box.Utilities.Util.FileSystemUtils.AddPermissionsToFile(String filePath, WellKnownSidType account, FileSystemRights permissions)
[2023-06-24 10:14:21,201] [1    ] [INFO ] [] - .NET Version: .NET Framework 4.8 (528372) - 4.0.30319.42000
[2023-06-24 10:14:23,132] [9    ] [INFO ] [] - Url used to upgrade: https://cdn07.boxcdn.net/BoxEditAutoupdate2.json
[2023-06-24 10:14:23,502] [9    ] [INFO ] [] - ### current version track name: 4.22.2
[2023-06-24 10:14:23,505] [9    ] [WARN ] [] - Track 4.22.2 not found
[2023-06-24 10:14:23,508] [9    ] [INFO ] [] - Track default for upgrade found
[2023-06-24 10:14:23,508] [9    ] [INFO ] [] - RolloutID set to 99
[2023-06-24 10:14:23,509] [9    ] [INFO ] [] - Not upgrading because RolloutID is not in range
