[2022-02-12 11:21:07,527] [1    ] [INFO ] [] - ========== Box Edit v4.16.1.911 ==========
[2022-02-12 11:21:07,574] [1    ] [INFO ] [] - Command Line: "C:\Users\金田駿之介\AppData\Local\Box\Box Edit\Box Edit.exe" 
[2022-02-12 11:21:08,902] [1    ] [INFO ] [] - Getting DebugLogging value from CurrentUser
[2022-02-12 11:21:08,902] [1    ] [INFO ] [] - Working with debug logging OFF
[2022-02-12 11:21:08,980] [1    ] [INFO ] [] - Days to keep files in cache set to 7
[2022-02-12 11:21:09,246] [1    ] [INFO ] [] - LocalMachine RegistryKey not set
[2022-02-12 11:21:09,386] [1    ] [INFO ] [] - Initializing the metrics collector
[2022-02-12 11:21:09,449] [1    ] [WARN ] [] - MetricsCollector::UpdateConfiguration(374): UpdateConfiguration raised: unable to open database file
[2022-02-12 11:21:09,449] [1    ] [ERROR] [] - MetricsCollector::Initialize(238): Raised: unable to open database file
[2022-02-12 11:21:09,449] [1    ] [ERROR] [] - Failed to initialized metrics collector - error: 6
[2022-02-12 11:21:09,464] [1    ] [ERROR] [] - Could not set permissions to C:\Users\金田駿之介\AppData\Local\Box\Box Tools\Metrics\BoxTools_Metrics.db
[2022-02-12 11:21:09,464] [1    ] [ERROR] [] - FileSystemUtils.AddPermissionsToFile on line number [0]  System.IO.FileNotFoundException: C:\Users\金田駿之介\AppData\Local\Box\Box Tools\Metrics\BoxTools_Metrics.db
   場所 System.Security.AccessControl.NativeObjectSecurity.CreateInternal(ResourceType resourceType, Boolean isContainer, String name, SafeHandle handle, AccessControlSections includeSections, Boolean createByName, ExceptionFromErrorCode exceptionFromErrorCode, Object exceptionContext)
   場所 System.Security.AccessControl.FileSystemSecurity..ctor(Boolean isContainer, String name, AccessControlSections includeSections, Boolean isDirectory)
   場所 System.Security.AccessControl.FileSecurity..ctor(String fileName, AccessControlSections includeSections)
   場所 Box.Utilities.Util.FileSystemUtils.AddPermissionsToFile(String filePath, WellKnownSidType account, FileSystemRights permissions)
[2022-02-12 11:21:09,464] [6    ] [INFO ] [] - Checking for upgrades
[2022-02-12 11:21:09,464] [6    ] [INFO ] [] - Url used to upgrade: https://cdn07.boxcdn.net/BoxEditAutoupdate.json
[2022-02-12 11:21:09,574] [1    ] [INFO ] [] - Running pipe server using box_edit_pipe as pipe name
[2022-02-12 11:21:09,574] [1    ] [INFO ] [] - Initializing the metrics collector
[2022-02-12 11:21:09,589] [1    ] [ERROR] [] - MetricsCollector::Initialize(171): Check Failed: !IsConfigured() - Return: MetricResult_InvalidState
[2022-02-12 11:21:09,589] [1    ] [ERROR] [] - Failed to initialized metrics collector - error: 2
[2022-02-12 11:21:09,589] [1    ] [ERROR] [] - Could not set permissions to C:\Users\金田駿之介\AppData\Local\Box\Box Tools\Metrics\BoxTools_Metrics.db
[2022-02-12 11:21:09,589] [1    ] [ERROR] [] - FileSystemUtils.AddPermissionsToFile on line number [0]  System.IO.FileNotFoundException: C:\Users\金田駿之介\AppData\Local\Box\Box Tools\Metrics\BoxTools_Metrics.db
   場所 System.Security.AccessControl.NativeObjectSecurity.CreateInternal(ResourceType resourceType, Boolean isContainer, String name, SafeHandle handle, AccessControlSections includeSections, Boolean createByName, ExceptionFromErrorCode exceptionFromErrorCode, Object exceptionContext)
   場所 System.Security.AccessControl.FileSystemSecurity..ctor(Boolean isContainer, String name, AccessControlSections includeSections, Boolean isDirectory)
   場所 System.Security.AccessControl.FileSecurity..ctor(String fileName, AccessControlSections includeSections)
   場所 Box.Utilities.Util.FileSystemUtils.AddPermissionsToFile(String filePath, WellKnownSidType account, FileSystemRights permissions)
[2022-02-12 11:21:09,886] [6    ] [INFO ] [] - No track defined, checking against default track
[2022-02-12 11:21:09,886] [6    ] [INFO ] [] - RolloutID set to 29
[2022-02-12 11:21:09,886] [6    ] [INFO ] [] - No upgrade available
[2022-02-12 11:21:14,605] [10   ] [INFO ] [] - Initializing the metrics collector
[2022-02-12 11:21:14,605] [10   ] [ERROR] [] - MetricsCollector::Initialize(171): Check Failed: !IsConfigured() - Return: MetricResult_InvalidState
[2022-02-12 11:21:14,605] [10   ] [ERROR] [] - Failed to initialized metrics collector - error: 2
[2022-02-12 11:31:14,629] [16   ] [INFO ] [] - Initializing the metrics collector
[2022-02-12 11:31:14,629] [16   ] [ERROR] [] - MetricsCollector::Initialize(171): Check Failed: !IsConfigured() - Return: MetricResult_InvalidState
[2022-02-12 11:31:14,629] [16   ] [ERROR] [] - Failed to initialized metrics collector - error: 2
[2022-02-12 11:44:17,125] [17   ] [INFO ] [] - Initializing the metrics collector
[2022-02-12 11:44:17,125] [17   ] [ERROR] [] - MetricsCollector::Initialize(171): Check Failed: !IsConfigured() - Return: MetricResult_InvalidState
[2022-02-12 11:44:17,125] [17   ] [ERROR] [] - Failed to initialized metrics collector - error: 2
[2022-02-12 11:54:17,125] [13   ] [INFO ] [] - Initializing the metrics collector
[2022-02-12 11:54:17,128] [13   ] [ERROR] [] - MetricsCollector::Initialize(171): Check Failed: !IsConfigured() - Return: MetricResult_InvalidState
[2022-02-12 11:54:17,129] [13   ] [ERROR] [] - Failed to initialized metrics collector - error: 2
[2022-02-12 11:57:10,413] [1    ] [INFO ] [] - ========== Box Edit v4.16.1.911 ==========
[2022-02-12 11:57:10,457] [1    ] [INFO ] [] - Command Line: "C:\Users\金田駿之介\AppData\Local\Box\Box Edit\Box Edit.exe" 
[2022-02-12 11:57:12,691] [1    ] [INFO ] [] - Getting DebugLogging value from CurrentUser
[2022-02-12 11:57:12,693] [1    ] [INFO ] [] - Working with debug logging OFF
[2022-02-12 11:57:12,891] [1    ] [INFO ] [] - Days to keep files in cache set to 7
[2022-02-12 11:57:13,781] [1    ] [INFO ] [] - LocalMachine RegistryKey not set
[2022-02-12 11:57:14,274] [1    ] [INFO ] [] - Initializing the metrics collector
[2022-02-12 11:57:14,373] [1    ] [WARN ] [] - MetricsCollector::UpdateConfiguration(374): UpdateConfiguration raised: unable to open database file
[2022-02-12 11:57:14,373] [1    ] [ERROR] [] - MetricsCollector::Initialize(238): Raised: unable to open database file
[2022-02-12 11:57:14,374] [1    ] [ERROR] [] - Failed to initialized metrics collector - error: 6
[2022-02-12 11:57:14,375] [1    ] [ERROR] [] - Could not set permissions to C:\Users\金田駿之介\AppData\Local\Box\Box Tools\Metrics\BoxTools_Metrics.db
[2022-02-12 11:57:14,388] [1    ] [ERROR] [] - FileSystemUtils.AddPermissionsToFile on line number [0]  System.IO.FileNotFoundException: C:\Users\金田駿之介\AppData\Local\Box\Box Tools\Metrics\BoxTools_Metrics.db
   場所 System.Security.AccessControl.NativeObjectSecurity.CreateInternal(ResourceType resourceType, Boolean isContainer, String name, SafeHandle handle, AccessControlSections includeSections, Boolean createByName, ExceptionFromErrorCode exceptionFromErrorCode, Object exceptionContext)
   場所 System.Security.AccessControl.FileSystemSecurity..ctor(Boolean isContainer, String name, AccessControlSections includeSections, Boolean isDirectory)
   場所 System.Security.AccessControl.FileSecurity..ctor(String fileName, AccessControlSections includeSections)
   場所 Box.Utilities.Util.FileSystemUtils.AddPermissionsToFile(String filePath, WellKnownSidType account, FileSystemRights permissions)
[2022-02-12 11:57:14,408] [6    ] [INFO ] [] - Checking for upgrades
[2022-02-12 11:57:14,424] [6    ] [INFO ] [] - Url used to upgrade: https://cdn07.boxcdn.net/BoxEditAutoupdate.json
[2022-02-12 11:57:14,659] [1    ] [INFO ] [] - Running pipe server using box_edit_pipe as pipe name
[2022-02-12 11:57:14,699] [1    ] [INFO ] [] - Initializing the metrics collector
[2022-02-12 11:57:14,700] [1    ] [ERROR] [] - MetricsCollector::Initialize(171): Check Failed: !IsConfigured() - Return: MetricResult_InvalidState
[2022-02-12 11:57:14,700] [1    ] [ERROR] [] - Failed to initialized metrics collector - error: 2
[2022-02-12 11:57:14,701] [1    ] [ERROR] [] - Could not set permissions to C:\Users\金田駿之介\AppData\Local\Box\Box Tools\Metrics\BoxTools_Metrics.db
[2022-02-12 11:57:14,702] [1    ] [ERROR] [] - FileSystemUtils.AddPermissionsToFile on line number [0]  System.IO.FileNotFoundException: C:\Users\金田駿之介\AppData\Local\Box\Box Tools\Metrics\BoxTools_Metrics.db
   場所 System.Security.AccessControl.NativeObjectSecurity.CreateInternal(ResourceType resourceType, Boolean isContainer, String name, SafeHandle handle, AccessControlSections includeSections, Boolean createByName, ExceptionFromErrorCode exceptionFromErrorCode, Object exceptionContext)
   場所 System.Security.AccessControl.FileSystemSecurity..ctor(Boolean isContainer, String name, AccessControlSections includeSections, Boolean isDirectory)
   場所 System.Security.AccessControl.FileSecurity..ctor(String fileName, AccessControlSections includeSections)
   場所 Box.Utilities.Util.FileSystemUtils.AddPermissionsToFile(String filePath, WellKnownSidType account, FileSystemRights permissions)
[2022-02-12 11:57:16,162] [6    ] [INFO ] [] - No track defined, checking against default track
[2022-02-12 11:57:16,165] [6    ] [INFO ] [] - RolloutID set to 29
[2022-02-12 11:57:16,165] [6    ] [INFO ] [] - No upgrade available
[2022-02-12 11:57:19,831] [10   ] [INFO ] [] - Initializing the metrics collector
[2022-02-12 11:57:19,832] [10   ] [ERROR] [] - MetricsCollector::Initialize(171): Check Failed: !IsConfigured() - Return: MetricResult_InvalidState
[2022-02-12 11:57:19,832] [10   ] [ERROR] [] - Failed to initialized metrics collector - error: 2
