[2023-04-03 14:22:52,719] [1    ] [INFO ] [] - ========== Box Edit v4.21.1.991 ==========
[2023-04-03 14:22:52,751] [1    ] [INFO ] [] - Command Line: "C:\Users\金田駿之介\AppData\Local\Box\Box Edit\Box Edit.exe" 
[2023-04-03 14:22:55,145] [1    ] [INFO ] [] - Getting DebugLogging value from CurrentUser
[2023-04-03 14:22:55,145] [1    ] [INFO ] [] - Working with debug logging OFF
[2023-04-03 14:22:55,302] [1    ] [INFO ] [] - Days to keep files in cache set to 7
[2023-04-03 14:22:58,183] [1    ] [INFO ] [] - LocalMachine RegistryKey not set
[2023-04-03 14:22:58,583] [1    ] [ERROR] [] - Could not set permissions to C:\Users\金田駿之介\AppData\Local\Box\Box Tools\Metrics\BoxTools_Metrics.db
[2023-04-03 14:22:58,615] [1    ] [ERROR] [] - FileSystemUtils.AddPermissionsToFile on line number [0]  System.IO.FileNotFoundException: C:\Users\金田駿之介\AppData\Local\Box\Box Tools\Metrics\BoxTools_Metrics.db
   場所 System.Security.AccessControl.NativeObjectSecurity.CreateInternal(ResourceType resourceType, Boolean isContainer, String name, SafeHandle handle, AccessControlSections includeSections, Boolean createByName, ExceptionFromErrorCode exceptionFromErrorCode, Object exceptionContext)
   場所 System.Security.AccessControl.FileSystemSecurity..ctor(Boolean isContainer, String name, AccessControlSections includeSections, Boolean isDirectory)
   場所 System.Security.AccessControl.FileSecurity..ctor(String fileName, AccessControlSections includeSections)
   場所 Box.Utilities.Util.FileSystemUtils.AddPermissionsToFile(String filePath, WellKnownSidType account, FileSystemRights permissions)
[2023-04-03 14:22:58,708] [6    ] [INFO ] [] - Checking for upgrades
[2023-04-03 14:22:58,708] [6    ] [INFO ] [] - ### File path for UpgradeState: C:\Users\金田駿之介\AppData\Local\Box\upgrade_state.json
[2023-04-03 14:22:58,865] [1    ] [INFO ] [] - Running pipe server using box_edit_pipe as pipe name
[2023-04-03 14:22:58,943] [1    ] [ERROR] [] - Could not set permissions to C:\Users\金田駿之介\AppData\Local\Box\Box Tools\Metrics\BoxTools_Metrics.db
[2023-04-03 14:22:58,943] [1    ] [ERROR] [] - FileSystemUtils.AddPermissionsToFile on line number [0]  System.IO.FileNotFoundException: C:\Users\金田駿之介\AppData\Local\Box\Box Tools\Metrics\BoxTools_Metrics.db
   場所 System.Security.AccessControl.NativeObjectSecurity.CreateInternal(ResourceType resourceType, Boolean isContainer, String name, SafeHandle handle, AccessControlSections includeSections, Boolean createByName, ExceptionFromErrorCode exceptionFromErrorCode, Object exceptionContext)
   場所 System.Security.AccessControl.FileSystemSecurity..ctor(Boolean isContainer, String name, AccessControlSections includeSections, Boolean isDirectory)
   場所 System.Security.AccessControl.FileSecurity..ctor(String fileName, AccessControlSections includeSections)
   場所 Box.Utilities.Util.FileSystemUtils.AddPermissionsToFile(String filePath, WellKnownSidType account, FileSystemRights permissions)
[2023-04-03 14:22:58,958] [1    ] [INFO ] [] - .NET Version: .NET Framework 4.8 (528372) - 4.0.30319.42000
[2023-04-03 14:22:59,396] [6    ] [INFO ] [] - Url used to upgrade: https://cdn07.boxcdn.net/BoxEditAutoupdate2.json
[2023-04-03 14:23:00,121] [6    ] [INFO ] [] - ### current version track name: 4.21.1
[2023-04-03 14:23:00,121] [6    ] [WARN ] [] - Track 4.21.1 not found
[2023-04-03 14:23:00,121] [6    ] [INFO ] [] - Track default for upgrade found
[2023-04-03 14:23:00,121] [6    ] [INFO ] [] - RolloutID set to 9
[2023-04-03 14:23:00,137] [6    ] [INFO ] [] - Newer version found 4.22.0.999
[2023-04-03 14:23:00,387] [6    ] [INFO ] [] - Download of upgrade https://e3.boxcdn.net/boxedit/upgrades/win/BoxToolsInstaller-UserUpgrade-4.22.0.999.msi.zip to C:\Users\金田駿之介\AppData\Local\Temp\Box\BoxTools\Installer\BoxToolsUpgrade.msi.zip completed
[2023-04-03 14:23:00,387] [6    ] [INFO ] [] - ### File path for UpgradeState: C:\Users\金田駿之介\AppData\Local\Box\upgrade_state.json
[2023-04-03 14:23:04,641] [9    ] [INFO ] [] - SHA1 - expected: 9323ffaf280a08447f7f8d574bd66f5a2859d622, received: 9323ffaf280a08447f7f8d574bd66f5a2859d622
[2023-04-03 14:23:04,645] [9    ] [INFO ] [] - Upgrade downloaded correctly and passed SHA1 verification
[2023-04-03 14:23:05,400] [9    ] [INFO ] [] - Upgrade extracted
[2023-04-03 14:23:05,403] [9    ] [INFO ] [] - Verifying embedded signature - path: 'C:\Users\金田駿之介\AppData\Local\Temp\Box\BoxTools\Installer\BoxToolsUpgrade.msi'
[2023-04-03 14:23:09,136] [9    ] [INFO ] [] - Installing upgrade
[2023-04-03 14:23:09,324] [9    ] [INFO ] [] - ### File path for UpgradeState: C:\Users\金田駿之介\AppData\Local\Box\upgrade_state.json
[2023-04-03 14:23:09,417] [9    ] [INFO ] [] - Recorded AU metric.
[2023-04-03 14:23:09,417] [9    ] [INFO ] [] - ### File path for UpgradeState: C:\Users\金田駿之介\AppData\Local\Box\upgrade_state.json
[2023-04-03 14:23:37,766] [1    ] [INFO ] [] - ========== Box Edit v4.22.0.999 ==========
[2023-04-03 14:23:37,799] [1    ] [INFO ] [] - Command Line: "C:\Users\金田駿之介\AppData\Local\Box\Box Edit\Box Edit.exe"
[2023-04-03 14:23:39,657] [1    ] [INFO ] [] - Getting DebugLogging value from CurrentUser
[2023-04-03 14:23:39,657] [1    ] [INFO ] [] - Working with debug logging OFF
[2023-04-03 14:23:39,785] [1    ] [INFO ] [] - Days to keep files in cache set to 7
[2023-04-03 14:23:40,086] [1    ] [INFO ] [] - LocalMachine RegistryKey not set
[2023-04-03 14:23:40,420] [1    ] [INFO ] [] - DeviceId::CheckDeviceId(488): Starting DeviceId generator.
[2023-04-03 14:23:40,425] [1    ] [INFO ] [] - DeviceId::CheckDeviceId(515): Global mutex obtained. Start checking.
[2023-04-03 14:23:40,577] [1    ] [INFO ] [] - DeviceId::RestoreGlobalDeviceData(65): Failed reading global DeviceData from registry: Registry key "SOFTWARE\Box\DeviceId" not found.
[2023-04-03 14:23:40,671] [1    ] [INFO ] [] - DeviceId::RestoreAndValidateLocalProperites(389): Restored local DeviceId
[2023-04-03 14:23:40,671] [1    ] [INFO ] [] - DeviceId::RestoreAndValidateLocalProperites(393): Restored local DeviceData
[2023-04-03 14:23:40,672] [1    ] [INFO ] [] - DeviceId::PerformChecking(452): Checking DeviceData.
[2023-04-03 14:23:40,674] [1    ] [INFO ] [] - DeviceId::PerformChecking(453): DeviceData read from registry: {"ComputerSystemProductUUID":"B4C5DFD1-4333-1CB6-C49D-A3067E9A232A","Version":1}
[2023-04-03 14:23:40,674] [1    ] [INFO ] [] - DeviceId::PerformChecking(454): Generated DeviceData: {"ComputerSystemProductUUID":"B4C5DFD1-4333-1CB6-C49D-A3067E9A232A","Version":1}
[2023-04-03 14:23:41,784] [1    ] [ERROR] [] - Could not set permissions to C:\Users\金田駿之介\AppData\Local\Box\Box Tools\Metrics\BoxTools_Metrics.db
[2023-04-03 14:23:41,786] [1    ] [ERROR] [] - FileSystemUtils.AddPermissionsToFile on line number [0]  System.IO.FileNotFoundException: C:\Users\金田駿之介\AppData\Local\Box\Box Tools\Metrics\BoxTools_Metrics.db
   場所 System.Security.AccessControl.NativeObjectSecurity.CreateInternal(ResourceType resourceType, Boolean isContainer, String name, SafeHandle handle, AccessControlSections includeSections, Boolean createByName, ExceptionFromErrorCode exceptionFromErrorCode, Object exceptionContext)
   場所 System.Security.AccessControl.FileSystemSecurity..ctor(Boolean isContainer, String name, AccessControlSections includeSections, Boolean isDirectory)
   場所 System.Security.AccessControl.FileSecurity..ctor(String fileName, AccessControlSections includeSections)
   場所 Box.Utilities.Util.FileSystemUtils.AddPermissionsToFile(String filePath, WellKnownSidType account, FileSystemRights permissions)
[2023-04-03 14:23:41,786] [9    ] [INFO ] [] - Checking for upgrades
[2023-04-03 14:23:41,804] [9    ] [INFO ] [] - ### File path for UpgradeState: C:\Users\金田駿之介\AppData\Local\Box\upgrade_state.json
[2023-04-03 14:23:41,950] [1    ] [INFO ] [] - Running pipe server using box_edit_pipe as pipe name
[2023-04-03 14:23:41,975] [1    ] [ERROR] [] - Could not set permissions to C:\Users\金田駿之介\AppData\Local\Box\Box Tools\Metrics\BoxTools_Metrics.db
[2023-04-03 14:23:41,976] [1    ] [ERROR] [] - FileSystemUtils.AddPermissionsToFile on line number [0]  System.IO.FileNotFoundException: C:\Users\金田駿之介\AppData\Local\Box\Box Tools\Metrics\BoxTools_Metrics.db
   場所 System.Security.AccessControl.NativeObjectSecurity.CreateInternal(ResourceType resourceType, Boolean isContainer, String name, SafeHandle handle, AccessControlSections includeSections, Boolean createByName, ExceptionFromErrorCode exceptionFromErrorCode, Object exceptionContext)
   場所 System.Security.AccessControl.FileSystemSecurity..ctor(Boolean isContainer, String name, AccessControlSections includeSections, Boolean isDirectory)
   場所 System.Security.AccessControl.FileSecurity..ctor(String fileName, AccessControlSections includeSections)
   場所 Box.Utilities.Util.FileSystemUtils.AddPermissionsToFile(String filePath, WellKnownSidType account, FileSystemRights permissions)
[2023-04-03 14:23:41,981] [1    ] [INFO ] [] - .NET Version: .NET Framework 4.8 (528372) - 4.0.30319.42000
[2023-04-03 14:23:42,076] [9    ] [INFO ] [] - Url used to upgrade: https://cdn07.boxcdn.net/BoxEditAutoupdate2.json
[2023-04-03 14:23:42,259] [9    ] [INFO ] [] - ### current version track name: 4.22.0
[2023-04-03 14:23:42,260] [9    ] [WARN ] [] - Track 4.22.0 not found
[2023-04-03 14:23:42,260] [9    ] [INFO ] [] - Track default for upgrade found
[2023-04-03 14:23:42,261] [9    ] [INFO ] [] - RolloutID set to 77
[2023-04-03 14:23:42,262] [9    ] [INFO ] [] - Not upgrading because RolloutID is not in range
