[2023-12-12 08:33:27,765] [1    ] [INFO ] [] - ========== Box Edit v4.24.0.1029 ==========
[2023-12-12 08:33:27,796] [1    ] [INFO ] [] - Command Line: "C:\Users\金田駿之介\AppData\Local\Box\Box Edit\Box Edit.exe" 
[2023-12-12 08:33:29,350] [1    ] [INFO ] [] - Getting DebugLogging value from CurrentUser
[2023-12-12 08:33:29,365] [1    ] [INFO ] [] - Working with debug logging OFF
[2023-12-12 08:33:29,506] [1    ] [INFO ] [] - Days to keep files in cache set to 7
[2023-12-12 08:33:30,318] [1    ] [INFO ] [] - LocalMachine RegistryKey not set
[2023-12-12 08:33:30,412] [1    ] [INFO ] [] - DeviceId::CheckDeviceId(488): Starting DeviceId generator.
[2023-12-12 08:33:30,412] [1    ] [INFO ] [] - DeviceId::CheckDeviceId(515): Global mutex obtained. Start checking.
[2023-12-12 08:33:30,818] [1    ] [INFO ] [] - DeviceId::RestoreGlobalDeviceData(65): Failed reading global DeviceData from registry: Registry key "SOFTWARE\Box\DeviceId" not found.
[2023-12-12 08:33:31,021] [1    ] [INFO ] [] - DeviceId::RestoreAndValidateLocalProperites(389): Restored local DeviceId
[2023-12-12 08:33:31,021] [1    ] [INFO ] [] - DeviceId::RestoreAndValidateLocalProperites(393): Restored local DeviceData
[2023-12-12 08:33:31,021] [1    ] [INFO ] [] - DeviceId::PerformChecking(452): Checking DeviceData.
[2023-12-12 08:33:31,052] [1    ] [INFO ] [] - DeviceId::PerformChecking(453): DeviceData read from registry: {"ComputerSystemProductUUID":"B4C5DFD1-4333-1CB6-C49D-A3067E9A232A","Version":1}
[2023-12-12 08:33:31,052] [1    ] [INFO ] [] - DeviceId::PerformChecking(454): Generated DeviceData: {"ComputerSystemProductUUID":"B4C5DFD1-4333-1CB6-C49D-A3067E9A232A","Version":1}
[2023-12-12 08:33:31,486] [9    ] [INFO ] [] - .NET Version - installed 533325, expected: 528040
[2023-12-12 08:33:31,486] [9    ] [INFO ] [] - result: True
[2023-12-12 08:33:31,486] [9    ] [INFO ] [] - Checking for upgrades
[2023-12-12 08:33:31,502] [9    ] [INFO ] [] - ### File path for UpgradeState: C:\Users\金田駿之介\AppData\Local\Box\upgrade_state.json
[2023-12-12 08:33:31,627] [1    ] [INFO ] [] - Running pipe server using box_edit_pipe as pipe name
[2023-12-12 08:33:31,674] [1    ] [INFO ] [] - .NET Version: unknown (533325) - 4.0.30319.42000
[2023-12-12 08:33:31,994] [9    ] [INFO ] [] - Url used to upgrade: https://cdn07.boxcdn.net/BoxEditAutoupdate2.json
[2023-12-12 08:33:32,174] [9    ] [INFO ] [] - ### current version track name: 4.24.0
[2023-12-12 08:33:32,174] [9    ] [WARN ] [] - Track 4.24.0 not found
[2023-12-12 08:33:32,176] [9    ] [INFO ] [] - Track default for upgrade found
[2023-12-12 08:33:32,176] [9    ] [INFO ] [] - RolloutID set to 73
[2023-12-12 08:33:32,176] [9    ] [INFO ] [] - No upgrade available
[2023-12-12 22:23:05,478] [1    ] [INFO ] [] - ========== Box Edit v4.24.0.1029 ==========
[2023-12-12 22:23:05,505] [1    ] [INFO ] [] - Command Line: "C:\Users\金田駿之介\AppData\Local\Box\Box Edit\Box Edit.exe" 
[2023-12-12 22:23:06,658] [1    ] [INFO ] [] - Getting DebugLogging value from CurrentUser
[2023-12-12 22:23:06,660] [1    ] [INFO ] [] - Working with debug logging OFF
[2023-12-12 22:23:06,745] [1    ] [INFO ] [] - Days to keep files in cache set to 7
[2023-12-12 22:23:07,160] [1    ] [INFO ] [] - LocalMachine RegistryKey not set
[2023-12-12 22:23:07,200] [1    ] [INFO ] [] - DeviceId::CheckDeviceId(488): Starting DeviceId generator.
[2023-12-12 22:23:07,200] [1    ] [INFO ] [] - DeviceId::CheckDeviceId(515): Global mutex obtained. Start checking.
[2023-12-12 22:23:07,475] [1    ] [INFO ] [] - DeviceId::RestoreGlobalDeviceData(65): Failed reading global DeviceData from registry: Registry key "SOFTWARE\Box\DeviceId" not found.
[2023-12-12 22:23:07,558] [1    ] [INFO ] [] - DeviceId::RestoreAndValidateLocalProperites(389): Restored local DeviceId
[2023-12-12 22:23:07,558] [1    ] [INFO ] [] - DeviceId::RestoreAndValidateLocalProperites(393): Restored local DeviceData
[2023-12-12 22:23:07,558] [1    ] [INFO ] [] - DeviceId::PerformChecking(452): Checking DeviceData.
[2023-12-12 22:23:07,575] [1    ] [INFO ] [] - DeviceId::PerformChecking(453): DeviceData read from registry: {"ComputerSystemProductUUID":"B4C5DFD1-4333-1CB6-C49D-A3067E9A232A","Version":1}
[2023-12-12 22:23:07,576] [1    ] [INFO ] [] - DeviceId::PerformChecking(454): Generated DeviceData: {"ComputerSystemProductUUID":"B4C5DFD1-4333-1CB6-C49D-A3067E9A232A","Version":1}
[2023-12-12 22:23:07,647] [9    ] [INFO ] [] - .NET Version - installed 533325, expected: 528040
[2023-12-12 22:23:07,649] [9    ] [INFO ] [] - result: True
[2023-12-12 22:23:07,649] [9    ] [INFO ] [] - Checking for upgrades
[2023-12-12 22:23:07,657] [9    ] [INFO ] [] - ### File path for UpgradeState: C:\Users\金田駿之介\AppData\Local\Box\upgrade_state.json
[2023-12-12 22:23:07,709] [1    ] [INFO ] [] - Running pipe server using box_edit_pipe as pipe name
[2023-12-12 22:23:07,765] [1    ] [INFO ] [] - .NET Version: unknown (533325) - 4.0.30319.42000
[2023-12-12 22:23:08,063] [9    ] [INFO ] [] - Url used to upgrade: https://cdn07.boxcdn.net/BoxEditAutoupdate2.json
[2023-12-12 22:23:08,335] [9    ] [INFO ] [] - ### current version track name: 4.24.0
[2023-12-12 22:23:08,335] [9    ] [WARN ] [] - Track 4.24.0 not found
[2023-12-12 22:23:08,335] [9    ] [INFO ] [] - Track default for upgrade found
[2023-12-12 22:23:08,335] [9    ] [INFO ] [] - RolloutID set to 73
[2023-12-12 22:23:08,335] [9    ] [INFO ] [] - No upgrade available
