[2022-09-04 22:25:28,787] [1    ] [INFO ] [] - ========== Box Edit v4.19.0.956 ==========
[2022-09-04 22:25:28,827] [1    ] [INFO ] [] - Command Line: "C:\Users\金田駿之介\AppData\Local\Box\Box Edit\Box Edit.exe" 
[2022-09-04 22:25:33,891] [1    ] [INFO ] [] - Getting DebugLogging value from CurrentUser
[2022-09-04 22:25:33,891] [1    ] [INFO ] [] - Working with debug logging OFF
[2022-09-04 22:25:34,086] [1    ] [INFO ] [] - Days to keep files in cache set to 7
[2022-09-04 22:25:34,766] [1    ] [INFO ] [] - LocalMachine RegistryKey not set
[2022-09-04 22:25:35,309] [1    ] [INFO ] [] - Initializing the metrics collector
[2022-09-04 22:25:36,641] [1    ] [WARN ] [] - MetricsCollector::UpdateConfiguration(374): UpdateConfiguration raised: unable to open database file
[2022-09-04 22:25:36,641] [1    ] [ERROR] [] - MetricsCollector::Initialize(238): Raised: unable to open database file
[2022-09-04 22:25:36,641] [1    ] [ERROR] [] - Failed to initialized metrics collector - error: 6
[2022-09-04 22:25:36,641] [1    ] [ERROR] [] - Could not set permissions to C:\Users\金田駿之介\AppData\Local\Box\Box Tools\Metrics\BoxTools_Metrics.db
[2022-09-04 22:25:36,657] [1    ] [ERROR] [] - FileSystemUtils.AddPermissionsToFile on line number [0]  System.IO.FileNotFoundException: C:\Users\金田駿之介\AppData\Local\Box\Box Tools\Metrics\BoxTools_Metrics.db
   場所 System.Security.AccessControl.NativeObjectSecurity.CreateInternal(ResourceType resourceType, Boolean isContainer, String name, SafeHandle handle, AccessControlSections includeSections, Boolean createByName, ExceptionFromErrorCode exceptionFromErrorCode, Object exceptionContext)
   場所 System.Security.AccessControl.FileSystemSecurity..ctor(Boolean isContainer, String name, AccessControlSections includeSections, Boolean isDirectory)
   場所 System.Security.AccessControl.FileSecurity..ctor(String fileName, AccessControlSections includeSections)
   場所 Box.Utilities.Util.FileSystemUtils.AddPermissionsToFile(String filePath, WellKnownSidType account, FileSystemRights permissions)
[2022-09-04 22:25:36,683] [6    ] [INFO ] [] - Checking for upgrades
[2022-09-04 22:25:36,715] [6    ] [INFO ] [] - ### File path for UpgradeState: C:\Users\金田駿之介\AppData\Local\Box\upgrade_state.json
[2022-09-04 22:25:36,931] [1    ] [INFO ] [] - Running pipe server using box_edit_pipe as pipe name
[2022-09-04 22:25:36,987] [1    ] [INFO ] [] - Initializing the metrics collector
[2022-09-04 22:25:36,987] [1    ] [ERROR] [] - MetricsCollector::Initialize(171): Check Failed: !IsConfigured() - Return: MetricResult_InvalidState
[2022-09-04 22:25:36,987] [1    ] [ERROR] [] - Failed to initialized metrics collector - error: 2
[2022-09-04 22:25:36,987] [1    ] [ERROR] [] - Could not set permissions to C:\Users\金田駿之介\AppData\Local\Box\Box Tools\Metrics\BoxTools_Metrics.db
[2022-09-04 22:25:36,987] [1    ] [ERROR] [] - FileSystemUtils.AddPermissionsToFile on line number [0]  System.IO.FileNotFoundException: C:\Users\金田駿之介\AppData\Local\Box\Box Tools\Metrics\BoxTools_Metrics.db
   場所 System.Security.AccessControl.NativeObjectSecurity.CreateInternal(ResourceType resourceType, Boolean isContainer, String name, SafeHandle handle, AccessControlSections includeSections, Boolean createByName, ExceptionFromErrorCode exceptionFromErrorCode, Object exceptionContext)
   場所 System.Security.AccessControl.FileSystemSecurity..ctor(Boolean isContainer, String name, AccessControlSections includeSections, Boolean isDirectory)
   場所 System.Security.AccessControl.FileSecurity..ctor(String fileName, AccessControlSections includeSections)
   場所 Box.Utilities.Util.FileSystemUtils.AddPermissionsToFile(String filePath, WellKnownSidType account, FileSystemRights permissions)
[2022-09-04 22:25:37,043] [1    ] [INFO ] [] - .NET Version: .NET Framework 4.8 (528372) - 4.0.30319.42000
[2022-09-04 22:25:37,259] [10   ] [INFO ] [] - Sending async metric DotNetVersion to Gen204 json endpoint.
[2022-09-04 22:25:38,126] [6    ] [INFO ] [] - Url used to upgrade: https://cdn07.boxcdn.net/BoxEditAutoupdate2.json
[2022-09-04 22:25:39,649] [6    ] [INFO ] [] - No track defined, checking against default track
[2022-09-04 22:25:39,673] [6    ] [INFO ] [] - RolloutID set to 87
[2022-09-04 22:25:39,673] [6    ] [INFO ] [] - No upgrade available
[2022-09-04 22:25:39,977] [10   ] [INFO ] [] - Metric ingestion endpoint response: NoContent
[2022-09-04 22:35:42,002] [19   ] [INFO ] [] - Initializing the metrics collector
[2022-09-04 22:35:42,005] [19   ] [ERROR] [] - MetricsCollector::Initialize(171): Check Failed: !IsConfigured() - Return: MetricResult_InvalidState
[2022-09-04 22:35:42,008] [19   ] [ERROR] [] - Failed to initialized metrics collector - error: 2
[2022-09-04 22:45:42,033] [18   ] [INFO ] [] - Initializing the metrics collector
[2022-09-04 22:45:42,033] [18   ] [ERROR] [] - MetricsCollector::Initialize(171): Check Failed: !IsConfigured() - Return: MetricResult_InvalidState
[2022-09-04 22:45:42,046] [18   ] [ERROR] [] - Failed to initialized metrics collector - error: 2
[2022-09-04 22:55:42,038] [21   ] [INFO ] [] - Initializing the metrics collector
[2022-09-04 22:55:42,041] [21   ] [ERROR] [] - MetricsCollector::Initialize(171): Check Failed: !IsConfigured() - Return: MetricResult_InvalidState
[2022-09-04 22:55:42,044] [21   ] [ERROR] [] - Failed to initialized metrics collector - error: 2
[2022-09-04 23:05:42,050] [20   ] [INFO ] [] - Initializing the metrics collector
[2022-09-04 23:05:42,051] [20   ] [ERROR] [] - MetricsCollector::Initialize(171): Check Failed: !IsConfigured() - Return: MetricResult_InvalidState
[2022-09-04 23:05:42,052] [20   ] [ERROR] [] - Failed to initialized metrics collector - error: 2
