[2024-02-25 21:14:30,967] [1    ] [INFO ] [] - ========== Box Edit v4.24.0.1029 ==========
[2024-02-25 21:14:31,078] [1    ] [INFO ] [] - Command Line: "C:\Users\金田駿之介\AppData\Local\Box\Box Edit\Box Edit.exe" 
[2024-02-25 21:14:34,032] [1    ] [INFO ] [] - Getting DebugLogging value from CurrentUser
[2024-02-25 21:14:34,034] [1    ] [INFO ] [] - Working with debug logging OFF
[2024-02-25 21:14:34,143] [1    ] [INFO ] [] - Days to keep files in cache set to 7
[2024-02-25 21:14:34,708] [1    ] [INFO ] [] - LocalMachine RegistryKey not set
[2024-02-25 21:14:34,748] [1    ] [INFO ] [] - DeviceId::CheckDeviceId(488): Starting DeviceId generator.
[2024-02-25 21:14:34,749] [1    ] [INFO ] [] - DeviceId::CheckDeviceId(515): Global mutex obtained. Start checking.
[2024-02-25 21:14:35,285] [1    ] [INFO ] [] - DeviceId::RestoreGlobalDeviceData(65): Failed reading global DeviceData from registry: Registry key "SOFTWARE\Box\DeviceId" not found.
[2024-02-25 21:14:35,421] [1    ] [INFO ] [] - DeviceId::RestoreAndValidateLocalProperites(389): Restored local DeviceId
[2024-02-25 21:14:35,422] [1    ] [INFO ] [] - DeviceId::RestoreAndValidateLocalProperites(393): Restored local DeviceData
[2024-02-25 21:14:35,427] [1    ] [INFO ] [] - DeviceId::PerformChecking(452): Checking DeviceData.
[2024-02-25 21:14:35,429] [1    ] [INFO ] [] - DeviceId::PerformChecking(453): DeviceData read from registry: {"ComputerSystemProductUUID":"B4C5DFD1-4333-1CB6-C49D-A3067E9A232A","Version":1}
[2024-02-25 21:14:35,430] [1    ] [INFO ] [] - DeviceId::PerformChecking(454): Generated DeviceData: {"ComputerSystemProductUUID":"B4C5DFD1-4333-1CB6-C49D-A3067E9A232A","Version":1}
[2024-02-25 21:14:35,578] [1    ] [INFO ] [] - Initializing the metrics collector
[2024-02-25 21:14:35,603] [1    ] [WARN ] [] - MetricsCollector::UpdateConfiguration(374): UpdateConfiguration raised: unable to open database file
[2024-02-25 21:14:35,606] [1    ] [ERROR] [] - MetricsCollector::Initialize(238): Raised: unable to open database file
[2024-02-25 21:14:35,608] [1    ] [ERROR] [] - Failed to initialized metrics collector - error: 6
[2024-02-25 21:14:35,621] [9    ] [INFO ] [] - .NET Version - installed 533325, expected: 528040
[2024-02-25 21:14:35,621] [9    ] [INFO ] [] - result: True
[2024-02-25 21:14:35,622] [9    ] [INFO ] [] - Checking for upgrades
[2024-02-25 21:14:35,629] [9    ] [INFO ] [] - ### File path for UpgradeState: C:\Users\金田駿之介\AppData\Local\Box\upgrade_state.json
[2024-02-25 21:14:35,691] [1    ] [INFO ] [] - Running pipe server using box_edit_pipe as pipe name
[2024-02-25 21:14:35,839] [1    ] [INFO ] [] - Initializing the metrics collector
[2024-02-25 21:14:35,839] [1    ] [ERROR] [] - MetricsCollector::Initialize(171): Check Failed: !IsConfigured() - Return: MetricResult_InvalidState
[2024-02-25 21:14:35,840] [1    ] [ERROR] [] - Failed to initialized metrics collector - error: 2
[2024-02-25 21:14:35,846] [1    ] [INFO ] [] - .NET Version: unknown (533325) - 4.0.30319.42000
[2024-02-25 21:14:35,949] [13   ] [INFO ] [] - Sending async metric DotNetVersion to Gen204 json endpoint.
[2024-02-25 21:14:36,973] [9    ] [INFO ] [] - Url used to upgrade: https://cdn07.boxcdn.net/BoxEditAutoupdate2.json
[2024-02-25 21:14:39,340] [9    ] [INFO ] [] - ### current version track name: 4.24.0
[2024-02-25 21:14:39,341] [9    ] [WARN ] [] - Track 4.24.0 not found
[2024-02-25 21:14:39,407] [9    ] [INFO ] [] - Track default for upgrade found
[2024-02-25 21:14:39,411] [9    ] [INFO ] [] - RolloutID set to 73
[2024-02-25 21:14:39,412] [9    ] [INFO ] [] - No upgrade available
[2024-02-25 21:14:40,232] [13   ] [INFO ] [] - Metric ingestion endpoint response: NoContent
[2024-02-25 21:14:41,090] [10   ] [INFO ] [] - Initializing the metrics collector
[2024-02-25 21:14:41,090] [10   ] [ERROR] [] - MetricsCollector::Initialize(171): Check Failed: !IsConfigured() - Return: MetricResult_InvalidState
[2024-02-25 21:14:41,092] [10   ] [ERROR] [] - Failed to initialized metrics collector - error: 2
[2024-02-25 21:24:40,960] [14   ] [INFO ] [] - Initializing the metrics collector
[2024-02-25 21:24:40,990] [14   ] [ERROR] [] - MetricsCollector::Initialize(171): Check Failed: !IsConfigured() - Return: MetricResult_InvalidState
[2024-02-25 21:24:40,994] [14   ] [ERROR] [] - Failed to initialized metrics collector - error: 2
[2024-02-25 21:34:40,923] [17   ] [INFO ] [] - Initializing the metrics collector
[2024-02-25 21:34:40,949] [17   ] [ERROR] [] - MetricsCollector::Initialize(171): Check Failed: !IsConfigured() - Return: MetricResult_InvalidState
[2024-02-25 21:34:40,951] [17   ] [ERROR] [] - Failed to initialized metrics collector - error: 2
[2024-02-25 21:44:40,925] [12   ] [INFO ] [] - Initializing the metrics collector
[2024-02-25 21:44:40,926] [12   ] [ERROR] [] - MetricsCollector::Initialize(171): Check Failed: !IsConfigured() - Return: MetricResult_InvalidState
[2024-02-25 21:44:40,927] [12   ] [ERROR] [] - Failed to initialized metrics collector - error: 2
[2024-02-25 21:54:40,967] [9    ] [INFO ] [] - Initializing the metrics collector
[2024-02-25 21:54:40,970] [9    ] [ERROR] [] - MetricsCollector::Initialize(171): Check Failed: !IsConfigured() - Return: MetricResult_InvalidState
[2024-02-25 21:54:40,983] [9    ] [ERROR] [] - Failed to initialized metrics collector - error: 2
[2024-02-25 22:04:40,978] [8    ] [INFO ] [] - Initializing the metrics collector
[2024-02-25 22:04:40,990] [8    ] [ERROR] [] - MetricsCollector::Initialize(171): Check Failed: !IsConfigured() - Return: MetricResult_InvalidState
[2024-02-25 22:04:40,993] [8    ] [ERROR] [] - Failed to initialized metrics collector - error: 2
[2024-02-25 22:14:40,998] [18   ] [INFO ] [] - Initializing the metrics collector
[2024-02-25 22:14:41,000] [18   ] [ERROR] [] - MetricsCollector::Initialize(171): Check Failed: !IsConfigured() - Return: MetricResult_InvalidState
[2024-02-25 22:14:41,003] [18   ] [ERROR] [] - Failed to initialized metrics collector - error: 2
[2024-02-25 22:24:41,018] [20   ] [INFO ] [] - Initializing the metrics collector
[2024-02-25 22:24:41,021] [20   ] [ERROR] [] - MetricsCollector::Initialize(171): Check Failed: !IsConfigured() - Return: MetricResult_InvalidState
[2024-02-25 22:24:41,023] [20   ] [ERROR] [] - Failed to initialized metrics collector - error: 2
[2024-02-25 22:34:41,011] [21   ] [INFO ] [] - Initializing the metrics collector
[2024-02-25 22:34:41,013] [21   ] [ERROR] [] - MetricsCollector::Initialize(171): Check Failed: !IsConfigured() - Return: MetricResult_InvalidState
[2024-02-25 22:34:41,013] [21   ] [ERROR] [] - Failed to initialized metrics collector - error: 2
[2024-02-25 22:44:41,034] [20   ] [INFO ] [] - Initializing the metrics collector
[2024-02-25 22:44:41,035] [20   ] [ERROR] [] - MetricsCollector::Initialize(171): Check Failed: !IsConfigured() - Return: MetricResult_InvalidState
[2024-02-25 22:44:41,035] [20   ] [ERROR] [] - Failed to initialized metrics collector - error: 2
[2024-02-25 22:54:41,072] [19   ] [INFO ] [] - Initializing the metrics collector
[2024-02-25 22:54:41,073] [19   ] [ERROR] [] - MetricsCollector::Initialize(171): Check Failed: !IsConfigured() - Return: MetricResult_InvalidState
[2024-02-25 22:54:41,073] [19   ] [ERROR] [] - Failed to initialized metrics collector - error: 2
[2024-02-25 23:04:41,072] [8    ] [INFO ] [] - Initializing the metrics collector
[2024-02-25 23:04:41,072] [8    ] [ERROR] [] - MetricsCollector::Initialize(171): Check Failed: !IsConfigured() - Return: MetricResult_InvalidState
[2024-02-25 23:04:41,072] [8    ] [ERROR] [] - Failed to initialized metrics collector - error: 2
