[2022-09-06 20:28:37,361] [1    ] [INFO ] [] - ========== Box Edit v4.19.0.956 ==========
[2022-09-06 20:28:37,424] [1    ] [INFO ] [] - Command Line: "C:\Users\金田駿之介\AppData\Local\Box\Box Edit\Box Edit.exe" 
[2022-09-06 20:28:46,780] [1    ] [INFO ] [] - Getting DebugLogging value from CurrentUser
[2022-09-06 20:28:46,789] [1    ] [INFO ] [] - Working with debug logging OFF
[2022-09-06 20:28:47,128] [1    ] [INFO ] [] - Days to keep files in cache set to 7
[2022-09-06 20:28:48,064] [1    ] [INFO ] [] - LocalMachine RegistryKey not set
[2022-09-06 20:28:48,747] [1    ] [INFO ] [] - Initializing the metrics collector
[2022-09-06 20:28:50,079] [1    ] [WARN ] [] - MetricsCollector::UpdateConfiguration(374): UpdateConfiguration raised: unable to open database file
[2022-09-06 20:28:50,081] [1    ] [ERROR] [] - MetricsCollector::Initialize(238): Raised: unable to open database file
[2022-09-06 20:28:50,082] [1    ] [ERROR] [] - Failed to initialized metrics collector - error: 6
[2022-09-06 20:28:50,082] [1    ] [ERROR] [] - Could not set permissions to C:\Users\金田駿之介\AppData\Local\Box\Box Tools\Metrics\BoxTools_Metrics.db
[2022-09-06 20:28:50,091] [1    ] [ERROR] [] - FileSystemUtils.AddPermissionsToFile on line number [0]  System.IO.FileNotFoundException: C:\Users\金田駿之介\AppData\Local\Box\Box Tools\Metrics\BoxTools_Metrics.db
   場所 System.Security.AccessControl.NativeObjectSecurity.CreateInternal(ResourceType resourceType, Boolean isContainer, String name, SafeHandle handle, AccessControlSections includeSections, Boolean createByName, ExceptionFromErrorCode exceptionFromErrorCode, Object exceptionContext)
   場所 System.Security.AccessControl.FileSystemSecurity..ctor(Boolean isContainer, String name, AccessControlSections includeSections, Boolean isDirectory)
   場所 System.Security.AccessControl.FileSecurity..ctor(String fileName, AccessControlSections includeSections)
   場所 Box.Utilities.Util.FileSystemUtils.AddPermissionsToFile(String filePath, WellKnownSidType account, FileSystemRights permissions)
[2022-09-06 20:28:50,101] [6    ] [INFO ] [] - Checking for upgrades
[2022-09-06 20:28:50,110] [6    ] [INFO ] [] - ### File path for UpgradeState: C:\Users\金田駿之介\AppData\Local\Box\upgrade_state.json
[2022-09-06 20:28:50,740] [6    ] [INFO ] [] - Url used to upgrade: https://cdn07.boxcdn.net/BoxEditAutoupdate2.json
[2022-09-06 20:28:50,995] [1    ] [INFO ] [] - Running pipe server using box_edit_pipe as pipe name
[2022-09-06 20:28:51,059] [1    ] [INFO ] [] - Initializing the metrics collector
[2022-09-06 20:28:51,059] [1    ] [ERROR] [] - MetricsCollector::Initialize(171): Check Failed: !IsConfigured() - Return: MetricResult_InvalidState
[2022-09-06 20:28:51,059] [1    ] [ERROR] [] - Failed to initialized metrics collector - error: 2
[2022-09-06 20:28:51,059] [1    ] [ERROR] [] - Could not set permissions to C:\Users\金田駿之介\AppData\Local\Box\Box Tools\Metrics\BoxTools_Metrics.db
[2022-09-06 20:28:51,059] [1    ] [ERROR] [] - FileSystemUtils.AddPermissionsToFile on line number [0]  System.IO.FileNotFoundException: C:\Users\金田駿之介\AppData\Local\Box\Box Tools\Metrics\BoxTools_Metrics.db
   場所 System.Security.AccessControl.NativeObjectSecurity.CreateInternal(ResourceType resourceType, Boolean isContainer, String name, SafeHandle handle, AccessControlSections includeSections, Boolean createByName, ExceptionFromErrorCode exceptionFromErrorCode, Object exceptionContext)
   場所 System.Security.AccessControl.FileSystemSecurity..ctor(Boolean isContainer, String name, AccessControlSections includeSections, Boolean isDirectory)
   場所 System.Security.AccessControl.FileSecurity..ctor(String fileName, AccessControlSections includeSections)
   場所 Box.Utilities.Util.FileSystemUtils.AddPermissionsToFile(String filePath, WellKnownSidType account, FileSystemRights permissions)
[2022-09-06 20:28:51,080] [1    ] [INFO ] [] - .NET Version: .NET Framework 4.8 (528372) - 4.0.30319.42000
[2022-09-06 20:28:51,155] [11   ] [INFO ] [] - Sending async metric DotNetVersion to Gen204 json endpoint.
[2022-09-06 20:28:52,161] [6    ] [INFO ] [] - No track defined, checking against default track
[2022-09-06 20:28:52,162] [6    ] [INFO ] [] - RolloutID set to 87
[2022-09-06 20:28:52,164] [6    ] [INFO ] [] - No upgrade available
[2022-09-06 20:28:52,461] [11   ] [INFO ] [] - Metric ingestion endpoint response: NoContent
[2022-09-06 20:28:56,082] [9    ] [INFO ] [] - Initializing the metrics collector
[2022-09-06 20:28:56,084] [9    ] [ERROR] [] - MetricsCollector::Initialize(171): Check Failed: !IsConfigured() - Return: MetricResult_InvalidState
[2022-09-06 20:28:56,086] [9    ] [ERROR] [] - Failed to initialized metrics collector - error: 2
[2022-09-06 20:38:56,098] [17   ] [INFO ] [] - Initializing the metrics collector
[2022-09-06 20:38:56,101] [17   ] [ERROR] [] - MetricsCollector::Initialize(171): Check Failed: !IsConfigured() - Return: MetricResult_InvalidState
[2022-09-06 20:38:56,102] [17   ] [ERROR] [] - Failed to initialized metrics collector - error: 2
[2022-09-06 20:48:56,122] [21   ] [INFO ] [] - Initializing the metrics collector
[2022-09-06 20:48:56,130] [21   ] [ERROR] [] - MetricsCollector::Initialize(171): Check Failed: !IsConfigured() - Return: MetricResult_InvalidState
[2022-09-06 20:48:56,134] [21   ] [ERROR] [] - Failed to initialized metrics collector - error: 2
[2022-09-06 21:17:34,724] [22   ] [INFO ] [] - Initializing the metrics collector
[2022-09-06 21:17:34,728] [22   ] [ERROR] [] - MetricsCollector::Initialize(171): Check Failed: !IsConfigured() - Return: MetricResult_InvalidState
[2022-09-06 21:17:34,730] [22   ] [ERROR] [] - Failed to initialized metrics collector - error: 2
[2022-09-06 21:27:34,726] [15   ] [INFO ] [] - Initializing the metrics collector
[2022-09-06 21:27:34,729] [15   ] [ERROR] [] - MetricsCollector::Initialize(171): Check Failed: !IsConfigured() - Return: MetricResult_InvalidState
[2022-09-06 21:27:34,731] [15   ] [ERROR] [] - Failed to initialized metrics collector - error: 2
[2022-09-06 21:37:34,727] [18   ] [INFO ] [] - Initializing the metrics collector
[2022-09-06 21:37:34,728] [18   ] [ERROR] [] - MetricsCollector::Initialize(171): Check Failed: !IsConfigured() - Return: MetricResult_InvalidState
[2022-09-06 21:37:34,728] [18   ] [ERROR] [] - Failed to initialized metrics collector - error: 2
[2022-09-06 21:47:34,737] [17   ] [INFO ] [] - Initializing the metrics collector
[2022-09-06 21:47:34,740] [17   ] [ERROR] [] - MetricsCollector::Initialize(171): Check Failed: !IsConfigured() - Return: MetricResult_InvalidState
[2022-09-06 21:47:34,741] [17   ] [ERROR] [] - Failed to initialized metrics collector - error: 2
[2022-09-06 21:57:34,753] [13   ] [INFO ] [] - Initializing the metrics collector
[2022-09-06 21:57:34,753] [13   ] [ERROR] [] - MetricsCollector::Initialize(171): Check Failed: !IsConfigured() - Return: MetricResult_InvalidState
[2022-09-06 21:57:34,753] [13   ] [ERROR] [] - Failed to initialized metrics collector - error: 2
