[2024-02-17 10:01:48,086] [1    ] [INFO ] [] - ========== Box Edit v4.24.0.1029 ==========
[2024-02-17 10:01:48,132] [1    ] [INFO ] [] - Command Line: "C:\Users\金田駿之介\AppData\Local\Box\Box Edit\Box Edit.exe" 
[2024-02-17 10:01:51,015] [1    ] [INFO ] [] - Getting DebugLogging value from CurrentUser
[2024-02-17 10:01:51,015] [1    ] [INFO ] [] - Working with debug logging OFF
[2024-02-17 10:01:51,172] [1    ] [INFO ] [] - Days to keep files in cache set to 7
[2024-02-17 10:01:52,248] [1    ] [INFO ] [] - LocalMachine RegistryKey not set
[2024-02-17 10:01:52,329] [1    ] [INFO ] [] - DeviceId::CheckDeviceId(488): Starting DeviceId generator.
[2024-02-17 10:01:52,347] [1    ] [INFO ] [] - DeviceId::CheckDeviceId(515): Global mutex obtained. Start checking.
[2024-02-17 10:01:53,044] [1    ] [INFO ] [] - DeviceId::RestoreGlobalDeviceData(65): Failed reading global DeviceData from registry: Registry key "SOFTWARE\Box\DeviceId" not found.
[2024-02-17 10:01:53,196] [1    ] [INFO ] [] - DeviceId::RestoreAndValidateLocalProperites(389): Restored local DeviceId
[2024-02-17 10:01:53,196] [1    ] [INFO ] [] - DeviceId::RestoreAndValidateLocalProperites(393): Restored local DeviceData
[2024-02-17 10:01:53,204] [1    ] [INFO ] [] - DeviceId::PerformChecking(452): Checking DeviceData.
[2024-02-17 10:01:53,206] [1    ] [INFO ] [] - DeviceId::PerformChecking(453): DeviceData read from registry: {"ComputerSystemProductUUID":"B4C5DFD1-4333-1CB6-C49D-A3067E9A232A","Version":1}
[2024-02-17 10:01:53,206] [1    ] [INFO ] [] - DeviceId::PerformChecking(454): Generated DeviceData: {"ComputerSystemProductUUID":"B4C5DFD1-4333-1CB6-C49D-A3067E9A232A","Version":1}
[2024-02-17 10:01:53,257] [1    ] [INFO ] [] - Initializing the metrics collector
[2024-02-17 10:01:53,297] [1    ] [WARN ] [] - MetricsCollector::UpdateConfiguration(374): UpdateConfiguration raised: unable to open database file
[2024-02-17 10:01:53,297] [1    ] [ERROR] [] - MetricsCollector::Initialize(238): Raised: unable to open database file
[2024-02-17 10:01:53,297] [1    ] [ERROR] [] - Failed to initialized metrics collector - error: 6
[2024-02-17 10:01:53,315] [9    ] [INFO ] [] - .NET Version - installed 533325, expected: 528040
[2024-02-17 10:01:53,317] [9    ] [INFO ] [] - result: True
[2024-02-17 10:01:53,317] [9    ] [INFO ] [] - Checking for upgrades
[2024-02-17 10:01:53,327] [9    ] [INFO ] [] - ### File path for UpgradeState: C:\Users\金田駿之介\AppData\Local\Box\upgrade_state.json
[2024-02-17 10:01:53,398] [1    ] [INFO ] [] - Running pipe server using box_edit_pipe as pipe name
[2024-02-17 10:01:53,408] [1    ] [INFO ] [] - Initializing the metrics collector
[2024-02-17 10:01:53,416] [1    ] [ERROR] [] - MetricsCollector::Initialize(171): Check Failed: !IsConfigured() - Return: MetricResult_InvalidState
[2024-02-17 10:01:53,416] [1    ] [ERROR] [] - Failed to initialized metrics collector - error: 2
[2024-02-17 10:01:53,418] [1    ] [INFO ] [] - .NET Version: unknown (533325) - 4.0.30319.42000
[2024-02-17 10:01:53,438] [12   ] [INFO ] [] - Sending async metric DotNetVersion to Gen204 json endpoint.
[2024-02-17 10:01:53,702] [9    ] [INFO ] [] - Url used to upgrade: https://cdn07.boxcdn.net/BoxEditAutoupdate2.json
[2024-02-17 10:01:54,005] [9    ] [INFO ] [] - ### current version track name: 4.24.0
[2024-02-17 10:01:54,005] [9    ] [WARN ] [] - Track 4.24.0 not found
[2024-02-17 10:01:54,005] [9    ] [INFO ] [] - Track default for upgrade found
[2024-02-17 10:01:54,005] [9    ] [INFO ] [] - RolloutID set to 73
[2024-02-17 10:01:54,005] [9    ] [INFO ] [] - No upgrade available
[2024-02-17 10:01:54,286] [12   ] [INFO ] [] - Metric ingestion endpoint response: NoContent
[2024-02-17 10:01:58,446] [10   ] [INFO ] [] - Initializing the metrics collector
[2024-02-17 10:01:58,446] [10   ] [ERROR] [] - MetricsCollector::Initialize(171): Check Failed: !IsConfigured() - Return: MetricResult_InvalidState
[2024-02-17 10:01:58,446] [10   ] [ERROR] [] - Failed to initialized metrics collector - error: 2
[2024-02-17 10:11:58,491] [16   ] [INFO ] [] - Initializing the metrics collector
[2024-02-17 10:11:58,494] [16   ] [ERROR] [] - MetricsCollector::Initialize(171): Check Failed: !IsConfigured() - Return: MetricResult_InvalidState
[2024-02-17 10:11:58,496] [16   ] [ERROR] [] - Failed to initialized metrics collector - error: 2
[2024-02-17 10:21:58,461] [13   ] [INFO ] [] - Initializing the metrics collector
[2024-02-17 10:21:58,461] [13   ] [ERROR] [] - MetricsCollector::Initialize(171): Check Failed: !IsConfigured() - Return: MetricResult_InvalidState
[2024-02-17 10:21:58,461] [13   ] [ERROR] [] - Failed to initialized metrics collector - error: 2
[2024-02-17 21:12:31,357] [1    ] [INFO ] [] - ========== Box Edit v4.24.0.1029 ==========
[2024-02-17 21:12:31,449] [1    ] [INFO ] [] - Command Line: "C:\Users\金田駿之介\AppData\Local\Box\Box Edit\Box Edit.exe" 
[2024-02-17 21:12:33,726] [1    ] [INFO ] [] - Getting DebugLogging value from CurrentUser
[2024-02-17 21:12:33,726] [1    ] [INFO ] [] - Working with debug logging OFF
[2024-02-17 21:12:34,265] [1    ] [INFO ] [] - Days to keep files in cache set to 7
[2024-02-17 21:12:35,009] [1    ] [INFO ] [] - LocalMachine RegistryKey not set
[2024-02-17 21:12:35,107] [1    ] [INFO ] [] - DeviceId::CheckDeviceId(488): Starting DeviceId generator.
[2024-02-17 21:12:35,109] [1    ] [INFO ] [] - DeviceId::CheckDeviceId(515): Global mutex obtained. Start checking.
[2024-02-17 21:12:36,963] [1    ] [INFO ] [] - DeviceId::RestoreGlobalDeviceData(65): Failed reading global DeviceData from registry: Registry key "SOFTWARE\Box\DeviceId" not found.
[2024-02-17 21:12:37,282] [1    ] [INFO ] [] - DeviceId::RestoreAndValidateLocalProperites(389): Restored local DeviceId
[2024-02-17 21:12:37,282] [1    ] [INFO ] [] - DeviceId::RestoreAndValidateLocalProperites(393): Restored local DeviceData
[2024-02-17 21:12:37,282] [1    ] [INFO ] [] - DeviceId::PerformChecking(452): Checking DeviceData.
[2024-02-17 21:12:37,291] [1    ] [INFO ] [] - DeviceId::PerformChecking(453): DeviceData read from registry: {"ComputerSystemProductUUID":"B4C5DFD1-4333-1CB6-C49D-A3067E9A232A","Version":1}
[2024-02-17 21:12:37,291] [1    ] [INFO ] [] - DeviceId::PerformChecking(454): Generated DeviceData: {"ComputerSystemProductUUID":"B4C5DFD1-4333-1CB6-C49D-A3067E9A232A","Version":1}
[2024-02-17 21:12:37,624] [1    ] [INFO ] [] - Initializing the metrics collector
[2024-02-17 21:12:37,958] [1    ] [WARN ] [] - MetricsCollector::UpdateConfiguration(374): UpdateConfiguration raised: unable to open database file
[2024-02-17 21:12:37,958] [1    ] [ERROR] [] - MetricsCollector::Initialize(238): Raised: unable to open database file
[2024-02-17 21:12:37,958] [1    ] [ERROR] [] - Failed to initialized metrics collector - error: 6
[2024-02-17 21:12:38,041] [9    ] [INFO ] [] - .NET Version - installed 533325, expected: 528040
[2024-02-17 21:12:38,049] [9    ] [INFO ] [] - result: True
[2024-02-17 21:12:38,049] [9    ] [INFO ] [] - Checking for upgrades
[2024-02-17 21:12:38,183] [9    ] [INFO ] [] - ### File path for UpgradeState: C:\Users\金田駿之介\AppData\Local\Box\upgrade_state.json
[2024-02-17 21:12:38,325] [1    ] [INFO ] [] - Running pipe server using box_edit_pipe as pipe name
[2024-02-17 21:12:38,342] [1    ] [INFO ] [] - Initializing the metrics collector
[2024-02-17 21:12:38,342] [1    ] [ERROR] [] - MetricsCollector::Initialize(171): Check Failed: !IsConfigured() - Return: MetricResult_InvalidState
[2024-02-17 21:12:38,342] [1    ] [ERROR] [] - Failed to initialized metrics collector - error: 2
[2024-02-17 21:12:38,350] [1    ] [INFO ] [] - .NET Version: unknown (533325) - 4.0.30319.42000
[2024-02-17 21:12:38,462] [13   ] [INFO ] [] - Sending async metric DotNetVersion to Gen204 json endpoint.
[2024-02-17 21:12:39,077] [9    ] [INFO ] [] - Url used to upgrade: https://cdn07.boxcdn.net/BoxEditAutoupdate2.json
[2024-02-17 21:12:40,668] [9    ] [INFO ] [] - ### current version track name: 4.24.0
[2024-02-17 21:12:40,668] [9    ] [WARN ] [] - Track 4.24.0 not found
[2024-02-17 21:12:40,668] [9    ] [INFO ] [] - Track default for upgrade found
[2024-02-17 21:12:40,668] [9    ] [INFO ] [] - RolloutID set to 73
[2024-02-17 21:12:40,668] [9    ] [INFO ] [] - No upgrade available
[2024-02-17 21:12:42,046] [13   ] [INFO ] [] - Metric ingestion endpoint response: NoContent
[2024-02-17 21:12:43,465] [11   ] [INFO ] [] - Initializing the metrics collector
[2024-02-17 21:12:43,465] [11   ] [ERROR] [] - MetricsCollector::Initialize(171): Check Failed: !IsConfigured() - Return: MetricResult_InvalidState
[2024-02-17 21:12:43,465] [11   ] [ERROR] [] - Failed to initialized metrics collector - error: 2
[2024-02-17 21:22:43,453] [7    ] [INFO ] [] - Initializing the metrics collector
[2024-02-17 21:22:43,493] [7    ] [ERROR] [] - MetricsCollector::Initialize(171): Check Failed: !IsConfigured() - Return: MetricResult_InvalidState
[2024-02-17 21:22:43,496] [7    ] [ERROR] [] - Failed to initialized metrics collector - error: 2
[2024-02-17 21:32:43,506] [7    ] [INFO ] [] - Initializing the metrics collector
[2024-02-17 21:32:43,508] [7    ] [ERROR] [] - MetricsCollector::Initialize(171): Check Failed: !IsConfigured() - Return: MetricResult_InvalidState
[2024-02-17 21:32:43,509] [7    ] [ERROR] [] - Failed to initialized metrics collector - error: 2
[2024-02-17 21:42:43,415] [8    ] [INFO ] [] - Initializing the metrics collector
[2024-02-17 21:42:43,419] [8    ] [ERROR] [] - MetricsCollector::Initialize(171): Check Failed: !IsConfigured() - Return: MetricResult_InvalidState
[2024-02-17 21:42:43,425] [8    ] [ERROR] [] - Failed to initialized metrics collector - error: 2
[2024-02-17 21:52:43,428] [20   ] [INFO ] [] - Initializing the metrics collector
[2024-02-17 21:52:43,431] [20   ] [ERROR] [] - MetricsCollector::Initialize(171): Check Failed: !IsConfigured() - Return: MetricResult_InvalidState
[2024-02-17 21:52:43,433] [20   ] [ERROR] [] - Failed to initialized metrics collector - error: 2
[2024-02-17 22:02:43,477] [22   ] [INFO ] [] - Initializing the metrics collector
[2024-02-17 22:02:43,479] [22   ] [ERROR] [] - MetricsCollector::Initialize(171): Check Failed: !IsConfigured() - Return: MetricResult_InvalidState
[2024-02-17 22:02:43,483] [22   ] [ERROR] [] - Failed to initialized metrics collector - error: 2
[2024-02-17 22:12:43,526] [21   ] [INFO ] [] - Initializing the metrics collector
[2024-02-17 22:12:43,545] [21   ] [ERROR] [] - MetricsCollector::Initialize(171): Check Failed: !IsConfigured() - Return: MetricResult_InvalidState
[2024-02-17 22:12:43,548] [21   ] [ERROR] [] - Failed to initialized metrics collector - error: 2
[2024-02-17 22:22:43,477] [20   ] [INFO ] [] - Initializing the metrics collector
[2024-02-17 22:22:43,478] [20   ] [ERROR] [] - MetricsCollector::Initialize(171): Check Failed: !IsConfigured() - Return: MetricResult_InvalidState
[2024-02-17 22:22:43,479] [20   ] [ERROR] [] - Failed to initialized metrics collector - error: 2
[2024-02-17 22:32:43,512] [9    ] [INFO ] [] - Initializing the metrics collector
[2024-02-17 22:32:43,515] [9    ] [ERROR] [] - MetricsCollector::Initialize(171): Check Failed: !IsConfigured() - Return: MetricResult_InvalidState
[2024-02-17 22:32:43,516] [9    ] [ERROR] [] - Failed to initialized metrics collector - error: 2
[2024-02-17 22:42:43,516] [7    ] [INFO ] [] - Initializing the metrics collector
[2024-02-17 22:42:43,517] [7    ] [ERROR] [] - MetricsCollector::Initialize(171): Check Failed: !IsConfigured() - Return: MetricResult_InvalidState
[2024-02-17 22:42:43,519] [7    ] [ERROR] [] - Failed to initialized metrics collector - error: 2
[2024-02-17 22:52:43,525] [7    ] [INFO ] [] - Initializing the metrics collector
[2024-02-17 22:52:43,527] [7    ] [ERROR] [] - MetricsCollector::Initialize(171): Check Failed: !IsConfigured() - Return: MetricResult_InvalidState
[2024-02-17 22:52:43,527] [7    ] [ERROR] [] - Failed to initialized metrics collector - error: 2
