[2023-07-13 14:25:39,483] [1    ] [INFO ] [] - ========== Box Edit v4.23.0.1013 ==========
[2023-07-13 14:25:39,499] [1    ] [INFO ] [] - Command Line: "C:\Users\金田駿之介\AppData\Local\Box\Box Edit\Box Edit.exe" 
[2023-07-13 14:25:40,530] [1    ] [INFO ] [] - Getting DebugLogging value from CurrentUser
[2023-07-13 14:25:40,545] [1    ] [INFO ] [] - Working with debug logging OFF
[2023-07-13 14:25:40,592] [1    ] [INFO ] [] - Days to keep files in cache set to 7
[2023-07-13 14:25:40,905] [1    ] [INFO ] [] - LocalMachine RegistryKey not set
[2023-07-13 14:25:40,930] [1    ] [INFO ] [] - DeviceId::CheckDeviceId(488): Starting DeviceId generator.
[2023-07-13 14:25:40,930] [1    ] [INFO ] [] - DeviceId::CheckDeviceId(515): Global mutex obtained. Start checking.
[2023-07-13 14:25:41,054] [1    ] [INFO ] [] - DeviceId::RestoreGlobalDeviceData(65): Failed reading global DeviceData from registry: Registry key "SOFTWARE\Box\DeviceId" not found.
[2023-07-13 14:25:41,133] [1    ] [INFO ] [] - DeviceId::RestoreAndValidateLocalProperites(389): Restored local DeviceId
[2023-07-13 14:25:41,133] [1    ] [INFO ] [] - DeviceId::RestoreAndValidateLocalProperites(393): Restored local DeviceData
[2023-07-13 14:25:41,133] [1    ] [INFO ] [] - DeviceId::PerformChecking(452): Checking DeviceData.
[2023-07-13 14:25:41,148] [1    ] [INFO ] [] - DeviceId::PerformChecking(453): DeviceData read from registry: {"ComputerSystemProductUUID":"B4C5DFD1-4333-1CB6-C49D-A3067E9A232A","Version":1}
[2023-07-13 14:25:41,148] [1    ] [INFO ] [] - DeviceId::PerformChecking(454): Generated DeviceData: {"ComputerSystemProductUUID":"B4C5DFD1-4333-1CB6-C49D-A3067E9A232A","Version":1}
[2023-07-13 14:25:41,164] [1    ] [INFO ] [] - Initializing the metrics collector
[2023-07-13 14:25:41,211] [1    ] [WARN ] [] - MetricsCollector::UpdateConfiguration(374): UpdateConfiguration raised: unable to open database file
[2023-07-13 14:25:41,211] [1    ] [ERROR] [] - MetricsCollector::Initialize(238): Raised: unable to open database file
[2023-07-13 14:25:41,211] [1    ] [ERROR] [] - Failed to initialized metrics collector - error: 6
[2023-07-13 14:25:41,211] [1    ] [ERROR] [] - Could not set permissions to C:\Users\金田駿之介\AppData\Local\Box\Box Tools\Metrics\BoxTools_Metrics.db
[2023-07-13 14:25:41,211] [1    ] [ERROR] [] - FileSystemUtils.AddPermissionsToFile on line number [0]  System.IO.FileNotFoundException: C:\Users\金田駿之介\AppData\Local\Box\Box Tools\Metrics\BoxTools_Metrics.db
   場所 System.Security.AccessControl.NativeObjectSecurity.CreateInternal(ResourceType resourceType, Boolean isContainer, String name, SafeHandle handle, AccessControlSections includeSections, Boolean createByName, ExceptionFromErrorCode exceptionFromErrorCode, Object exceptionContext)
   場所 System.Security.AccessControl.FileSystemSecurity..ctor(Boolean isContainer, String name, AccessControlSections includeSections, Boolean isDirectory)
   場所 System.Security.AccessControl.FileSecurity..ctor(String fileName, AccessControlSections includeSections)
   場所 Box.Utilities.Util.FileSystemUtils.AddPermissionsToFile(String filePath, WellKnownSidType account, FileSystemRights permissions)
[2023-07-13 14:25:41,226] [9    ] [INFO ] [] - .NET Version - installed 528372, expected: 528040
[2023-07-13 14:25:41,226] [9    ] [INFO ] [] - result: True
[2023-07-13 14:25:41,226] [9    ] [INFO ] [] - Checking for upgrades
[2023-07-13 14:25:41,226] [9    ] [INFO ] [] - ### File path for UpgradeState: C:\Users\金田駿之介\AppData\Local\Box\upgrade_state.json
[2023-07-13 14:25:41,258] [1    ] [INFO ] [] - Running pipe server using box_edit_pipe as pipe name
[2023-07-13 14:25:41,273] [1    ] [INFO ] [] - Initializing the metrics collector
[2023-07-13 14:25:41,273] [1    ] [ERROR] [] - MetricsCollector::Initialize(171): Check Failed: !IsConfigured() - Return: MetricResult_InvalidState
[2023-07-13 14:25:41,273] [1    ] [ERROR] [] - Failed to initialized metrics collector - error: 2
[2023-07-13 14:25:41,273] [1    ] [ERROR] [] - Could not set permissions to C:\Users\金田駿之介\AppData\Local\Box\Box Tools\Metrics\BoxTools_Metrics.db
[2023-07-13 14:25:41,273] [1    ] [ERROR] [] - FileSystemUtils.AddPermissionsToFile on line number [0]  System.IO.FileNotFoundException: C:\Users\金田駿之介\AppData\Local\Box\Box Tools\Metrics\BoxTools_Metrics.db
   場所 System.Security.AccessControl.NativeObjectSecurity.CreateInternal(ResourceType resourceType, Boolean isContainer, String name, SafeHandle handle, AccessControlSections includeSections, Boolean createByName, ExceptionFromErrorCode exceptionFromErrorCode, Object exceptionContext)
   場所 System.Security.AccessControl.FileSystemSecurity..ctor(Boolean isContainer, String name, AccessControlSections includeSections, Boolean isDirectory)
   場所 System.Security.AccessControl.FileSecurity..ctor(String fileName, AccessControlSections includeSections)
   場所 Box.Utilities.Util.FileSystemUtils.AddPermissionsToFile(String filePath, WellKnownSidType account, FileSystemRights permissions)
[2023-07-13 14:25:41,273] [1    ] [INFO ] [] - .NET Version: .NET Framework 4.8 (528372) - 4.0.30319.42000
[2023-07-13 14:25:41,273] [13   ] [INFO ] [] - Sending async metric DotNetVersion to Gen204 json endpoint.
[2023-07-13 14:25:41,429] [9    ] [INFO ] [] - Url used to upgrade: https://cdn07.boxcdn.net/BoxEditAutoupdate2.json
[2023-07-13 14:25:41,476] [9    ] [ERROR] [] - UpgradeService.GetLatestUpgrade on line number [0]  System.Net.WebException: リモート名を解決できませんでした。: 'cdn07.boxcdn.net'
   場所 System.Net.WebClient.DownloadDataInternal(Uri address, WebRequest& request)
   場所 System.Net.WebClient.DownloadString(Uri address)
   場所 System.Net.WebClient.DownloadString(String address)
   場所 Box.Edit.UpgradeService.UpgradeService.GetLatestUpgrade()
[2023-07-13 14:25:41,476] [9    ] [INFO ] [] - .NET Version - installed 528372, expected: 528040
[2023-07-13 14:25:41,476] [9    ] [INFO ] [] - result: True
[2023-07-13 14:25:41,476] [9    ] [INFO ] [] - Checking for upgrades
[2023-07-13 14:25:41,492] [9    ] [INFO ] [] - ### File path for UpgradeState: C:\Users\金田駿之介\AppData\Local\Box\upgrade_state.json
[2023-07-13 14:25:41,492] [9    ] [INFO ] [] - Url used to upgrade: https://cdn07.boxcdn.net/BoxEditAutoupdate2.json
[2023-07-13 14:25:41,492] [9    ] [ERROR] [] - UpgradeService.GetLatestUpgrade on line number [0]  System.Net.WebException: リモート名を解決できませんでした。: 'cdn07.boxcdn.net'
   場所 System.Net.WebClient.DownloadDataInternal(Uri address, WebRequest& request)
   場所 System.Net.WebClient.DownloadString(Uri address)
   場所 System.Net.WebClient.DownloadString(String address)
   場所 Box.Edit.UpgradeService.UpgradeService.GetLatestUpgrade()
[2023-07-13 14:25:41,492] [9    ] [INFO ] [] - .NET Version - installed 528372, expected: 528040
[2023-07-13 14:25:41,492] [9    ] [INFO ] [] - result: True
[2023-07-13 14:25:41,492] [9    ] [INFO ] [] - Checking for upgrades
[2023-07-13 14:25:41,492] [9    ] [INFO ] [] - ### File path for UpgradeState: C:\Users\金田駿之介\AppData\Local\Box\upgrade_state.json
[2023-07-13 14:25:41,492] [9    ] [INFO ] [] - Url used to upgrade: https://cdn07.boxcdn.net/BoxEditAutoupdate2.json
[2023-07-13 14:25:41,492] [9    ] [ERROR] [] - UpgradeService.GetLatestUpgrade on line number [0]  System.Net.WebException: リモート名を解決できませんでした。: 'cdn07.boxcdn.net'
   場所 System.Net.WebClient.DownloadDataInternal(Uri address, WebRequest& request)
   場所 System.Net.WebClient.DownloadString(Uri address)
   場所 System.Net.WebClient.DownloadString(String address)
   場所 Box.Edit.UpgradeService.UpgradeService.GetLatestUpgrade()
[2023-07-13 14:25:41,492] [9    ] [INFO ] [] - .NET Version - installed 528372, expected: 528040
[2023-07-13 14:25:41,492] [9    ] [INFO ] [] - result: True
[2023-07-13 14:25:41,492] [9    ] [INFO ] [] - Checking for upgrades
[2023-07-13 14:25:41,492] [9    ] [INFO ] [] - ### File path for UpgradeState: C:\Users\金田駿之介\AppData\Local\Box\upgrade_state.json
[2023-07-13 14:25:41,492] [9    ] [INFO ] [] - Url used to upgrade: https://cdn07.boxcdn.net/BoxEditAutoupdate2.json
[2023-07-13 14:25:41,507] [9    ] [ERROR] [] - UpgradeService.GetLatestUpgrade on line number [0]  System.Net.WebException: リモート名を解決できませんでした。: 'cdn07.boxcdn.net'
   場所 System.Net.WebClient.DownloadDataInternal(Uri address, WebRequest& request)
   場所 System.Net.WebClient.DownloadString(Uri address)
   場所 System.Net.WebClient.DownloadString(String address)
   場所 Box.Edit.UpgradeService.UpgradeService.GetLatestUpgrade()
[2023-07-13 14:25:41,507] [9    ] [INFO ] [] - .NET Version - installed 528372, expected: 528040
[2023-07-13 14:25:41,507] [9    ] [INFO ] [] - result: True
[2023-07-13 14:25:41,507] [9    ] [INFO ] [] - Checking for upgrades
[2023-07-13 14:25:41,507] [9    ] [INFO ] [] - ### File path for UpgradeState: C:\Users\金田駿之介\AppData\Local\Box\upgrade_state.json
[2023-07-13 14:25:41,507] [9    ] [INFO ] [] - Url used to upgrade: https://cdn07.boxcdn.net/BoxEditAutoupdate2.json
[2023-07-13 14:25:41,507] [9    ] [ERROR] [] - UpgradeService.GetLatestUpgrade on line number [0]  System.Net.WebException: リモート名を解決できませんでした。: 'cdn07.boxcdn.net'
   場所 System.Net.WebClient.DownloadDataInternal(Uri address, WebRequest& request)
   場所 System.Net.WebClient.DownloadString(Uri address)
   場所 System.Net.WebClient.DownloadString(String address)
   場所 Box.Edit.UpgradeService.UpgradeService.GetLatestUpgrade()
[2023-07-13 14:25:41,507] [9    ] [INFO ] [] - .NET Version - installed 528372, expected: 528040
[2023-07-13 14:25:41,507] [9    ] [INFO ] [] - result: True
[2023-07-13 14:25:41,507] [9    ] [INFO ] [] - Checking for upgrades
[2023-07-13 14:25:41,507] [9    ] [INFO ] [] - ### File path for UpgradeState: C:\Users\金田駿之介\AppData\Local\Box\upgrade_state.json
[2023-07-13 14:25:41,507] [9    ] [INFO ] [] - Too many attemps for upgrade
[2023-07-13 14:25:46,283] [10   ] [INFO ] [] - Initializing the metrics collector
[2023-07-13 14:25:46,283] [10   ] [ERROR] [] - MetricsCollector::Initialize(171): Check Failed: !IsConfigured() - Return: MetricResult_InvalidState
[2023-07-13 14:25:46,283] [10   ] [ERROR] [] - Failed to initialized metrics collector - error: 2
[2023-07-13 14:35:46,307] [16   ] [INFO ] [] - Initializing the metrics collector
[2023-07-13 14:35:46,307] [16   ] [ERROR] [] - MetricsCollector::Initialize(171): Check Failed: !IsConfigured() - Return: MetricResult_InvalidState
[2023-07-13 14:35:46,307] [16   ] [ERROR] [] - Failed to initialized metrics collector - error: 2
[2023-07-13 14:45:46,311] [8    ] [INFO ] [] - Initializing the metrics collector
[2023-07-13 14:45:46,311] [8    ] [ERROR] [] - MetricsCollector::Initialize(171): Check Failed: !IsConfigured() - Return: MetricResult_InvalidState
[2023-07-13 14:45:46,311] [8    ] [ERROR] [] - Failed to initialized metrics collector - error: 2
