[2023-10-01 16:08:26,086] [1    ] [INFO ] [] - ========== Box Edit v4.23.0.1013 ==========
[2023-10-01 16:08:26,127] [1    ] [INFO ] [] - Command Line: "C:\Users\金田駿之介\AppData\Local\Box\Box Edit\Box Edit.exe" 
[2023-10-01 16:08:27,835] [1    ] [INFO ] [] - Getting DebugLogging value from CurrentUser
[2023-10-01 16:08:27,843] [1    ] [INFO ] [] - Working with debug logging OFF
[2023-10-01 16:08:27,961] [1    ] [INFO ] [] - Days to keep files in cache set to 7
[2023-10-01 16:08:28,568] [1    ] [INFO ] [] - LocalMachine RegistryKey not set
[2023-10-01 16:08:28,606] [1    ] [INFO ] [] - DeviceId::CheckDeviceId(488): Starting DeviceId generator.
[2023-10-01 16:08:28,608] [1    ] [INFO ] [] - DeviceId::CheckDeviceId(515): Global mutex obtained. Start checking.
[2023-10-01 16:08:28,787] [1    ] [INFO ] [] - DeviceId::RestoreGlobalDeviceData(65): Failed reading global DeviceData from registry: Registry key "SOFTWARE\Box\DeviceId" not found.
[2023-10-01 16:08:28,865] [1    ] [INFO ] [] - DeviceId::RestoreAndValidateLocalProperites(389): Restored local DeviceId
[2023-10-01 16:08:28,865] [1    ] [INFO ] [] - DeviceId::RestoreAndValidateLocalProperites(393): Restored local DeviceData
[2023-10-01 16:08:28,865] [1    ] [INFO ] [] - DeviceId::PerformChecking(452): Checking DeviceData.
[2023-10-01 16:08:28,865] [1    ] [INFO ] [] - DeviceId::PerformChecking(453): DeviceData read from registry: {"ComputerSystemProductUUID":"B4C5DFD1-4333-1CB6-C49D-A3067E9A232A","Version":1}
[2023-10-01 16:08:28,865] [1    ] [INFO ] [] - DeviceId::PerformChecking(454): Generated DeviceData: {"ComputerSystemProductUUID":"B4C5DFD1-4333-1CB6-C49D-A3067E9A232A","Version":1}
[2023-10-01 16:08:28,903] [1    ] [INFO ] [] - Initializing the metrics collector
[2023-10-01 16:08:28,918] [1    ] [WARN ] [] - MetricsCollector::UpdateConfiguration(374): UpdateConfiguration raised: unable to open database file
[2023-10-01 16:08:28,918] [1    ] [ERROR] [] - MetricsCollector::Initialize(238): Raised: unable to open database file
[2023-10-01 16:08:28,918] [1    ] [ERROR] [] - Failed to initialized metrics collector - error: 6
[2023-10-01 16:08:28,918] [1    ] [ERROR] [] - Could not set permissions to C:\Users\金田駿之介\AppData\Local\Box\Box Tools\Metrics\BoxTools_Metrics.db
[2023-10-01 16:08:28,934] [1    ] [ERROR] [] - FileSystemUtils.AddPermissionsToFile on line number [0]  System.IO.FileNotFoundException: C:\Users\金田駿之介\AppData\Local\Box\Box Tools\Metrics\BoxTools_Metrics.db
   場所 System.Security.AccessControl.NativeObjectSecurity.CreateInternal(ResourceType resourceType, Boolean isContainer, String name, SafeHandle handle, AccessControlSections includeSections, Boolean createByName, ExceptionFromErrorCode exceptionFromErrorCode, Object exceptionContext)
   場所 System.Security.AccessControl.FileSystemSecurity..ctor(Boolean isContainer, String name, AccessControlSections includeSections, Boolean isDirectory)
   場所 System.Security.AccessControl.FileSecurity..ctor(String fileName, AccessControlSections includeSections)
   場所 Box.Utilities.Util.FileSystemUtils.AddPermissionsToFile(String filePath, WellKnownSidType account, FileSystemRights permissions)
[2023-10-01 16:08:28,949] [9    ] [INFO ] [] - .NET Version - installed 533325, expected: 528040
[2023-10-01 16:08:28,949] [9    ] [INFO ] [] - result: True
[2023-10-01 16:08:28,949] [9    ] [INFO ] [] - Checking for upgrades
[2023-10-01 16:08:28,949] [9    ] [INFO ] [] - ### File path for UpgradeState: C:\Users\金田駿之介\AppData\Local\Box\upgrade_state.json
[2023-10-01 16:08:29,026] [1    ] [INFO ] [] - Running pipe server using box_edit_pipe as pipe name
[2023-10-01 16:08:29,026] [1    ] [INFO ] [] - Initializing the metrics collector
[2023-10-01 16:08:29,026] [1    ] [ERROR] [] - MetricsCollector::Initialize(171): Check Failed: !IsConfigured() - Return: MetricResult_InvalidState
[2023-10-01 16:08:29,026] [1    ] [ERROR] [] - Failed to initialized metrics collector - error: 2
[2023-10-01 16:08:29,026] [1    ] [ERROR] [] - Could not set permissions to C:\Users\金田駿之介\AppData\Local\Box\Box Tools\Metrics\BoxTools_Metrics.db
[2023-10-01 16:08:29,034] [1    ] [ERROR] [] - FileSystemUtils.AddPermissionsToFile on line number [0]  System.IO.FileNotFoundException: C:\Users\金田駿之介\AppData\Local\Box\Box Tools\Metrics\BoxTools_Metrics.db
   場所 System.Security.AccessControl.NativeObjectSecurity.CreateInternal(ResourceType resourceType, Boolean isContainer, String name, SafeHandle handle, AccessControlSections includeSections, Boolean createByName, ExceptionFromErrorCode exceptionFromErrorCode, Object exceptionContext)
   場所 System.Security.AccessControl.FileSystemSecurity..ctor(Boolean isContainer, String name, AccessControlSections includeSections, Boolean isDirectory)
   場所 System.Security.AccessControl.FileSecurity..ctor(String fileName, AccessControlSections includeSections)
   場所 Box.Utilities.Util.FileSystemUtils.AddPermissionsToFile(String filePath, WellKnownSidType account, FileSystemRights permissions)
[2023-10-01 16:08:29,034] [1    ] [INFO ] [] - .NET Version: unknown (533325) - 4.0.30319.42000
[2023-10-01 16:08:29,042] [13   ] [INFO ] [] - Sending async metric DotNetVersion to Gen204 json endpoint.
[2023-10-01 16:08:29,238] [9    ] [INFO ] [] - Url used to upgrade: https://cdn07.boxcdn.net/BoxEditAutoupdate2.json
[2023-10-01 16:08:29,387] [9    ] [INFO ] [] - ### current version track name: 4.23.0
[2023-10-01 16:08:29,391] [9    ] [WARN ] [] - Track 4.23.0 not found
[2023-10-01 16:08:29,391] [9    ] [INFO ] [] - Track default for upgrade found
[2023-10-01 16:08:29,393] [9    ] [INFO ] [] - RolloutID set to 42
[2023-10-01 16:08:29,393] [9    ] [INFO ] [] - Not upgrading because RolloutID is not in range
[2023-10-01 16:08:29,655] [13   ] [INFO ] [] - Metric ingestion endpoint response: NoContent
[2023-10-01 16:08:34,047] [10   ] [INFO ] [] - Initializing the metrics collector
[2023-10-01 16:08:34,047] [10   ] [ERROR] [] - MetricsCollector::Initialize(171): Check Failed: !IsConfigured() - Return: MetricResult_InvalidState
[2023-10-01 16:08:34,047] [10   ] [ERROR] [] - Failed to initialized metrics collector - error: 2
[2023-10-01 16:18:34,052] [19   ] [INFO ] [] - Initializing the metrics collector
[2023-10-01 16:18:34,052] [19   ] [ERROR] [] - MetricsCollector::Initialize(171): Check Failed: !IsConfigured() - Return: MetricResult_InvalidState
[2023-10-01 16:18:34,052] [19   ] [ERROR] [] - Failed to initialized metrics collector - error: 2
[2023-10-01 16:28:34,073] [20   ] [INFO ] [] - Initializing the metrics collector
[2023-10-01 16:28:34,078] [20   ] [ERROR] [] - MetricsCollector::Initialize(171): Check Failed: !IsConfigured() - Return: MetricResult_InvalidState
[2023-10-01 16:28:34,080] [20   ] [ERROR] [] - Failed to initialized metrics collector - error: 2
[2023-10-01 16:38:34,083] [21   ] [INFO ] [] - Initializing the metrics collector
[2023-10-01 16:38:34,083] [21   ] [ERROR] [] - MetricsCollector::Initialize(171): Check Failed: !IsConfigured() - Return: MetricResult_InvalidState
[2023-10-01 16:38:34,083] [21   ] [ERROR] [] - Failed to initialized metrics collector - error: 2
[2023-10-01 16:48:34,087] [22   ] [INFO ] [] - Initializing the metrics collector
[2023-10-01 16:48:34,089] [22   ] [ERROR] [] - MetricsCollector::Initialize(171): Check Failed: !IsConfigured() - Return: MetricResult_InvalidState
[2023-10-01 16:48:34,091] [22   ] [ERROR] [] - Failed to initialized metrics collector - error: 2
[2023-10-01 16:58:34,106] [23   ] [INFO ] [] - Initializing the metrics collector
[2023-10-01 16:58:34,108] [23   ] [ERROR] [] - MetricsCollector::Initialize(171): Check Failed: !IsConfigured() - Return: MetricResult_InvalidState
[2023-10-01 16:58:34,108] [23   ] [ERROR] [] - Failed to initialized metrics collector - error: 2
[2023-10-01 17:08:34,118] [24   ] [INFO ] [] - Initializing the metrics collector
[2023-10-01 17:08:34,120] [24   ] [ERROR] [] - MetricsCollector::Initialize(171): Check Failed: !IsConfigured() - Return: MetricResult_InvalidState
[2023-10-01 17:08:34,121] [24   ] [ERROR] [] - Failed to initialized metrics collector - error: 2
[2023-10-01 17:18:34,136] [8    ] [INFO ] [] - Initializing the metrics collector
[2023-10-01 17:18:34,139] [8    ] [ERROR] [] - MetricsCollector::Initialize(171): Check Failed: !IsConfigured() - Return: MetricResult_InvalidState
[2023-10-01 17:18:34,140] [8    ] [ERROR] [] - Failed to initialized metrics collector - error: 2
[2023-10-01 17:28:34,145] [25   ] [INFO ] [] - Initializing the metrics collector
[2023-10-01 17:28:34,145] [25   ] [ERROR] [] - MetricsCollector::Initialize(171): Check Failed: !IsConfigured() - Return: MetricResult_InvalidState
[2023-10-01 17:28:34,145] [25   ] [ERROR] [] - Failed to initialized metrics collector - error: 2
[2023-10-01 17:38:34,159] [26   ] [INFO ] [] - Initializing the metrics collector
[2023-10-01 17:38:34,160] [26   ] [ERROR] [] - MetricsCollector::Initialize(171): Check Failed: !IsConfigured() - Return: MetricResult_InvalidState
[2023-10-01 17:38:34,160] [26   ] [ERROR] [] - Failed to initialized metrics collector - error: 2
[2023-10-01 18:17:58,362] [28   ] [INFO ] [] - Initializing the metrics collector
[2023-10-01 18:17:58,364] [28   ] [ERROR] [] - MetricsCollector::Initialize(171): Check Failed: !IsConfigured() - Return: MetricResult_InvalidState
[2023-10-01 18:17:58,365] [28   ] [ERROR] [] - Failed to initialized metrics collector - error: 2
[2023-10-01 18:27:58,388] [29   ] [INFO ] [] - Initializing the metrics collector
[2023-10-01 18:27:58,388] [29   ] [ERROR] [] - MetricsCollector::Initialize(171): Check Failed: !IsConfigured() - Return: MetricResult_InvalidState
[2023-10-01 18:27:58,388] [29   ] [ERROR] [] - Failed to initialized metrics collector - error: 2
[2023-10-01 18:37:58,410] [30   ] [INFO ] [] - Initializing the metrics collector
[2023-10-01 18:37:58,412] [30   ] [ERROR] [] - MetricsCollector::Initialize(171): Check Failed: !IsConfigured() - Return: MetricResult_InvalidState
[2023-10-01 18:37:58,413] [30   ] [ERROR] [] - Failed to initialized metrics collector - error: 2
[2023-10-01 18:47:58,424] [31   ] [INFO ] [] - Initializing the metrics collector
[2023-10-01 18:47:58,426] [31   ] [ERROR] [] - MetricsCollector::Initialize(171): Check Failed: !IsConfigured() - Return: MetricResult_InvalidState
[2023-10-01 18:47:58,426] [31   ] [ERROR] [] - Failed to initialized metrics collector - error: 2
[2023-10-01 18:57:58,440] [32   ] [INFO ] [] - Initializing the metrics collector
[2023-10-01 18:57:58,442] [32   ] [ERROR] [] - MetricsCollector::Initialize(171): Check Failed: !IsConfigured() - Return: MetricResult_InvalidState
[2023-10-01 18:57:58,443] [32   ] [ERROR] [] - Failed to initialized metrics collector - error: 2
[2023-10-01 19:07:58,456] [33   ] [INFO ] [] - Initializing the metrics collector
[2023-10-01 19:07:58,458] [33   ] [ERROR] [] - MetricsCollector::Initialize(171): Check Failed: !IsConfigured() - Return: MetricResult_InvalidState
[2023-10-01 19:07:58,459] [33   ] [ERROR] [] - Failed to initialized metrics collector - error: 2
[2023-10-01 19:17:58,472] [34   ] [INFO ] [] - Initializing the metrics collector
[2023-10-01 19:17:58,473] [34   ] [ERROR] [] - MetricsCollector::Initialize(171): Check Failed: !IsConfigured() - Return: MetricResult_InvalidState
[2023-10-01 19:17:58,476] [34   ] [ERROR] [] - Failed to initialized metrics collector - error: 2
[2023-10-01 19:27:58,487] [35   ] [INFO ] [] - Initializing the metrics collector
[2023-10-01 19:27:58,490] [35   ] [ERROR] [] - MetricsCollector::Initialize(171): Check Failed: !IsConfigured() - Return: MetricResult_InvalidState
[2023-10-01 19:27:58,491] [35   ] [ERROR] [] - Failed to initialized metrics collector - error: 2
[2023-10-01 23:32:26,052] [38   ] [INFO ] [] - Initializing the metrics collector
[2023-10-01 23:32:26,054] [38   ] [ERROR] [] - MetricsCollector::Initialize(171): Check Failed: !IsConfigured() - Return: MetricResult_InvalidState
[2023-10-01 23:32:26,055] [38   ] [ERROR] [] - Failed to initialized metrics collector - error: 2
[2023-10-01 23:42:26,067] [36   ] [INFO ] [] - Initializing the metrics collector
[2023-10-01 23:42:26,070] [36   ] [ERROR] [] - MetricsCollector::Initialize(171): Check Failed: !IsConfigured() - Return: MetricResult_InvalidState
[2023-10-01 23:42:26,071] [36   ] [ERROR] [] - Failed to initialized metrics collector - error: 2
[2023-10-01 23:52:26,071] [39   ] [INFO ] [] - Initializing the metrics collector
[2023-10-01 23:52:26,072] [39   ] [ERROR] [] - MetricsCollector::Initialize(171): Check Failed: !IsConfigured() - Return: MetricResult_InvalidState
[2023-10-01 23:52:26,073] [39   ] [ERROR] [] - Failed to initialized metrics collector - error: 2
