[2024-02-09 22:17:03,137] [1    ] [INFO ] [] - ========== Box Edit v4.24.0.1029 ==========
[2024-02-09 22:17:03,215] [1    ] [INFO ] [] - Command Line: "C:\Users\金田駿之介\AppData\Local\Box\Box Edit\Box Edit.exe" 
[2024-02-09 22:17:07,259] [1    ] [INFO ] [] - Getting DebugLogging value from CurrentUser
[2024-02-09 22:17:07,259] [1    ] [INFO ] [] - Working with debug logging OFF
[2024-02-09 22:17:07,571] [1    ] [INFO ] [] - Days to keep files in cache set to 7
[2024-02-09 22:17:09,608] [1    ] [INFO ] [] - LocalMachine RegistryKey not set
[2024-02-09 22:17:09,686] [1    ] [INFO ] [] - DeviceId::CheckDeviceId(488): Starting DeviceId generator.
[2024-02-09 22:17:09,686] [1    ] [INFO ] [] - DeviceId::CheckDeviceId(515): Global mutex obtained. Start checking.
[2024-02-09 22:17:14,483] [1    ] [INFO ] [] - DeviceId::RestoreGlobalDeviceData(65): Failed reading global DeviceData from registry: Registry key "SOFTWARE\Box\DeviceId" not found.
[2024-02-09 22:17:14,561] [1    ] [INFO ] [] - DeviceId::RestoreAndValidateLocalProperites(389): Restored local DeviceId
[2024-02-09 22:17:14,561] [1    ] [INFO ] [] - DeviceId::RestoreAndValidateLocalProperites(393): Restored local DeviceData
[2024-02-09 22:17:14,561] [1    ] [INFO ] [] - DeviceId::PerformChecking(452): Checking DeviceData.
[2024-02-09 22:17:14,561] [1    ] [INFO ] [] - DeviceId::PerformChecking(453): DeviceData read from registry: {"ComputerSystemProductUUID":"B4C5DFD1-4333-1CB6-C49D-A3067E9A232A","Version":1}
[2024-02-09 22:17:14,561] [1    ] [INFO ] [] - DeviceId::PerformChecking(454): Generated DeviceData: {"ComputerSystemProductUUID":"B4C5DFD1-4333-1CB6-C49D-A3067E9A232A","Version":1}
[2024-02-09 22:17:14,592] [1    ] [INFO ] [] - Initializing the metrics collector
[2024-02-09 22:17:14,608] [1    ] [WARN ] [] - MetricsCollector::UpdateConfiguration(374): UpdateConfiguration raised: unable to open database file
[2024-02-09 22:17:14,608] [1    ] [ERROR] [] - MetricsCollector::Initialize(238): Raised: unable to open database file
[2024-02-09 22:17:14,608] [1    ] [ERROR] [] - Failed to initialized metrics collector - error: 6
[2024-02-09 22:17:14,623] [9    ] [INFO ] [] - .NET Version - installed 533325, expected: 528040
[2024-02-09 22:17:14,623] [9    ] [INFO ] [] - result: True
[2024-02-09 22:17:14,623] [9    ] [INFO ] [] - Checking for upgrades
[2024-02-09 22:17:14,639] [9    ] [INFO ] [] - ### File path for UpgradeState: C:\Users\金田駿之介\AppData\Local\Box\upgrade_state.json
[2024-02-09 22:17:14,686] [1    ] [INFO ] [] - Running pipe server using box_edit_pipe as pipe name
[2024-02-09 22:17:14,701] [1    ] [INFO ] [] - Initializing the metrics collector
[2024-02-09 22:17:14,701] [1    ] [ERROR] [] - MetricsCollector::Initialize(171): Check Failed: !IsConfigured() - Return: MetricResult_InvalidState
[2024-02-09 22:17:14,701] [1    ] [ERROR] [] - Failed to initialized metrics collector - error: 2
[2024-02-09 22:17:14,701] [1    ] [INFO ] [] - .NET Version: unknown (533325) - 4.0.30319.42000
[2024-02-09 22:17:14,748] [13   ] [INFO ] [] - Sending async metric DotNetVersion to Gen204 json endpoint.
[2024-02-09 22:17:14,967] [9    ] [INFO ] [] - Url used to upgrade: https://cdn07.boxcdn.net/BoxEditAutoupdate2.json
[2024-02-09 22:17:15,248] [9    ] [INFO ] [] - ### current version track name: 4.24.0
[2024-02-09 22:17:15,248] [9    ] [WARN ] [] - Track 4.24.0 not found
[2024-02-09 22:17:15,248] [9    ] [INFO ] [] - Track default for upgrade found
[2024-02-09 22:17:15,248] [9    ] [INFO ] [] - RolloutID set to 73
[2024-02-09 22:17:15,248] [9    ] [INFO ] [] - No upgrade available
[2024-02-09 22:17:15,514] [13   ] [INFO ] [] - Metric ingestion endpoint response: NoContent
[2024-02-09 22:17:19,759] [7    ] [INFO ] [] - Initializing the metrics collector
[2024-02-09 22:17:19,759] [7    ] [ERROR] [] - MetricsCollector::Initialize(171): Check Failed: !IsConfigured() - Return: MetricResult_InvalidState
[2024-02-09 22:17:19,759] [7    ] [ERROR] [] - Failed to initialized metrics collector - error: 2
[2024-02-09 22:27:19,746] [15   ] [INFO ] [] - Initializing the metrics collector
[2024-02-09 22:27:19,749] [15   ] [ERROR] [] - MetricsCollector::Initialize(171): Check Failed: !IsConfigured() - Return: MetricResult_InvalidState
[2024-02-09 22:27:19,751] [15   ] [ERROR] [] - Failed to initialized metrics collector - error: 2
[2024-02-09 22:37:19,739] [14   ] [INFO ] [] - Initializing the metrics collector
[2024-02-09 22:37:19,740] [14   ] [ERROR] [] - MetricsCollector::Initialize(171): Check Failed: !IsConfigured() - Return: MetricResult_InvalidState
[2024-02-09 22:37:19,741] [14   ] [ERROR] [] - Failed to initialized metrics collector - error: 2
[2024-02-09 22:47:19,755] [13   ] [INFO ] [] - Initializing the metrics collector
[2024-02-09 22:47:19,757] [13   ] [ERROR] [] - MetricsCollector::Initialize(171): Check Failed: !IsConfigured() - Return: MetricResult_InvalidState
[2024-02-09 22:47:19,758] [13   ] [ERROR] [] - Failed to initialized metrics collector - error: 2
[2024-02-09 22:57:19,771] [8    ] [INFO ] [] - Initializing the metrics collector
[2024-02-09 22:57:19,773] [8    ] [ERROR] [] - MetricsCollector::Initialize(171): Check Failed: !IsConfigured() - Return: MetricResult_InvalidState
[2024-02-09 22:57:19,774] [8    ] [ERROR] [] - Failed to initialized metrics collector - error: 2
[2024-02-09 23:07:19,782] [12   ] [INFO ] [] - Initializing the metrics collector
[2024-02-09 23:07:19,785] [12   ] [ERROR] [] - MetricsCollector::Initialize(171): Check Failed: !IsConfigured() - Return: MetricResult_InvalidState
[2024-02-09 23:07:19,786] [12   ] [ERROR] [] - Failed to initialized metrics collector - error: 2
[2024-02-09 23:17:19,794] [7    ] [INFO ] [] - Initializing the metrics collector
[2024-02-09 23:17:19,797] [7    ] [ERROR] [] - MetricsCollector::Initialize(171): Check Failed: !IsConfigured() - Return: MetricResult_InvalidState
[2024-02-09 23:17:19,799] [7    ] [ERROR] [] - Failed to initialized metrics collector - error: 2
