[2022-09-03 22:04:28,778] [1    ] [INFO ] [] - ========== Box Edit v4.19.0.956 ==========
[2022-09-03 22:04:29,603] [1    ] [INFO ] [] - Command Line: "C:\Users\金田駿之介\AppData\Local\Box\Box Edit\Box Edit.exe" 
[2022-09-03 22:04:37,711] [1    ] [INFO ] [] - Getting DebugLogging value from CurrentUser
[2022-09-03 22:04:37,711] [1    ] [INFO ] [] - Working with debug logging OFF
[2022-09-03 22:04:38,146] [1    ] [INFO ] [] - Days to keep files in cache set to 7
[2022-09-03 22:04:40,308] [1    ] [INFO ] [] - LocalMachine RegistryKey not set
[2022-09-03 22:04:41,323] [1    ] [INFO ] [] - Initializing the metrics collector
[2022-09-03 22:04:42,388] [1    ] [WARN ] [] - MetricsCollector::UpdateConfiguration(374): UpdateConfiguration raised: unable to open database file
[2022-09-03 22:04:42,389] [1    ] [ERROR] [] - MetricsCollector::Initialize(238): Raised: unable to open database file
[2022-09-03 22:04:42,390] [1    ] [ERROR] [] - Failed to initialized metrics collector - error: 6
[2022-09-03 22:04:42,391] [1    ] [ERROR] [] - Could not set permissions to C:\Users\金田駿之介\AppData\Local\Box\Box Tools\Metrics\BoxTools_Metrics.db
[2022-09-03 22:04:42,405] [1    ] [ERROR] [] - FileSystemUtils.AddPermissionsToFile on line number [0]  System.IO.FileNotFoundException: C:\Users\金田駿之介\AppData\Local\Box\Box Tools\Metrics\BoxTools_Metrics.db
   場所 System.Security.AccessControl.NativeObjectSecurity.CreateInternal(ResourceType resourceType, Boolean isContainer, String name, SafeHandle handle, AccessControlSections includeSections, Boolean createByName, ExceptionFromErrorCode exceptionFromErrorCode, Object exceptionContext)
   場所 System.Security.AccessControl.FileSystemSecurity..ctor(Boolean isContainer, String name, AccessControlSections includeSections, Boolean isDirectory)
   場所 System.Security.AccessControl.FileSecurity..ctor(String fileName, AccessControlSections includeSections)
   場所 Box.Utilities.Util.FileSystemUtils.AddPermissionsToFile(String filePath, WellKnownSidType account, FileSystemRights permissions)
[2022-09-03 22:04:42,423] [6    ] [INFO ] [] - Checking for upgrades
[2022-09-03 22:04:42,525] [6    ] [INFO ] [] - ### File path for UpgradeState: C:\Users\金田駿之介\AppData\Local\Box\upgrade_state.json
[2022-09-03 22:04:42,705] [1    ] [INFO ] [] - Running pipe server using box_edit_pipe as pipe name
[2022-09-03 22:04:42,769] [1    ] [INFO ] [] - Initializing the metrics collector
[2022-09-03 22:04:42,769] [1    ] [ERROR] [] - MetricsCollector::Initialize(171): Check Failed: !IsConfigured() - Return: MetricResult_InvalidState
[2022-09-03 22:04:42,769] [1    ] [ERROR] [] - Failed to initialized metrics collector - error: 2
[2022-09-03 22:04:42,771] [1    ] [ERROR] [] - Could not set permissions to C:\Users\金田駿之介\AppData\Local\Box\Box Tools\Metrics\BoxTools_Metrics.db
[2022-09-03 22:04:42,882] [1    ] [ERROR] [] - FileSystemUtils.AddPermissionsToFile on line number [0]  System.IO.FileNotFoundException: C:\Users\金田駿之介\AppData\Local\Box\Box Tools\Metrics\BoxTools_Metrics.db
   場所 System.Security.AccessControl.NativeObjectSecurity.CreateInternal(ResourceType resourceType, Boolean isContainer, String name, SafeHandle handle, AccessControlSections includeSections, Boolean createByName, ExceptionFromErrorCode exceptionFromErrorCode, Object exceptionContext)
   場所 System.Security.AccessControl.FileSystemSecurity..ctor(Boolean isContainer, String name, AccessControlSections includeSections, Boolean isDirectory)
   場所 System.Security.AccessControl.FileSecurity..ctor(String fileName, AccessControlSections includeSections)
   場所 Box.Utilities.Util.FileSystemUtils.AddPermissionsToFile(String filePath, WellKnownSidType account, FileSystemRights permissions)
[2022-09-03 22:04:42,889] [1    ] [INFO ] [] - .NET Version: .NET Framework 4.8 (528372) - 4.0.30319.42000
[2022-09-03 22:04:43,003] [11   ] [INFO ] [] - Sending async metric DotNetVersion to Gen204 json endpoint.
[2022-09-03 22:04:45,650] [6    ] [INFO ] [] - Url used to upgrade: https://cdn07.boxcdn.net/BoxEditAutoupdate2.json
[2022-09-03 22:04:46,264] [6    ] [INFO ] [] - No track defined, checking against default track
[2022-09-03 22:04:46,267] [6    ] [INFO ] [] - RolloutID set to 87
[2022-09-03 22:04:46,269] [6    ] [INFO ] [] - No upgrade available
[2022-09-03 22:04:46,707] [11   ] [INFO ] [] - Metric ingestion endpoint response: NoContent
[2022-09-03 22:04:47,930] [9    ] [INFO ] [] - Initializing the metrics collector
[2022-09-03 22:04:47,931] [9    ] [ERROR] [] - MetricsCollector::Initialize(171): Check Failed: !IsConfigured() - Return: MetricResult_InvalidState
[2022-09-03 22:04:47,932] [9    ] [ERROR] [] - Failed to initialized metrics collector - error: 2
[2022-09-03 22:14:49,896] [15   ] [INFO ] [] - Initializing the metrics collector
[2022-09-03 22:14:49,896] [15   ] [ERROR] [] - MetricsCollector::Initialize(171): Check Failed: !IsConfigured() - Return: MetricResult_InvalidState
[2022-09-03 22:14:49,896] [15   ] [ERROR] [] - Failed to initialized metrics collector - error: 2
[2022-09-03 22:24:49,894] [14   ] [INFO ] [] - Initializing the metrics collector
[2022-09-03 22:24:49,897] [14   ] [ERROR] [] - MetricsCollector::Initialize(171): Check Failed: !IsConfigured() - Return: MetricResult_InvalidState
[2022-09-03 22:24:49,897] [14   ] [ERROR] [] - Failed to initialized metrics collector - error: 2
[2022-09-03 22:34:49,910] [17   ] [INFO ] [] - Initializing the metrics collector
[2022-09-03 22:34:49,910] [17   ] [ERROR] [] - MetricsCollector::Initialize(171): Check Failed: !IsConfigured() - Return: MetricResult_InvalidState
[2022-09-03 22:34:49,910] [17   ] [ERROR] [] - Failed to initialized metrics collector - error: 2
[2022-09-03 22:44:49,953] [13   ] [INFO ] [] - Initializing the metrics collector
[2022-09-03 22:44:49,967] [13   ] [ERROR] [] - MetricsCollector::Initialize(171): Check Failed: !IsConfigured() - Return: MetricResult_InvalidState
[2022-09-03 22:44:49,969] [13   ] [ERROR] [] - Failed to initialized metrics collector - error: 2
[2022-09-03 22:54:49,930] [12   ] [INFO ] [] - Initializing the metrics collector
[2022-09-03 22:54:49,936] [12   ] [ERROR] [] - MetricsCollector::Initialize(171): Check Failed: !IsConfigured() - Return: MetricResult_InvalidState
[2022-09-03 22:54:49,946] [12   ] [ERROR] [] - Failed to initialized metrics collector - error: 2
[2022-09-03 23:04:49,935] [10   ] [INFO ] [] - Initializing the metrics collector
[2022-09-03 23:04:49,940] [10   ] [ERROR] [] - MetricsCollector::Initialize(171): Check Failed: !IsConfigured() - Return: MetricResult_InvalidState
[2022-09-03 23:04:49,948] [10   ] [ERROR] [] - Failed to initialized metrics collector - error: 2
