[2023-12-12 08:33:27,765] [1    ] [INFO ] [] - ========== Box Edit v4.24.0.1029 ==========
[2023-12-12 08:33:27,796] [1    ] [INFO ] [] - Command Line: "C:\Users\金田駿之介\AppData\Local\Box\Box Edit\Box Edit.exe" 
[2023-12-12 08:33:29,350] [1    ] [INFO ] [] - Getting DebugLogging value from CurrentUser
[2023-12-12 08:33:29,365] [1    ] [INFO ] [] - Working with debug logging OFF
[2023-12-12 08:33:29,506] [1    ] [INFO ] [] - Days to keep files in cache set to 7
[2023-12-12 08:33:30,318] [1    ] [INFO ] [] - LocalMachine RegistryKey not set
[2023-12-12 08:33:30,412] [1    ] [INFO ] [] - DeviceId::CheckDeviceId(488): Starting DeviceId generator.
[2023-12-12 08:33:30,412] [1    ] [INFO ] [] - DeviceId::CheckDeviceId(515): Global mutex obtained. Start checking.
[2023-12-12 08:33:30,818] [1    ] [INFO ] [] - DeviceId::RestoreGlobalDeviceData(65): Failed reading global DeviceData from registry: Registry key "SOFTWARE\Box\DeviceId" not found.
[2023-12-12 08:33:31,021] [1    ] [INFO ] [] - DeviceId::RestoreAndValidateLocalProperites(389): Restored local DeviceId
[2023-12-12 08:33:31,021] [1    ] [INFO ] [] - DeviceId::RestoreAndValidateLocalProperites(393): Restored local DeviceData
[2023-12-12 08:33:31,021] [1    ] [INFO ] [] - DeviceId::PerformChecking(452): Checking DeviceData.
[2023-12-12 08:33:31,052] [1    ] [INFO ] [] - DeviceId::PerformChecking(453): DeviceData read from registry: {"ComputerSystemProductUUID":"B4C5DFD1-4333-1CB6-C49D-A3067E9A232A","Version":1}
[2023-12-12 08:33:31,052] [1    ] [INFO ] [] - DeviceId::PerformChecking(454): Generated DeviceData: {"ComputerSystemProductUUID":"B4C5DFD1-4333-1CB6-C49D-A3067E9A232A","Version":1}
[2023-12-12 08:33:31,393] [1    ] [INFO ] [] - Initializing the metrics collector
[2023-12-12 08:33:31,455] [1    ] [WARN ] [] - MetricsCollector::UpdateConfiguration(374): UpdateConfiguration raised: unable to open database file
[2023-12-12 08:33:31,455] [1    ] [ERROR] [] - MetricsCollector::Initialize(238): Raised: unable to open database file
[2023-12-12 08:33:31,455] [1    ] [ERROR] [] - Failed to initialized metrics collector - error: 6
[2023-12-12 08:33:31,486] [9    ] [INFO ] [] - .NET Version - installed 533325, expected: 528040
[2023-12-12 08:33:31,486] [9    ] [INFO ] [] - result: True
[2023-12-12 08:33:31,486] [9    ] [INFO ] [] - Checking for upgrades
[2023-12-12 08:33:31,502] [9    ] [INFO ] [] - ### File path for UpgradeState: C:\Users\金田駿之介\AppData\Local\Box\upgrade_state.json
[2023-12-12 08:33:31,627] [1    ] [INFO ] [] - Running pipe server using box_edit_pipe as pipe name
[2023-12-12 08:33:31,674] [1    ] [INFO ] [] - Initializing the metrics collector
[2023-12-12 08:33:31,674] [1    ] [ERROR] [] - MetricsCollector::Initialize(171): Check Failed: !IsConfigured() - Return: MetricResult_InvalidState
[2023-12-12 08:33:31,674] [1    ] [ERROR] [] - Failed to initialized metrics collector - error: 2
[2023-12-12 08:33:31,674] [1    ] [INFO ] [] - .NET Version: unknown (533325) - 4.0.30319.42000
[2023-12-12 08:33:31,705] [13   ] [INFO ] [] - Sending async metric DotNetVersion to Gen204 json endpoint.
[2023-12-12 08:33:31,994] [9    ] [INFO ] [] - Url used to upgrade: https://cdn07.boxcdn.net/BoxEditAutoupdate2.json
[2023-12-12 08:33:32,174] [9    ] [INFO ] [] - ### current version track name: 4.24.0
[2023-12-12 08:33:32,174] [9    ] [WARN ] [] - Track 4.24.0 not found
[2023-12-12 08:33:32,176] [9    ] [INFO ] [] - Track default for upgrade found
[2023-12-12 08:33:32,176] [9    ] [INFO ] [] - RolloutID set to 73
[2023-12-12 08:33:32,176] [9    ] [INFO ] [] - No upgrade available
[2023-12-12 08:33:32,436] [13   ] [INFO ] [] - Metric ingestion endpoint response: NoContent
[2023-12-12 08:33:36,710] [7    ] [INFO ] [] - Initializing the metrics collector
[2023-12-12 08:33:36,712] [7    ] [ERROR] [] - MetricsCollector::Initialize(171): Check Failed: !IsConfigured() - Return: MetricResult_InvalidState
[2023-12-12 08:33:36,712] [7    ] [ERROR] [] - Failed to initialized metrics collector - error: 2
[2023-12-12 08:43:36,697] [19   ] [INFO ] [] - Initializing the metrics collector
[2023-12-12 08:43:36,698] [19   ] [ERROR] [] - MetricsCollector::Initialize(171): Check Failed: !IsConfigured() - Return: MetricResult_InvalidState
[2023-12-12 08:43:36,698] [19   ] [ERROR] [] - Failed to initialized metrics collector - error: 2
[2023-12-12 08:53:36,712] [20   ] [INFO ] [] - Initializing the metrics collector
[2023-12-12 08:53:36,715] [20   ] [ERROR] [] - MetricsCollector::Initialize(171): Check Failed: !IsConfigured() - Return: MetricResult_InvalidState
[2023-12-12 08:53:36,716] [20   ] [ERROR] [] - Failed to initialized metrics collector - error: 2
[2023-12-12 09:03:36,718] [21   ] [INFO ] [] - Initializing the metrics collector
[2023-12-12 09:03:36,719] [21   ] [ERROR] [] - MetricsCollector::Initialize(171): Check Failed: !IsConfigured() - Return: MetricResult_InvalidState
[2023-12-12 09:03:36,719] [21   ] [ERROR] [] - Failed to initialized metrics collector - error: 2
[2023-12-12 09:35:09,777] [22   ] [INFO ] [] - Initializing the metrics collector
[2023-12-12 09:35:09,778] [22   ] [ERROR] [] - MetricsCollector::Initialize(171): Check Failed: !IsConfigured() - Return: MetricResult_InvalidState
[2023-12-12 09:35:09,778] [22   ] [ERROR] [] - Failed to initialized metrics collector - error: 2
[2023-12-12 09:45:09,782] [8    ] [INFO ] [] - Initializing the metrics collector
[2023-12-12 09:45:09,785] [8    ] [ERROR] [] - MetricsCollector::Initialize(171): Check Failed: !IsConfigured() - Return: MetricResult_InvalidState
[2023-12-12 09:45:09,786] [8    ] [ERROR] [] - Failed to initialized metrics collector - error: 2
[2023-12-12 09:55:09,799] [23   ] [INFO ] [] - Initializing the metrics collector
[2023-12-12 09:55:09,801] [23   ] [ERROR] [] - MetricsCollector::Initialize(171): Check Failed: !IsConfigured() - Return: MetricResult_InvalidState
[2023-12-12 09:55:09,801] [23   ] [ERROR] [] - Failed to initialized metrics collector - error: 2
[2023-12-12 10:05:09,800] [24   ] [INFO ] [] - Initializing the metrics collector
[2023-12-12 10:05:09,801] [24   ] [ERROR] [] - MetricsCollector::Initialize(171): Check Failed: !IsConfigured() - Return: MetricResult_InvalidState
[2023-12-12 10:05:09,803] [24   ] [ERROR] [] - Failed to initialized metrics collector - error: 2
[2023-12-12 10:15:09,818] [25   ] [INFO ] [] - Initializing the metrics collector
[2023-12-12 10:15:09,820] [25   ] [ERROR] [] - MetricsCollector::Initialize(171): Check Failed: !IsConfigured() - Return: MetricResult_InvalidState
[2023-12-12 10:15:09,821] [25   ] [ERROR] [] - Failed to initialized metrics collector - error: 2
[2023-12-12 10:25:09,827] [26   ] [INFO ] [] - Initializing the metrics collector
[2023-12-12 10:25:09,832] [26   ] [ERROR] [] - MetricsCollector::Initialize(171): Check Failed: !IsConfigured() - Return: MetricResult_InvalidState
[2023-12-12 10:25:09,833] [26   ] [ERROR] [] - Failed to initialized metrics collector - error: 2
[2023-12-12 22:23:05,478] [1    ] [INFO ] [] - ========== Box Edit v4.24.0.1029 ==========
[2023-12-12 22:23:05,505] [1    ] [INFO ] [] - Command Line: "C:\Users\金田駿之介\AppData\Local\Box\Box Edit\Box Edit.exe" 
[2023-12-12 22:23:06,658] [1    ] [INFO ] [] - Getting DebugLogging value from CurrentUser
[2023-12-12 22:23:06,660] [1    ] [INFO ] [] - Working with debug logging OFF
[2023-12-12 22:23:06,745] [1    ] [INFO ] [] - Days to keep files in cache set to 7
[2023-12-12 22:23:07,160] [1    ] [INFO ] [] - LocalMachine RegistryKey not set
[2023-12-12 22:23:07,200] [1    ] [INFO ] [] - DeviceId::CheckDeviceId(488): Starting DeviceId generator.
[2023-12-12 22:23:07,200] [1    ] [INFO ] [] - DeviceId::CheckDeviceId(515): Global mutex obtained. Start checking.
[2023-12-12 22:23:07,475] [1    ] [INFO ] [] - DeviceId::RestoreGlobalDeviceData(65): Failed reading global DeviceData from registry: Registry key "SOFTWARE\Box\DeviceId" not found.
[2023-12-12 22:23:07,558] [1    ] [INFO ] [] - DeviceId::RestoreAndValidateLocalProperites(389): Restored local DeviceId
[2023-12-12 22:23:07,558] [1    ] [INFO ] [] - DeviceId::RestoreAndValidateLocalProperites(393): Restored local DeviceData
[2023-12-12 22:23:07,558] [1    ] [INFO ] [] - DeviceId::PerformChecking(452): Checking DeviceData.
[2023-12-12 22:23:07,575] [1    ] [INFO ] [] - DeviceId::PerformChecking(453): DeviceData read from registry: {"ComputerSystemProductUUID":"B4C5DFD1-4333-1CB6-C49D-A3067E9A232A","Version":1}
[2023-12-12 22:23:07,576] [1    ] [INFO ] [] - DeviceId::PerformChecking(454): Generated DeviceData: {"ComputerSystemProductUUID":"B4C5DFD1-4333-1CB6-C49D-A3067E9A232A","Version":1}
[2023-12-12 22:23:07,608] [1    ] [INFO ] [] - Initializing the metrics collector
[2023-12-12 22:23:07,629] [1    ] [WARN ] [] - MetricsCollector::UpdateConfiguration(374): UpdateConfiguration raised: unable to open database file
[2023-12-12 22:23:07,629] [1    ] [ERROR] [] - MetricsCollector::Initialize(238): Raised: unable to open database file
[2023-12-12 22:23:07,629] [1    ] [ERROR] [] - Failed to initialized metrics collector - error: 6
[2023-12-12 22:23:07,647] [9    ] [INFO ] [] - .NET Version - installed 533325, expected: 528040
[2023-12-12 22:23:07,649] [9    ] [INFO ] [] - result: True
[2023-12-12 22:23:07,649] [9    ] [INFO ] [] - Checking for upgrades
[2023-12-12 22:23:07,657] [9    ] [INFO ] [] - ### File path for UpgradeState: C:\Users\金田駿之介\AppData\Local\Box\upgrade_state.json
[2023-12-12 22:23:07,709] [1    ] [INFO ] [] - Running pipe server using box_edit_pipe as pipe name
[2023-12-12 22:23:07,740] [1    ] [INFO ] [] - Initializing the metrics collector
[2023-12-12 22:23:07,740] [1    ] [ERROR] [] - MetricsCollector::Initialize(171): Check Failed: !IsConfigured() - Return: MetricResult_InvalidState
[2023-12-12 22:23:07,740] [1    ] [ERROR] [] - Failed to initialized metrics collector - error: 2
[2023-12-12 22:23:07,765] [1    ] [INFO ] [] - .NET Version: unknown (533325) - 4.0.30319.42000
[2023-12-12 22:23:07,801] [14   ] [INFO ] [] - Sending async metric DotNetVersion to Gen204 json endpoint.
[2023-12-12 22:23:08,063] [9    ] [INFO ] [] - Url used to upgrade: https://cdn07.boxcdn.net/BoxEditAutoupdate2.json
[2023-12-12 22:23:08,335] [9    ] [INFO ] [] - ### current version track name: 4.24.0
[2023-12-12 22:23:08,335] [9    ] [WARN ] [] - Track 4.24.0 not found
[2023-12-12 22:23:08,335] [9    ] [INFO ] [] - Track default for upgrade found
[2023-12-12 22:23:08,335] [9    ] [INFO ] [] - RolloutID set to 73
[2023-12-12 22:23:08,335] [9    ] [INFO ] [] - No upgrade available
[2023-12-12 22:23:08,436] [14   ] [INFO ] [] - Metric ingestion endpoint response: NoContent
[2023-12-12 22:23:12,766] [10   ] [INFO ] [] - Initializing the metrics collector
[2023-12-12 22:23:12,766] [10   ] [ERROR] [] - MetricsCollector::Initialize(171): Check Failed: !IsConfigured() - Return: MetricResult_InvalidState
[2023-12-12 22:23:12,766] [10   ] [ERROR] [] - Failed to initialized metrics collector - error: 2
