[2023-11-02 09:30:43,749] [19   ] [INFO ] [] - Initializing the metrics collector
[2023-11-02 09:30:43,759] [19   ] [ERROR] [] - MetricsCollector::Initialize(171): Check Failed: !IsConfigured() - Return: MetricResult_InvalidState
[2023-11-02 09:30:43,760] [19   ] [ERROR] [] - Failed to initialized metrics collector - error: 2
[2023-11-02 09:40:43,755] [8    ] [INFO ] [] - Initializing the metrics collector
[2023-11-02 09:40:43,755] [8    ] [ERROR] [] - MetricsCollector::Initialize(171): Check Failed: !IsConfigured() - Return: MetricResult_InvalidState
[2023-11-02 09:40:43,755] [8    ] [ERROR] [] - Failed to initialized metrics collector - error: 2
[2023-11-02 09:50:43,768] [20   ] [INFO ] [] - Initializing the metrics collector
[2023-11-02 09:50:43,768] [20   ] [ERROR] [] - MetricsCollector::Initialize(171): Check Failed: !IsConfigured() - Return: MetricResult_InvalidState
[2023-11-02 09:50:43,768] [20   ] [ERROR] [] - Failed to initialized metrics collector - error: 2
[2023-11-02 10:00:43,782] [21   ] [INFO ] [] - Initializing the metrics collector
[2023-11-02 10:00:43,782] [21   ] [ERROR] [] - MetricsCollector::Initialize(171): Check Failed: !IsConfigured() - Return: MetricResult_InvalidState
[2023-11-02 10:00:43,782] [21   ] [ERROR] [] - Failed to initialized metrics collector - error: 2
[2023-11-02 10:10:43,789] [18   ] [INFO ] [] - Initializing the metrics collector
[2023-11-02 10:10:43,789] [18   ] [ERROR] [] - MetricsCollector::Initialize(171): Check Failed: !IsConfigured() - Return: MetricResult_InvalidState
[2023-11-02 10:10:43,789] [18   ] [ERROR] [] - Failed to initialized metrics collector - error: 2
[2023-11-02 10:20:43,794] [22   ] [INFO ] [] - Initializing the metrics collector
[2023-11-02 10:20:43,807] [22   ] [ERROR] [] - MetricsCollector::Initialize(171): Check Failed: !IsConfigured() - Return: MetricResult_InvalidState
[2023-11-02 10:20:43,807] [22   ] [ERROR] [] - Failed to initialized metrics collector - error: 2
[2023-11-02 10:30:43,795] [23   ] [INFO ] [] - Initializing the metrics collector
[2023-11-02 10:30:43,795] [23   ] [ERROR] [] - MetricsCollector::Initialize(171): Check Failed: !IsConfigured() - Return: MetricResult_InvalidState
[2023-11-02 10:30:43,795] [23   ] [ERROR] [] - Failed to initialized metrics collector - error: 2
[2023-11-02 10:40:43,825] [14   ] [INFO ] [] - Initializing the metrics collector
[2023-11-02 10:40:43,834] [14   ] [ERROR] [] - MetricsCollector::Initialize(171): Check Failed: !IsConfigured() - Return: MetricResult_InvalidState
[2023-11-02 10:40:43,834] [14   ] [ERROR] [] - Failed to initialized metrics collector - error: 2
[2023-11-02 10:50:43,832] [16   ] [INFO ] [] - Initializing the metrics collector
[2023-11-02 10:50:43,832] [16   ] [ERROR] [] - MetricsCollector::Initialize(171): Check Failed: !IsConfigured() - Return: MetricResult_InvalidState
[2023-11-02 10:50:43,832] [16   ] [ERROR] [] - Failed to initialized metrics collector - error: 2
[2023-11-02 11:00:43,840] [15   ] [INFO ] [] - Initializing the metrics collector
[2023-11-02 11:00:43,840] [15   ] [ERROR] [] - MetricsCollector::Initialize(171): Check Failed: !IsConfigured() - Return: MetricResult_InvalidState
[2023-11-02 11:00:43,840] [15   ] [ERROR] [] - Failed to initialized metrics collector - error: 2
[2023-11-02 11:10:43,844] [13   ] [INFO ] [] - Initializing the metrics collector
[2023-11-02 11:10:43,844] [13   ] [ERROR] [] - MetricsCollector::Initialize(171): Check Failed: !IsConfigured() - Return: MetricResult_InvalidState
[2023-11-02 11:10:43,844] [13   ] [ERROR] [] - Failed to initialized metrics collector - error: 2
[2023-11-02 15:50:40,081] [7    ] [INFO ] [] - Initializing the metrics collector
[2023-11-02 15:50:40,081] [7    ] [ERROR] [] - MetricsCollector::Initialize(171): Check Failed: !IsConfigured() - Return: MetricResult_InvalidState
[2023-11-02 15:50:40,081] [7    ] [ERROR] [] - Failed to initialized metrics collector - error: 2
[2023-11-02 16:00:40,069] [12   ] [INFO ] [] - Initializing the metrics collector
[2023-11-02 16:00:40,069] [12   ] [ERROR] [] - MetricsCollector::Initialize(171): Check Failed: !IsConfigured() - Return: MetricResult_InvalidState
[2023-11-02 16:00:40,069] [12   ] [ERROR] [] - Failed to initialized metrics collector - error: 2
[2023-11-02 16:10:40,100] [9    ] [INFO ] [] - Initializing the metrics collector
[2023-11-02 16:10:40,100] [9    ] [ERROR] [] - MetricsCollector::Initialize(171): Check Failed: !IsConfigured() - Return: MetricResult_InvalidState
[2023-11-02 16:10:40,100] [9    ] [ERROR] [] - Failed to initialized metrics collector - error: 2
[2023-11-02 16:20:40,117] [24   ] [INFO ] [] - Initializing the metrics collector
[2023-11-02 16:20:40,117] [24   ] [ERROR] [] - MetricsCollector::Initialize(171): Check Failed: !IsConfigured() - Return: MetricResult_InvalidState
[2023-11-02 16:20:40,117] [24   ] [ERROR] [] - Failed to initialized metrics collector - error: 2
[2023-11-02 16:30:40,117] [25   ] [INFO ] [] - Initializing the metrics collector
[2023-11-02 16:30:40,117] [25   ] [ERROR] [] - MetricsCollector::Initialize(171): Check Failed: !IsConfigured() - Return: MetricResult_InvalidState
[2023-11-02 16:30:40,117] [25   ] [ERROR] [] - Failed to initialized metrics collector - error: 2
[2023-11-02 16:40:40,118] [26   ] [INFO ] [] - Initializing the metrics collector
[2023-11-02 16:40:40,118] [26   ] [ERROR] [] - MetricsCollector::Initialize(171): Check Failed: !IsConfigured() - Return: MetricResult_InvalidState
[2023-11-02 16:40:40,118] [26   ] [ERROR] [] - Failed to initialized metrics collector - error: 2
[2023-11-02 16:50:40,120] [27   ] [INFO ] [] - Initializing the metrics collector
[2023-11-02 16:50:40,120] [27   ] [ERROR] [] - MetricsCollector::Initialize(171): Check Failed: !IsConfigured() - Return: MetricResult_InvalidState
[2023-11-02 16:50:40,120] [27   ] [ERROR] [] - Failed to initialized metrics collector - error: 2
[2023-11-02 17:00:40,117] [28   ] [INFO ] [] - Initializing the metrics collector
[2023-11-02 17:00:40,117] [28   ] [ERROR] [] - MetricsCollector::Initialize(171): Check Failed: !IsConfigured() - Return: MetricResult_InvalidState
[2023-11-02 17:00:40,117] [28   ] [ERROR] [] - Failed to initialized metrics collector - error: 2
[2023-11-02 17:10:40,140] [29   ] [INFO ] [] - Initializing the metrics collector
[2023-11-02 17:10:40,140] [29   ] [ERROR] [] - MetricsCollector::Initialize(171): Check Failed: !IsConfigured() - Return: MetricResult_InvalidState
[2023-11-02 17:10:40,140] [29   ] [ERROR] [] - Failed to initialized metrics collector - error: 2
[2023-11-02 18:08:38,467] [30   ] [INFO ] [] - Initializing the metrics collector
[2023-11-02 18:08:38,469] [30   ] [ERROR] [] - MetricsCollector::Initialize(171): Check Failed: !IsConfigured() - Return: MetricResult_InvalidState
[2023-11-02 18:08:38,469] [30   ] [ERROR] [] - Failed to initialized metrics collector - error: 2
[2023-11-02 18:18:38,463] [31   ] [INFO ] [] - Initializing the metrics collector
[2023-11-02 18:18:38,463] [31   ] [ERROR] [] - MetricsCollector::Initialize(171): Check Failed: !IsConfigured() - Return: MetricResult_InvalidState
[2023-11-02 18:18:38,463] [31   ] [ERROR] [] - Failed to initialized metrics collector - error: 2
[2023-11-02 18:28:38,472] [32   ] [INFO ] [] - Initializing the metrics collector
[2023-11-02 18:28:38,472] [32   ] [ERROR] [] - MetricsCollector::Initialize(171): Check Failed: !IsConfigured() - Return: MetricResult_InvalidState
[2023-11-02 18:28:38,472] [32   ] [ERROR] [] - Failed to initialized metrics collector - error: 2
[2023-11-02 18:38:38,471] [33   ] [INFO ] [] - Initializing the metrics collector
[2023-11-02 18:38:38,474] [33   ] [ERROR] [] - MetricsCollector::Initialize(171): Check Failed: !IsConfigured() - Return: MetricResult_InvalidState
[2023-11-02 18:38:38,475] [33   ] [ERROR] [] - Failed to initialized metrics collector - error: 2
[2023-11-02 18:48:38,490] [34   ] [INFO ] [] - Initializing the metrics collector
[2023-11-02 18:48:38,490] [34   ] [ERROR] [] - MetricsCollector::Initialize(171): Check Failed: !IsConfigured() - Return: MetricResult_InvalidState
[2023-11-02 18:48:38,490] [34   ] [ERROR] [] - Failed to initialized metrics collector - error: 2
[2023-11-02 18:58:38,568] [35   ] [INFO ] [] - Initializing the metrics collector
[2023-11-02 18:58:38,577] [35   ] [ERROR] [] - MetricsCollector::Initialize(171): Check Failed: !IsConfigured() - Return: MetricResult_InvalidState
[2023-11-02 18:58:38,577] [35   ] [ERROR] [] - Failed to initialized metrics collector - error: 2
[2023-11-02 19:08:38,657] [36   ] [INFO ] [] - Initializing the metrics collector
[2023-11-02 19:08:38,657] [36   ] [ERROR] [] - MetricsCollector::Initialize(171): Check Failed: !IsConfigured() - Return: MetricResult_InvalidState
[2023-11-02 19:08:38,657] [36   ] [ERROR] [] - Failed to initialized metrics collector - error: 2
[2023-11-02 19:18:38,737] [37   ] [INFO ] [] - Initializing the metrics collector
[2023-11-02 19:18:38,737] [37   ] [ERROR] [] - MetricsCollector::Initialize(171): Check Failed: !IsConfigured() - Return: MetricResult_InvalidState
[2023-11-02 19:18:38,737] [37   ] [ERROR] [] - Failed to initialized metrics collector - error: 2
[2023-11-02 22:28:01,427] [38   ] [INFO ] [] - Initializing the metrics collector
[2023-11-02 22:28:01,435] [38   ] [ERROR] [] - MetricsCollector::Initialize(171): Check Failed: !IsConfigured() - Return: MetricResult_InvalidState
[2023-11-02 22:28:01,435] [38   ] [ERROR] [] - Failed to initialized metrics collector - error: 2
[2023-11-02 22:38:01,427] [39   ] [INFO ] [] - Initializing the metrics collector
[2023-11-02 22:38:01,427] [39   ] [ERROR] [] - MetricsCollector::Initialize(171): Check Failed: !IsConfigured() - Return: MetricResult_InvalidState
[2023-11-02 22:38:01,427] [39   ] [ERROR] [] - Failed to initialized metrics collector - error: 2
[2023-11-02 22:48:01,435] [40   ] [INFO ] [] - Initializing the metrics collector
[2023-11-02 22:48:01,435] [40   ] [ERROR] [] - MetricsCollector::Initialize(171): Check Failed: !IsConfigured() - Return: MetricResult_InvalidState
[2023-11-02 22:48:01,435] [40   ] [ERROR] [] - Failed to initialized metrics collector - error: 2
[2023-11-02 22:58:01,445] [41   ] [INFO ] [] - Initializing the metrics collector
[2023-11-02 22:58:01,445] [41   ] [ERROR] [] - MetricsCollector::Initialize(171): Check Failed: !IsConfigured() - Return: MetricResult_InvalidState
[2023-11-02 22:58:01,445] [41   ] [ERROR] [] - Failed to initialized metrics collector - error: 2
[2023-11-02 23:08:01,441] [42   ] [INFO ] [] - Initializing the metrics collector
[2023-11-02 23:08:01,441] [42   ] [ERROR] [] - MetricsCollector::Initialize(171): Check Failed: !IsConfigured() - Return: MetricResult_InvalidState
[2023-11-02 23:08:01,441] [42   ] [ERROR] [] - Failed to initialized metrics collector - error: 2
[2023-11-02 23:18:01,455] [43   ] [INFO ] [] - Initializing the metrics collector
[2023-11-02 23:18:01,455] [43   ] [ERROR] [] - MetricsCollector::Initialize(171): Check Failed: !IsConfigured() - Return: MetricResult_InvalidState
[2023-11-02 23:18:01,455] [43   ] [ERROR] [] - Failed to initialized metrics collector - error: 2
[2023-11-02 23:28:01,457] [44   ] [INFO ] [] - Initializing the metrics collector
[2023-11-02 23:28:01,457] [44   ] [ERROR] [] - MetricsCollector::Initialize(171): Check Failed: !IsConfigured() - Return: MetricResult_InvalidState
[2023-11-02 23:28:01,468] [44   ] [ERROR] [] - Failed to initialized metrics collector - error: 2
