[2024-02-05 09:28:17,403] [1    ] [INFO ] [] - ========== Box Edit v4.24.0.1029 ==========
[2024-02-05 09:28:17,481] [1    ] [INFO ] [] - Command Line: "C:\Users\金田駿之介\AppData\Local\Box\Box Edit\Box Edit.exe" 
[2024-02-05 09:28:20,121] [1    ] [INFO ] [] - Getting DebugLogging value from CurrentUser
[2024-02-05 09:28:20,121] [1    ] [INFO ] [] - Working with debug logging OFF
[2024-02-05 09:28:20,449] [1    ] [INFO ] [] - Days to keep files in cache set to 7
[2024-02-05 09:28:22,671] [1    ] [INFO ] [] - LocalMachine RegistryKey not set
[2024-02-05 09:28:22,728] [1    ] [INFO ] [] - DeviceId::CheckDeviceId(488): Starting DeviceId generator.
[2024-02-05 09:28:22,731] [1    ] [INFO ] [] - DeviceId::CheckDeviceId(515): Global mutex obtained. Start checking.
[2024-02-05 09:28:23,047] [1    ] [INFO ] [] - DeviceId::RestoreGlobalDeviceData(65): Failed reading global DeviceData from registry: Registry key "SOFTWARE\Box\DeviceId" not found.
[2024-02-05 09:28:23,202] [1    ] [INFO ] [] - DeviceId::RestoreAndValidateLocalProperites(389): Restored local DeviceId
[2024-02-05 09:28:23,202] [1    ] [INFO ] [] - DeviceId::RestoreAndValidateLocalProperites(393): Restored local DeviceData
[2024-02-05 09:28:23,202] [1    ] [INFO ] [] - DeviceId::PerformChecking(452): Checking DeviceData.
[2024-02-05 09:28:23,206] [1    ] [INFO ] [] - DeviceId::PerformChecking(453): DeviceData read from registry: {"ComputerSystemProductUUID":"B4C5DFD1-4333-1CB6-C49D-A3067E9A232A","Version":1}
[2024-02-05 09:28:23,206] [1    ] [INFO ] [] - DeviceId::PerformChecking(454): Generated DeviceData: {"ComputerSystemProductUUID":"B4C5DFD1-4333-1CB6-C49D-A3067E9A232A","Version":1}
[2024-02-05 09:28:23,246] [1    ] [INFO ] [] - Initializing the metrics collector
[2024-02-05 09:28:23,276] [1    ] [WARN ] [] - MetricsCollector::UpdateConfiguration(374): UpdateConfiguration raised: unable to open database file
[2024-02-05 09:28:23,276] [1    ] [ERROR] [] - MetricsCollector::Initialize(238): Raised: unable to open database file
[2024-02-05 09:28:23,282] [1    ] [ERROR] [] - Failed to initialized metrics collector - error: 6
[2024-02-05 09:28:23,297] [9    ] [INFO ] [] - .NET Version - installed 533325, expected: 528040
[2024-02-05 09:28:23,297] [9    ] [INFO ] [] - result: True
[2024-02-05 09:28:23,297] [9    ] [INFO ] [] - Checking for upgrades
[2024-02-05 09:28:23,307] [9    ] [INFO ] [] - ### File path for UpgradeState: C:\Users\金田駿之介\AppData\Local\Box\upgrade_state.json
[2024-02-05 09:28:23,388] [1    ] [INFO ] [] - Running pipe server using box_edit_pipe as pipe name
[2024-02-05 09:28:23,431] [1    ] [INFO ] [] - Initializing the metrics collector
[2024-02-05 09:28:23,441] [1    ] [ERROR] [] - MetricsCollector::Initialize(171): Check Failed: !IsConfigured() - Return: MetricResult_InvalidState
[2024-02-05 09:28:23,441] [1    ] [ERROR] [] - Failed to initialized metrics collector - error: 2
[2024-02-05 09:28:23,451] [1    ] [INFO ] [] - .NET Version: unknown (533325) - 4.0.30319.42000
[2024-02-05 09:28:23,467] [12   ] [INFO ] [] - Sending async metric DotNetVersion to Gen204 json endpoint.
[2024-02-05 09:28:23,925] [9    ] [INFO ] [] - Url used to upgrade: https://cdn07.boxcdn.net/BoxEditAutoupdate2.json
[2024-02-05 09:28:24,202] [9    ] [INFO ] [] - ### current version track name: 4.24.0
[2024-02-05 09:28:24,202] [9    ] [WARN ] [] - Track 4.24.0 not found
[2024-02-05 09:28:24,202] [9    ] [INFO ] [] - Track default for upgrade found
[2024-02-05 09:28:24,202] [9    ] [INFO ] [] - RolloutID set to 73
[2024-02-05 09:28:24,202] [9    ] [INFO ] [] - No upgrade available
[2024-02-05 09:28:24,412] [12   ] [INFO ] [] - Metric ingestion endpoint response: NoContent
[2024-02-05 09:28:28,478] [10   ] [INFO ] [] - Initializing the metrics collector
[2024-02-05 09:28:28,478] [10   ] [ERROR] [] - MetricsCollector::Initialize(171): Check Failed: !IsConfigured() - Return: MetricResult_InvalidState
[2024-02-05 09:28:28,478] [10   ] [ERROR] [] - Failed to initialized metrics collector - error: 2
[2024-02-05 09:38:28,474] [16   ] [INFO ] [] - Initializing the metrics collector
[2024-02-05 09:38:28,476] [16   ] [ERROR] [] - MetricsCollector::Initialize(171): Check Failed: !IsConfigured() - Return: MetricResult_InvalidState
[2024-02-05 09:38:28,477] [16   ] [ERROR] [] - Failed to initialized metrics collector - error: 2
[2024-02-05 09:48:28,489] [14   ] [INFO ] [] - Initializing the metrics collector
[2024-02-05 09:48:28,491] [14   ] [ERROR] [] - MetricsCollector::Initialize(171): Check Failed: !IsConfigured() - Return: MetricResult_InvalidState
[2024-02-05 09:48:28,492] [14   ] [ERROR] [] - Failed to initialized metrics collector - error: 2
[2024-02-05 09:58:28,512] [12   ] [INFO ] [] - Initializing the metrics collector
[2024-02-05 09:58:28,514] [12   ] [ERROR] [] - MetricsCollector::Initialize(171): Check Failed: !IsConfigured() - Return: MetricResult_InvalidState
[2024-02-05 09:58:28,516] [12   ] [ERROR] [] - Failed to initialized metrics collector - error: 2
[2024-02-05 10:08:28,518] [7    ] [INFO ] [] - Initializing the metrics collector
[2024-02-05 10:08:28,520] [7    ] [ERROR] [] - MetricsCollector::Initialize(171): Check Failed: !IsConfigured() - Return: MetricResult_InvalidState
[2024-02-05 10:08:28,522] [7    ] [ERROR] [] - Failed to initialized metrics collector - error: 2
