[2022-11-26 08:13:55,733] [1    ] [INFO ] [] - ========== Box Edit v4.20.0.970 ==========
[2022-11-26 08:13:55,817] [1    ] [INFO ] [] - Command Line: "C:\Users\金田駿之介\AppData\Local\Box\Box Edit\Box Edit.exe" 
[2022-11-26 08:14:07,636] [1    ] [INFO ] [] - Getting DebugLogging value from CurrentUser
[2022-11-26 08:14:07,639] [1    ] [INFO ] [] - Working with debug logging OFF
[2022-11-26 08:14:07,927] [1    ] [INFO ] [] - Days to keep files in cache set to 7
[2022-11-26 08:14:10,795] [1    ] [INFO ] [] - LocalMachine RegistryKey not set
[2022-11-26 08:14:11,402] [1    ] [INFO ] [] - Initializing the metrics collector
[2022-11-26 08:14:12,586] [1    ] [WARN ] [] - MetricsCollector::UpdateConfiguration(374): UpdateConfiguration raised: unable to open database file
[2022-11-26 08:14:12,587] [1    ] [ERROR] [] - MetricsCollector::Initialize(238): Raised: unable to open database file
[2022-11-26 08:14:12,587] [1    ] [ERROR] [] - Failed to initialized metrics collector - error: 6
[2022-11-26 08:14:12,589] [1    ] [ERROR] [] - Could not set permissions to C:\Users\金田駿之介\AppData\Local\Box\Box Tools\Metrics\BoxTools_Metrics.db
[2022-11-26 08:14:12,597] [1    ] [ERROR] [] - FileSystemUtils.AddPermissionsToFile on line number [0]  System.IO.FileNotFoundException: C:\Users\金田駿之介\AppData\Local\Box\Box Tools\Metrics\BoxTools_Metrics.db
   場所 System.Security.AccessControl.NativeObjectSecurity.CreateInternal(ResourceType resourceType, Boolean isContainer, String name, SafeHandle handle, AccessControlSections includeSections, Boolean createByName, ExceptionFromErrorCode exceptionFromErrorCode, Object exceptionContext)
   場所 System.Security.AccessControl.FileSystemSecurity..ctor(Boolean isContainer, String name, AccessControlSections includeSections, Boolean isDirectory)
   場所 System.Security.AccessControl.FileSecurity..ctor(String fileName, AccessControlSections includeSections)
   場所 Box.Utilities.Util.FileSystemUtils.AddPermissionsToFile(String filePath, WellKnownSidType account, FileSystemRights permissions)
[2022-11-26 08:14:12,603] [6    ] [INFO ] [] - Checking for upgrades
[2022-11-26 08:14:12,614] [6    ] [INFO ] [] - ### File path for UpgradeState: C:\Users\金田駿之介\AppData\Local\Box\upgrade_state.json
[2022-11-26 08:14:12,779] [1    ] [INFO ] [] - Running pipe server using box_edit_pipe as pipe name
[2022-11-26 08:14:12,788] [1    ] [INFO ] [] - Initializing the metrics collector
[2022-11-26 08:14:12,790] [1    ] [ERROR] [] - MetricsCollector::Initialize(171): Check Failed: !IsConfigured() - Return: MetricResult_InvalidState
[2022-11-26 08:14:12,790] [1    ] [ERROR] [] - Failed to initialized metrics collector - error: 2
[2022-11-26 08:14:12,791] [1    ] [ERROR] [] - Could not set permissions to C:\Users\金田駿之介\AppData\Local\Box\Box Tools\Metrics\BoxTools_Metrics.db
[2022-11-26 08:14:12,794] [1    ] [ERROR] [] - FileSystemUtils.AddPermissionsToFile on line number [0]  System.IO.FileNotFoundException: C:\Users\金田駿之介\AppData\Local\Box\Box Tools\Metrics\BoxTools_Metrics.db
   場所 System.Security.AccessControl.NativeObjectSecurity.CreateInternal(ResourceType resourceType, Boolean isContainer, String name, SafeHandle handle, AccessControlSections includeSections, Boolean createByName, ExceptionFromErrorCode exceptionFromErrorCode, Object exceptionContext)
   場所 System.Security.AccessControl.FileSystemSecurity..ctor(Boolean isContainer, String name, AccessControlSections includeSections, Boolean isDirectory)
   場所 System.Security.AccessControl.FileSecurity..ctor(String fileName, AccessControlSections includeSections)
   場所 Box.Utilities.Util.FileSystemUtils.AddPermissionsToFile(String filePath, WellKnownSidType account, FileSystemRights permissions)
[2022-11-26 08:14:12,795] [1    ] [INFO ] [] - .NET Version: .NET Framework 4.8 (528372) - 4.0.30319.42000
[2022-11-26 08:14:12,834] [12   ] [INFO ] [] - Sending async metric DotNetVersion to Gen204 json endpoint.
[2022-11-26 08:14:13,100] [6    ] [INFO ] [] - Url used to upgrade: https://cdn07.boxcdn.net/BoxEditAutoupdate2.json
[2022-11-26 08:14:14,344] [6    ] [INFO ] [] - No track defined, checking against default track
[2022-11-26 08:14:14,345] [6    ] [INFO ] [] - RolloutID set to 61
[2022-11-26 08:14:14,346] [6    ] [INFO ] [] - No upgrade available
[2022-11-26 08:14:14,693] [12   ] [INFO ] [] - Metric ingestion endpoint response: NoContent
[2022-11-26 08:14:17,804] [9    ] [INFO ] [] - Initializing the metrics collector
[2022-11-26 08:14:17,804] [9    ] [ERROR] [] - MetricsCollector::Initialize(171): Check Failed: !IsConfigured() - Return: MetricResult_InvalidState
[2022-11-26 08:14:17,805] [9    ] [ERROR] [] - Failed to initialized metrics collector - error: 2
[2022-11-26 08:24:19,240] [19   ] [INFO ] [] - Initializing the metrics collector
[2022-11-26 08:24:19,241] [19   ] [ERROR] [] - MetricsCollector::Initialize(171): Check Failed: !IsConfigured() - Return: MetricResult_InvalidState
[2022-11-26 08:24:19,242] [19   ] [ERROR] [] - Failed to initialized metrics collector - error: 2
[2022-11-26 08:34:19,237] [17   ] [INFO ] [] - Initializing the metrics collector
[2022-11-26 08:34:19,238] [17   ] [ERROR] [] - MetricsCollector::Initialize(171): Check Failed: !IsConfigured() - Return: MetricResult_InvalidState
[2022-11-26 08:34:19,277] [17   ] [ERROR] [] - Failed to initialized metrics collector - error: 2
[2022-11-26 08:44:19,250] [13   ] [INFO ] [] - Initializing the metrics collector
[2022-11-26 08:44:19,250] [13   ] [ERROR] [] - MetricsCollector::Initialize(171): Check Failed: !IsConfigured() - Return: MetricResult_InvalidState
[2022-11-26 08:44:19,250] [13   ] [ERROR] [] - Failed to initialized metrics collector - error: 2
[2022-11-26 08:54:19,268] [14   ] [INFO ] [] - Initializing the metrics collector
[2022-11-26 08:54:19,268] [14   ] [ERROR] [] - MetricsCollector::Initialize(171): Check Failed: !IsConfigured() - Return: MetricResult_InvalidState
[2022-11-26 08:54:19,268] [14   ] [ERROR] [] - Failed to initialized metrics collector - error: 2
[2022-11-26 09:04:19,277] [12   ] [INFO ] [] - Initializing the metrics collector
[2022-11-26 09:04:19,279] [12   ] [ERROR] [] - MetricsCollector::Initialize(171): Check Failed: !IsConfigured() - Return: MetricResult_InvalidState
[2022-11-26 09:04:19,280] [12   ] [ERROR] [] - Failed to initialized metrics collector - error: 2
