[2022-11-17 10:04:25,884] [1    ] [INFO ] [] - ========== Box Edit v4.19.0.956 ==========
[2022-11-17 10:04:25,913] [1    ] [INFO ] [] - Command Line: "C:\Users\金田駿之介\AppData\Local\Box\Box Edit\Box Edit.exe" 
[2022-11-17 10:04:28,562] [1    ] [INFO ] [] - Getting DebugLogging value from CurrentUser
[2022-11-17 10:04:28,564] [1    ] [INFO ] [] - Working with debug logging OFF
[2022-11-17 10:04:28,782] [1    ] [INFO ] [] - Days to keep files in cache set to 7
[2022-11-17 10:04:29,379] [1    ] [INFO ] [] - LocalMachine RegistryKey not set
[2022-11-17 10:04:29,674] [1    ] [INFO ] [] - Initializing the metrics collector
[2022-11-17 10:04:31,046] [1    ] [WARN ] [] - MetricsCollector::UpdateConfiguration(374): UpdateConfiguration raised: unable to open database file
[2022-11-17 10:04:31,048] [1    ] [ERROR] [] - MetricsCollector::Initialize(238): Raised: unable to open database file
[2022-11-17 10:04:31,049] [1    ] [ERROR] [] - Failed to initialized metrics collector - error: 6
[2022-11-17 10:04:31,049] [1    ] [ERROR] [] - Could not set permissions to C:\Users\金田駿之介\AppData\Local\Box\Box Tools\Metrics\BoxTools_Metrics.db
[2022-11-17 10:04:31,073] [1    ] [ERROR] [] - FileSystemUtils.AddPermissionsToFile on line number [0]  System.IO.FileNotFoundException: C:\Users\金田駿之介\AppData\Local\Box\Box Tools\Metrics\BoxTools_Metrics.db
   場所 System.Security.AccessControl.NativeObjectSecurity.CreateInternal(ResourceType resourceType, Boolean isContainer, String name, SafeHandle handle, AccessControlSections includeSections, Boolean createByName, ExceptionFromErrorCode exceptionFromErrorCode, Object exceptionContext)
   場所 System.Security.AccessControl.FileSystemSecurity..ctor(Boolean isContainer, String name, AccessControlSections includeSections, Boolean isDirectory)
   場所 System.Security.AccessControl.FileSecurity..ctor(String fileName, AccessControlSections includeSections)
   場所 Box.Utilities.Util.FileSystemUtils.AddPermissionsToFile(String filePath, WellKnownSidType account, FileSystemRights permissions)
[2022-11-17 10:04:31,092] [6    ] [INFO ] [] - Checking for upgrades
[2022-11-17 10:04:31,145] [6    ] [INFO ] [] - ### File path for UpgradeState: C:\Users\金田駿之介\AppData\Local\Box\upgrade_state.json
[2022-11-17 10:04:31,404] [1    ] [INFO ] [] - Running pipe server using box_edit_pipe as pipe name
[2022-11-17 10:04:31,449] [1    ] [INFO ] [] - Initializing the metrics collector
[2022-11-17 10:04:31,450] [1    ] [ERROR] [] - MetricsCollector::Initialize(171): Check Failed: !IsConfigured() - Return: MetricResult_InvalidState
[2022-11-17 10:04:31,450] [1    ] [ERROR] [] - Failed to initialized metrics collector - error: 2
[2022-11-17 10:04:31,450] [1    ] [ERROR] [] - Could not set permissions to C:\Users\金田駿之介\AppData\Local\Box\Box Tools\Metrics\BoxTools_Metrics.db
[2022-11-17 10:04:31,452] [1    ] [ERROR] [] - FileSystemUtils.AddPermissionsToFile on line number [0]  System.IO.FileNotFoundException: C:\Users\金田駿之介\AppData\Local\Box\Box Tools\Metrics\BoxTools_Metrics.db
   場所 System.Security.AccessControl.NativeObjectSecurity.CreateInternal(ResourceType resourceType, Boolean isContainer, String name, SafeHandle handle, AccessControlSections includeSections, Boolean createByName, ExceptionFromErrorCode exceptionFromErrorCode, Object exceptionContext)
   場所 System.Security.AccessControl.FileSystemSecurity..ctor(Boolean isContainer, String name, AccessControlSections includeSections, Boolean isDirectory)
   場所 System.Security.AccessControl.FileSecurity..ctor(String fileName, AccessControlSections includeSections)
   場所 Box.Utilities.Util.FileSystemUtils.AddPermissionsToFile(String filePath, WellKnownSidType account, FileSystemRights permissions)
[2022-11-17 10:04:31,467] [1    ] [INFO ] [] - .NET Version: .NET Framework 4.8 (528372) - 4.0.30319.42000
[2022-11-17 10:04:31,531] [11   ] [INFO ] [] - Sending async metric DotNetVersion to Gen204 json endpoint.
[2022-11-17 10:04:31,884] [6    ] [INFO ] [] - Url used to upgrade: https://cdn07.boxcdn.net/BoxEditAutoupdate2.json
[2022-11-17 10:04:32,741] [6    ] [INFO ] [] - No track defined, checking against default track
[2022-11-17 10:04:32,743] [6    ] [INFO ] [] - RolloutID set to 87
[2022-11-17 10:04:32,743] [6    ] [INFO ] [] - Not upgrading because RolloutID is not in range
[2022-11-17 10:04:33,195] [11   ] [INFO ] [] - Metric ingestion endpoint response: NoContent
[2022-11-17 10:04:36,519] [8    ] [INFO ] [] - Initializing the metrics collector
[2022-11-17 10:04:36,520] [8    ] [ERROR] [] - MetricsCollector::Initialize(171): Check Failed: !IsConfigured() - Return: MetricResult_InvalidState
[2022-11-17 10:04:36,520] [8    ] [ERROR] [] - Failed to initialized metrics collector - error: 2
[2022-11-17 10:14:36,487] [14   ] [INFO ] [] - Initializing the metrics collector
[2022-11-17 10:14:36,488] [14   ] [ERROR] [] - MetricsCollector::Initialize(171): Check Failed: !IsConfigured() - Return: MetricResult_InvalidState
[2022-11-17 10:14:36,488] [14   ] [ERROR] [] - Failed to initialized metrics collector - error: 2
[2022-11-17 10:24:36,486] [15   ] [INFO ] [] - Initializing the metrics collector
[2022-11-17 10:24:36,487] [15   ] [ERROR] [] - MetricsCollector::Initialize(171): Check Failed: !IsConfigured() - Return: MetricResult_InvalidState
[2022-11-17 10:24:36,487] [15   ] [ERROR] [] - Failed to initialized metrics collector - error: 2
