[2023-12-22 08:02:14,160] [1    ] [INFO ] [] - ========== Box Edit v4.24.0.1029 ==========
[2023-12-22 08:02:14,269] [1    ] [INFO ] [] - Command Line: "C:\Users\金田駿之介\AppData\Local\Box\Box Edit\Box Edit.exe" 
[2023-12-22 08:02:16,631] [1    ] [INFO ] [] - Getting DebugLogging value from CurrentUser
[2023-12-22 08:02:16,632] [1    ] [INFO ] [] - Working with debug logging OFF
[2023-12-22 08:02:16,822] [1    ] [INFO ] [] - Days to keep files in cache set to 7
[2023-12-22 08:02:17,599] [1    ] [INFO ] [] - LocalMachine RegistryKey not set
[2023-12-22 08:02:17,659] [1    ] [INFO ] [] - DeviceId::CheckDeviceId(488): Starting DeviceId generator.
[2023-12-22 08:02:17,662] [1    ] [INFO ] [] - DeviceId::CheckDeviceId(515): Global mutex obtained. Start checking.
[2023-12-22 08:02:17,941] [1    ] [INFO ] [] - DeviceId::RestoreGlobalDeviceData(65): Failed reading global DeviceData from registry: Registry key "SOFTWARE\Box\DeviceId" not found.
[2023-12-22 08:02:18,008] [1    ] [INFO ] [] - DeviceId::RestoreAndValidateLocalProperites(389): Restored local DeviceId
[2023-12-22 08:02:18,009] [1    ] [INFO ] [] - DeviceId::RestoreAndValidateLocalProperites(393): Restored local DeviceData
[2023-12-22 08:02:18,009] [1    ] [INFO ] [] - DeviceId::PerformChecking(452): Checking DeviceData.
[2023-12-22 08:02:18,016] [1    ] [INFO ] [] - DeviceId::PerformChecking(453): DeviceData read from registry: {"ComputerSystemProductUUID":"B4C5DFD1-4333-1CB6-C49D-A3067E9A232A","Version":1}
[2023-12-22 08:02:18,016] [1    ] [INFO ] [] - DeviceId::PerformChecking(454): Generated DeviceData: {"ComputerSystemProductUUID":"B4C5DFD1-4333-1CB6-C49D-A3067E9A232A","Version":1}
[2023-12-22 08:02:18,047] [1    ] [INFO ] [] - Initializing the metrics collector
[2023-12-22 08:02:18,076] [1    ] [WARN ] [] - MetricsCollector::UpdateConfiguration(374): UpdateConfiguration raised: unable to open database file
[2023-12-22 08:02:18,077] [1    ] [ERROR] [] - MetricsCollector::Initialize(238): Raised: unable to open database file
[2023-12-22 08:02:18,078] [1    ] [ERROR] [] - Failed to initialized metrics collector - error: 6
[2023-12-22 08:02:18,088] [9    ] [INFO ] [] - .NET Version - installed 533325, expected: 528040
[2023-12-22 08:02:18,089] [9    ] [INFO ] [] - result: True
[2023-12-22 08:02:18,089] [9    ] [INFO ] [] - Checking for upgrades
[2023-12-22 08:02:18,096] [9    ] [INFO ] [] - ### File path for UpgradeState: C:\Users\金田駿之介\AppData\Local\Box\upgrade_state.json
[2023-12-22 08:02:18,157] [1    ] [INFO ] [] - Running pipe server using box_edit_pipe as pipe name
[2023-12-22 08:02:18,188] [1    ] [INFO ] [] - Initializing the metrics collector
[2023-12-22 08:02:18,188] [1    ] [ERROR] [] - MetricsCollector::Initialize(171): Check Failed: !IsConfigured() - Return: MetricResult_InvalidState
[2023-12-22 08:02:18,188] [1    ] [ERROR] [] - Failed to initialized metrics collector - error: 2
[2023-12-22 08:02:18,195] [1    ] [INFO ] [] - .NET Version: unknown (533325) - 4.0.30319.42000
[2023-12-22 08:02:18,217] [13   ] [INFO ] [] - Sending async metric DotNetVersion to Gen204 json endpoint.
[2023-12-22 08:02:18,456] [9    ] [INFO ] [] - Url used to upgrade: https://cdn07.boxcdn.net/BoxEditAutoupdate2.json
[2023-12-22 08:02:18,699] [9    ] [INFO ] [] - ### current version track name: 4.24.0
[2023-12-22 08:02:18,699] [9    ] [WARN ] [] - Track 4.24.0 not found
[2023-12-22 08:02:18,699] [9    ] [INFO ] [] - Track default for upgrade found
[2023-12-22 08:02:18,699] [9    ] [INFO ] [] - RolloutID set to 73
[2023-12-22 08:02:18,699] [9    ] [INFO ] [] - No upgrade available
[2023-12-22 08:02:18,954] [13   ] [INFO ] [] - Metric ingestion endpoint response: NoContent
[2023-12-22 08:02:23,198] [10   ] [INFO ] [] - Initializing the metrics collector
[2023-12-22 08:02:23,198] [10   ] [ERROR] [] - MetricsCollector::Initialize(171): Check Failed: !IsConfigured() - Return: MetricResult_InvalidState
[2023-12-22 08:02:23,198] [10   ] [ERROR] [] - Failed to initialized metrics collector - error: 2
[2023-12-22 08:12:24,355] [19   ] [INFO ] [] - Initializing the metrics collector
[2023-12-22 08:12:24,357] [19   ] [ERROR] [] - MetricsCollector::Initialize(171): Check Failed: !IsConfigured() - Return: MetricResult_InvalidState
[2023-12-22 08:12:24,358] [19   ] [ERROR] [] - Failed to initialized metrics collector - error: 2
[2023-12-22 08:22:24,349] [8    ] [INFO ] [] - Initializing the metrics collector
[2023-12-22 08:22:24,353] [8    ] [ERROR] [] - MetricsCollector::Initialize(171): Check Failed: !IsConfigured() - Return: MetricResult_InvalidState
[2023-12-22 08:22:24,356] [8    ] [ERROR] [] - Failed to initialized metrics collector - error: 2
[2023-12-22 08:32:24,353] [20   ] [INFO ] [] - Initializing the metrics collector
[2023-12-22 08:32:24,355] [20   ] [ERROR] [] - MetricsCollector::Initialize(171): Check Failed: !IsConfigured() - Return: MetricResult_InvalidState
[2023-12-22 08:32:24,356] [20   ] [ERROR] [] - Failed to initialized metrics collector - error: 2
[2023-12-22 08:42:24,373] [21   ] [INFO ] [] - Initializing the metrics collector
[2023-12-22 08:42:24,374] [21   ] [ERROR] [] - MetricsCollector::Initialize(171): Check Failed: !IsConfigured() - Return: MetricResult_InvalidState
[2023-12-22 08:42:24,374] [21   ] [ERROR] [] - Failed to initialized metrics collector - error: 2
[2023-12-22 08:52:24,374] [22   ] [INFO ] [] - Initializing the metrics collector
[2023-12-22 08:52:24,374] [22   ] [ERROR] [] - MetricsCollector::Initialize(171): Check Failed: !IsConfigured() - Return: MetricResult_InvalidState
[2023-12-22 08:52:24,375] [22   ] [ERROR] [] - Failed to initialized metrics collector - error: 2
[2023-12-22 09:52:41,350] [23   ] [INFO ] [] - Initializing the metrics collector
[2023-12-22 09:52:41,352] [23   ] [ERROR] [] - MetricsCollector::Initialize(171): Check Failed: !IsConfigured() - Return: MetricResult_InvalidState
[2023-12-22 09:52:41,353] [23   ] [ERROR] [] - Failed to initialized metrics collector - error: 2
[2023-12-22 10:02:41,372] [24   ] [INFO ] [] - Initializing the metrics collector
[2023-12-22 10:02:41,374] [24   ] [ERROR] [] - MetricsCollector::Initialize(171): Check Failed: !IsConfigured() - Return: MetricResult_InvalidState
[2023-12-22 10:02:41,375] [24   ] [ERROR] [] - Failed to initialized metrics collector - error: 2
[2023-12-22 10:12:41,379] [23   ] [INFO ] [] - Initializing the metrics collector
[2023-12-22 10:12:41,382] [23   ] [ERROR] [] - MetricsCollector::Initialize(171): Check Failed: !IsConfigured() - Return: MetricResult_InvalidState
[2023-12-22 10:12:41,383] [23   ] [ERROR] [] - Failed to initialized metrics collector - error: 2
