[2023-09-16 08:05:06,535] [1    ] [INFO ] [] - ========== Box Edit v4.23.0.1013 ==========
[2023-09-16 08:05:06,615] [1    ] [INFO ] [] - Command Line: "C:\Users\金田駿之介\AppData\Local\Box\Box Edit\Box Edit.exe" 
[2023-09-16 08:05:09,014] [1    ] [INFO ] [] - Getting DebugLogging value from CurrentUser
[2023-09-16 08:05:09,022] [1    ] [INFO ] [] - Working with debug logging OFF
[2023-09-16 08:05:09,246] [1    ] [INFO ] [] - Days to keep files in cache set to 7
[2023-09-16 08:05:10,020] [1    ] [INFO ] [] - LocalMachine RegistryKey not set
[2023-09-16 08:05:10,084] [1    ] [INFO ] [] - DeviceId::CheckDeviceId(488): Starting DeviceId generator.
[2023-09-16 08:05:10,092] [1    ] [INFO ] [] - DeviceId::CheckDeviceId(515): Global mutex obtained. Start checking.
[2023-09-16 08:05:11,004] [1    ] [INFO ] [] - DeviceId::RestoreGlobalDeviceData(65): Failed reading global DeviceData from registry: Registry key "SOFTWARE\Box\DeviceId" not found.
[2023-09-16 08:05:11,108] [1    ] [INFO ] [] - DeviceId::RestoreAndValidateLocalProperites(389): Restored local DeviceId
[2023-09-16 08:05:11,108] [1    ] [INFO ] [] - DeviceId::RestoreAndValidateLocalProperites(393): Restored local DeviceData
[2023-09-16 08:05:11,108] [1    ] [INFO ] [] - DeviceId::PerformChecking(452): Checking DeviceData.
[2023-09-16 08:05:11,116] [1    ] [INFO ] [] - DeviceId::PerformChecking(453): DeviceData read from registry: {"ComputerSystemProductUUID":"B4C5DFD1-4333-1CB6-C49D-A3067E9A232A","Version":1}
[2023-09-16 08:05:11,116] [1    ] [INFO ] [] - DeviceId::PerformChecking(454): Generated DeviceData: {"ComputerSystemProductUUID":"B4C5DFD1-4333-1CB6-C49D-A3067E9A232A","Version":1}
[2023-09-16 08:05:11,148] [1    ] [INFO ] [] - Initializing the metrics collector
[2023-09-16 08:05:11,180] [1    ] [WARN ] [] - MetricsCollector::UpdateConfiguration(374): UpdateConfiguration raised: unable to open database file
[2023-09-16 08:05:11,180] [1    ] [ERROR] [] - MetricsCollector::Initialize(238): Raised: unable to open database file
[2023-09-16 08:05:11,180] [1    ] [ERROR] [] - Failed to initialized metrics collector - error: 6
[2023-09-16 08:05:11,180] [1    ] [ERROR] [] - Could not set permissions to C:\Users\金田駿之介\AppData\Local\Box\Box Tools\Metrics\BoxTools_Metrics.db
[2023-09-16 08:05:11,212] [1    ] [ERROR] [] - FileSystemUtils.AddPermissionsToFile on line number [0]  System.IO.FileNotFoundException: C:\Users\金田駿之介\AppData\Local\Box\Box Tools\Metrics\BoxTools_Metrics.db
   場所 System.Security.AccessControl.NativeObjectSecurity.CreateInternal(ResourceType resourceType, Boolean isContainer, String name, SafeHandle handle, AccessControlSections includeSections, Boolean createByName, ExceptionFromErrorCode exceptionFromErrorCode, Object exceptionContext)
   場所 System.Security.AccessControl.FileSystemSecurity..ctor(Boolean isContainer, String name, AccessControlSections includeSections, Boolean isDirectory)
   場所 System.Security.AccessControl.FileSecurity..ctor(String fileName, AccessControlSections includeSections)
   場所 Box.Utilities.Util.FileSystemUtils.AddPermissionsToFile(String filePath, WellKnownSidType account, FileSystemRights permissions)
[2023-09-16 08:05:11,228] [9    ] [INFO ] [] - .NET Version - installed 533325, expected: 528040
[2023-09-16 08:05:11,228] [9    ] [INFO ] [] - result: True
[2023-09-16 08:05:11,228] [9    ] [INFO ] [] - Checking for upgrades
[2023-09-16 08:05:11,244] [9    ] [INFO ] [] - ### File path for UpgradeState: C:\Users\金田駿之介\AppData\Local\Box\upgrade_state.json
[2023-09-16 08:05:11,332] [1    ] [INFO ] [] - Running pipe server using box_edit_pipe as pipe name
[2023-09-16 08:05:11,348] [1    ] [INFO ] [] - Initializing the metrics collector
[2023-09-16 08:05:11,348] [1    ] [ERROR] [] - MetricsCollector::Initialize(171): Check Failed: !IsConfigured() - Return: MetricResult_InvalidState
[2023-09-16 08:05:11,348] [1    ] [ERROR] [] - Failed to initialized metrics collector - error: 2
[2023-09-16 08:05:11,348] [1    ] [ERROR] [] - Could not set permissions to C:\Users\金田駿之介\AppData\Local\Box\Box Tools\Metrics\BoxTools_Metrics.db
[2023-09-16 08:05:11,348] [1    ] [ERROR] [] - FileSystemUtils.AddPermissionsToFile on line number [0]  System.IO.FileNotFoundException: C:\Users\金田駿之介\AppData\Local\Box\Box Tools\Metrics\BoxTools_Metrics.db
   場所 System.Security.AccessControl.NativeObjectSecurity.CreateInternal(ResourceType resourceType, Boolean isContainer, String name, SafeHandle handle, AccessControlSections includeSections, Boolean createByName, ExceptionFromErrorCode exceptionFromErrorCode, Object exceptionContext)
   場所 System.Security.AccessControl.FileSystemSecurity..ctor(Boolean isContainer, String name, AccessControlSections includeSections, Boolean isDirectory)
   場所 System.Security.AccessControl.FileSecurity..ctor(String fileName, AccessControlSections includeSections)
   場所 Box.Utilities.Util.FileSystemUtils.AddPermissionsToFile(String filePath, WellKnownSidType account, FileSystemRights permissions)
[2023-09-16 08:05:11,388] [1    ] [INFO ] [] - .NET Version: unknown (533325) - 4.0.30319.42000
[2023-09-16 08:05:11,452] [13   ] [INFO ] [] - Sending async metric DotNetVersion to Gen204 json endpoint.
[2023-09-16 08:05:11,964] [9    ] [INFO ] [] - Url used to upgrade: https://cdn07.boxcdn.net/BoxEditAutoupdate2.json
[2023-09-16 08:05:12,908] [9    ] [INFO ] [] - ### current version track name: 4.23.0
[2023-09-16 08:05:12,908] [9    ] [WARN ] [] - Track 4.23.0 not found
[2023-09-16 08:05:12,908] [9    ] [INFO ] [] - Track default for upgrade found
[2023-09-16 08:05:12,908] [9    ] [INFO ] [] - RolloutID set to 42
[2023-09-16 08:05:12,916] [9    ] [INFO ] [] - Not upgrading because RolloutID is not in range
[2023-09-16 08:05:13,212] [13   ] [INFO ] [] - Metric ingestion endpoint response: NoContent
[2023-09-16 08:05:16,384] [11   ] [INFO ] [] - Initializing the metrics collector
[2023-09-16 08:05:16,384] [11   ] [ERROR] [] - MetricsCollector::Initialize(171): Check Failed: !IsConfigured() - Return: MetricResult_InvalidState
[2023-09-16 08:05:16,384] [11   ] [ERROR] [] - Failed to initialized metrics collector - error: 2
[2023-09-16 08:15:16,369] [19   ] [INFO ] [] - Initializing the metrics collector
[2023-09-16 08:15:16,370] [19   ] [ERROR] [] - MetricsCollector::Initialize(171): Check Failed: !IsConfigured() - Return: MetricResult_InvalidState
[2023-09-16 08:15:16,371] [19   ] [ERROR] [] - Failed to initialized metrics collector - error: 2
[2023-09-16 08:25:16,413] [8    ] [INFO ] [] - Initializing the metrics collector
[2023-09-16 08:25:16,417] [8    ] [ERROR] [] - MetricsCollector::Initialize(171): Check Failed: !IsConfigured() - Return: MetricResult_InvalidState
[2023-09-16 08:25:16,419] [8    ] [ERROR] [] - Failed to initialized metrics collector - error: 2
[2023-09-16 10:37:25,690] [21   ] [INFO ] [] - Initializing the metrics collector
[2023-09-16 10:37:25,694] [21   ] [ERROR] [] - MetricsCollector::Initialize(171): Check Failed: !IsConfigured() - Return: MetricResult_InvalidState
[2023-09-16 10:37:25,695] [21   ] [ERROR] [] - Failed to initialized metrics collector - error: 2
