[2023-10-02 21:43:14,947] [1    ] [INFO ] [] - ========== Box Edit v4.23.0.1013 ==========
[2023-10-02 21:43:15,009] [1    ] [INFO ] [] - Command Line: "C:\Users\金田駿之介\AppData\Local\Box\Box Edit\Box Edit.exe" 
[2023-10-02 21:43:16,945] [1    ] [INFO ] [] - Getting DebugLogging value from CurrentUser
[2023-10-02 21:43:16,945] [1    ] [INFO ] [] - Working with debug logging OFF
[2023-10-02 21:43:17,085] [1    ] [INFO ] [] - Days to keep files in cache set to 7
[2023-10-02 21:43:17,622] [1    ] [INFO ] [] - LocalMachine RegistryKey not set
[2023-10-02 21:43:17,682] [1    ] [INFO ] [] - DeviceId::CheckDeviceId(488): Starting DeviceId generator.
[2023-10-02 21:43:17,682] [1    ] [INFO ] [] - DeviceId::CheckDeviceId(515): Global mutex obtained. Start checking.
[2023-10-02 21:43:18,063] [1    ] [INFO ] [] - DeviceId::RestoreGlobalDeviceData(65): Failed reading global DeviceData from registry: Registry key "SOFTWARE\Box\DeviceId" not found.
[2023-10-02 21:43:18,166] [1    ] [INFO ] [] - DeviceId::RestoreAndValidateLocalProperites(389): Restored local DeviceId
[2023-10-02 21:43:18,166] [1    ] [INFO ] [] - DeviceId::RestoreAndValidateLocalProperites(393): Restored local DeviceData
[2023-10-02 21:43:18,170] [1    ] [INFO ] [] - DeviceId::PerformChecking(452): Checking DeviceData.
[2023-10-02 21:43:18,176] [1    ] [INFO ] [] - DeviceId::PerformChecking(453): DeviceData read from registry: {"ComputerSystemProductUUID":"B4C5DFD1-4333-1CB6-C49D-A3067E9A232A","Version":1}
[2023-10-02 21:43:18,176] [1    ] [INFO ] [] - DeviceId::PerformChecking(454): Generated DeviceData: {"ComputerSystemProductUUID":"B4C5DFD1-4333-1CB6-C49D-A3067E9A232A","Version":1}
[2023-10-02 21:43:18,211] [1    ] [INFO ] [] - Initializing the metrics collector
[2023-10-02 21:43:18,236] [1    ] [WARN ] [] - MetricsCollector::UpdateConfiguration(374): UpdateConfiguration raised: unable to open database file
[2023-10-02 21:43:18,236] [1    ] [ERROR] [] - MetricsCollector::Initialize(238): Raised: unable to open database file
[2023-10-02 21:43:18,236] [1    ] [ERROR] [] - Failed to initialized metrics collector - error: 6
[2023-10-02 21:43:18,236] [1    ] [ERROR] [] - Could not set permissions to C:\Users\金田駿之介\AppData\Local\Box\Box Tools\Metrics\BoxTools_Metrics.db
[2023-10-02 21:43:18,256] [1    ] [ERROR] [] - FileSystemUtils.AddPermissionsToFile on line number [0]  System.IO.FileNotFoundException: C:\Users\金田駿之介\AppData\Local\Box\Box Tools\Metrics\BoxTools_Metrics.db
   場所 System.Security.AccessControl.NativeObjectSecurity.CreateInternal(ResourceType resourceType, Boolean isContainer, String name, SafeHandle handle, AccessControlSections includeSections, Boolean createByName, ExceptionFromErrorCode exceptionFromErrorCode, Object exceptionContext)
   場所 System.Security.AccessControl.FileSystemSecurity..ctor(Boolean isContainer, String name, AccessControlSections includeSections, Boolean isDirectory)
   場所 System.Security.AccessControl.FileSecurity..ctor(String fileName, AccessControlSections includeSections)
   場所 Box.Utilities.Util.FileSystemUtils.AddPermissionsToFile(String filePath, WellKnownSidType account, FileSystemRights permissions)
[2023-10-02 21:43:18,266] [9    ] [INFO ] [] - .NET Version - installed 533325, expected: 528040
[2023-10-02 21:43:18,266] [9    ] [INFO ] [] - result: True
[2023-10-02 21:43:18,266] [9    ] [INFO ] [] - Checking for upgrades
[2023-10-02 21:43:18,276] [9    ] [INFO ] [] - ### File path for UpgradeState: C:\Users\金田駿之介\AppData\Local\Box\upgrade_state.json
[2023-10-02 21:43:18,347] [1    ] [INFO ] [] - Running pipe server using box_edit_pipe as pipe name
[2023-10-02 21:43:18,357] [1    ] [INFO ] [] - Initializing the metrics collector
[2023-10-02 21:43:18,357] [1    ] [ERROR] [] - MetricsCollector::Initialize(171): Check Failed: !IsConfigured() - Return: MetricResult_InvalidState
[2023-10-02 21:43:18,357] [1    ] [ERROR] [] - Failed to initialized metrics collector - error: 2
[2023-10-02 21:43:18,361] [1    ] [ERROR] [] - Could not set permissions to C:\Users\金田駿之介\AppData\Local\Box\Box Tools\Metrics\BoxTools_Metrics.db
[2023-10-02 21:43:18,361] [1    ] [ERROR] [] - FileSystemUtils.AddPermissionsToFile on line number [0]  System.IO.FileNotFoundException: C:\Users\金田駿之介\AppData\Local\Box\Box Tools\Metrics\BoxTools_Metrics.db
   場所 System.Security.AccessControl.NativeObjectSecurity.CreateInternal(ResourceType resourceType, Boolean isContainer, String name, SafeHandle handle, AccessControlSections includeSections, Boolean createByName, ExceptionFromErrorCode exceptionFromErrorCode, Object exceptionContext)
   場所 System.Security.AccessControl.FileSystemSecurity..ctor(Boolean isContainer, String name, AccessControlSections includeSections, Boolean isDirectory)
   場所 System.Security.AccessControl.FileSecurity..ctor(String fileName, AccessControlSections includeSections)
   場所 Box.Utilities.Util.FileSystemUtils.AddPermissionsToFile(String filePath, WellKnownSidType account, FileSystemRights permissions)
[2023-10-02 21:43:18,371] [1    ] [INFO ] [] - .NET Version: unknown (533325) - 4.0.30319.42000
[2023-10-02 21:43:18,380] [13   ] [INFO ] [] - Sending async metric DotNetVersion to Gen204 json endpoint.
[2023-10-02 21:43:18,591] [9    ] [INFO ] [] - Url used to upgrade: https://cdn07.boxcdn.net/BoxEditAutoupdate2.json
[2023-10-02 21:43:18,759] [9    ] [INFO ] [] - ### current version track name: 4.23.0
[2023-10-02 21:43:18,760] [9    ] [WARN ] [] - Track 4.23.0 not found
[2023-10-02 21:43:18,760] [9    ] [INFO ] [] - Track default for upgrade found
[2023-10-02 21:43:18,760] [9    ] [INFO ] [] - RolloutID set to 42
[2023-10-02 21:43:18,760] [9    ] [INFO ] [] - Not upgrading because RolloutID is not in range
[2023-10-02 21:43:19,078] [13   ] [INFO ] [] - Metric ingestion endpoint response: NoContent
[2023-10-02 21:43:23,371] [10   ] [INFO ] [] - Initializing the metrics collector
[2023-10-02 21:43:23,373] [10   ] [ERROR] [] - MetricsCollector::Initialize(171): Check Failed: !IsConfigured() - Return: MetricResult_InvalidState
[2023-10-02 21:43:23,373] [10   ] [ERROR] [] - Failed to initialized metrics collector - error: 2
[2023-10-02 21:53:23,391] [19   ] [INFO ] [] - Initializing the metrics collector
[2023-10-02 21:53:23,394] [19   ] [ERROR] [] - MetricsCollector::Initialize(171): Check Failed: !IsConfigured() - Return: MetricResult_InvalidState
[2023-10-02 21:53:23,394] [19   ] [ERROR] [] - Failed to initialized metrics collector - error: 2
[2023-10-02 22:03:23,401] [17   ] [INFO ] [] - Initializing the metrics collector
[2023-10-02 22:03:23,401] [17   ] [ERROR] [] - MetricsCollector::Initialize(171): Check Failed: !IsConfigured() - Return: MetricResult_InvalidState
[2023-10-02 22:03:23,401] [17   ] [ERROR] [] - Failed to initialized metrics collector - error: 2
[2023-10-02 22:14:18,567] [22   ] [INFO ] [] - Initializing the metrics collector
[2023-10-02 22:14:18,569] [22   ] [ERROR] [] - MetricsCollector::Initialize(171): Check Failed: !IsConfigured() - Return: MetricResult_InvalidState
[2023-10-02 22:14:18,571] [22   ] [ERROR] [] - Failed to initialized metrics collector - error: 2
[2023-10-02 22:24:18,566] [21   ] [INFO ] [] - Initializing the metrics collector
[2023-10-02 22:24:18,566] [21   ] [ERROR] [] - MetricsCollector::Initialize(171): Check Failed: !IsConfigured() - Return: MetricResult_InvalidState
[2023-10-02 22:24:18,566] [21   ] [ERROR] [] - Failed to initialized metrics collector - error: 2
[2023-10-02 22:34:18,581] [23   ] [INFO ] [] - Initializing the metrics collector
[2023-10-02 22:34:18,581] [23   ] [ERROR] [] - MetricsCollector::Initialize(171): Check Failed: !IsConfigured() - Return: MetricResult_InvalidState
[2023-10-02 22:34:18,581] [23   ] [ERROR] [] - Failed to initialized metrics collector - error: 2
