[2023-10-08 07:57:42,529] [1    ] [INFO ] [] - ========== Box Edit v4.24.0.1029 ==========
[2023-10-08 07:57:42,561] [1    ] [INFO ] [] - Command Line: "C:\Users\金田駿之介\AppData\Local\Box\Box Edit\Box Edit.exe" 
[2023-10-08 07:57:45,262] [1    ] [INFO ] [] - Getting DebugLogging value from CurrentUser
[2023-10-08 07:57:45,270] [1    ] [INFO ] [] - Working with debug logging OFF
[2023-10-08 07:57:45,542] [1    ] [INFO ] [] - Days to keep files in cache set to 7
[2023-10-08 07:57:49,037] [1    ] [INFO ] [] - LocalMachine RegistryKey not set
[2023-10-08 07:57:49,181] [1    ] [INFO ] [] - DeviceId::CheckDeviceId(488): Starting DeviceId generator.
[2023-10-08 07:57:49,221] [1    ] [INFO ] [] - DeviceId::CheckDeviceId(515): Global mutex obtained. Start checking.
[2023-10-08 07:57:50,039] [1    ] [INFO ] [] - DeviceId::RestoreGlobalDeviceData(65): Failed reading global DeviceData from registry: Registry key "SOFTWARE\Box\DeviceId" not found.
[2023-10-08 07:57:50,254] [1    ] [INFO ] [] - DeviceId::RestoreAndValidateLocalProperites(389): Restored local DeviceId
[2023-10-08 07:57:50,262] [1    ] [INFO ] [] - DeviceId::RestoreAndValidateLocalProperites(393): Restored local DeviceData
[2023-10-08 07:57:50,262] [1    ] [INFO ] [] - DeviceId::PerformChecking(452): Checking DeviceData.
[2023-10-08 07:57:50,270] [1    ] [INFO ] [] - DeviceId::PerformChecking(453): DeviceData read from registry: {"ComputerSystemProductUUID":"B4C5DFD1-4333-1CB6-C49D-A3067E9A232A","Version":1}
[2023-10-08 07:57:50,270] [1    ] [INFO ] [] - DeviceId::PerformChecking(454): Generated DeviceData: {"ComputerSystemProductUUID":"B4C5DFD1-4333-1CB6-C49D-A3067E9A232A","Version":1}
[2023-10-08 07:57:50,342] [1    ] [INFO ] [] - Initializing the metrics collector
[2023-10-08 07:57:50,382] [1    ] [WARN ] [] - MetricsCollector::UpdateConfiguration(374): UpdateConfiguration raised: unable to open database file
[2023-10-08 07:57:50,382] [1    ] [ERROR] [] - MetricsCollector::Initialize(238): Raised: unable to open database file
[2023-10-08 07:57:50,382] [1    ] [ERROR] [] - Failed to initialized metrics collector - error: 6
[2023-10-08 07:57:50,422] [9    ] [INFO ] [] - .NET Version - installed 533325, expected: 528040
[2023-10-08 07:57:50,422] [9    ] [INFO ] [] - result: True
[2023-10-08 07:57:50,422] [9    ] [INFO ] [] - Checking for upgrades
[2023-10-08 07:57:50,470] [9    ] [INFO ] [] - ### File path for UpgradeState: C:\Users\金田駿之介\AppData\Local\Box\upgrade_state.json
[2023-10-08 07:57:50,622] [1    ] [INFO ] [] - Running pipe server using box_edit_pipe as pipe name
[2023-10-08 07:57:50,646] [1    ] [INFO ] [] - Initializing the metrics collector
[2023-10-08 07:57:50,646] [1    ] [ERROR] [] - MetricsCollector::Initialize(171): Check Failed: !IsConfigured() - Return: MetricResult_InvalidState
[2023-10-08 07:57:50,646] [1    ] [ERROR] [] - Failed to initialized metrics collector - error: 2
[2023-10-08 07:57:50,654] [1    ] [INFO ] [] - .NET Version: unknown (533325) - 4.0.30319.42000
[2023-10-08 07:57:50,718] [12   ] [INFO ] [] - Sending async metric DotNetVersion to Gen204 json endpoint.
[2023-10-08 07:57:51,288] [9    ] [INFO ] [] - Url used to upgrade: https://cdn07.boxcdn.net/BoxEditAutoupdate2.json
[2023-10-08 07:57:51,517] [9    ] [INFO ] [] - ### current version track name: 4.24.0
[2023-10-08 07:57:51,517] [9    ] [WARN ] [] - Track 4.24.0 not found
[2023-10-08 07:57:51,517] [9    ] [INFO ] [] - Track default for upgrade found
[2023-10-08 07:57:51,517] [9    ] [INFO ] [] - RolloutID set to 73
[2023-10-08 07:57:51,517] [9    ] [INFO ] [] - No upgrade available
[2023-10-08 07:57:51,678] [12   ] [INFO ] [] - Metric ingestion endpoint response: NoContent
[2023-10-08 07:57:55,749] [7    ] [INFO ] [] - Initializing the metrics collector
[2023-10-08 07:57:55,749] [7    ] [ERROR] [] - MetricsCollector::Initialize(171): Check Failed: !IsConfigured() - Return: MetricResult_InvalidState
[2023-10-08 07:57:55,749] [7    ] [ERROR] [] - Failed to initialized metrics collector - error: 2
[2023-10-08 08:07:55,677] [19   ] [INFO ] [] - Initializing the metrics collector
[2023-10-08 08:07:55,679] [19   ] [ERROR] [] - MetricsCollector::Initialize(171): Check Failed: !IsConfigured() - Return: MetricResult_InvalidState
[2023-10-08 08:07:55,681] [19   ] [ERROR] [] - Failed to initialized metrics collector - error: 2
[2023-10-08 08:20:36,583] [22   ] [INFO ] [] - Initializing the metrics collector
[2023-10-08 08:20:36,586] [22   ] [ERROR] [] - MetricsCollector::Initialize(171): Check Failed: !IsConfigured() - Return: MetricResult_InvalidState
[2023-10-08 08:20:36,587] [22   ] [ERROR] [] - Failed to initialized metrics collector - error: 2
[2023-10-08 08:30:36,594] [20   ] [INFO ] [] - Initializing the metrics collector
[2023-10-08 08:30:36,594] [20   ] [ERROR] [] - MetricsCollector::Initialize(171): Check Failed: !IsConfigured() - Return: MetricResult_InvalidState
[2023-10-08 08:30:36,599] [20   ] [ERROR] [] - Failed to initialized metrics collector - error: 2
[2023-10-08 08:40:36,609] [21   ] [INFO ] [] - Initializing the metrics collector
[2023-10-08 08:40:36,609] [21   ] [ERROR] [] - MetricsCollector::Initialize(171): Check Failed: !IsConfigured() - Return: MetricResult_InvalidState
[2023-10-08 08:40:36,609] [21   ] [ERROR] [] - Failed to initialized metrics collector - error: 2
[2023-10-08 09:42:39,561] [25   ] [INFO ] [] - Initializing the metrics collector
[2023-10-08 09:42:39,562] [25   ] [ERROR] [] - MetricsCollector::Initialize(171): Check Failed: !IsConfigured() - Return: MetricResult_InvalidState
[2023-10-08 09:42:39,566] [25   ] [ERROR] [] - Failed to initialized metrics collector - error: 2
[2023-10-08 09:52:39,590] [26   ] [INFO ] [] - Initializing the metrics collector
[2023-10-08 09:52:39,592] [26   ] [ERROR] [] - MetricsCollector::Initialize(171): Check Failed: !IsConfigured() - Return: MetricResult_InvalidState
[2023-10-08 09:52:39,593] [26   ] [ERROR] [] - Failed to initialized metrics collector - error: 2
[2023-10-08 10:02:39,600] [8    ] [INFO ] [] - Initializing the metrics collector
[2023-10-08 10:02:39,600] [8    ] [ERROR] [] - MetricsCollector::Initialize(171): Check Failed: !IsConfigured() - Return: MetricResult_InvalidState
[2023-10-08 10:02:39,600] [8    ] [ERROR] [] - Failed to initialized metrics collector - error: 2
[2023-10-08 10:12:39,604] [23   ] [INFO ] [] - Initializing the metrics collector
[2023-10-08 10:12:39,606] [23   ] [ERROR] [] - MetricsCollector::Initialize(171): Check Failed: !IsConfigured() - Return: MetricResult_InvalidState
[2023-10-08 10:12:39,607] [23   ] [ERROR] [] - Failed to initialized metrics collector - error: 2
[2023-10-08 10:39:39,619] [27   ] [INFO ] [] - Initializing the metrics collector
[2023-10-08 10:39:39,623] [27   ] [ERROR] [] - MetricsCollector::Initialize(171): Check Failed: !IsConfigured() - Return: MetricResult_InvalidState
[2023-10-08 10:39:39,625] [27   ] [ERROR] [] - Failed to initialized metrics collector - error: 2
