[2024-03-21 22:22:55,509] [12   ] [INFO ] [] - Initializing the metrics collector
[2024-03-21 22:22:55,525] [12   ] [ERROR] [] - MetricsCollector::Initialize(171): Check Failed: !IsConfigured() - Return: MetricResult_InvalidState
[2024-03-21 22:22:55,526] [12   ] [ERROR] [] - Failed to initialized metrics collector - error: 2
[2024-03-21 22:32:55,542] [12   ] [INFO ] [] - Initializing the metrics collector
[2024-03-21 22:32:55,548] [12   ] [ERROR] [] - MetricsCollector::Initialize(171): Check Failed: !IsConfigured() - Return: MetricResult_InvalidState
[2024-03-21 22:32:55,549] [12   ] [ERROR] [] - Failed to initialized metrics collector - error: 2
[2024-03-21 22:42:55,538] [13   ] [INFO ] [] - Initializing the metrics collector
[2024-03-21 22:42:55,538] [13   ] [ERROR] [] - MetricsCollector::Initialize(171): Check Failed: !IsConfigured() - Return: MetricResult_InvalidState
[2024-03-21 22:42:55,538] [13   ] [ERROR] [] - Failed to initialized metrics collector - error: 2
[2024-03-21 22:52:55,552] [14   ] [INFO ] [] - Initializing the metrics collector
[2024-03-21 22:52:55,553] [14   ] [ERROR] [] - MetricsCollector::Initialize(171): Check Failed: !IsConfigured() - Return: MetricResult_InvalidState
[2024-03-21 22:52:55,553] [14   ] [ERROR] [] - Failed to initialized metrics collector - error: 2
[2024-03-21 23:02:55,583] [8    ] [INFO ] [] - Initializing the metrics collector
[2024-03-21 23:02:55,590] [8    ] [ERROR] [] - MetricsCollector::Initialize(171): Check Failed: !IsConfigured() - Return: MetricResult_InvalidState
[2024-03-21 23:02:55,594] [8    ] [ERROR] [] - Failed to initialized metrics collector - error: 2
[2024-03-21 23:12:55,596] [9    ] [INFO ] [] - Initializing the metrics collector
[2024-03-21 23:12:55,596] [9    ] [ERROR] [] - MetricsCollector::Initialize(171): Check Failed: !IsConfigured() - Return: MetricResult_InvalidState
[2024-03-21 23:12:55,596] [9    ] [ERROR] [] - Failed to initialized metrics collector - error: 2
[2024-03-21 23:22:55,606] [10   ] [INFO ] [] - Initializing the metrics collector
[2024-03-21 23:22:55,606] [10   ] [ERROR] [] - MetricsCollector::Initialize(171): Check Failed: !IsConfigured() - Return: MetricResult_InvalidState
[2024-03-21 23:22:55,606] [10   ] [ERROR] [] - Failed to initialized metrics collector - error: 2
