[2024-02-21 18:08:39,281] [1    ] [INFO ] [] - ========== Box Edit v4.24.0.1029 ==========
[2024-02-21 18:08:39,312] [1    ] [INFO ] [] - Command Line: "C:\Users\金田駿之介\AppData\Local\Box\Box Edit\Box Edit.exe" 
[2024-02-21 18:08:40,938] [1    ] [INFO ] [] - Getting DebugLogging value from CurrentUser
[2024-02-21 18:08:40,938] [1    ] [INFO ] [] - Working with debug logging OFF
[2024-02-21 18:08:41,019] [1    ] [INFO ] [] - Days to keep files in cache set to 7
[2024-02-21 18:08:41,675] [1    ] [INFO ] [] - LocalMachine RegistryKey not set
[2024-02-21 18:08:41,724] [1    ] [INFO ] [] - DeviceId::CheckDeviceId(488): Starting DeviceId generator.
[2024-02-21 18:08:41,726] [1    ] [INFO ] [] - DeviceId::CheckDeviceId(515): Global mutex obtained. Start checking.
[2024-02-21 18:08:42,018] [1    ] [INFO ] [] - DeviceId::RestoreGlobalDeviceData(65): Failed reading global DeviceData from registry: Registry key "SOFTWARE\Box\DeviceId" not found.
[2024-02-21 18:08:42,089] [1    ] [INFO ] [] - DeviceId::RestoreAndValidateLocalProperites(389): Restored local DeviceId
[2024-02-21 18:08:42,089] [1    ] [INFO ] [] - DeviceId::RestoreAndValidateLocalProperites(393): Restored local DeviceData
[2024-02-21 18:08:42,089] [1    ] [INFO ] [] - DeviceId::PerformChecking(452): Checking DeviceData.
[2024-02-21 18:08:42,089] [1    ] [INFO ] [] - DeviceId::PerformChecking(453): DeviceData read from registry: {"ComputerSystemProductUUID":"B4C5DFD1-4333-1CB6-C49D-A3067E9A232A","Version":1}
[2024-02-21 18:08:42,089] [1    ] [INFO ] [] - DeviceId::PerformChecking(454): Generated DeviceData: {"ComputerSystemProductUUID":"B4C5DFD1-4333-1CB6-C49D-A3067E9A232A","Version":1}
[2024-02-21 18:08:42,127] [1    ] [INFO ] [] - Initializing the metrics collector
[2024-02-21 18:08:42,160] [1    ] [WARN ] [] - MetricsCollector::UpdateConfiguration(374): UpdateConfiguration raised: unable to open database file
[2024-02-21 18:08:42,160] [1    ] [ERROR] [] - MetricsCollector::Initialize(238): Raised: unable to open database file
[2024-02-21 18:08:42,160] [1    ] [ERROR] [] - Failed to initialized metrics collector - error: 6
[2024-02-21 18:08:42,170] [9    ] [INFO ] [] - .NET Version - installed 533325, expected: 528040
[2024-02-21 18:08:42,170] [9    ] [INFO ] [] - result: True
[2024-02-21 18:08:42,170] [9    ] [INFO ] [] - Checking for upgrades
[2024-02-21 18:08:42,180] [9    ] [INFO ] [] - ### File path for UpgradeState: C:\Users\金田駿之介\AppData\Local\Box\upgrade_state.json
[2024-02-21 18:08:42,230] [1    ] [INFO ] [] - Running pipe server using box_edit_pipe as pipe name
[2024-02-21 18:08:42,240] [1    ] [INFO ] [] - Initializing the metrics collector
[2024-02-21 18:08:42,248] [1    ] [ERROR] [] - MetricsCollector::Initialize(171): Check Failed: !IsConfigured() - Return: MetricResult_InvalidState
[2024-02-21 18:08:42,248] [1    ] [ERROR] [] - Failed to initialized metrics collector - error: 2
[2024-02-21 18:08:42,260] [1    ] [INFO ] [] - .NET Version: unknown (533325) - 4.0.30319.42000
[2024-02-21 18:08:42,270] [13   ] [INFO ] [] - Sending async metric DotNetVersion to Gen204 json endpoint.
[2024-02-21 18:08:42,542] [9    ] [INFO ] [] - Url used to upgrade: https://cdn07.boxcdn.net/BoxEditAutoupdate2.json
[2024-02-21 18:08:45,657] [9    ] [INFO ] [] - ### current version track name: 4.24.0
[2024-02-21 18:08:45,657] [9    ] [WARN ] [] - Track 4.24.0 not found
[2024-02-21 18:08:45,657] [9    ] [INFO ] [] - Track default for upgrade found
[2024-02-21 18:08:45,657] [9    ] [INFO ] [] - RolloutID set to 73
[2024-02-21 18:08:45,665] [9    ] [INFO ] [] - No upgrade available
[2024-02-21 18:08:46,111] [13   ] [INFO ] [] - Metric ingestion endpoint response: NoContent
[2024-02-21 18:08:47,314] [7    ] [INFO ] [] - Initializing the metrics collector
[2024-02-21 18:08:47,314] [7    ] [ERROR] [] - MetricsCollector::Initialize(171): Check Failed: !IsConfigured() - Return: MetricResult_InvalidState
[2024-02-21 18:08:47,316] [7    ] [ERROR] [] - Failed to initialized metrics collector - error: 2
[2024-02-21 18:35:47,081] [13   ] [INFO ] [] - Initializing the metrics collector
[2024-02-21 18:35:47,085] [13   ] [ERROR] [] - MetricsCollector::Initialize(171): Check Failed: !IsConfigured() - Return: MetricResult_InvalidState
[2024-02-21 18:35:47,087] [13   ] [ERROR] [] - Failed to initialized metrics collector - error: 2
[2024-02-21 18:45:47,079] [10   ] [INFO ] [] - Initializing the metrics collector
[2024-02-21 18:45:47,081] [10   ] [ERROR] [] - MetricsCollector::Initialize(171): Check Failed: !IsConfigured() - Return: MetricResult_InvalidState
[2024-02-21 18:45:47,081] [10   ] [ERROR] [] - Failed to initialized metrics collector - error: 2
[2024-02-21 18:55:47,095] [7    ] [INFO ] [] - Initializing the metrics collector
[2024-02-21 18:55:47,096] [7    ] [ERROR] [] - MetricsCollector::Initialize(171): Check Failed: !IsConfigured() - Return: MetricResult_InvalidState
[2024-02-21 18:55:47,096] [7    ] [ERROR] [] - Failed to initialized metrics collector - error: 2
[2024-02-21 19:05:47,103] [9    ] [INFO ] [] - Initializing the metrics collector
[2024-02-21 19:05:47,105] [9    ] [ERROR] [] - MetricsCollector::Initialize(171): Check Failed: !IsConfigured() - Return: MetricResult_InvalidState
[2024-02-21 19:05:47,107] [9    ] [ERROR] [] - Failed to initialized metrics collector - error: 2
[2024-02-21 19:15:47,123] [14   ] [INFO ] [] - Initializing the metrics collector
[2024-02-21 19:15:47,123] [14   ] [ERROR] [] - MetricsCollector::Initialize(171): Check Failed: !IsConfigured() - Return: MetricResult_InvalidState
[2024-02-21 19:15:47,123] [14   ] [ERROR] [] - Failed to initialized metrics collector - error: 2
[2024-02-21 20:00:09,638] [8    ] [INFO ] [] - Initializing the metrics collector
[2024-02-21 20:00:09,641] [8    ] [ERROR] [] - MetricsCollector::Initialize(171): Check Failed: !IsConfigured() - Return: MetricResult_InvalidState
[2024-02-21 20:00:09,643] [8    ] [ERROR] [] - Failed to initialized metrics collector - error: 2
[2024-02-21 20:10:09,638] [16   ] [INFO ] [] - Initializing the metrics collector
[2024-02-21 20:10:09,638] [16   ] [ERROR] [] - MetricsCollector::Initialize(171): Check Failed: !IsConfigured() - Return: MetricResult_InvalidState
[2024-02-21 20:10:09,640] [16   ] [ERROR] [] - Failed to initialized metrics collector - error: 2
[2024-02-21 20:20:09,670] [18   ] [INFO ] [] - Initializing the metrics collector
[2024-02-21 20:20:09,672] [18   ] [ERROR] [] - MetricsCollector::Initialize(171): Check Failed: !IsConfigured() - Return: MetricResult_InvalidState
[2024-02-21 20:20:09,672] [18   ] [ERROR] [] - Failed to initialized metrics collector - error: 2
[2024-02-21 20:30:09,710] [19   ] [INFO ] [] - Initializing the metrics collector
[2024-02-21 20:30:09,710] [19   ] [ERROR] [] - MetricsCollector::Initialize(171): Check Failed: !IsConfigured() - Return: MetricResult_InvalidState
[2024-02-21 20:30:09,710] [19   ] [ERROR] [] - Failed to initialized metrics collector - error: 2
[2024-02-21 21:49:44,045] [20   ] [INFO ] [] - Initializing the metrics collector
[2024-02-21 21:49:44,046] [20   ] [ERROR] [] - MetricsCollector::Initialize(171): Check Failed: !IsConfigured() - Return: MetricResult_InvalidState
[2024-02-21 21:49:44,046] [20   ] [ERROR] [] - Failed to initialized metrics collector - error: 2
[2024-02-21 21:59:44,079] [21   ] [INFO ] [] - Initializing the metrics collector
[2024-02-21 21:59:44,082] [21   ] [ERROR] [] - MetricsCollector::Initialize(171): Check Failed: !IsConfigured() - Return: MetricResult_InvalidState
[2024-02-21 21:59:44,082] [21   ] [ERROR] [] - Failed to initialized metrics collector - error: 2
