[2023-12-10 09:02:22,062] [1    ] [INFO ] [] - ========== Box Edit v4.24.0.1029 ==========
[2023-12-10 09:02:22,093] [1    ] [INFO ] [] - Command Line: "C:\Users\金田駿之介\AppData\Local\Box\Box Edit\Box Edit.exe" 
[2023-12-10 09:02:23,343] [1    ] [INFO ] [] - Getting DebugLogging value from CurrentUser
[2023-12-10 09:02:23,343] [1    ] [INFO ] [] - Working with debug logging OFF
[2023-12-10 09:02:23,421] [1    ] [INFO ] [] - Days to keep files in cache set to 7
[2023-12-10 09:02:23,858] [1    ] [INFO ] [] - LocalMachine RegistryKey not set
[2023-12-10 09:02:23,890] [1    ] [INFO ] [] - DeviceId::CheckDeviceId(488): Starting DeviceId generator.
[2023-12-10 09:02:23,890] [1    ] [INFO ] [] - DeviceId::CheckDeviceId(515): Global mutex obtained. Start checking.
[2023-12-10 09:02:24,061] [1    ] [INFO ] [] - DeviceId::RestoreGlobalDeviceData(65): Failed reading global DeviceData from registry: Registry key "SOFTWARE\Box\DeviceId" not found.
[2023-12-10 09:02:24,140] [1    ] [INFO ] [] - DeviceId::RestoreAndValidateLocalProperites(389): Restored local DeviceId
[2023-12-10 09:02:24,140] [1    ] [INFO ] [] - DeviceId::RestoreAndValidateLocalProperites(393): Restored local DeviceData
[2023-12-10 09:02:24,140] [1    ] [INFO ] [] - DeviceId::PerformChecking(452): Checking DeviceData.
[2023-12-10 09:02:24,140] [1    ] [INFO ] [] - DeviceId::PerformChecking(453): DeviceData read from registry: {"ComputerSystemProductUUID":"B4C5DFD1-4333-1CB6-C49D-A3067E9A232A","Version":1}
[2023-12-10 09:02:24,140] [1    ] [INFO ] [] - DeviceId::PerformChecking(454): Generated DeviceData: {"ComputerSystemProductUUID":"B4C5DFD1-4333-1CB6-C49D-A3067E9A232A","Version":1}
[2023-12-10 09:02:24,171] [1    ] [INFO ] [] - Initializing the metrics collector
[2023-12-10 09:02:24,186] [1    ] [WARN ] [] - MetricsCollector::UpdateConfiguration(374): UpdateConfiguration raised: unable to open database file
[2023-12-10 09:02:24,186] [1    ] [ERROR] [] - MetricsCollector::Initialize(238): Raised: unable to open database file
[2023-12-10 09:02:24,186] [1    ] [ERROR] [] - Failed to initialized metrics collector - error: 6
[2023-12-10 09:02:24,202] [9    ] [INFO ] [] - .NET Version - installed 533325, expected: 528040
[2023-12-10 09:02:24,202] [9    ] [INFO ] [] - result: True
[2023-12-10 09:02:24,202] [9    ] [INFO ] [] - Checking for upgrades
[2023-12-10 09:02:24,202] [9    ] [INFO ] [] - ### File path for UpgradeState: C:\Users\金田駿之介\AppData\Local\Box\upgrade_state.json
[2023-12-10 09:02:24,265] [1    ] [INFO ] [] - Running pipe server using box_edit_pipe as pipe name
[2023-12-10 09:02:24,265] [1    ] [INFO ] [] - Initializing the metrics collector
[2023-12-10 09:02:24,265] [1    ] [ERROR] [] - MetricsCollector::Initialize(171): Check Failed: !IsConfigured() - Return: MetricResult_InvalidState
[2023-12-10 09:02:24,265] [1    ] [ERROR] [] - Failed to initialized metrics collector - error: 2
[2023-12-10 09:02:24,280] [1    ] [INFO ] [] - .NET Version: unknown (533325) - 4.0.30319.42000
[2023-12-10 09:02:24,280] [13   ] [INFO ] [] - Sending async metric DotNetVersion to Gen204 json endpoint.
[2023-12-10 09:02:24,436] [9    ] [INFO ] [] - Url used to upgrade: https://cdn07.boxcdn.net/BoxEditAutoupdate2.json
[2023-12-10 09:02:24,577] [9    ] [INFO ] [] - ### current version track name: 4.24.0
[2023-12-10 09:02:24,577] [9    ] [WARN ] [] - Track 4.24.0 not found
[2023-12-10 09:02:24,577] [9    ] [INFO ] [] - Track default for upgrade found
[2023-12-10 09:02:24,577] [9    ] [INFO ] [] - RolloutID set to 73
[2023-12-10 09:02:24,593] [9    ] [INFO ] [] - No upgrade available
[2023-12-10 09:02:24,780] [13   ] [INFO ] [] - Metric ingestion endpoint response: NoContent
[2023-12-10 09:02:29,279] [10   ] [INFO ] [] - Initializing the metrics collector
[2023-12-10 09:02:29,279] [10   ] [ERROR] [] - MetricsCollector::Initialize(171): Check Failed: !IsConfigured() - Return: MetricResult_InvalidState
[2023-12-10 09:02:29,279] [10   ] [ERROR] [] - Failed to initialized metrics collector - error: 2
[2023-12-10 09:12:32,510] [20   ] [INFO ] [] - Initializing the metrics collector
[2023-12-10 09:12:32,520] [20   ] [ERROR] [] - MetricsCollector::Initialize(171): Check Failed: !IsConfigured() - Return: MetricResult_InvalidState
[2023-12-10 09:12:32,522] [20   ] [ERROR] [] - Failed to initialized metrics collector - error: 2
[2023-12-10 09:22:32,507] [21   ] [INFO ] [] - Initializing the metrics collector
[2023-12-10 09:22:32,508] [21   ] [ERROR] [] - MetricsCollector::Initialize(171): Check Failed: !IsConfigured() - Return: MetricResult_InvalidState
[2023-12-10 09:22:32,508] [21   ] [ERROR] [] - Failed to initialized metrics collector - error: 2
[2023-12-10 09:32:49,452] [22   ] [INFO ] [] - Initializing the metrics collector
[2023-12-10 09:32:49,452] [22   ] [ERROR] [] - MetricsCollector::Initialize(171): Check Failed: !IsConfigured() - Return: MetricResult_InvalidState
[2023-12-10 09:32:49,452] [22   ] [ERROR] [] - Failed to initialized metrics collector - error: 2
[2023-12-10 09:54:18,478] [23   ] [INFO ] [] - Initializing the metrics collector
[2023-12-10 09:54:18,481] [23   ] [ERROR] [] - MetricsCollector::Initialize(171): Check Failed: !IsConfigured() - Return: MetricResult_InvalidState
[2023-12-10 09:54:18,482] [23   ] [ERROR] [] - Failed to initialized metrics collector - error: 2
[2023-12-10 10:04:18,475] [19   ] [INFO ] [] - Initializing the metrics collector
[2023-12-10 10:04:18,477] [19   ] [ERROR] [] - MetricsCollector::Initialize(171): Check Failed: !IsConfigured() - Return: MetricResult_InvalidState
[2023-12-10 10:04:18,478] [19   ] [ERROR] [] - Failed to initialized metrics collector - error: 2
[2023-12-10 10:14:18,493] [24   ] [INFO ] [] - Initializing the metrics collector
[2023-12-10 10:14:18,495] [24   ] [ERROR] [] - MetricsCollector::Initialize(171): Check Failed: !IsConfigured() - Return: MetricResult_InvalidState
[2023-12-10 10:14:18,496] [24   ] [ERROR] [] - Failed to initialized metrics collector - error: 2
