[2023-11-08 09:45:28,952] [1    ] [INFO ] [] - ========== Box Edit v4.24.0.1029 ==========
[2023-11-08 09:45:28,994] [1    ] [INFO ] [] - Command Line: "C:\Users\金田駿之介\AppData\Local\Box\Box Edit\Box Edit.exe" 
[2023-11-08 09:45:30,422] [1    ] [INFO ] [] - Getting DebugLogging value from CurrentUser
[2023-11-08 09:45:30,422] [1    ] [INFO ] [] - Working with debug logging OFF
[2023-11-08 09:45:30,503] [1    ] [INFO ] [] - Days to keep files in cache set to 7
[2023-11-08 09:45:31,007] [1    ] [INFO ] [] - LocalMachine RegistryKey not set
[2023-11-08 09:45:31,054] [1    ] [INFO ] [] - DeviceId::CheckDeviceId(488): Starting DeviceId generator.
[2023-11-08 09:45:31,054] [1    ] [INFO ] [] - DeviceId::CheckDeviceId(515): Global mutex obtained. Start checking.
[2023-11-08 09:45:31,399] [1    ] [INFO ] [] - DeviceId::RestoreGlobalDeviceData(65): Failed reading global DeviceData from registry: Registry key "SOFTWARE\Box\DeviceId" not found.
[2023-11-08 09:45:31,493] [1    ] [INFO ] [] - DeviceId::RestoreAndValidateLocalProperites(389): Restored local DeviceId
[2023-11-08 09:45:31,493] [1    ] [INFO ] [] - DeviceId::RestoreAndValidateLocalProperites(393): Restored local DeviceData
[2023-11-08 09:45:31,493] [1    ] [INFO ] [] - DeviceId::PerformChecking(452): Checking DeviceData.
[2023-11-08 09:45:31,493] [1    ] [INFO ] [] - DeviceId::PerformChecking(453): DeviceData read from registry: {"ComputerSystemProductUUID":"B4C5DFD1-4333-1CB6-C49D-A3067E9A232A","Version":1}
[2023-11-08 09:45:31,493] [1    ] [INFO ] [] - DeviceId::PerformChecking(454): Generated DeviceData: {"ComputerSystemProductUUID":"B4C5DFD1-4333-1CB6-C49D-A3067E9A232A","Version":1}
[2023-11-08 09:45:31,524] [1    ] [INFO ] [] - Initializing the metrics collector
[2023-11-08 09:45:31,556] [1    ] [WARN ] [] - MetricsCollector::UpdateConfiguration(374): UpdateConfiguration raised: unable to open database file
[2023-11-08 09:45:31,556] [1    ] [ERROR] [] - MetricsCollector::Initialize(238): Raised: unable to open database file
[2023-11-08 09:45:31,556] [1    ] [ERROR] [] - Failed to initialized metrics collector - error: 6
[2023-11-08 09:45:31,571] [9    ] [INFO ] [] - .NET Version - installed 533325, expected: 528040
[2023-11-08 09:45:31,571] [9    ] [INFO ] [] - result: True
[2023-11-08 09:45:31,571] [9    ] [INFO ] [] - Checking for upgrades
[2023-11-08 09:45:31,571] [9    ] [INFO ] [] - ### File path for UpgradeState: C:\Users\金田駿之介\AppData\Local\Box\upgrade_state.json
[2023-11-08 09:45:31,634] [1    ] [INFO ] [] - Running pipe server using box_edit_pipe as pipe name
[2023-11-08 09:45:31,634] [1    ] [INFO ] [] - Initializing the metrics collector
[2023-11-08 09:45:31,634] [1    ] [ERROR] [] - MetricsCollector::Initialize(171): Check Failed: !IsConfigured() - Return: MetricResult_InvalidState
[2023-11-08 09:45:31,634] [1    ] [ERROR] [] - Failed to initialized metrics collector - error: 2
[2023-11-08 09:45:31,649] [1    ] [INFO ] [] - .NET Version: unknown (533325) - 4.0.30319.42000
[2023-11-08 09:45:31,649] [13   ] [INFO ] [] - Sending async metric DotNetVersion to Gen204 json endpoint.
[2023-11-08 09:45:31,782] [9    ] [INFO ] [] - Url used to upgrade: https://cdn07.boxcdn.net/BoxEditAutoupdate2.json
[2023-11-08 09:45:31,993] [9    ] [INFO ] [] - ### current version track name: 4.24.0
[2023-11-08 09:45:31,993] [9    ] [WARN ] [] - Track 4.24.0 not found
[2023-11-08 09:45:31,993] [9    ] [INFO ] [] - Track default for upgrade found
[2023-11-08 09:45:31,993] [9    ] [INFO ] [] - RolloutID set to 73
[2023-11-08 09:45:31,993] [9    ] [INFO ] [] - No upgrade available
[2023-11-08 09:45:32,288] [13   ] [INFO ] [] - Metric ingestion endpoint response: NoContent
[2023-11-08 09:45:36,686] [10   ] [INFO ] [] - Initializing the metrics collector
[2023-11-08 09:45:36,686] [10   ] [ERROR] [] - MetricsCollector::Initialize(171): Check Failed: !IsConfigured() - Return: MetricResult_InvalidState
[2023-11-08 09:45:36,695] [10   ] [ERROR] [] - Failed to initialized metrics collector - error: 2
[2023-11-08 09:55:36,667] [19   ] [INFO ] [] - Initializing the metrics collector
[2023-11-08 09:55:36,671] [19   ] [ERROR] [] - MetricsCollector::Initialize(171): Check Failed: !IsConfigured() - Return: MetricResult_InvalidState
[2023-11-08 09:55:36,674] [19   ] [ERROR] [] - Failed to initialized metrics collector - error: 2
[2023-11-08 10:05:36,668] [8    ] [INFO ] [] - Initializing the metrics collector
[2023-11-08 10:05:36,668] [8    ] [ERROR] [] - MetricsCollector::Initialize(171): Check Failed: !IsConfigured() - Return: MetricResult_InvalidState
[2023-11-08 10:05:36,668] [8    ] [ERROR] [] - Failed to initialized metrics collector - error: 2
[2023-11-08 10:15:36,676] [14   ] [INFO ] [] - Initializing the metrics collector
[2023-11-08 10:15:36,679] [14   ] [ERROR] [] - MetricsCollector::Initialize(171): Check Failed: !IsConfigured() - Return: MetricResult_InvalidState
[2023-11-08 10:15:36,682] [14   ] [ERROR] [] - Failed to initialized metrics collector - error: 2
[2023-11-08 10:25:36,698] [20   ] [INFO ] [] - Initializing the metrics collector
[2023-11-08 10:25:36,698] [20   ] [ERROR] [] - MetricsCollector::Initialize(171): Check Failed: !IsConfigured() - Return: MetricResult_InvalidState
[2023-11-08 10:25:36,698] [20   ] [ERROR] [] - Failed to initialized metrics collector - error: 2
[2023-11-08 10:41:15,871] [21   ] [INFO ] [] - Initializing the metrics collector
[2023-11-08 10:41:15,871] [21   ] [ERROR] [] - MetricsCollector::Initialize(171): Check Failed: !IsConfigured() - Return: MetricResult_InvalidState
[2023-11-08 10:41:15,871] [21   ] [ERROR] [] - Failed to initialized metrics collector - error: 2
[2023-11-08 10:51:15,877] [22   ] [INFO ] [] - Initializing the metrics collector
[2023-11-08 10:51:15,877] [22   ] [ERROR] [] - MetricsCollector::Initialize(171): Check Failed: !IsConfigured() - Return: MetricResult_InvalidState
[2023-11-08 10:51:15,877] [22   ] [ERROR] [] - Failed to initialized metrics collector - error: 2
[2023-11-08 11:24:25,312] [23   ] [INFO ] [] - Initializing the metrics collector
[2023-11-08 11:24:25,312] [23   ] [ERROR] [] - MetricsCollector::Initialize(171): Check Failed: !IsConfigured() - Return: MetricResult_InvalidState
[2023-11-08 11:24:25,312] [23   ] [ERROR] [] - Failed to initialized metrics collector - error: 2
[2023-11-08 11:34:25,312] [24   ] [INFO ] [] - Initializing the metrics collector
[2023-11-08 11:34:25,312] [24   ] [ERROR] [] - MetricsCollector::Initialize(171): Check Failed: !IsConfigured() - Return: MetricResult_InvalidState
[2023-11-08 11:34:25,312] [24   ] [ERROR] [] - Failed to initialized metrics collector - error: 2
[2023-11-08 11:44:25,328] [25   ] [INFO ] [] - Initializing the metrics collector
[2023-11-08 11:44:25,328] [25   ] [ERROR] [] - MetricsCollector::Initialize(171): Check Failed: !IsConfigured() - Return: MetricResult_InvalidState
[2023-11-08 11:44:25,328] [25   ] [ERROR] [] - Failed to initialized metrics collector - error: 2
[2023-11-08 14:26:48,467] [26   ] [INFO ] [] - Initializing the metrics collector
[2023-11-08 14:26:48,467] [26   ] [ERROR] [] - MetricsCollector::Initialize(171): Check Failed: !IsConfigured() - Return: MetricResult_InvalidState
[2023-11-08 14:26:48,467] [26   ] [ERROR] [] - Failed to initialized metrics collector - error: 2
[2023-11-08 14:36:48,484] [27   ] [INFO ] [] - Initializing the metrics collector
[2023-11-08 14:36:48,489] [27   ] [ERROR] [] - MetricsCollector::Initialize(171): Check Failed: !IsConfigured() - Return: MetricResult_InvalidState
[2023-11-08 14:36:48,499] [27   ] [ERROR] [] - Failed to initialized metrics collector - error: 2
[2023-11-08 14:46:48,507] [28   ] [INFO ] [] - Initializing the metrics collector
[2023-11-08 14:46:48,510] [28   ] [ERROR] [] - MetricsCollector::Initialize(171): Check Failed: !IsConfigured() - Return: MetricResult_InvalidState
[2023-11-08 14:46:48,511] [28   ] [ERROR] [] - Failed to initialized metrics collector - error: 2
[2023-11-08 14:56:48,514] [29   ] [INFO ] [] - Initializing the metrics collector
[2023-11-08 14:56:48,514] [29   ] [ERROR] [] - MetricsCollector::Initialize(171): Check Failed: !IsConfigured() - Return: MetricResult_InvalidState
[2023-11-08 14:56:48,514] [29   ] [ERROR] [] - Failed to initialized metrics collector - error: 2
[2023-11-08 15:06:48,527] [30   ] [INFO ] [] - Initializing the metrics collector
[2023-11-08 15:06:48,527] [30   ] [ERROR] [] - MetricsCollector::Initialize(171): Check Failed: !IsConfigured() - Return: MetricResult_InvalidState
[2023-11-08 15:06:48,527] [30   ] [ERROR] [] - Failed to initialized metrics collector - error: 2
[2023-11-08 15:16:48,538] [31   ] [INFO ] [] - Initializing the metrics collector
[2023-11-08 15:16:48,538] [31   ] [ERROR] [] - MetricsCollector::Initialize(171): Check Failed: !IsConfigured() - Return: MetricResult_InvalidState
[2023-11-08 15:16:48,538] [31   ] [ERROR] [] - Failed to initialized metrics collector - error: 2
[2023-11-08 15:26:48,548] [32   ] [INFO ] [] - Initializing the metrics collector
[2023-11-08 15:26:48,548] [32   ] [ERROR] [] - MetricsCollector::Initialize(171): Check Failed: !IsConfigured() - Return: MetricResult_InvalidState
[2023-11-08 15:26:48,548] [32   ] [ERROR] [] - Failed to initialized metrics collector - error: 2
[2023-11-08 15:44:24,378] [33   ] [INFO ] [] - Initializing the metrics collector
[2023-11-08 15:44:24,378] [33   ] [ERROR] [] - MetricsCollector::Initialize(171): Check Failed: !IsConfigured() - Return: MetricResult_InvalidState
[2023-11-08 15:44:24,378] [33   ] [ERROR] [] - Failed to initialized metrics collector - error: 2
[2023-11-08 15:54:24,398] [34   ] [INFO ] [] - Initializing the metrics collector
[2023-11-08 15:54:24,398] [34   ] [ERROR] [] - MetricsCollector::Initialize(171): Check Failed: !IsConfigured() - Return: MetricResult_InvalidState
[2023-11-08 15:54:24,398] [34   ] [ERROR] [] - Failed to initialized metrics collector - error: 2
[2023-11-08 16:04:24,404] [35   ] [INFO ] [] - Initializing the metrics collector
[2023-11-08 16:04:24,404] [35   ] [ERROR] [] - MetricsCollector::Initialize(171): Check Failed: !IsConfigured() - Return: MetricResult_InvalidState
[2023-11-08 16:04:24,404] [35   ] [ERROR] [] - Failed to initialized metrics collector - error: 2
[2023-11-08 16:14:24,409] [36   ] [INFO ] [] - Initializing the metrics collector
[2023-11-08 16:14:24,409] [36   ] [ERROR] [] - MetricsCollector::Initialize(171): Check Failed: !IsConfigured() - Return: MetricResult_InvalidState
[2023-11-08 16:14:24,409] [36   ] [ERROR] [] - Failed to initialized metrics collector - error: 2
[2023-11-08 19:45:00,461] [1    ] [INFO ] [] - ========== Box Edit v4.24.0.1029 ==========
[2023-11-08 19:45:00,500] [1    ] [INFO ] [] - Command Line: "C:\Users\金田駿之介\AppData\Local\Box\Box Edit\Box Edit.exe" 
[2023-11-08 19:45:01,945] [1    ] [INFO ] [] - Getting DebugLogging value from CurrentUser
[2023-11-08 19:45:01,947] [1    ] [INFO ] [] - Working with debug logging OFF
[2023-11-08 19:45:02,047] [1    ] [INFO ] [] - Days to keep files in cache set to 7
[2023-11-08 19:45:02,521] [1    ] [INFO ] [] - LocalMachine RegistryKey not set
[2023-11-08 19:45:02,561] [1    ] [INFO ] [] - DeviceId::CheckDeviceId(488): Starting DeviceId generator.
[2023-11-08 19:45:02,561] [1    ] [INFO ] [] - DeviceId::CheckDeviceId(515): Global mutex obtained. Start checking.
[2023-11-08 19:45:02,946] [1    ] [INFO ] [] - DeviceId::RestoreGlobalDeviceData(65): Failed reading global DeviceData from registry: Registry key "SOFTWARE\Box\DeviceId" not found.
[2023-11-08 19:45:03,022] [1    ] [INFO ] [] - DeviceId::RestoreAndValidateLocalProperites(389): Restored local DeviceId
[2023-11-08 19:45:03,022] [1    ] [INFO ] [] - DeviceId::RestoreAndValidateLocalProperites(393): Restored local DeviceData
[2023-11-08 19:45:03,027] [1    ] [INFO ] [] - DeviceId::PerformChecking(452): Checking DeviceData.
[2023-11-08 19:45:03,032] [1    ] [INFO ] [] - DeviceId::PerformChecking(453): DeviceData read from registry: {"ComputerSystemProductUUID":"B4C5DFD1-4333-1CB6-C49D-A3067E9A232A","Version":1}
[2023-11-08 19:45:03,032] [1    ] [INFO ] [] - DeviceId::PerformChecking(454): Generated DeviceData: {"ComputerSystemProductUUID":"B4C5DFD1-4333-1CB6-C49D-A3067E9A232A","Version":1}
[2023-11-08 19:45:03,057] [1    ] [INFO ] [] - Initializing the metrics collector
[2023-11-08 19:45:03,083] [1    ] [WARN ] [] - MetricsCollector::UpdateConfiguration(374): UpdateConfiguration raised: unable to open database file
[2023-11-08 19:45:03,084] [1    ] [ERROR] [] - MetricsCollector::Initialize(238): Raised: unable to open database file
[2023-11-08 19:45:03,084] [1    ] [ERROR] [] - Failed to initialized metrics collector - error: 6
[2023-11-08 19:45:03,097] [9    ] [INFO ] [] - .NET Version - installed 533325, expected: 528040
[2023-11-08 19:45:03,097] [9    ] [INFO ] [] - result: True
[2023-11-08 19:45:03,097] [9    ] [INFO ] [] - Checking for upgrades
[2023-11-08 19:45:03,107] [9    ] [INFO ] [] - ### File path for UpgradeState: C:\Users\金田駿之介\AppData\Local\Box\upgrade_state.json
[2023-11-08 19:45:03,187] [1    ] [INFO ] [] - Running pipe server using box_edit_pipe as pipe name
[2023-11-08 19:45:03,197] [1    ] [INFO ] [] - Initializing the metrics collector
[2023-11-08 19:45:03,197] [1    ] [ERROR] [] - MetricsCollector::Initialize(171): Check Failed: !IsConfigured() - Return: MetricResult_InvalidState
[2023-11-08 19:45:03,197] [1    ] [ERROR] [] - Failed to initialized metrics collector - error: 2
[2023-11-08 19:45:03,205] [1    ] [INFO ] [] - .NET Version: unknown (533325) - 4.0.30319.42000
[2023-11-08 19:45:03,207] [12   ] [INFO ] [] - Sending async metric DotNetVersion to Gen204 json endpoint.
[2023-11-08 19:45:03,372] [9    ] [INFO ] [] - Url used to upgrade: https://cdn07.boxcdn.net/BoxEditAutoupdate2.json
[2023-11-08 19:45:03,532] [9    ] [INFO ] [] - ### current version track name: 4.24.0
[2023-11-08 19:45:03,532] [9    ] [WARN ] [] - Track 4.24.0 not found
[2023-11-08 19:45:03,532] [9    ] [INFO ] [] - Track default for upgrade found
[2023-11-08 19:45:03,537] [9    ] [INFO ] [] - RolloutID set to 73
[2023-11-08 19:45:03,538] [9    ] [INFO ] [] - No upgrade available
[2023-11-08 19:45:03,729] [12   ] [INFO ] [] - Metric ingestion endpoint response: NoContent
[2023-11-08 19:45:08,219] [10   ] [INFO ] [] - Initializing the metrics collector
[2023-11-08 19:45:08,219] [10   ] [ERROR] [] - MetricsCollector::Initialize(171): Check Failed: !IsConfigured() - Return: MetricResult_InvalidState
[2023-11-08 19:45:08,219] [10   ] [ERROR] [] - Failed to initialized metrics collector - error: 2
[2023-11-08 19:55:08,229] [20   ] [INFO ] [] - Initializing the metrics collector
[2023-11-08 19:55:08,229] [20   ] [ERROR] [] - MetricsCollector::Initialize(171): Check Failed: !IsConfigured() - Return: MetricResult_InvalidState
[2023-11-08 19:55:08,229] [20   ] [ERROR] [] - Failed to initialized metrics collector - error: 2
[2023-11-08 20:05:08,249] [19   ] [INFO ] [] - Initializing the metrics collector
[2023-11-08 20:05:08,249] [19   ] [ERROR] [] - MetricsCollector::Initialize(171): Check Failed: !IsConfigured() - Return: MetricResult_InvalidState
[2023-11-08 20:05:08,249] [19   ] [ERROR] [] - Failed to initialized metrics collector - error: 2
[2023-11-08 20:15:08,255] [21   ] [INFO ] [] - Initializing the metrics collector
[2023-11-08 20:15:08,255] [21   ] [ERROR] [] - MetricsCollector::Initialize(171): Check Failed: !IsConfigured() - Return: MetricResult_InvalidState
[2023-11-08 20:15:08,255] [21   ] [ERROR] [] - Failed to initialized metrics collector - error: 2
[2023-11-08 20:25:08,260] [22   ] [INFO ] [] - Initializing the metrics collector
[2023-11-08 20:25:08,260] [22   ] [ERROR] [] - MetricsCollector::Initialize(171): Check Failed: !IsConfigured() - Return: MetricResult_InvalidState
[2023-11-08 20:25:08,260] [22   ] [ERROR] [] - Failed to initialized metrics collector - error: 2
[2023-11-08 20:35:08,285] [23   ] [INFO ] [] - Initializing the metrics collector
[2023-11-08 20:35:08,285] [23   ] [ERROR] [] - MetricsCollector::Initialize(171): Check Failed: !IsConfigured() - Return: MetricResult_InvalidState
[2023-11-08 20:35:08,285] [23   ] [ERROR] [] - Failed to initialized metrics collector - error: 2
[2023-11-08 20:45:08,286] [24   ] [INFO ] [] - Initializing the metrics collector
[2023-11-08 20:45:08,286] [24   ] [ERROR] [] - MetricsCollector::Initialize(171): Check Failed: !IsConfigured() - Return: MetricResult_InvalidState
[2023-11-08 20:45:08,286] [24   ] [ERROR] [] - Failed to initialized metrics collector - error: 2
[2023-11-08 20:55:08,308] [25   ] [INFO ] [] - Initializing the metrics collector
[2023-11-08 20:55:08,308] [25   ] [ERROR] [] - MetricsCollector::Initialize(171): Check Failed: !IsConfigured() - Return: MetricResult_InvalidState
[2023-11-08 20:55:08,308] [25   ] [ERROR] [] - Failed to initialized metrics collector - error: 2
[2023-11-08 21:05:08,303] [26   ] [INFO ] [] - Initializing the metrics collector
[2023-11-08 21:05:08,303] [26   ] [ERROR] [] - MetricsCollector::Initialize(171): Check Failed: !IsConfigured() - Return: MetricResult_InvalidState
[2023-11-08 21:05:08,303] [26   ] [ERROR] [] - Failed to initialized metrics collector - error: 2
[2023-11-08 21:15:10,620] [27   ] [INFO ] [] - Initializing the metrics collector
[2023-11-08 21:15:10,620] [27   ] [ERROR] [] - MetricsCollector::Initialize(171): Check Failed: !IsConfigured() - Return: MetricResult_InvalidState
[2023-11-08 21:15:10,620] [27   ] [ERROR] [] - Failed to initialized metrics collector - error: 2
[2023-11-08 21:25:10,622] [28   ] [INFO ] [] - Initializing the metrics collector
[2023-11-08 21:25:10,622] [28   ] [ERROR] [] - MetricsCollector::Initialize(171): Check Failed: !IsConfigured() - Return: MetricResult_InvalidState
[2023-11-08 21:25:10,622] [28   ] [ERROR] [] - Failed to initialized metrics collector - error: 2
[2023-11-08 21:35:10,636] [29   ] [INFO ] [] - Initializing the metrics collector
[2023-11-08 21:35:10,636] [29   ] [ERROR] [] - MetricsCollector::Initialize(171): Check Failed: !IsConfigured() - Return: MetricResult_InvalidState
[2023-11-08 21:35:10,636] [29   ] [ERROR] [] - Failed to initialized metrics collector - error: 2
[2023-11-08 21:52:23,534] [30   ] [INFO ] [] - Initializing the metrics collector
[2023-11-08 21:52:23,534] [30   ] [ERROR] [] - MetricsCollector::Initialize(171): Check Failed: !IsConfigured() - Return: MetricResult_InvalidState
[2023-11-08 21:52:23,534] [30   ] [ERROR] [] - Failed to initialized metrics collector - error: 2
[2023-11-08 22:02:23,561] [31   ] [INFO ] [] - Initializing the metrics collector
[2023-11-08 22:02:23,561] [31   ] [ERROR] [] - MetricsCollector::Initialize(171): Check Failed: !IsConfigured() - Return: MetricResult_InvalidState
[2023-11-08 22:02:23,561] [31   ] [ERROR] [] - Failed to initialized metrics collector - error: 2
[2023-11-08 22:12:23,563] [32   ] [INFO ] [] - Initializing the metrics collector
[2023-11-08 22:12:23,563] [32   ] [ERROR] [] - MetricsCollector::Initialize(171): Check Failed: !IsConfigured() - Return: MetricResult_InvalidState
[2023-11-08 22:12:23,563] [32   ] [ERROR] [] - Failed to initialized metrics collector - error: 2
[2023-11-08 22:22:23,553] [33   ] [INFO ] [] - Initializing the metrics collector
[2023-11-08 22:22:23,553] [33   ] [ERROR] [] - MetricsCollector::Initialize(171): Check Failed: !IsConfigured() - Return: MetricResult_InvalidState
[2023-11-08 22:22:23,553] [33   ] [ERROR] [] - Failed to initialized metrics collector - error: 2
[2023-11-08 22:32:23,575] [34   ] [INFO ] [] - Initializing the metrics collector
[2023-11-08 22:32:23,575] [34   ] [ERROR] [] - MetricsCollector::Initialize(171): Check Failed: !IsConfigured() - Return: MetricResult_InvalidState
[2023-11-08 22:32:23,575] [34   ] [ERROR] [] - Failed to initialized metrics collector - error: 2
[2023-11-08 22:42:23,580] [35   ] [INFO ] [] - Initializing the metrics collector
[2023-11-08 22:42:23,580] [35   ] [ERROR] [] - MetricsCollector::Initialize(171): Check Failed: !IsConfigured() - Return: MetricResult_InvalidState
[2023-11-08 22:42:23,580] [35   ] [ERROR] [] - Failed to initialized metrics collector - error: 2
[2023-11-08 22:52:23,581] [36   ] [INFO ] [] - Initializing the metrics collector
[2023-11-08 22:52:23,581] [36   ] [ERROR] [] - MetricsCollector::Initialize(171): Check Failed: !IsConfigured() - Return: MetricResult_InvalidState
[2023-11-08 22:52:23,581] [36   ] [ERROR] [] - Failed to initialized metrics collector - error: 2
[2023-11-08 23:01:46,059] [1    ] [INFO ] [] - ========== Box Edit v4.24.0.1029 ==========
[2023-11-08 23:01:46,106] [1    ] [INFO ] [] - Command Line: "C:\Users\金田駿之介\AppData\Local\Box\Box Edit\Box Edit.exe" 
[2023-11-08 23:01:47,614] [1    ] [INFO ] [] - Getting DebugLogging value from CurrentUser
[2023-11-08 23:01:47,614] [1    ] [INFO ] [] - Working with debug logging OFF
[2023-11-08 23:01:47,755] [1    ] [INFO ] [] - Days to keep files in cache set to 7
[2023-11-08 23:01:48,303] [1    ] [INFO ] [] - LocalMachine RegistryKey not set
[2023-11-08 23:01:48,342] [1    ] [INFO ] [] - DeviceId::CheckDeviceId(488): Starting DeviceId generator.
[2023-11-08 23:01:48,347] [1    ] [INFO ] [] - DeviceId::CheckDeviceId(515): Global mutex obtained. Start checking.
[2023-11-08 23:01:48,612] [1    ] [INFO ] [] - DeviceId::RestoreGlobalDeviceData(65): Failed reading global DeviceData from registry: Registry key "SOFTWARE\Box\DeviceId" not found.
[2023-11-08 23:01:48,693] [1    ] [INFO ] [] - DeviceId::RestoreAndValidateLocalProperites(389): Restored local DeviceId
[2023-11-08 23:01:48,693] [1    ] [INFO ] [] - DeviceId::RestoreAndValidateLocalProperites(393): Restored local DeviceData
[2023-11-08 23:01:48,693] [1    ] [INFO ] [] - DeviceId::PerformChecking(452): Checking DeviceData.
[2023-11-08 23:01:48,703] [1    ] [INFO ] [] - DeviceId::PerformChecking(453): DeviceData read from registry: {"ComputerSystemProductUUID":"B4C5DFD1-4333-1CB6-C49D-A3067E9A232A","Version":1}
[2023-11-08 23:01:48,703] [1    ] [INFO ] [] - DeviceId::PerformChecking(454): Generated DeviceData: {"ComputerSystemProductUUID":"B4C5DFD1-4333-1CB6-C49D-A3067E9A232A","Version":1}
[2023-11-08 23:01:48,728] [1    ] [INFO ] [] - Initializing the metrics collector
[2023-11-08 23:01:48,748] [1    ] [WARN ] [] - MetricsCollector::UpdateConfiguration(374): UpdateConfiguration raised: unable to open database file
[2023-11-08 23:01:48,748] [1    ] [ERROR] [] - MetricsCollector::Initialize(238): Raised: unable to open database file
[2023-11-08 23:01:48,748] [1    ] [ERROR] [] - Failed to initialized metrics collector - error: 6
[2023-11-08 23:01:48,758] [9    ] [INFO ] [] - .NET Version - installed 533325, expected: 528040
[2023-11-08 23:01:48,758] [9    ] [INFO ] [] - result: True
[2023-11-08 23:01:48,758] [9    ] [INFO ] [] - Checking for upgrades
[2023-11-08 23:01:48,768] [9    ] [INFO ] [] - ### File path for UpgradeState: C:\Users\金田駿之介\AppData\Local\Box\upgrade_state.json
[2023-11-08 23:01:48,830] [1    ] [INFO ] [] - Running pipe server using box_edit_pipe as pipe name
[2023-11-08 23:01:48,842] [1    ] [INFO ] [] - Initializing the metrics collector
[2023-11-08 23:01:48,842] [1    ] [ERROR] [] - MetricsCollector::Initialize(171): Check Failed: !IsConfigured() - Return: MetricResult_InvalidState
[2023-11-08 23:01:48,842] [1    ] [ERROR] [] - Failed to initialized metrics collector - error: 2
[2023-11-08 23:01:48,853] [1    ] [INFO ] [] - .NET Version: unknown (533325) - 4.0.30319.42000
[2023-11-08 23:01:48,858] [13   ] [INFO ] [] - Sending async metric DotNetVersion to Gen204 json endpoint.
[2023-11-08 23:01:49,043] [9    ] [INFO ] [] - Url used to upgrade: https://cdn07.boxcdn.net/BoxEditAutoupdate2.json
[2023-11-08 23:01:49,223] [9    ] [INFO ] [] - ### current version track name: 4.24.0
[2023-11-08 23:01:49,238] [9    ] [WARN ] [] - Track 4.24.0 not found
[2023-11-08 23:01:49,238] [9    ] [INFO ] [] - Track default for upgrade found
[2023-11-08 23:01:49,243] [9    ] [INFO ] [] - RolloutID set to 73
[2023-11-08 23:01:49,243] [9    ] [INFO ] [] - No upgrade available
[2023-11-08 23:01:49,632] [13   ] [INFO ] [] - Metric ingestion endpoint response: NoContent
[2023-11-08 23:01:53,847] [10   ] [INFO ] [] - Initializing the metrics collector
[2023-11-08 23:01:53,847] [10   ] [ERROR] [] - MetricsCollector::Initialize(171): Check Failed: !IsConfigured() - Return: MetricResult_InvalidState
[2023-11-08 23:01:53,847] [10   ] [ERROR] [] - Failed to initialized metrics collector - error: 2
