[2024-02-21 00:03:45,520] [16   ] [INFO ] [] - Initializing the metrics collector
[2024-02-21 00:03:45,535] [16   ] [ERROR] [] - MetricsCollector::Initialize(171): Check Failed: !IsConfigured() - Return: MetricResult_InvalidState
[2024-02-21 00:03:45,535] [16   ] [ERROR] [] - Failed to initialized metrics collector - error: 2
[2024-02-21 00:13:45,517] [13   ] [INFO ] [] - Initializing the metrics collector
[2024-02-21 00:13:45,518] [13   ] [ERROR] [] - MetricsCollector::Initialize(171): Check Failed: !IsConfigured() - Return: MetricResult_InvalidState
[2024-02-21 00:13:45,519] [13   ] [ERROR] [] - Failed to initialized metrics collector - error: 2
[2024-02-21 00:23:45,532] [12   ] [INFO ] [] - Initializing the metrics collector
[2024-02-21 00:23:45,532] [12   ] [ERROR] [] - MetricsCollector::Initialize(171): Check Failed: !IsConfigured() - Return: MetricResult_InvalidState
[2024-02-21 00:23:45,532] [12   ] [ERROR] [] - Failed to initialized metrics collector - error: 2
[2024-02-21 00:33:45,550] [11   ] [INFO ] [] - Initializing the metrics collector
[2024-02-21 00:33:45,550] [11   ] [ERROR] [] - MetricsCollector::Initialize(171): Check Failed: !IsConfigured() - Return: MetricResult_InvalidState
[2024-02-21 00:33:45,550] [11   ] [ERROR] [] - Failed to initialized metrics collector - error: 2
[2024-02-21 00:43:45,568] [10   ] [INFO ] [] - Initializing the metrics collector
[2024-02-21 00:43:45,568] [10   ] [ERROR] [] - MetricsCollector::Initialize(171): Check Failed: !IsConfigured() - Return: MetricResult_InvalidState
[2024-02-21 00:43:45,568] [10   ] [ERROR] [] - Failed to initialized metrics collector - error: 2
[2024-02-21 00:53:45,576] [9    ] [INFO ] [] - Initializing the metrics collector
[2024-02-21 00:53:45,578] [9    ] [ERROR] [] - MetricsCollector::Initialize(171): Check Failed: !IsConfigured() - Return: MetricResult_InvalidState
[2024-02-21 00:53:45,578] [9    ] [ERROR] [] - Failed to initialized metrics collector - error: 2
[2024-02-21 01:03:45,589] [17   ] [INFO ] [] - Initializing the metrics collector
[2024-02-21 01:03:45,589] [17   ] [ERROR] [] - MetricsCollector::Initialize(171): Check Failed: !IsConfigured() - Return: MetricResult_InvalidState
[2024-02-21 01:03:45,589] [17   ] [ERROR] [] - Failed to initialized metrics collector - error: 2
[2024-02-21 01:13:45,611] [14   ] [INFO ] [] - Initializing the metrics collector
[2024-02-21 01:13:45,614] [14   ] [ERROR] [] - MetricsCollector::Initialize(171): Check Failed: !IsConfigured() - Return: MetricResult_InvalidState
[2024-02-21 01:13:45,616] [14   ] [ERROR] [] - Failed to initialized metrics collector - error: 2
