[2023-10-11 14:29:15,440] [1    ] [INFO ] [] - ========== Box Edit v4.24.0.1029 ==========
[2023-10-11 14:29:15,479] [1    ] [INFO ] [] - Command Line: "C:\Users\金田駿之介\AppData\Local\Box\Box Edit\Box Edit.exe" 
[2023-10-11 14:29:16,830] [1    ] [INFO ] [] - Getting DebugLogging value from CurrentUser
[2023-10-11 14:29:16,830] [1    ] [INFO ] [] - Working with debug logging OFF
[2023-10-11 14:29:16,915] [1    ] [INFO ] [] - Days to keep files in cache set to 7
[2023-10-11 14:29:17,650] [1    ] [INFO ] [] - LocalMachine RegistryKey not set
[2023-10-11 14:29:17,701] [1    ] [INFO ] [] - DeviceId::CheckDeviceId(488): Starting DeviceId generator.
[2023-10-11 14:29:17,701] [1    ] [INFO ] [] - DeviceId::CheckDeviceId(515): Global mutex obtained. Start checking.
[2023-10-11 14:29:18,013] [1    ] [INFO ] [] - DeviceId::RestoreGlobalDeviceData(65): Failed reading global DeviceData from registry: Registry key "SOFTWARE\Box\DeviceId" not found.
[2023-10-11 14:29:18,102] [1    ] [INFO ] [] - DeviceId::RestoreAndValidateLocalProperites(389): Restored local DeviceId
[2023-10-11 14:29:18,102] [1    ] [INFO ] [] - DeviceId::RestoreAndValidateLocalProperites(393): Restored local DeviceData
[2023-10-11 14:29:18,104] [1    ] [INFO ] [] - DeviceId::PerformChecking(452): Checking DeviceData.
[2023-10-11 14:29:18,104] [1    ] [INFO ] [] - DeviceId::PerformChecking(453): DeviceData read from registry: {"ComputerSystemProductUUID":"B4C5DFD1-4333-1CB6-C49D-A3067E9A232A","Version":1}
[2023-10-11 14:29:18,104] [1    ] [INFO ] [] - DeviceId::PerformChecking(454): Generated DeviceData: {"ComputerSystemProductUUID":"B4C5DFD1-4333-1CB6-C49D-A3067E9A232A","Version":1}
[2023-10-11 14:29:18,143] [1    ] [INFO ] [] - Initializing the metrics collector
[2023-10-11 14:29:18,165] [1    ] [WARN ] [] - MetricsCollector::UpdateConfiguration(374): UpdateConfiguration raised: unable to open database file
[2023-10-11 14:29:18,165] [1    ] [ERROR] [] - MetricsCollector::Initialize(238): Raised: unable to open database file
[2023-10-11 14:29:18,165] [1    ] [ERROR] [] - Failed to initialized metrics collector - error: 6
[2023-10-11 14:29:18,185] [9    ] [INFO ] [] - .NET Version - installed 533325, expected: 528040
[2023-10-11 14:29:18,185] [9    ] [INFO ] [] - result: True
[2023-10-11 14:29:18,185] [9    ] [INFO ] [] - Checking for upgrades
[2023-10-11 14:29:18,195] [9    ] [INFO ] [] - ### File path for UpgradeState: C:\Users\金田駿之介\AppData\Local\Box\upgrade_state.json
[2023-10-11 14:29:18,245] [1    ] [INFO ] [] - Running pipe server using box_edit_pipe as pipe name
[2023-10-11 14:29:18,253] [1    ] [INFO ] [] - Initializing the metrics collector
[2023-10-11 14:29:18,253] [1    ] [ERROR] [] - MetricsCollector::Initialize(171): Check Failed: !IsConfigured() - Return: MetricResult_InvalidState
[2023-10-11 14:29:18,255] [1    ] [ERROR] [] - Failed to initialized metrics collector - error: 2
[2023-10-11 14:29:18,263] [1    ] [INFO ] [] - .NET Version: unknown (533325) - 4.0.30319.42000
[2023-10-11 14:29:18,274] [13   ] [INFO ] [] - Sending async metric DotNetVersion to Gen204 json endpoint.
[2023-10-11 14:29:18,498] [9    ] [INFO ] [] - Url used to upgrade: https://cdn07.boxcdn.net/BoxEditAutoupdate2.json
[2023-10-11 14:29:18,679] [9    ] [INFO ] [] - ### current version track name: 4.24.0
[2023-10-11 14:29:18,687] [9    ] [WARN ] [] - Track 4.24.0 not found
[2023-10-11 14:29:18,687] [9    ] [INFO ] [] - Track default for upgrade found
[2023-10-11 14:29:18,689] [9    ] [INFO ] [] - RolloutID set to 73
[2023-10-11 14:29:18,689] [9    ] [INFO ] [] - No upgrade available
[2023-10-11 14:29:18,909] [13   ] [INFO ] [] - Metric ingestion endpoint response: NoContent
[2023-10-11 14:29:23,297] [10   ] [INFO ] [] - Initializing the metrics collector
[2023-10-11 14:29:23,299] [10   ] [ERROR] [] - MetricsCollector::Initialize(171): Check Failed: !IsConfigured() - Return: MetricResult_InvalidState
[2023-10-11 14:29:23,299] [10   ] [ERROR] [] - Failed to initialized metrics collector - error: 2
[2023-10-11 14:39:23,265] [20   ] [INFO ] [] - Initializing the metrics collector
[2023-10-11 14:39:23,269] [20   ] [ERROR] [] - MetricsCollector::Initialize(171): Check Failed: !IsConfigured() - Return: MetricResult_InvalidState
[2023-10-11 14:39:23,271] [20   ] [ERROR] [] - Failed to initialized metrics collector - error: 2
[2023-10-11 14:49:23,282] [22   ] [INFO ] [] - Initializing the metrics collector
[2023-10-11 14:49:23,284] [22   ] [ERROR] [] - MetricsCollector::Initialize(171): Check Failed: !IsConfigured() - Return: MetricResult_InvalidState
[2023-10-11 14:49:23,285] [22   ] [ERROR] [] - Failed to initialized metrics collector - error: 2
[2023-10-11 14:59:23,298] [8    ] [INFO ] [] - Initializing the metrics collector
[2023-10-11 14:59:23,301] [8    ] [ERROR] [] - MetricsCollector::Initialize(171): Check Failed: !IsConfigured() - Return: MetricResult_InvalidState
[2023-10-11 14:59:23,302] [8    ] [ERROR] [] - Failed to initialized metrics collector - error: 2
[2023-10-11 15:09:23,314] [21   ] [INFO ] [] - Initializing the metrics collector
[2023-10-11 15:09:23,317] [21   ] [ERROR] [] - MetricsCollector::Initialize(171): Check Failed: !IsConfigured() - Return: MetricResult_InvalidState
[2023-10-11 15:09:23,317] [21   ] [ERROR] [] - Failed to initialized metrics collector - error: 2
[2023-10-11 15:19:23,307] [23   ] [INFO ] [] - Initializing the metrics collector
[2023-10-11 15:19:23,307] [23   ] [ERROR] [] - MetricsCollector::Initialize(171): Check Failed: !IsConfigured() - Return: MetricResult_InvalidState
[2023-10-11 15:19:23,307] [23   ] [ERROR] [] - Failed to initialized metrics collector - error: 2
[2023-10-11 15:29:23,331] [24   ] [INFO ] [] - Initializing the metrics collector
[2023-10-11 15:29:23,331] [24   ] [ERROR] [] - MetricsCollector::Initialize(171): Check Failed: !IsConfigured() - Return: MetricResult_InvalidState
[2023-10-11 15:29:23,331] [24   ] [ERROR] [] - Failed to initialized metrics collector - error: 2
[2023-10-11 15:39:23,354] [25   ] [INFO ] [] - Initializing the metrics collector
[2023-10-11 15:39:23,354] [25   ] [ERROR] [] - MetricsCollector::Initialize(171): Check Failed: !IsConfigured() - Return: MetricResult_InvalidState
[2023-10-11 15:39:23,354] [25   ] [ERROR] [] - Failed to initialized metrics collector - error: 2
[2023-10-11 15:49:23,359] [26   ] [INFO ] [] - Initializing the metrics collector
[2023-10-11 15:49:23,360] [26   ] [ERROR] [] - MetricsCollector::Initialize(171): Check Failed: !IsConfigured() - Return: MetricResult_InvalidState
[2023-10-11 15:49:23,361] [26   ] [ERROR] [] - Failed to initialized metrics collector - error: 2
[2023-10-11 15:59:23,375] [27   ] [INFO ] [] - Initializing the metrics collector
[2023-10-11 15:59:23,376] [27   ] [ERROR] [] - MetricsCollector::Initialize(171): Check Failed: !IsConfigured() - Return: MetricResult_InvalidState
[2023-10-11 15:59:23,377] [27   ] [ERROR] [] - Failed to initialized metrics collector - error: 2
[2023-10-11 16:09:23,390] [28   ] [INFO ] [] - Initializing the metrics collector
[2023-10-11 16:09:23,392] [28   ] [ERROR] [] - MetricsCollector::Initialize(171): Check Failed: !IsConfigured() - Return: MetricResult_InvalidState
[2023-10-11 16:09:23,392] [28   ] [ERROR] [] - Failed to initialized metrics collector - error: 2
[2023-10-11 16:23:11,665] [30   ] [INFO ] [] - Initializing the metrics collector
[2023-10-11 16:23:11,667] [30   ] [ERROR] [] - MetricsCollector::Initialize(171): Check Failed: !IsConfigured() - Return: MetricResult_InvalidState
[2023-10-11 16:23:11,668] [30   ] [ERROR] [] - Failed to initialized metrics collector - error: 2
[2023-10-11 16:33:11,666] [31   ] [INFO ] [] - Initializing the metrics collector
[2023-10-11 16:33:11,666] [31   ] [ERROR] [] - MetricsCollector::Initialize(171): Check Failed: !IsConfigured() - Return: MetricResult_InvalidState
[2023-10-11 16:33:11,666] [31   ] [ERROR] [] - Failed to initialized metrics collector - error: 2
[2023-10-11 16:45:02,333] [33   ] [INFO ] [] - Initializing the metrics collector
[2023-10-11 16:45:02,337] [33   ] [ERROR] [] - MetricsCollector::Initialize(171): Check Failed: !IsConfigured() - Return: MetricResult_InvalidState
[2023-10-11 16:45:02,337] [33   ] [ERROR] [] - Failed to initialized metrics collector - error: 2
[2023-10-11 16:55:02,346] [29   ] [INFO ] [] - Initializing the metrics collector
[2023-10-11 16:55:02,351] [29   ] [ERROR] [] - MetricsCollector::Initialize(171): Check Failed: !IsConfigured() - Return: MetricResult_InvalidState
[2023-10-11 16:55:02,354] [29   ] [ERROR] [] - Failed to initialized metrics collector - error: 2
[2023-10-11 17:05:02,365] [34   ] [INFO ] [] - Initializing the metrics collector
[2023-10-11 17:05:02,367] [34   ] [ERROR] [] - MetricsCollector::Initialize(171): Check Failed: !IsConfigured() - Return: MetricResult_InvalidState
[2023-10-11 17:05:02,368] [34   ] [ERROR] [] - Failed to initialized metrics collector - error: 2
[2023-10-11 17:15:02,366] [32   ] [INFO ] [] - Initializing the metrics collector
[2023-10-11 17:15:02,368] [32   ] [ERROR] [] - MetricsCollector::Initialize(171): Check Failed: !IsConfigured() - Return: MetricResult_InvalidState
[2023-10-11 17:15:02,368] [32   ] [ERROR] [] - Failed to initialized metrics collector - error: 2
[2023-10-11 19:26:40,286] [36   ] [INFO ] [] - Initializing the metrics collector
[2023-10-11 19:26:40,289] [36   ] [ERROR] [] - MetricsCollector::Initialize(171): Check Failed: !IsConfigured() - Return: MetricResult_InvalidState
[2023-10-11 19:26:40,289] [36   ] [ERROR] [] - Failed to initialized metrics collector - error: 2
[2023-10-11 19:36:40,280] [37   ] [INFO ] [] - Initializing the metrics collector
[2023-10-11 19:36:40,280] [37   ] [ERROR] [] - MetricsCollector::Initialize(171): Check Failed: !IsConfigured() - Return: MetricResult_InvalidState
[2023-10-11 19:36:40,280] [37   ] [ERROR] [] - Failed to initialized metrics collector - error: 2
[2023-10-11 19:46:40,301] [38   ] [INFO ] [] - Initializing the metrics collector
[2023-10-11 19:46:40,301] [38   ] [ERROR] [] - MetricsCollector::Initialize(171): Check Failed: !IsConfigured() - Return: MetricResult_InvalidState
[2023-10-11 19:46:40,301] [38   ] [ERROR] [] - Failed to initialized metrics collector - error: 2
[2023-10-11 19:56:40,324] [35   ] [INFO ] [] - Initializing the metrics collector
[2023-10-11 19:56:40,326] [35   ] [ERROR] [] - MetricsCollector::Initialize(171): Check Failed: !IsConfigured() - Return: MetricResult_InvalidState
[2023-10-11 19:56:40,327] [35   ] [ERROR] [] - Failed to initialized metrics collector - error: 2
[2023-10-11 20:37:47,040] [1    ] [INFO ] [] - ========== Box Edit v4.24.0.1029 ==========
[2023-10-11 20:37:47,055] [1    ] [INFO ] [] - Command Line: "C:\Users\金田駿之介\AppData\Local\Box\Box Edit\Box Edit.exe" 
[2023-10-11 20:37:48,089] [1    ] [INFO ] [] - Getting DebugLogging value from CurrentUser
[2023-10-11 20:37:48,089] [1    ] [INFO ] [] - Working with debug logging OFF
[2023-10-11 20:37:48,174] [1    ] [INFO ] [] - Days to keep files in cache set to 7
[2023-10-11 20:37:49,345] [1    ] [INFO ] [] - LocalMachine RegistryKey not set
[2023-10-11 20:37:49,377] [1    ] [INFO ] [] - DeviceId::CheckDeviceId(488): Starting DeviceId generator.
[2023-10-11 20:37:49,377] [1    ] [INFO ] [] - DeviceId::CheckDeviceId(515): Global mutex obtained. Start checking.
[2023-10-11 20:37:49,524] [1    ] [INFO ] [] - DeviceId::RestoreGlobalDeviceData(65): Failed reading global DeviceData from registry: Registry key "SOFTWARE\Box\DeviceId" not found.
[2023-10-11 20:37:49,593] [1    ] [INFO ] [] - DeviceId::RestoreAndValidateLocalProperites(389): Restored local DeviceId
[2023-10-11 20:37:49,593] [1    ] [INFO ] [] - DeviceId::RestoreAndValidateLocalProperites(393): Restored local DeviceData
[2023-10-11 20:37:49,593] [1    ] [INFO ] [] - DeviceId::PerformChecking(452): Checking DeviceData.
[2023-10-11 20:37:49,593] [1    ] [INFO ] [] - DeviceId::PerformChecking(453): DeviceData read from registry: {"ComputerSystemProductUUID":"B4C5DFD1-4333-1CB6-C49D-A3067E9A232A","Version":1}
[2023-10-11 20:37:49,593] [1    ] [INFO ] [] - DeviceId::PerformChecking(454): Generated DeviceData: {"ComputerSystemProductUUID":"B4C5DFD1-4333-1CB6-C49D-A3067E9A232A","Version":1}
[2023-10-11 20:37:49,608] [1    ] [INFO ] [] - Initializing the metrics collector
[2023-10-11 20:37:49,624] [1    ] [WARN ] [] - MetricsCollector::UpdateConfiguration(374): UpdateConfiguration raised: unable to open database file
[2023-10-11 20:37:49,624] [1    ] [ERROR] [] - MetricsCollector::Initialize(238): Raised: unable to open database file
[2023-10-11 20:37:49,624] [1    ] [ERROR] [] - Failed to initialized metrics collector - error: 6
[2023-10-11 20:37:49,646] [9    ] [INFO ] [] - .NET Version - installed 533325, expected: 528040
[2023-10-11 20:37:49,646] [9    ] [INFO ] [] - result: True
[2023-10-11 20:37:49,646] [9    ] [INFO ] [] - Checking for upgrades
[2023-10-11 20:37:49,646] [9    ] [INFO ] [] - ### File path for UpgradeState: C:\Users\金田駿之介\AppData\Local\Box\upgrade_state.json
[2023-10-11 20:37:49,709] [1    ] [INFO ] [] - Running pipe server using box_edit_pipe as pipe name
[2023-10-11 20:37:49,709] [1    ] [INFO ] [] - Initializing the metrics collector
[2023-10-11 20:37:49,709] [1    ] [ERROR] [] - MetricsCollector::Initialize(171): Check Failed: !IsConfigured() - Return: MetricResult_InvalidState
[2023-10-11 20:37:49,709] [1    ] [ERROR] [] - Failed to initialized metrics collector - error: 2
[2023-10-11 20:37:49,709] [1    ] [INFO ] [] - .NET Version: unknown (533325) - 4.0.30319.42000
[2023-10-11 20:37:49,724] [13   ] [INFO ] [] - Sending async metric DotNetVersion to Gen204 json endpoint.
[2023-10-11 20:37:49,847] [9    ] [INFO ] [] - Url used to upgrade: https://cdn07.boxcdn.net/BoxEditAutoupdate2.json
[2023-10-11 20:37:49,978] [9    ] [INFO ] [] - ### current version track name: 4.24.0
[2023-10-11 20:37:49,978] [9    ] [WARN ] [] - Track 4.24.0 not found
[2023-10-11 20:37:49,978] [9    ] [INFO ] [] - Track default for upgrade found
[2023-10-11 20:37:49,994] [9    ] [INFO ] [] - RolloutID set to 73
[2023-10-11 20:37:49,994] [9    ] [INFO ] [] - No upgrade available
[2023-10-11 20:37:50,310] [13   ] [INFO ] [] - Metric ingestion endpoint response: NoContent
[2023-10-11 20:37:54,722] [10   ] [INFO ] [] - Initializing the metrics collector
[2023-10-11 20:37:54,723] [10   ] [ERROR] [] - MetricsCollector::Initialize(171): Check Failed: !IsConfigured() - Return: MetricResult_InvalidState
[2023-10-11 20:37:54,723] [10   ] [ERROR] [] - Failed to initialized metrics collector - error: 2
[2023-10-11 20:47:54,736] [18   ] [INFO ] [] - Initializing the metrics collector
[2023-10-11 20:47:54,740] [18   ] [ERROR] [] - MetricsCollector::Initialize(171): Check Failed: !IsConfigured() - Return: MetricResult_InvalidState
[2023-10-11 20:47:54,741] [18   ] [ERROR] [] - Failed to initialized metrics collector - error: 2
[2023-10-11 20:57:54,733] [14   ] [INFO ] [] - Initializing the metrics collector
[2023-10-11 20:57:54,733] [14   ] [ERROR] [] - MetricsCollector::Initialize(171): Check Failed: !IsConfigured() - Return: MetricResult_InvalidState
[2023-10-11 20:57:54,733] [14   ] [ERROR] [] - Failed to initialized metrics collector - error: 2
[2023-10-11 23:36:13,228] [20   ] [INFO ] [] - Initializing the metrics collector
[2023-10-11 23:36:13,228] [20   ] [ERROR] [] - MetricsCollector::Initialize(171): Check Failed: !IsConfigured() - Return: MetricResult_InvalidState
[2023-10-11 23:36:13,232] [20   ] [ERROR] [] - Failed to initialized metrics collector - error: 2
[2023-10-11 23:46:13,248] [21   ] [INFO ] [] - Initializing the metrics collector
[2023-10-11 23:46:13,250] [21   ] [ERROR] [] - MetricsCollector::Initialize(171): Check Failed: !IsConfigured() - Return: MetricResult_InvalidState
[2023-10-11 23:46:13,251] [21   ] [ERROR] [] - Failed to initialized metrics collector - error: 2
