[2022-11-24 22:40:34,816] [1    ] [INFO ] [] - ========== Box Edit v4.19.0.956 ==========
[2022-11-24 22:40:34,881] [1    ] [INFO ] [] - Command Line: "C:\Users\金田駿之介\AppData\Local\Box\Box Edit\Box Edit.exe" 
[2022-11-24 22:40:37,606] [1    ] [INFO ] [] - Getting DebugLogging value from CurrentUser
[2022-11-24 22:40:37,616] [1    ] [INFO ] [] - Working with debug logging OFF
[2022-11-24 22:40:37,730] [1    ] [INFO ] [] - Days to keep files in cache set to 7
[2022-11-24 22:40:38,166] [1    ] [INFO ] [] - LocalMachine RegistryKey not set
[2022-11-24 22:40:38,369] [1    ] [INFO ] [] - Initializing the metrics collector
[2022-11-24 22:40:39,151] [1    ] [WARN ] [] - MetricsCollector::UpdateConfiguration(374): UpdateConfiguration raised: unable to open database file
[2022-11-24 22:40:39,151] [1    ] [ERROR] [] - MetricsCollector::Initialize(238): Raised: unable to open database file
[2022-11-24 22:40:39,151] [1    ] [ERROR] [] - Failed to initialized metrics collector - error: 6
[2022-11-24 22:40:39,153] [1    ] [ERROR] [] - Could not set permissions to C:\Users\金田駿之介\AppData\Local\Box\Box Tools\Metrics\BoxTools_Metrics.db
[2022-11-24 22:40:39,159] [1    ] [ERROR] [] - FileSystemUtils.AddPermissionsToFile on line number [0]  System.IO.FileNotFoundException: C:\Users\金田駿之介\AppData\Local\Box\Box Tools\Metrics\BoxTools_Metrics.db
   場所 System.Security.AccessControl.NativeObjectSecurity.CreateInternal(ResourceType resourceType, Boolean isContainer, String name, SafeHandle handle, AccessControlSections includeSections, Boolean createByName, ExceptionFromErrorCode exceptionFromErrorCode, Object exceptionContext)
   場所 System.Security.AccessControl.FileSystemSecurity..ctor(Boolean isContainer, String name, AccessControlSections includeSections, Boolean isDirectory)
   場所 System.Security.AccessControl.FileSecurity..ctor(String fileName, AccessControlSections includeSections)
   場所 Box.Utilities.Util.FileSystemUtils.AddPermissionsToFile(String filePath, WellKnownSidType account, FileSystemRights permissions)
[2022-11-24 22:40:39,166] [6    ] [INFO ] [] - Checking for upgrades
[2022-11-24 22:40:39,174] [6    ] [INFO ] [] - ### File path for UpgradeState: C:\Users\金田駿之介\AppData\Local\Box\upgrade_state.json
[2022-11-24 22:40:39,308] [1    ] [INFO ] [] - Running pipe server using box_edit_pipe as pipe name
[2022-11-24 22:40:39,330] [1    ] [INFO ] [] - Initializing the metrics collector
[2022-11-24 22:40:39,330] [1    ] [ERROR] [] - MetricsCollector::Initialize(171): Check Failed: !IsConfigured() - Return: MetricResult_InvalidState
[2022-11-24 22:40:39,331] [1    ] [ERROR] [] - Failed to initialized metrics collector - error: 2
[2022-11-24 22:40:39,332] [1    ] [ERROR] [] - Could not set permissions to C:\Users\金田駿之介\AppData\Local\Box\Box Tools\Metrics\BoxTools_Metrics.db
[2022-11-24 22:40:39,334] [1    ] [ERROR] [] - FileSystemUtils.AddPermissionsToFile on line number [0]  System.IO.FileNotFoundException: C:\Users\金田駿之介\AppData\Local\Box\Box Tools\Metrics\BoxTools_Metrics.db
   場所 System.Security.AccessControl.NativeObjectSecurity.CreateInternal(ResourceType resourceType, Boolean isContainer, String name, SafeHandle handle, AccessControlSections includeSections, Boolean createByName, ExceptionFromErrorCode exceptionFromErrorCode, Object exceptionContext)
   場所 System.Security.AccessControl.FileSystemSecurity..ctor(Boolean isContainer, String name, AccessControlSections includeSections, Boolean isDirectory)
   場所 System.Security.AccessControl.FileSecurity..ctor(String fileName, AccessControlSections includeSections)
   場所 Box.Utilities.Util.FileSystemUtils.AddPermissionsToFile(String filePath, WellKnownSidType account, FileSystemRights permissions)
[2022-11-24 22:40:39,405] [1    ] [INFO ] [] - .NET Version: .NET Framework 4.8 (528372) - 4.0.30319.42000
[2022-11-24 22:40:39,548] [11   ] [INFO ] [] - Sending async metric DotNetVersion to Gen204 json endpoint.
[2022-11-24 22:40:40,072] [6    ] [INFO ] [] - Url used to upgrade: https://cdn07.boxcdn.net/BoxEditAutoupdate2.json
[2022-11-24 22:40:41,447] [6    ] [INFO ] [] - No track defined, checking against default track
[2022-11-24 22:40:41,462] [6    ] [INFO ] [] - RolloutID set to 87
[2022-11-24 22:40:41,462] [6    ] [INFO ] [] - Newer version found 4.20.0.970
[2022-11-24 22:40:41,650] [6    ] [INFO ] [] - Download of upgrade https://e3.boxcdn.net/boxedit/upgrades/win/BoxToolsInstaller-UserUpgrade-4.20.0.970.msi.zip to C:\Users\金田駿之介\AppData\Local\Temp\Box\BoxTools\Installer\BoxToolsUpgrade.msi.zip completed
[2022-11-24 22:40:41,650] [6    ] [INFO ] [] - ### File path for UpgradeState: C:\Users\金田駿之介\AppData\Local\Box\upgrade_state.json
[2022-11-24 22:40:41,837] [11   ] [INFO ] [] - Metric ingestion endpoint response: NoContent
[2022-11-24 22:40:43,243] [9    ] [INFO ] [] - SHA1 - expected: 2f4de88fa5148b83536d7d2e66a1f87ad4c4b5a2, received: 2f4de88fa5148b83536d7d2e66a1f87ad4c4b5a2
[2022-11-24 22:40:43,243] [9    ] [INFO ] [] - Upgrade downloaded correctly and passed SHA1 verification
[2022-11-24 22:40:44,085] [9    ] [INFO ] [] - Upgrade extracted
[2022-11-24 22:40:44,085] [9    ] [INFO ] [] - Verifying embedded signature - path: 'C:\Users\金田駿之介\AppData\Local\Temp\Box\BoxTools\Installer\BoxToolsUpgrade.msi'
[2022-11-24 22:40:44,429] [8    ] [INFO ] [] - Initializing the metrics collector
[2022-11-24 22:40:44,429] [8    ] [ERROR] [] - MetricsCollector::Initialize(171): Check Failed: !IsConfigured() - Return: MetricResult_InvalidState
[2022-11-24 22:40:44,429] [8    ] [ERROR] [] - Failed to initialized metrics collector - error: 2
[2022-11-24 22:40:46,694] [9    ] [INFO ] [] - Installing upgrade
[2022-11-24 22:40:47,444] [9    ] [INFO ] [] - ### File path for UpgradeState: C:\Users\金田駿之介\AppData\Local\Box\upgrade_state.json
[2022-11-24 22:40:47,678] [12   ] [INFO ] [] - Initializing the metrics collector
[2022-11-24 22:40:47,678] [9    ] [INFO ] [] - Recorded AU metric.
[2022-11-24 22:40:47,678] [12   ] [ERROR] [] - MetricsCollector::Initialize(171): Check Failed: !IsConfigured() - Return: MetricResult_InvalidState
[2022-11-24 22:40:47,678] [9    ] [INFO ] [] - ### File path for UpgradeState: C:\Users\金田駿之介\AppData\Local\Box\upgrade_state.json
[2022-11-24 22:40:47,678] [12   ] [ERROR] [] - Failed to initialized metrics collector - error: 2
[2022-11-24 22:40:47,678] [12   ] [INFO ] [] - Recording metric - name: plugins_metrics_autoupgrade
[2022-11-24 22:41:31,585] [1    ] [INFO ] [] - ========== Box Edit v4.20.0.970 ==========
[2022-11-24 22:41:31,773] [1    ] [INFO ] [] - Command Line: "C:\Users\金田駿之介\AppData\Local\Box\Box Edit\Box Edit.exe"
[2022-11-24 22:41:35,635] [1    ] [INFO ] [] - Getting DebugLogging value from CurrentUser
[2022-11-24 22:41:35,635] [1    ] [INFO ] [] - Working with debug logging OFF
[2022-11-24 22:41:35,769] [1    ] [INFO ] [] - Days to keep files in cache set to 7
[2022-11-24 22:41:36,102] [1    ] [INFO ] [] - LocalMachine RegistryKey not set
[2022-11-24 22:41:36,343] [1    ] [INFO ] [] - Initializing the metrics collector
[2022-11-24 22:41:37,510] [1    ] [WARN ] [] - MetricsCollector::UpdateConfiguration(374): UpdateConfiguration raised: unable to open database file
[2022-11-24 22:41:37,510] [1    ] [ERROR] [] - MetricsCollector::Initialize(238): Raised: unable to open database file
[2022-11-24 22:41:37,510] [1    ] [ERROR] [] - Failed to initialized metrics collector - error: 6
[2022-11-24 22:41:37,510] [1    ] [ERROR] [] - Could not set permissions to C:\Users\金田駿之介\AppData\Local\Box\Box Tools\Metrics\BoxTools_Metrics.db
[2022-11-24 22:41:37,510] [1    ] [ERROR] [] - FileSystemUtils.AddPermissionsToFile on line number [0]  System.IO.FileNotFoundException: C:\Users\金田駿之介\AppData\Local\Box\Box Tools\Metrics\BoxTools_Metrics.db
   場所 System.Security.AccessControl.NativeObjectSecurity.CreateInternal(ResourceType resourceType, Boolean isContainer, String name, SafeHandle handle, AccessControlSections includeSections, Boolean createByName, ExceptionFromErrorCode exceptionFromErrorCode, Object exceptionContext)
   場所 System.Security.AccessControl.FileSystemSecurity..ctor(Boolean isContainer, String name, AccessControlSections includeSections, Boolean isDirectory)
   場所 System.Security.AccessControl.FileSecurity..ctor(String fileName, AccessControlSections includeSections)
   場所 Box.Utilities.Util.FileSystemUtils.AddPermissionsToFile(String filePath, WellKnownSidType account, FileSystemRights permissions)
[2022-11-24 22:41:37,526] [6    ] [INFO ] [] - Checking for upgrades
[2022-11-24 22:41:37,526] [6    ] [INFO ] [] - ### File path for UpgradeState: C:\Users\金田駿之介\AppData\Local\Box\upgrade_state.json
[2022-11-24 22:41:37,651] [1    ] [INFO ] [] - Running pipe server using box_edit_pipe as pipe name
[2022-11-24 22:41:37,677] [1    ] [INFO ] [] - Initializing the metrics collector
[2022-11-24 22:41:37,678] [1    ] [ERROR] [] - MetricsCollector::Initialize(171): Check Failed: !IsConfigured() - Return: MetricResult_InvalidState
[2022-11-24 22:41:37,678] [1    ] [ERROR] [] - Failed to initialized metrics collector - error: 2
[2022-11-24 22:41:37,679] [1    ] [ERROR] [] - Could not set permissions to C:\Users\金田駿之介\AppData\Local\Box\Box Tools\Metrics\BoxTools_Metrics.db
[2022-11-24 22:41:37,680] [1    ] [ERROR] [] - FileSystemUtils.AddPermissionsToFile on line number [0]  System.IO.FileNotFoundException: C:\Users\金田駿之介\AppData\Local\Box\Box Tools\Metrics\BoxTools_Metrics.db
   場所 System.Security.AccessControl.NativeObjectSecurity.CreateInternal(ResourceType resourceType, Boolean isContainer, String name, SafeHandle handle, AccessControlSections includeSections, Boolean createByName, ExceptionFromErrorCode exceptionFromErrorCode, Object exceptionContext)
   場所 System.Security.AccessControl.FileSystemSecurity..ctor(Boolean isContainer, String name, AccessControlSections includeSections, Boolean isDirectory)
   場所 System.Security.AccessControl.FileSecurity..ctor(String fileName, AccessControlSections includeSections)
   場所 Box.Utilities.Util.FileSystemUtils.AddPermissionsToFile(String filePath, WellKnownSidType account, FileSystemRights permissions)
[2022-11-24 22:41:37,686] [1    ] [INFO ] [] - .NET Version: .NET Framework 4.8 (528372) - 4.0.30319.42000
[2022-11-24 22:41:37,694] [11   ] [INFO ] [] - Sending async metric DotNetVersion to Gen204 json endpoint.
[2022-11-24 22:41:37,835] [6    ] [INFO ] [] - Url used to upgrade: https://cdn07.boxcdn.net/BoxEditAutoupdate2.json
[2022-11-24 22:41:38,022] [6    ] [INFO ] [] - No track defined, checking against default track
[2022-11-24 22:41:38,022] [6    ] [INFO ] [] - RolloutID set to 61
[2022-11-24 22:41:38,022] [6    ] [INFO ] [] - No upgrade available
[2022-11-24 22:41:38,311] [11   ] [INFO ] [] - Metric ingestion endpoint response: NoContent
[2022-11-24 22:41:42,695] [9    ] [INFO ] [] - Initializing the metrics collector
[2022-11-24 22:41:42,695] [9    ] [ERROR] [] - MetricsCollector::Initialize(171): Check Failed: !IsConfigured() - Return: MetricResult_InvalidState
[2022-11-24 22:41:42,695] [9    ] [ERROR] [] - Failed to initialized metrics collector - error: 2
[2022-11-24 22:51:49,630] [12   ] [INFO ] [] - Initializing the metrics collector
[2022-11-24 22:51:49,630] [12   ] [ERROR] [] - MetricsCollector::Initialize(171): Check Failed: !IsConfigured() - Return: MetricResult_InvalidState
[2022-11-24 22:51:49,630] [12   ] [ERROR] [] - Failed to initialized metrics collector - error: 2
[2022-11-24 23:01:49,637] [10   ] [INFO ] [] - Initializing the metrics collector
[2022-11-24 23:01:49,637] [10   ] [ERROR] [] - MetricsCollector::Initialize(171): Check Failed: !IsConfigured() - Return: MetricResult_InvalidState
[2022-11-24 23:01:49,637] [10   ] [ERROR] [] - Failed to initialized metrics collector - error: 2
[2022-11-24 23:11:49,644] [9    ] [INFO ] [] - Initializing the metrics collector
[2022-11-24 23:11:49,646] [9    ] [ERROR] [] - MetricsCollector::Initialize(171): Check Failed: !IsConfigured() - Return: MetricResult_InvalidState
[2022-11-24 23:11:49,647] [9    ] [ERROR] [] - Failed to initialized metrics collector - error: 2
[2022-11-24 23:21:49,657] [14   ] [INFO ] [] - Initializing the metrics collector
[2022-11-24 23:21:49,657] [14   ] [ERROR] [] - MetricsCollector::Initialize(171): Check Failed: !IsConfigured() - Return: MetricResult_InvalidState
[2022-11-24 23:21:49,657] [14   ] [ERROR] [] - Failed to initialized metrics collector - error: 2
[2022-11-24 23:31:49,670] [8    ] [INFO ] [] - Initializing the metrics collector
[2022-11-24 23:31:49,675] [8    ] [ERROR] [] - MetricsCollector::Initialize(171): Check Failed: !IsConfigured() - Return: MetricResult_InvalidState
[2022-11-24 23:31:49,677] [8    ] [ERROR] [] - Failed to initialized metrics collector - error: 2
