[2023-11-08 00:00:26,200] [14   ] [INFO ] [] - Initializing the metrics collector
[2023-11-08 00:00:26,211] [14   ] [ERROR] [] - MetricsCollector::Initialize(171): Check Failed: !IsConfigured() - Return: MetricResult_InvalidState
[2023-11-08 00:00:26,212] [14   ] [ERROR] [] - Failed to initialized metrics collector - error: 2
[2023-11-08 00:37:34,187] [12   ] [INFO ] [] - Initializing the metrics collector
[2023-11-08 00:37:34,187] [12   ] [ERROR] [] - MetricsCollector::Initialize(171): Check Failed: !IsConfigured() - Return: MetricResult_InvalidState
[2023-11-08 00:37:34,187] [12   ] [ERROR] [] - Failed to initialized metrics collector - error: 2
[2023-11-08 00:47:34,182] [7    ] [INFO ] [] - Initializing the metrics collector
[2023-11-08 00:47:34,182] [7    ] [ERROR] [] - MetricsCollector::Initialize(171): Check Failed: !IsConfigured() - Return: MetricResult_InvalidState
[2023-11-08 00:47:34,182] [7    ] [ERROR] [] - Failed to initialized metrics collector - error: 2
[2023-11-08 00:57:34,187] [10   ] [INFO ] [] - Initializing the metrics collector
[2023-11-08 00:57:34,189] [10   ] [ERROR] [] - MetricsCollector::Initialize(171): Check Failed: !IsConfigured() - Return: MetricResult_InvalidState
[2023-11-08 00:57:34,191] [10   ] [ERROR] [] - Failed to initialized metrics collector - error: 2
[2023-11-08 01:07:34,199] [9    ] [INFO ] [] - Initializing the metrics collector
[2023-11-08 01:07:34,199] [9    ] [ERROR] [] - MetricsCollector::Initialize(171): Check Failed: !IsConfigured() - Return: MetricResult_InvalidState
[2023-11-08 01:07:34,199] [9    ] [ERROR] [] - Failed to initialized metrics collector - error: 2
[2023-11-08 01:17:34,221] [22   ] [INFO ] [] - Initializing the metrics collector
[2023-11-08 01:17:34,221] [22   ] [ERROR] [] - MetricsCollector::Initialize(171): Check Failed: !IsConfigured() - Return: MetricResult_InvalidState
[2023-11-08 01:17:34,221] [22   ] [ERROR] [] - Failed to initialized metrics collector - error: 2
[2023-11-08 01:27:34,229] [23   ] [INFO ] [] - Initializing the metrics collector
[2023-11-08 01:27:34,229] [23   ] [ERROR] [] - MetricsCollector::Initialize(171): Check Failed: !IsConfigured() - Return: MetricResult_InvalidState
[2023-11-08 01:27:34,229] [23   ] [ERROR] [] - Failed to initialized metrics collector - error: 2
