[2022-12-29 00:51:22,699] [1    ] [INFO ] [] - ========== Box Edit v4.20.0.970 ==========
[2022-12-29 00:51:24,157] [1    ] [INFO ] [] - Command Line: "C:\Users\金田駿之介\AppData\Local\Box\Box Edit\Box Edit.exe" 
[2022-12-29 00:51:31,998] [1    ] [INFO ] [] - Getting DebugLogging value from CurrentUser
[2022-12-29 00:51:31,998] [1    ] [INFO ] [] - Working with debug logging OFF
[2022-12-29 00:51:32,451] [1    ] [INFO ] [] - Days to keep files in cache set to 7
[2022-12-29 00:51:37,413] [1    ] [INFO ] [] - LocalMachine RegistryKey not set
[2022-12-29 00:51:37,538] [1    ] [INFO ] [] - Initializing the metrics collector
[2022-12-29 00:51:37,601] [1    ] [WARN ] [] - MetricsCollector::UpdateConfiguration(374): UpdateConfiguration raised: unable to open database file
[2022-12-29 00:51:37,601] [1    ] [ERROR] [] - MetricsCollector::Initialize(238): Raised: unable to open database file
[2022-12-29 00:51:37,601] [1    ] [ERROR] [] - Failed to initialized metrics collector - error: 6
[2022-12-29 00:51:37,601] [1    ] [ERROR] [] - Could not set permissions to C:\Users\金田駿之介\AppData\Local\Box\Box Tools\Metrics\BoxTools_Metrics.db
[2022-12-29 00:51:37,616] [1    ] [ERROR] [] - FileSystemUtils.AddPermissionsToFile on line number [0]  System.IO.FileNotFoundException: C:\Users\金田駿之介\AppData\Local\Box\Box Tools\Metrics\BoxTools_Metrics.db
   場所 System.Security.AccessControl.NativeObjectSecurity.CreateInternal(ResourceType resourceType, Boolean isContainer, String name, SafeHandle handle, AccessControlSections includeSections, Boolean createByName, ExceptionFromErrorCode exceptionFromErrorCode, Object exceptionContext)
   場所 System.Security.AccessControl.FileSystemSecurity..ctor(Boolean isContainer, String name, AccessControlSections includeSections, Boolean isDirectory)
   場所 System.Security.AccessControl.FileSecurity..ctor(String fileName, AccessControlSections includeSections)
   場所 Box.Utilities.Util.FileSystemUtils.AddPermissionsToFile(String filePath, WellKnownSidType account, FileSystemRights permissions)
[2022-12-29 00:51:37,632] [6    ] [INFO ] [] - Checking for upgrades
[2022-12-29 00:51:37,648] [6    ] [INFO ] [] - ### File path for UpgradeState: C:\Users\金田駿之介\AppData\Local\Box\upgrade_state.json
[2022-12-29 00:51:37,788] [1    ] [INFO ] [] - Running pipe server using box_edit_pipe as pipe name
[2022-12-29 00:51:37,820] [1    ] [INFO ] [] - Initializing the metrics collector
[2022-12-29 00:51:37,835] [1    ] [ERROR] [] - MetricsCollector::Initialize(171): Check Failed: !IsConfigured() - Return: MetricResult_InvalidState
[2022-12-29 00:51:37,835] [1    ] [ERROR] [] - Failed to initialized metrics collector - error: 2
[2022-12-29 00:51:37,835] [1    ] [ERROR] [] - Could not set permissions to C:\Users\金田駿之介\AppData\Local\Box\Box Tools\Metrics\BoxTools_Metrics.db
[2022-12-29 00:51:37,835] [1    ] [ERROR] [] - FileSystemUtils.AddPermissionsToFile on line number [0]  System.IO.FileNotFoundException: C:\Users\金田駿之介\AppData\Local\Box\Box Tools\Metrics\BoxTools_Metrics.db
   場所 System.Security.AccessControl.NativeObjectSecurity.CreateInternal(ResourceType resourceType, Boolean isContainer, String name, SafeHandle handle, AccessControlSections includeSections, Boolean createByName, ExceptionFromErrorCode exceptionFromErrorCode, Object exceptionContext)
   場所 System.Security.AccessControl.FileSystemSecurity..ctor(Boolean isContainer, String name, AccessControlSections includeSections, Boolean isDirectory)
   場所 System.Security.AccessControl.FileSecurity..ctor(String fileName, AccessControlSections includeSections)
   場所 Box.Utilities.Util.FileSystemUtils.AddPermissionsToFile(String filePath, WellKnownSidType account, FileSystemRights permissions)
[2022-12-29 00:51:37,851] [1    ] [INFO ] [] - .NET Version: .NET Framework 4.8 (528372) - 4.0.30319.42000
[2022-12-29 00:51:37,913] [11   ] [INFO ] [] - Sending async metric DotNetVersion to Gen204 json endpoint.
[2022-12-29 00:51:38,241] [6    ] [INFO ] [] - Url used to upgrade: https://cdn07.boxcdn.net/BoxEditAutoupdate2.json
[2022-12-29 00:51:38,491] [6    ] [INFO ] [] - No track defined, checking against default track
[2022-12-29 00:51:38,491] [6    ] [INFO ] [] - RolloutID set to 61
[2022-12-29 00:51:38,491] [6    ] [INFO ] [] - No upgrade available
[2022-12-29 00:51:38,679] [11   ] [INFO ] [] - Metric ingestion endpoint response: NoContent
