[2024-03-07 15:59:17,774] [1    ] [INFO ] [] - ========== Box Edit v4.24.0.1029 ==========
[2024-03-07 15:59:17,805] [1    ] [INFO ] [] - Command Line: "C:\Users\金田駿之介\AppData\Local\Box\Box Edit\Box Edit.exe" 
[2024-03-07 15:59:19,273] [1    ] [INFO ] [] - Getting DebugLogging value from CurrentUser
[2024-03-07 15:59:19,273] [1    ] [INFO ] [] - Working with debug logging OFF
[2024-03-07 15:59:19,336] [1    ] [INFO ] [] - Days to keep files in cache set to 7
[2024-03-07 15:59:23,353] [1    ] [INFO ] [] - LocalMachine RegistryKey not set
[2024-03-07 15:59:23,415] [1    ] [INFO ] [] - DeviceId::CheckDeviceId(488): Starting DeviceId generator.
[2024-03-07 15:59:23,415] [1    ] [INFO ] [] - DeviceId::CheckDeviceId(515): Global mutex obtained. Start checking.
[2024-03-07 15:59:24,540] [1    ] [INFO ] [] - DeviceId::RestoreGlobalDeviceData(65): Failed reading global DeviceData from registry: Registry key "SOFTWARE\Box\DeviceId" not found.
[2024-03-07 15:59:24,665] [1    ] [INFO ] [] - DeviceId::RestoreAndValidateLocalProperites(389): Restored local DeviceId
[2024-03-07 15:59:24,665] [1    ] [INFO ] [] - DeviceId::RestoreAndValidateLocalProperites(393): Restored local DeviceData
[2024-03-07 15:59:24,665] [1    ] [INFO ] [] - DeviceId::PerformChecking(452): Checking DeviceData.
[2024-03-07 15:59:24,696] [1    ] [INFO ] [] - DeviceId::PerformChecking(453): DeviceData read from registry: {"ComputerSystemProductUUID":"B4C5DFD1-4333-1CB6-C49D-A3067E9A232A","Version":1}
[2024-03-07 15:59:24,696] [1    ] [INFO ] [] - DeviceId::PerformChecking(454): Generated DeviceData: {"ComputerSystemProductUUID":"B4C5DFD1-4333-1CB6-C49D-A3067E9A232A","Version":1}
[2024-03-07 15:59:24,868] [1    ] [INFO ] [] - Initializing the metrics collector
[2024-03-07 15:59:24,884] [1    ] [WARN ] [] - MetricsCollector::UpdateConfiguration(374): UpdateConfiguration raised: unable to open database file
[2024-03-07 15:59:24,884] [1    ] [ERROR] [] - MetricsCollector::Initialize(238): Raised: unable to open database file
[2024-03-07 15:59:24,884] [1    ] [ERROR] [] - Failed to initialized metrics collector - error: 6
[2024-03-07 15:59:24,899] [9    ] [INFO ] [] - .NET Version - installed 533325, expected: 528040
[2024-03-07 15:59:24,899] [9    ] [INFO ] [] - result: True
[2024-03-07 15:59:24,899] [9    ] [INFO ] [] - Checking for upgrades
[2024-03-07 15:59:24,915] [9    ] [INFO ] [] - ### File path for UpgradeState: C:\Users\金田駿之介\AppData\Local\Box\upgrade_state.json
[2024-03-07 15:59:24,993] [1    ] [INFO ] [] - Running pipe server using box_edit_pipe as pipe name
[2024-03-07 15:59:25,024] [1    ] [INFO ] [] - Initializing the metrics collector
[2024-03-07 15:59:25,024] [1    ] [ERROR] [] - MetricsCollector::Initialize(171): Check Failed: !IsConfigured() - Return: MetricResult_InvalidState
[2024-03-07 15:59:25,024] [1    ] [ERROR] [] - Failed to initialized metrics collector - error: 2
[2024-03-07 15:59:25,040] [1    ] [INFO ] [] - .NET Version: unknown (533325) - 4.0.30319.42000
[2024-03-07 15:59:25,071] [14   ] [INFO ] [] - Sending async metric DotNetVersion to Gen204 json endpoint.
[2024-03-07 15:59:25,259] [9    ] [INFO ] [] - Url used to upgrade: https://cdn07.boxcdn.net/BoxEditAutoupdate2.json
[2024-03-07 15:59:25,649] [9    ] [INFO ] [] - ### current version track name: 4.24.0
[2024-03-07 15:59:25,649] [9    ] [WARN ] [] - Track 4.24.0 not found
[2024-03-07 15:59:25,649] [9    ] [INFO ] [] - Track default for upgrade found
[2024-03-07 15:59:25,649] [9    ] [INFO ] [] - RolloutID set to 73
[2024-03-07 15:59:25,649] [9    ] [INFO ] [] - No upgrade available
[2024-03-07 15:59:25,993] [14   ] [INFO ] [] - Metric ingestion endpoint response: NoContent
[2024-03-07 15:59:30,034] [10   ] [INFO ] [] - Initializing the metrics collector
[2024-03-07 15:59:30,034] [10   ] [ERROR] [] - MetricsCollector::Initialize(171): Check Failed: !IsConfigured() - Return: MetricResult_InvalidState
[2024-03-07 15:59:30,034] [10   ] [ERROR] [] - Failed to initialized metrics collector - error: 2
[2024-03-07 16:09:30,082] [16   ] [INFO ] [] - Initializing the metrics collector
[2024-03-07 16:09:30,083] [16   ] [ERROR] [] - MetricsCollector::Initialize(171): Check Failed: !IsConfigured() - Return: MetricResult_InvalidState
[2024-03-07 16:09:30,084] [16   ] [ERROR] [] - Failed to initialized metrics collector - error: 2
[2024-03-07 16:19:30,082] [14   ] [INFO ] [] - Initializing the metrics collector
[2024-03-07 16:19:30,083] [14   ] [ERROR] [] - MetricsCollector::Initialize(171): Check Failed: !IsConfigured() - Return: MetricResult_InvalidState
[2024-03-07 16:19:30,083] [14   ] [ERROR] [] - Failed to initialized metrics collector - error: 2
[2024-03-07 16:29:30,090] [13   ] [INFO ] [] - Initializing the metrics collector
[2024-03-07 16:29:30,090] [13   ] [ERROR] [] - MetricsCollector::Initialize(171): Check Failed: !IsConfigured() - Return: MetricResult_InvalidState
[2024-03-07 16:29:30,090] [13   ] [ERROR] [] - Failed to initialized metrics collector - error: 2
[2024-03-07 16:39:30,109] [11   ] [INFO ] [] - Initializing the metrics collector
[2024-03-07 16:39:30,117] [11   ] [ERROR] [] - MetricsCollector::Initialize(171): Check Failed: !IsConfigured() - Return: MetricResult_InvalidState
[2024-03-07 16:39:30,117] [11   ] [ERROR] [] - Failed to initialized metrics collector - error: 2
[2024-03-07 16:49:30,126] [10   ] [INFO ] [] - Initializing the metrics collector
[2024-03-07 16:49:30,128] [10   ] [ERROR] [] - MetricsCollector::Initialize(171): Check Failed: !IsConfigured() - Return: MetricResult_InvalidState
[2024-03-07 16:49:30,128] [10   ] [ERROR] [] - Failed to initialized metrics collector - error: 2
[2024-03-07 16:59:30,506] [9    ] [INFO ] [] - Initializing the metrics collector
[2024-03-07 16:59:30,509] [9    ] [ERROR] [] - MetricsCollector::Initialize(171): Check Failed: !IsConfigured() - Return: MetricResult_InvalidState
[2024-03-07 16:59:30,510] [9    ] [ERROR] [] - Failed to initialized metrics collector - error: 2
[2024-03-07 17:09:30,607] [8    ] [INFO ] [] - Initializing the metrics collector
[2024-03-07 17:09:30,607] [8    ] [ERROR] [] - MetricsCollector::Initialize(171): Check Failed: !IsConfigured() - Return: MetricResult_InvalidState
[2024-03-07 17:09:30,607] [8    ] [ERROR] [] - Failed to initialized metrics collector - error: 2
[2024-03-07 17:22:58,871] [17   ] [INFO ] [] - Initializing the metrics collector
[2024-03-07 17:22:58,873] [17   ] [ERROR] [] - MetricsCollector::Initialize(171): Check Failed: !IsConfigured() - Return: MetricResult_InvalidState
[2024-03-07 17:22:58,873] [17   ] [ERROR] [] - Failed to initialized metrics collector - error: 2
[2024-03-07 17:32:58,887] [18   ] [INFO ] [] - Initializing the metrics collector
[2024-03-07 17:32:58,888] [18   ] [ERROR] [] - MetricsCollector::Initialize(171): Check Failed: !IsConfigured() - Return: MetricResult_InvalidState
[2024-03-07 17:32:58,888] [18   ] [ERROR] [] - Failed to initialized metrics collector - error: 2
[2024-03-07 17:42:58,893] [19   ] [INFO ] [] - Initializing the metrics collector
[2024-03-07 17:42:58,894] [19   ] [ERROR] [] - MetricsCollector::Initialize(171): Check Failed: !IsConfigured() - Return: MetricResult_InvalidState
[2024-03-07 17:42:58,894] [19   ] [ERROR] [] - Failed to initialized metrics collector - error: 2
[2024-03-07 17:52:58,913] [20   ] [INFO ] [] - Initializing the metrics collector
[2024-03-07 17:52:58,915] [20   ] [ERROR] [] - MetricsCollector::Initialize(171): Check Failed: !IsConfigured() - Return: MetricResult_InvalidState
[2024-03-07 17:52:58,917] [20   ] [ERROR] [] - Failed to initialized metrics collector - error: 2
[2024-03-07 18:06:39,073] [21   ] [INFO ] [] - Initializing the metrics collector
[2024-03-07 18:06:39,074] [21   ] [ERROR] [] - MetricsCollector::Initialize(171): Check Failed: !IsConfigured() - Return: MetricResult_InvalidState
[2024-03-07 18:06:39,078] [21   ] [ERROR] [] - Failed to initialized metrics collector - error: 2
[2024-03-07 18:16:39,089] [22   ] [INFO ] [] - Initializing the metrics collector
[2024-03-07 18:16:39,090] [22   ] [ERROR] [] - MetricsCollector::Initialize(171): Check Failed: !IsConfigured() - Return: MetricResult_InvalidState
[2024-03-07 18:16:39,090] [22   ] [ERROR] [] - Failed to initialized metrics collector - error: 2
[2024-03-07 18:29:49,249] [19   ] [INFO ] [] - Initializing the metrics collector
[2024-03-07 18:29:49,250] [19   ] [ERROR] [] - MetricsCollector::Initialize(171): Check Failed: !IsConfigured() - Return: MetricResult_InvalidState
[2024-03-07 18:29:49,251] [19   ] [ERROR] [] - Failed to initialized metrics collector - error: 2
[2024-03-07 18:39:49,278] [17   ] [INFO ] [] - Initializing the metrics collector
[2024-03-07 18:39:49,279] [17   ] [ERROR] [] - MetricsCollector::Initialize(171): Check Failed: !IsConfigured() - Return: MetricResult_InvalidState
[2024-03-07 18:39:49,279] [17   ] [ERROR] [] - Failed to initialized metrics collector - error: 2
[2024-03-07 18:49:49,287] [9    ] [INFO ] [] - Initializing the metrics collector
[2024-03-07 18:49:49,287] [9    ] [ERROR] [] - MetricsCollector::Initialize(171): Check Failed: !IsConfigured() - Return: MetricResult_InvalidState
[2024-03-07 18:49:49,287] [9    ] [ERROR] [] - Failed to initialized metrics collector - error: 2
[2024-03-07 21:43:01,836] [9    ] [INFO ] [] - Initializing the metrics collector
[2024-03-07 21:43:01,836] [9    ] [ERROR] [] - MetricsCollector::Initialize(171): Check Failed: !IsConfigured() - Return: MetricResult_InvalidState
[2024-03-07 21:43:01,836] [9    ] [ERROR] [] - Failed to initialized metrics collector - error: 2
[2024-03-07 22:01:58,888] [17   ] [INFO ] [] - Initializing the metrics collector
[2024-03-07 22:01:58,890] [17   ] [ERROR] [] - MetricsCollector::Initialize(171): Check Failed: !IsConfigured() - Return: MetricResult_InvalidState
[2024-03-07 22:01:58,890] [17   ] [ERROR] [] - Failed to initialized metrics collector - error: 2
[2024-03-07 23:02:59,546] [19   ] [INFO ] [] - Initializing the metrics collector
[2024-03-07 23:02:59,546] [19   ] [ERROR] [] - MetricsCollector::Initialize(171): Check Failed: !IsConfigured() - Return: MetricResult_InvalidState
[2024-03-07 23:02:59,546] [19   ] [ERROR] [] - Failed to initialized metrics collector - error: 2
