[2023-10-06 23:34:17,241] [1    ] [INFO ] [] - ========== Box Edit v4.24.0.1029 ==========
[2023-10-06 23:34:17,284] [1    ] [INFO ] [] - Command Line: "C:\Users\金田駿之介\AppData\Local\Box\Box Edit\Box Edit.exe" 
[2023-10-06 23:34:20,135] [1    ] [INFO ] [] - Getting DebugLogging value from CurrentUser
[2023-10-06 23:34:20,143] [1    ] [INFO ] [] - Working with debug logging OFF
[2023-10-06 23:34:20,268] [1    ] [INFO ] [] - Days to keep files in cache set to 7
[2023-10-06 23:34:21,469] [1    ] [INFO ] [] - LocalMachine RegistryKey not set
[2023-10-06 23:34:21,565] [1    ] [INFO ] [] - DeviceId::CheckDeviceId(488): Starting DeviceId generator.
[2023-10-06 23:34:21,565] [1    ] [INFO ] [] - DeviceId::CheckDeviceId(515): Global mutex obtained. Start checking.
[2023-10-06 23:34:21,885] [1    ] [INFO ] [] - DeviceId::RestoreGlobalDeviceData(65): Failed reading global DeviceData from registry: Registry key "SOFTWARE\Box\DeviceId" not found.
[2023-10-06 23:34:21,964] [1    ] [INFO ] [] - DeviceId::RestoreAndValidateLocalProperites(389): Restored local DeviceId
[2023-10-06 23:34:21,964] [1    ] [INFO ] [] - DeviceId::RestoreAndValidateLocalProperites(393): Restored local DeviceData
[2023-10-06 23:34:21,964] [1    ] [INFO ] [] - DeviceId::PerformChecking(452): Checking DeviceData.
[2023-10-06 23:34:21,964] [1    ] [INFO ] [] - DeviceId::PerformChecking(453): DeviceData read from registry: {"ComputerSystemProductUUID":"B4C5DFD1-4333-1CB6-C49D-A3067E9A232A","Version":1}
[2023-10-06 23:34:21,970] [1    ] [INFO ] [] - DeviceId::PerformChecking(454): Generated DeviceData: {"ComputerSystemProductUUID":"B4C5DFD1-4333-1CB6-C49D-A3067E9A232A","Version":1}
[2023-10-06 23:34:22,055] [1    ] [INFO ] [] - Initializing the metrics collector
[2023-10-06 23:34:22,071] [1    ] [WARN ] [] - MetricsCollector::UpdateConfiguration(374): UpdateConfiguration raised: unable to open database file
[2023-10-06 23:34:22,071] [1    ] [ERROR] [] - MetricsCollector::Initialize(238): Raised: unable to open database file
[2023-10-06 23:34:22,071] [1    ] [ERROR] [] - Failed to initialized metrics collector - error: 6
[2023-10-06 23:34:22,141] [9    ] [INFO ] [] - .NET Version - installed 533325, expected: 528040
[2023-10-06 23:34:22,141] [9    ] [INFO ] [] - result: True
[2023-10-06 23:34:22,143] [9    ] [INFO ] [] - Checking for upgrades
[2023-10-06 23:34:22,158] [9    ] [INFO ] [] - ### File path for UpgradeState: C:\Users\金田駿之介\AppData\Local\Box\upgrade_state.json
[2023-10-06 23:34:22,305] [1    ] [INFO ] [] - Running pipe server using box_edit_pipe as pipe name
[2023-10-06 23:34:22,368] [1    ] [INFO ] [] - Initializing the metrics collector
[2023-10-06 23:34:22,368] [1    ] [ERROR] [] - MetricsCollector::Initialize(171): Check Failed: !IsConfigured() - Return: MetricResult_InvalidState
[2023-10-06 23:34:22,368] [1    ] [ERROR] [] - Failed to initialized metrics collector - error: 2
[2023-10-06 23:34:22,368] [1    ] [INFO ] [] - .NET Version: unknown (533325) - 4.0.30319.42000
[2023-10-06 23:34:22,444] [12   ] [INFO ] [] - Sending async metric DotNetVersion to Gen204 json endpoint.
[2023-10-06 23:34:22,718] [9    ] [INFO ] [] - Url used to upgrade: https://cdn07.boxcdn.net/BoxEditAutoupdate2.json
[2023-10-06 23:34:23,061] [9    ] [INFO ] [] - ### current version track name: 4.24.0
[2023-10-06 23:34:23,061] [9    ] [WARN ] [] - Track 4.24.0 not found
[2023-10-06 23:34:23,061] [9    ] [INFO ] [] - Track default for upgrade found
[2023-10-06 23:34:23,061] [9    ] [INFO ] [] - RolloutID set to 73
[2023-10-06 23:34:23,061] [9    ] [INFO ] [] - No upgrade available
[2023-10-06 23:34:23,372] [12   ] [INFO ] [] - Metric ingestion endpoint response: NoContent
[2023-10-06 23:34:27,441] [10   ] [INFO ] [] - Initializing the metrics collector
[2023-10-06 23:34:27,441] [10   ] [ERROR] [] - MetricsCollector::Initialize(171): Check Failed: !IsConfigured() - Return: MetricResult_InvalidState
[2023-10-06 23:34:27,441] [10   ] [ERROR] [] - Failed to initialized metrics collector - error: 2
