[2022-09-19 21:05:03,548] [1    ] [INFO ] [] - ========== Box Edit v4.19.0.956 ==========
[2022-09-19 21:05:03,610] [1    ] [INFO ] [] - Command Line: "C:\Users\金田駿之介\AppData\Local\Box\Box Edit\Box Edit.exe" 
[2022-09-19 21:05:09,269] [1    ] [INFO ] [] - Getting DebugLogging value from CurrentUser
[2022-09-19 21:05:09,269] [1    ] [INFO ] [] - Working with debug logging OFF
[2022-09-19 21:05:09,410] [1    ] [INFO ] [] - Days to keep files in cache set to 7
[2022-09-19 21:05:09,932] [1    ] [INFO ] [] - LocalMachine RegistryKey not set
[2022-09-19 21:05:10,142] [1    ] [INFO ] [] - Initializing the metrics collector
[2022-09-19 21:05:11,048] [1    ] [WARN ] [] - MetricsCollector::UpdateConfiguration(374): UpdateConfiguration raised: unable to open database file
[2022-09-19 21:05:11,048] [1    ] [ERROR] [] - MetricsCollector::Initialize(238): Raised: unable to open database file
[2022-09-19 21:05:11,048] [1    ] [ERROR] [] - Failed to initialized metrics collector - error: 6
[2022-09-19 21:05:11,048] [1    ] [ERROR] [] - Could not set permissions to C:\Users\金田駿之介\AppData\Local\Box\Box Tools\Metrics\BoxTools_Metrics.db
[2022-09-19 21:05:11,048] [1    ] [ERROR] [] - FileSystemUtils.AddPermissionsToFile on line number [0]  System.IO.FileNotFoundException: C:\Users\金田駿之介\AppData\Local\Box\Box Tools\Metrics\BoxTools_Metrics.db
   場所 System.Security.AccessControl.NativeObjectSecurity.CreateInternal(ResourceType resourceType, Boolean isContainer, String name, SafeHandle handle, AccessControlSections includeSections, Boolean createByName, ExceptionFromErrorCode exceptionFromErrorCode, Object exceptionContext)
   場所 System.Security.AccessControl.FileSystemSecurity..ctor(Boolean isContainer, String name, AccessControlSections includeSections, Boolean isDirectory)
   場所 System.Security.AccessControl.FileSecurity..ctor(String fileName, AccessControlSections includeSections)
   場所 Box.Utilities.Util.FileSystemUtils.AddPermissionsToFile(String filePath, WellKnownSidType account, FileSystemRights permissions)
[2022-09-19 21:05:11,064] [6    ] [INFO ] [] - Checking for upgrades
[2022-09-19 21:05:11,064] [6    ] [INFO ] [] - ### File path for UpgradeState: C:\Users\金田駿之介\AppData\Local\Box\upgrade_state.json
[2022-09-19 21:05:11,345] [6    ] [INFO ] [] - Url used to upgrade: https://cdn07.boxcdn.net/BoxEditAutoupdate2.json
[2022-09-19 21:05:11,502] [1    ] [INFO ] [] - Running pipe server using box_edit_pipe as pipe name
[2022-09-19 21:05:11,518] [1    ] [INFO ] [] - Initializing the metrics collector
[2022-09-19 21:05:11,518] [1    ] [ERROR] [] - MetricsCollector::Initialize(171): Check Failed: !IsConfigured() - Return: MetricResult_InvalidState
[2022-09-19 21:05:11,518] [1    ] [ERROR] [] - Failed to initialized metrics collector - error: 2
[2022-09-19 21:05:11,518] [1    ] [ERROR] [] - Could not set permissions to C:\Users\金田駿之介\AppData\Local\Box\Box Tools\Metrics\BoxTools_Metrics.db
[2022-09-19 21:05:11,518] [1    ] [ERROR] [] - FileSystemUtils.AddPermissionsToFile on line number [0]  System.IO.FileNotFoundException: C:\Users\金田駿之介\AppData\Local\Box\Box Tools\Metrics\BoxTools_Metrics.db
   場所 System.Security.AccessControl.NativeObjectSecurity.CreateInternal(ResourceType resourceType, Boolean isContainer, String name, SafeHandle handle, AccessControlSections includeSections, Boolean createByName, ExceptionFromErrorCode exceptionFromErrorCode, Object exceptionContext)
   場所 System.Security.AccessControl.FileSystemSecurity..ctor(Boolean isContainer, String name, AccessControlSections includeSections, Boolean isDirectory)
   場所 System.Security.AccessControl.FileSecurity..ctor(String fileName, AccessControlSections includeSections)
   場所 Box.Utilities.Util.FileSystemUtils.AddPermissionsToFile(String filePath, WellKnownSidType account, FileSystemRights permissions)
[2022-09-19 21:05:11,518] [1    ] [INFO ] [] - .NET Version: .NET Framework 4.8 (528372) - 4.0.30319.42000
[2022-09-19 21:05:11,533] [13   ] [INFO ] [] - Sending async metric DotNetVersion to Gen204 json endpoint.
[2022-09-19 21:05:11,941] [6    ] [INFO ] [] - No track defined, checking against default track
[2022-09-19 21:05:11,941] [6    ] [INFO ] [] - RolloutID set to 87
[2022-09-19 21:05:11,941] [6    ] [INFO ] [] - No upgrade available
[2022-09-19 21:05:12,191] [13   ] [INFO ] [] - Metric ingestion endpoint response: NoContent
[2022-09-19 21:15:16,565] [15   ] [INFO ] [] - Initializing the metrics collector
[2022-09-19 21:15:16,566] [15   ] [ERROR] [] - MetricsCollector::Initialize(171): Check Failed: !IsConfigured() - Return: MetricResult_InvalidState
[2022-09-19 21:15:16,567] [15   ] [ERROR] [] - Failed to initialized metrics collector - error: 2
[2022-09-19 21:25:16,586] [11   ] [INFO ] [] - Initializing the metrics collector
[2022-09-19 21:25:16,588] [11   ] [ERROR] [] - MetricsCollector::Initialize(171): Check Failed: !IsConfigured() - Return: MetricResult_InvalidState
[2022-09-19 21:25:16,590] [11   ] [ERROR] [] - Failed to initialized metrics collector - error: 2
[2022-09-19 21:35:16,591] [15   ] [INFO ] [] - Initializing the metrics collector
[2022-09-19 21:35:16,592] [15   ] [ERROR] [] - MetricsCollector::Initialize(171): Check Failed: !IsConfigured() - Return: MetricResult_InvalidState
[2022-09-19 21:35:16,593] [15   ] [ERROR] [] - Failed to initialized metrics collector - error: 2
[2022-09-19 21:45:16,603] [12   ] [INFO ] [] - Initializing the metrics collector
[2022-09-19 21:45:16,606] [12   ] [ERROR] [] - MetricsCollector::Initialize(171): Check Failed: !IsConfigured() - Return: MetricResult_InvalidState
[2022-09-19 21:45:16,607] [12   ] [ERROR] [] - Failed to initialized metrics collector - error: 2
[2022-09-19 21:55:16,621] [10   ] [INFO ] [] - Initializing the metrics collector
[2022-09-19 21:55:16,625] [10   ] [ERROR] [] - MetricsCollector::Initialize(171): Check Failed: !IsConfigured() - Return: MetricResult_InvalidState
[2022-09-19 21:55:16,628] [10   ] [ERROR] [] - Failed to initialized metrics collector - error: 2
[2022-09-19 22:05:16,625] [8    ] [INFO ] [] - Initializing the metrics collector
[2022-09-19 22:05:16,628] [8    ] [ERROR] [] - MetricsCollector::Initialize(171): Check Failed: !IsConfigured() - Return: MetricResult_InvalidState
[2022-09-19 22:05:16,630] [8    ] [ERROR] [] - Failed to initialized metrics collector - error: 2
[2022-09-19 22:15:16,645] [13   ] [INFO ] [] - Initializing the metrics collector
[2022-09-19 22:15:16,648] [13   ] [ERROR] [] - MetricsCollector::Initialize(171): Check Failed: !IsConfigured() - Return: MetricResult_InvalidState
[2022-09-19 22:15:16,652] [13   ] [ERROR] [] - Failed to initialized metrics collector - error: 2
[2022-09-19 22:25:16,657] [16   ] [INFO ] [] - Initializing the metrics collector
[2022-09-19 22:25:16,662] [16   ] [ERROR] [] - MetricsCollector::Initialize(171): Check Failed: !IsConfigured() - Return: MetricResult_InvalidState
[2022-09-19 22:25:16,664] [16   ] [ERROR] [] - Failed to initialized metrics collector - error: 2
[2022-09-19 22:35:16,671] [17   ] [INFO ] [] - Initializing the metrics collector
[2022-09-19 22:35:16,673] [17   ] [ERROR] [] - MetricsCollector::Initialize(171): Check Failed: !IsConfigured() - Return: MetricResult_InvalidState
[2022-09-19 22:35:16,674] [17   ] [ERROR] [] - Failed to initialized metrics collector - error: 2
[2022-09-19 22:45:16,688] [9    ] [INFO ] [] - Initializing the metrics collector
[2022-09-19 22:45:16,692] [9    ] [ERROR] [] - MetricsCollector::Initialize(171): Check Failed: !IsConfigured() - Return: MetricResult_InvalidState
[2022-09-19 22:45:16,694] [9    ] [ERROR] [] - Failed to initialized metrics collector - error: 2
[2022-09-19 22:55:16,688] [18   ] [INFO ] [] - Initializing the metrics collector
[2022-09-19 22:55:16,689] [18   ] [ERROR] [] - MetricsCollector::Initialize(171): Check Failed: !IsConfigured() - Return: MetricResult_InvalidState
[2022-09-19 22:55:16,690] [18   ] [ERROR] [] - Failed to initialized metrics collector - error: 2
[2022-09-19 23:05:16,709] [19   ] [INFO ] [] - Initializing the metrics collector
[2022-09-19 23:05:16,712] [19   ] [ERROR] [] - MetricsCollector::Initialize(171): Check Failed: !IsConfigured() - Return: MetricResult_InvalidState
[2022-09-19 23:05:16,713] [19   ] [ERROR] [] - Failed to initialized metrics collector - error: 2
[2022-09-19 23:15:16,730] [20   ] [INFO ] [] - Initializing the metrics collector
[2022-09-19 23:15:16,735] [20   ] [ERROR] [] - MetricsCollector::Initialize(171): Check Failed: !IsConfigured() - Return: MetricResult_InvalidState
[2022-09-19 23:15:16,737] [20   ] [ERROR] [] - Failed to initialized metrics collector - error: 2
[2022-09-19 23:25:16,743] [21   ] [INFO ] [] - Initializing the metrics collector
[2022-09-19 23:25:16,745] [21   ] [ERROR] [] - MetricsCollector::Initialize(171): Check Failed: !IsConfigured() - Return: MetricResult_InvalidState
[2022-09-19 23:25:16,746] [21   ] [ERROR] [] - Failed to initialized metrics collector - error: 2
[2022-09-19 23:35:16,749] [23   ] [INFO ] [] - Initializing the metrics collector
[2022-09-19 23:35:16,751] [23   ] [ERROR] [] - MetricsCollector::Initialize(171): Check Failed: !IsConfigured() - Return: MetricResult_InvalidState
[2022-09-19 23:35:16,752] [23   ] [ERROR] [] - Failed to initialized metrics collector - error: 2
[2022-09-19 23:45:16,759] [22   ] [INFO ] [] - Initializing the metrics collector
[2022-09-19 23:45:16,761] [22   ] [ERROR] [] - MetricsCollector::Initialize(171): Check Failed: !IsConfigured() - Return: MetricResult_InvalidState
[2022-09-19 23:45:16,762] [22   ] [ERROR] [] - Failed to initialized metrics collector - error: 2
[2022-09-19 23:55:16,757] [24   ] [INFO ] [] - Initializing the metrics collector
[2022-09-19 23:55:16,760] [24   ] [ERROR] [] - MetricsCollector::Initialize(171): Check Failed: !IsConfigured() - Return: MetricResult_InvalidState
[2022-09-19 23:55:16,762] [24   ] [ERROR] [] - Failed to initialized metrics collector - error: 2
