[2023-03-02 23:37:02,307] [1    ] [INFO ] [] - ========== Box Edit v4.21.0.983 ==========
[2023-03-02 23:37:02,339] [1    ] [INFO ] [] - Command Line: "C:\Users\金田駿之介\AppData\Local\Box\Box Edit\Box Edit.exe" 
[2023-03-02 23:37:04,198] [1    ] [INFO ] [] - Getting DebugLogging value from CurrentUser
[2023-03-02 23:37:04,198] [1    ] [INFO ] [] - Working with debug logging OFF
[2023-03-02 23:37:04,323] [1    ] [INFO ] [] - Days to keep files in cache set to 7
[2023-03-02 23:37:05,650] [1    ] [INFO ] [] - LocalMachine RegistryKey not set
[2023-03-02 23:37:05,728] [1    ] [INFO ] [] - Initializing the metrics collector
[2023-03-02 23:37:05,760] [1    ] [WARN ] [] - MetricsCollector::UpdateConfiguration(374): UpdateConfiguration raised: unable to open database file
[2023-03-02 23:37:05,760] [1    ] [ERROR] [] - MetricsCollector::Initialize(238): Raised: unable to open database file
[2023-03-02 23:37:05,760] [1    ] [ERROR] [] - Failed to initialized metrics collector - error: 6
[2023-03-02 23:37:05,760] [1    ] [ERROR] [] - Could not set permissions to C:\Users\金田駿之介\AppData\Local\Box\Box Tools\Metrics\BoxTools_Metrics.db
[2023-03-02 23:37:05,760] [1    ] [ERROR] [] - FileSystemUtils.AddPermissionsToFile on line number [0]  System.IO.FileNotFoundException: C:\Users\金田駿之介\AppData\Local\Box\Box Tools\Metrics\BoxTools_Metrics.db
   場所 System.Security.AccessControl.NativeObjectSecurity.CreateInternal(ResourceType resourceType, Boolean isContainer, String name, SafeHandle handle, AccessControlSections includeSections, Boolean createByName, ExceptionFromErrorCode exceptionFromErrorCode, Object exceptionContext)
   場所 System.Security.AccessControl.FileSystemSecurity..ctor(Boolean isContainer, String name, AccessControlSections includeSections, Boolean isDirectory)
   場所 System.Security.AccessControl.FileSecurity..ctor(String fileName, AccessControlSections includeSections)
   場所 Box.Utilities.Util.FileSystemUtils.AddPermissionsToFile(String filePath, WellKnownSidType account, FileSystemRights permissions)
[2023-03-02 23:37:05,775] [6    ] [INFO ] [] - Checking for upgrades
[2023-03-02 23:37:05,775] [6    ] [INFO ] [] - ### File path for UpgradeState: C:\Users\金田駿之介\AppData\Local\Box\upgrade_state.json
[2023-03-02 23:37:05,869] [1    ] [INFO ] [] - Running pipe server using box_edit_pipe as pipe name
[2023-03-02 23:37:05,885] [1    ] [INFO ] [] - Initializing the metrics collector
[2023-03-02 23:37:05,885] [1    ] [ERROR] [] - MetricsCollector::Initialize(171): Check Failed: !IsConfigured() - Return: MetricResult_InvalidState
[2023-03-02 23:37:05,885] [1    ] [ERROR] [] - Failed to initialized metrics collector - error: 2
[2023-03-02 23:37:05,885] [1    ] [ERROR] [] - Could not set permissions to C:\Users\金田駿之介\AppData\Local\Box\Box Tools\Metrics\BoxTools_Metrics.db
[2023-03-02 23:37:05,885] [1    ] [ERROR] [] - FileSystemUtils.AddPermissionsToFile on line number [0]  System.IO.FileNotFoundException: C:\Users\金田駿之介\AppData\Local\Box\Box Tools\Metrics\BoxTools_Metrics.db
   場所 System.Security.AccessControl.NativeObjectSecurity.CreateInternal(ResourceType resourceType, Boolean isContainer, String name, SafeHandle handle, AccessControlSections includeSections, Boolean createByName, ExceptionFromErrorCode exceptionFromErrorCode, Object exceptionContext)
   場所 System.Security.AccessControl.FileSystemSecurity..ctor(Boolean isContainer, String name, AccessControlSections includeSections, Boolean isDirectory)
   場所 System.Security.AccessControl.FileSecurity..ctor(String fileName, AccessControlSections includeSections)
   場所 Box.Utilities.Util.FileSystemUtils.AddPermissionsToFile(String filePath, WellKnownSidType account, FileSystemRights permissions)
[2023-03-02 23:37:05,885] [1    ] [INFO ] [] - .NET Version: .NET Framework 4.8 (528372) - 4.0.30319.42000
[2023-03-02 23:37:05,900] [10   ] [INFO ] [] - Sending async metric DotNetVersion to Gen204 json endpoint.
[2023-03-02 23:37:06,150] [6    ] [INFO ] [] - Url used to upgrade: https://cdn07.boxcdn.net/BoxEditAutoupdate2.json
[2023-03-02 23:37:06,431] [6    ] [INFO ] [] - No track defined, checking against default track
[2023-03-02 23:37:06,431] [6    ] [INFO ] [] - RolloutID set to 44
[2023-03-02 23:37:06,431] [6    ] [INFO ] [] - No upgrade available
[2023-03-02 23:37:06,775] [10   ] [INFO ] [] - Metric ingestion endpoint response: NoContent
[2023-03-02 23:37:10,906] [8    ] [INFO ] [] - Initializing the metrics collector
[2023-03-02 23:37:10,906] [8    ] [ERROR] [] - MetricsCollector::Initialize(171): Check Failed: !IsConfigured() - Return: MetricResult_InvalidState
[2023-03-02 23:37:10,906] [8    ] [ERROR] [] - Failed to initialized metrics collector - error: 2
[2023-03-02 23:47:10,908] [10   ] [INFO ] [] - Initializing the metrics collector
[2023-03-02 23:47:10,909] [10   ] [ERROR] [] - MetricsCollector::Initialize(171): Check Failed: !IsConfigured() - Return: MetricResult_InvalidState
[2023-03-02 23:47:10,909] [10   ] [ERROR] [] - Failed to initialized metrics collector - error: 2
[2023-03-02 23:57:10,920] [9    ] [INFO ] [] - Initializing the metrics collector
[2023-03-02 23:57:10,922] [9    ] [ERROR] [] - MetricsCollector::Initialize(171): Check Failed: !IsConfigured() - Return: MetricResult_InvalidState
[2023-03-02 23:57:10,922] [9    ] [ERROR] [] - Failed to initialized metrics collector - error: 2
