[2024-03-30 18:19:14,080] [1    ] [INFO ] [] - ========== Box Edit v4.24.0.1029 ==========
[2024-03-30 18:19:14,220] [1    ] [INFO ] [] - Command Line: "C:\Users\金田駿之介\AppData\Local\Box\Box Edit\Box Edit.exe" 
[2024-03-30 18:19:21,138] [1    ] [INFO ] [] - Getting DebugLogging value from CurrentUser
[2024-03-30 18:19:21,140] [1    ] [INFO ] [] - Working with debug logging OFF
[2024-03-30 18:19:21,950] [1    ] [INFO ] [] - Days to keep files in cache set to 7
[2024-03-30 18:19:25,894] [1    ] [INFO ] [] - LocalMachine RegistryKey not set
[2024-03-30 18:19:26,935] [1    ] [INFO ] [] - DeviceId::CheckDeviceId(488): Starting DeviceId generator.
[2024-03-30 18:19:27,083] [1    ] [INFO ] [] - DeviceId::CheckDeviceId(515): Global mutex obtained. Start checking.
[2024-03-30 18:19:29,067] [1    ] [INFO ] [] - DeviceId::RestoreGlobalDeviceData(65): Failed reading global DeviceData from registry: Registry key "SOFTWARE\Box\DeviceId" not found.
[2024-03-30 18:19:29,500] [1    ] [INFO ] [] - DeviceId::RestoreAndValidateLocalProperites(389): Restored local DeviceId
[2024-03-30 18:19:29,501] [1    ] [INFO ] [] - DeviceId::RestoreAndValidateLocalProperites(393): Restored local DeviceData
[2024-03-30 18:19:29,501] [1    ] [INFO ] [] - DeviceId::PerformChecking(452): Checking DeviceData.
[2024-03-30 18:19:29,541] [1    ] [INFO ] [] - DeviceId::PerformChecking(453): DeviceData read from registry: {"ComputerSystemProductUUID":"B4C5DFD1-4333-1CB6-C49D-A3067E9A232A","Version":1}
[2024-03-30 18:19:29,542] [1    ] [INFO ] [] - DeviceId::PerformChecking(454): Generated DeviceData: {"ComputerSystemProductUUID":"B4C5DFD1-4333-1CB6-C49D-A3067E9A232A","Version":1}
[2024-03-30 18:19:30,003] [1    ] [INFO ] [] - Initializing the metrics collector
[2024-03-30 18:19:30,053] [1    ] [WARN ] [] - MetricsCollector::UpdateConfiguration(374): UpdateConfiguration raised: unable to open database file
[2024-03-30 18:19:30,053] [1    ] [ERROR] [] - MetricsCollector::Initialize(238): Raised: unable to open database file
[2024-03-30 18:19:30,056] [1    ] [ERROR] [] - Failed to initialized metrics collector - error: 6
[2024-03-30 18:19:30,084] [9    ] [INFO ] [] - .NET Version - installed 533325, expected: 528040
[2024-03-30 18:19:30,085] [9    ] [INFO ] [] - result: True
[2024-03-30 18:19:30,085] [9    ] [INFO ] [] - Checking for upgrades
[2024-03-30 18:19:30,099] [9    ] [INFO ] [] - ### File path for UpgradeState: C:\Users\金田駿之介\AppData\Local\Box\upgrade_state.json
[2024-03-30 18:19:30,206] [1    ] [INFO ] [] - Running pipe server using box_edit_pipe as pipe name
[2024-03-30 18:19:30,275] [1    ] [INFO ] [] - Initializing the metrics collector
[2024-03-30 18:19:30,276] [1    ] [ERROR] [] - MetricsCollector::Initialize(171): Check Failed: !IsConfigured() - Return: MetricResult_InvalidState
[2024-03-30 18:19:30,276] [1    ] [ERROR] [] - Failed to initialized metrics collector - error: 2
[2024-03-30 18:19:30,282] [1    ] [INFO ] [] - .NET Version: unknown (533325) - 4.0.30319.42000
[2024-03-30 18:19:30,326] [14   ] [INFO ] [] - Sending async metric DotNetVersion to Gen204 json endpoint.
[2024-03-30 18:19:30,845] [9    ] [INFO ] [] - Url used to upgrade: https://cdn07.boxcdn.net/BoxEditAutoupdate2.json
[2024-03-30 18:19:35,342] [7    ] [INFO ] [] - Initializing the metrics collector
[2024-03-30 18:19:35,342] [7    ] [ERROR] [] - MetricsCollector::Initialize(171): Check Failed: !IsConfigured() - Return: MetricResult_InvalidState
[2024-03-30 18:19:35,343] [7    ] [ERROR] [] - Failed to initialized metrics collector - error: 2
[2024-03-30 18:19:52,406] [9    ] [INFO ] [] - ### current version track name: 4.24.0
[2024-03-30 18:19:52,407] [9    ] [WARN ] [] - Track 4.24.0 not found
[2024-03-30 18:19:52,408] [9    ] [INFO ] [] - Track default for upgrade found
[2024-03-30 18:19:52,411] [9    ] [INFO ] [] - RolloutID set to 73
[2024-03-30 18:19:52,411] [9    ] [INFO ] [] - Not upgrading because RolloutID is not in range
[2024-03-30 18:19:52,502] [14   ] [INFO ] [] - Metric ingestion endpoint response: NoContent
[2024-03-30 18:29:35,316] [7    ] [INFO ] [] - Initializing the metrics collector
[2024-03-30 18:29:35,326] [7    ] [ERROR] [] - MetricsCollector::Initialize(171): Check Failed: !IsConfigured() - Return: MetricResult_InvalidState
[2024-03-30 18:29:35,326] [7    ] [ERROR] [] - Failed to initialized metrics collector - error: 2
[2024-03-30 18:39:35,314] [16   ] [INFO ] [] - Initializing the metrics collector
[2024-03-30 18:39:35,314] [16   ] [ERROR] [] - MetricsCollector::Initialize(171): Check Failed: !IsConfigured() - Return: MetricResult_InvalidState
[2024-03-30 18:39:35,314] [16   ] [ERROR] [] - Failed to initialized metrics collector - error: 2
[2024-03-30 18:49:35,326] [13   ] [INFO ] [] - Initializing the metrics collector
[2024-03-30 18:49:35,326] [13   ] [ERROR] [] - MetricsCollector::Initialize(171): Check Failed: !IsConfigured() - Return: MetricResult_InvalidState
[2024-03-30 18:49:35,326] [13   ] [ERROR] [] - Failed to initialized metrics collector - error: 2
[2024-03-30 19:07:47,468] [19   ] [INFO ] [] - Initializing the metrics collector
[2024-03-30 19:07:47,468] [19   ] [ERROR] [] - MetricsCollector::Initialize(171): Check Failed: !IsConfigured() - Return: MetricResult_InvalidState
[2024-03-30 19:07:47,468] [19   ] [ERROR] [] - Failed to initialized metrics collector - error: 2
[2024-03-30 19:17:47,493] [21   ] [INFO ] [] - Initializing the metrics collector
[2024-03-30 19:17:47,494] [21   ] [ERROR] [] - MetricsCollector::Initialize(171): Check Failed: !IsConfigured() - Return: MetricResult_InvalidState
[2024-03-30 19:17:47,495] [21   ] [ERROR] [] - Failed to initialized metrics collector - error: 2
[2024-03-30 19:27:47,496] [25   ] [INFO ] [] - Initializing the metrics collector
[2024-03-30 19:27:47,496] [25   ] [ERROR] [] - MetricsCollector::Initialize(171): Check Failed: !IsConfigured() - Return: MetricResult_InvalidState
[2024-03-30 19:27:47,496] [25   ] [ERROR] [] - Failed to initialized metrics collector - error: 2
[2024-03-30 19:37:47,513] [27   ] [INFO ] [] - Initializing the metrics collector
[2024-03-30 19:37:47,513] [27   ] [ERROR] [] - MetricsCollector::Initialize(171): Check Failed: !IsConfigured() - Return: MetricResult_InvalidState
[2024-03-30 19:37:47,513] [27   ] [ERROR] [] - Failed to initialized metrics collector - error: 2
[2024-03-30 19:47:47,529] [22   ] [INFO ] [] - Initializing the metrics collector
[2024-03-30 19:47:47,529] [22   ] [ERROR] [] - MetricsCollector::Initialize(171): Check Failed: !IsConfigured() - Return: MetricResult_InvalidState
[2024-03-30 19:47:47,529] [22   ] [ERROR] [] - Failed to initialized metrics collector - error: 2
[2024-03-30 19:57:47,578] [17   ] [INFO ] [] - Initializing the metrics collector
[2024-03-30 19:57:47,582] [17   ] [ERROR] [] - MetricsCollector::Initialize(171): Check Failed: !IsConfigured() - Return: MetricResult_InvalidState
[2024-03-30 19:57:47,584] [17   ] [ERROR] [] - Failed to initialized metrics collector - error: 2
[2024-03-30 20:07:47,600] [14   ] [INFO ] [] - Initializing the metrics collector
[2024-03-30 20:07:47,630] [14   ] [ERROR] [] - MetricsCollector::Initialize(171): Check Failed: !IsConfigured() - Return: MetricResult_InvalidState
[2024-03-30 20:07:47,632] [14   ] [ERROR] [] - Failed to initialized metrics collector - error: 2
[2024-03-30 20:17:47,632] [22   ] [INFO ] [] - Initializing the metrics collector
[2024-03-30 20:17:47,639] [22   ] [ERROR] [] - MetricsCollector::Initialize(171): Check Failed: !IsConfigured() - Return: MetricResult_InvalidState
[2024-03-30 20:17:47,641] [22   ] [ERROR] [] - Failed to initialized metrics collector - error: 2
[2024-03-30 20:27:47,635] [27   ] [INFO ] [] - Initializing the metrics collector
[2024-03-30 20:27:47,636] [27   ] [ERROR] [] - MetricsCollector::Initialize(171): Check Failed: !IsConfigured() - Return: MetricResult_InvalidState
[2024-03-30 20:27:47,637] [27   ] [ERROR] [] - Failed to initialized metrics collector - error: 2
[2024-03-30 20:37:47,647] [23   ] [INFO ] [] - Initializing the metrics collector
[2024-03-30 20:37:47,648] [23   ] [ERROR] [] - MetricsCollector::Initialize(171): Check Failed: !IsConfigured() - Return: MetricResult_InvalidState
[2024-03-30 20:37:47,649] [23   ] [ERROR] [] - Failed to initialized metrics collector - error: 2
[2024-03-30 20:47:47,707] [21   ] [INFO ] [] - Initializing the metrics collector
[2024-03-30 20:47:47,708] [21   ] [ERROR] [] - MetricsCollector::Initialize(171): Check Failed: !IsConfigured() - Return: MetricResult_InvalidState
[2024-03-30 20:47:47,711] [21   ] [ERROR] [] - Failed to initialized metrics collector - error: 2
[2024-03-30 20:57:47,718] [19   ] [INFO ] [] - Initializing the metrics collector
[2024-03-30 20:57:47,719] [19   ] [ERROR] [] - MetricsCollector::Initialize(171): Check Failed: !IsConfigured() - Return: MetricResult_InvalidState
[2024-03-30 20:57:47,720] [19   ] [ERROR] [] - Failed to initialized metrics collector - error: 2
[2024-03-30 21:07:47,780] [18   ] [INFO ] [] - Initializing the metrics collector
[2024-03-30 21:07:47,782] [18   ] [ERROR] [] - MetricsCollector::Initialize(171): Check Failed: !IsConfigured() - Return: MetricResult_InvalidState
[2024-03-30 21:07:47,782] [18   ] [ERROR] [] - Failed to initialized metrics collector - error: 2
[2024-03-30 21:17:47,832] [9    ] [INFO ] [] - Initializing the metrics collector
[2024-03-30 21:17:47,835] [9    ] [ERROR] [] - MetricsCollector::Initialize(171): Check Failed: !IsConfigured() - Return: MetricResult_InvalidState
[2024-03-30 21:17:47,838] [9    ] [ERROR] [] - Failed to initialized metrics collector - error: 2
[2024-03-30 21:27:47,839] [9    ] [INFO ] [] - Initializing the metrics collector
[2024-03-30 21:27:47,848] [9    ] [ERROR] [] - MetricsCollector::Initialize(171): Check Failed: !IsConfigured() - Return: MetricResult_InvalidState
[2024-03-30 21:27:47,851] [9    ] [ERROR] [] - Failed to initialized metrics collector - error: 2
[2024-03-30 21:37:47,838] [19   ] [INFO ] [] - Initializing the metrics collector
[2024-03-30 21:37:47,838] [19   ] [ERROR] [] - MetricsCollector::Initialize(171): Check Failed: !IsConfigured() - Return: MetricResult_InvalidState
[2024-03-30 21:37:47,838] [19   ] [ERROR] [] - Failed to initialized metrics collector - error: 2
[2024-03-30 21:47:47,867] [13   ] [INFO ] [] - Initializing the metrics collector
[2024-03-30 21:47:47,872] [13   ] [ERROR] [] - MetricsCollector::Initialize(171): Check Failed: !IsConfigured() - Return: MetricResult_InvalidState
[2024-03-30 21:47:47,872] [13   ] [ERROR] [] - Failed to initialized metrics collector - error: 2
