[2023-10-05 12:45:15,446] [1    ] [INFO ] [] - ========== Box Edit v4.23.0.1013 ==========
[2023-10-05 12:45:15,484] [1    ] [INFO ] [] - Command Line: "C:\Users\金田駿之介\AppData\Local\Box\Box Edit\Box Edit.exe" 
[2023-10-05 12:45:16,886] [1    ] [INFO ] [] - Getting DebugLogging value from CurrentUser
[2023-10-05 12:45:16,886] [1    ] [INFO ] [] - Working with debug logging OFF
[2023-10-05 12:45:16,976] [1    ] [INFO ] [] - Days to keep files in cache set to 7
[2023-10-05 12:45:17,406] [1    ] [INFO ] [] - LocalMachine RegistryKey not set
[2023-10-05 12:45:17,460] [1    ] [INFO ] [] - DeviceId::CheckDeviceId(488): Starting DeviceId generator.
[2023-10-05 12:45:17,460] [1    ] [INFO ] [] - DeviceId::CheckDeviceId(515): Global mutex obtained. Start checking.
[2023-10-05 12:45:17,622] [1    ] [INFO ] [] - DeviceId::RestoreGlobalDeviceData(65): Failed reading global DeviceData from registry: Registry key "SOFTWARE\Box\DeviceId" not found.
[2023-10-05 12:45:17,707] [1    ] [INFO ] [] - DeviceId::RestoreAndValidateLocalProperites(389): Restored local DeviceId
[2023-10-05 12:45:17,707] [1    ] [INFO ] [] - DeviceId::RestoreAndValidateLocalProperites(393): Restored local DeviceData
[2023-10-05 12:45:17,707] [1    ] [INFO ] [] - DeviceId::PerformChecking(452): Checking DeviceData.
[2023-10-05 12:45:17,723] [1    ] [INFO ] [] - DeviceId::PerformChecking(453): DeviceData read from registry: {"ComputerSystemProductUUID":"B4C5DFD1-4333-1CB6-C49D-A3067E9A232A","Version":1}
[2023-10-05 12:45:17,723] [1    ] [INFO ] [] - DeviceId::PerformChecking(454): Generated DeviceData: {"ComputerSystemProductUUID":"B4C5DFD1-4333-1CB6-C49D-A3067E9A232A","Version":1}
[2023-10-05 12:45:17,745] [1    ] [INFO ] [] - Initializing the metrics collector
[2023-10-05 12:45:17,760] [1    ] [WARN ] [] - MetricsCollector::UpdateConfiguration(374): UpdateConfiguration raised: unable to open database file
[2023-10-05 12:45:17,760] [1    ] [ERROR] [] - MetricsCollector::Initialize(238): Raised: unable to open database file
[2023-10-05 12:45:17,760] [1    ] [ERROR] [] - Failed to initialized metrics collector - error: 6
[2023-10-05 12:45:17,776] [1    ] [ERROR] [] - Could not set permissions to C:\Users\金田駿之介\AppData\Local\Box\Box Tools\Metrics\BoxTools_Metrics.db
[2023-10-05 12:45:17,776] [1    ] [ERROR] [] - FileSystemUtils.AddPermissionsToFile on line number [0]  System.IO.FileNotFoundException: C:\Users\金田駿之介\AppData\Local\Box\Box Tools\Metrics\BoxTools_Metrics.db
   場所 System.Security.AccessControl.NativeObjectSecurity.CreateInternal(ResourceType resourceType, Boolean isContainer, String name, SafeHandle handle, AccessControlSections includeSections, Boolean createByName, ExceptionFromErrorCode exceptionFromErrorCode, Object exceptionContext)
   場所 System.Security.AccessControl.FileSystemSecurity..ctor(Boolean isContainer, String name, AccessControlSections includeSections, Boolean isDirectory)
   場所 System.Security.AccessControl.FileSecurity..ctor(String fileName, AccessControlSections includeSections)
   場所 Box.Utilities.Util.FileSystemUtils.AddPermissionsToFile(String filePath, WellKnownSidType account, FileSystemRights permissions)
[2023-10-05 12:45:17,792] [9    ] [INFO ] [] - .NET Version - installed 533325, expected: 528040
[2023-10-05 12:45:17,792] [9    ] [INFO ] [] - result: True
[2023-10-05 12:45:17,792] [9    ] [INFO ] [] - Checking for upgrades
[2023-10-05 12:45:17,807] [9    ] [INFO ] [] - ### File path for UpgradeState: C:\Users\金田駿之介\AppData\Local\Box\upgrade_state.json
[2023-10-05 12:45:17,861] [1    ] [INFO ] [] - Running pipe server using box_edit_pipe as pipe name
[2023-10-05 12:45:17,861] [1    ] [INFO ] [] - Initializing the metrics collector
[2023-10-05 12:45:17,861] [1    ] [ERROR] [] - MetricsCollector::Initialize(171): Check Failed: !IsConfigured() - Return: MetricResult_InvalidState
[2023-10-05 12:45:17,861] [1    ] [ERROR] [] - Failed to initialized metrics collector - error: 2
[2023-10-05 12:45:17,876] [1    ] [ERROR] [] - Could not set permissions to C:\Users\金田駿之介\AppData\Local\Box\Box Tools\Metrics\BoxTools_Metrics.db
[2023-10-05 12:45:17,876] [1    ] [ERROR] [] - FileSystemUtils.AddPermissionsToFile on line number [0]  System.IO.FileNotFoundException: C:\Users\金田駿之介\AppData\Local\Box\Box Tools\Metrics\BoxTools_Metrics.db
   場所 System.Security.AccessControl.NativeObjectSecurity.CreateInternal(ResourceType resourceType, Boolean isContainer, String name, SafeHandle handle, AccessControlSections includeSections, Boolean createByName, ExceptionFromErrorCode exceptionFromErrorCode, Object exceptionContext)
   場所 System.Security.AccessControl.FileSystemSecurity..ctor(Boolean isContainer, String name, AccessControlSections includeSections, Boolean isDirectory)
   場所 System.Security.AccessControl.FileSecurity..ctor(String fileName, AccessControlSections includeSections)
   場所 Box.Utilities.Util.FileSystemUtils.AddPermissionsToFile(String filePath, WellKnownSidType account, FileSystemRights permissions)
[2023-10-05 12:45:17,876] [1    ] [INFO ] [] - .NET Version: unknown (533325) - 4.0.30319.42000
[2023-10-05 12:45:17,892] [13   ] [INFO ] [] - Sending async metric DotNetVersion to Gen204 json endpoint.
[2023-10-05 12:45:18,077] [9    ] [INFO ] [] - Url used to upgrade: https://cdn07.boxcdn.net/BoxEditAutoupdate2.json
[2023-10-05 12:45:18,286] [9    ] [INFO ] [] - ### current version track name: 4.23.0
[2023-10-05 12:45:18,286] [9    ] [WARN ] [] - Track 4.23.0 not found
[2023-10-05 12:45:18,286] [9    ] [INFO ] [] - Track default for upgrade found
[2023-10-05 12:45:18,286] [9    ] [INFO ] [] - RolloutID set to 42
[2023-10-05 12:45:18,286] [9    ] [INFO ] [] - Newer version found 4.24.0.1029
[2023-10-05 12:45:18,302] [9    ] [INFO ] [] - Download of upgrade https://e3.boxcdn.net/boxedit/upgrades/win/BoxToolsInstaller-UserUpgrade-4.24.0.1029.msi.zip to C:\Users\金田駿之介\AppData\Local\Temp\Box\BoxTools\Installer\BoxToolsUpgrade.msi.zip completed
[2023-10-05 12:45:18,317] [9    ] [INFO ] [] - ### File path for UpgradeState: C:\Users\金田駿之介\AppData\Local\Box\upgrade_state.json
[2023-10-05 12:45:18,449] [13   ] [INFO ] [] - Metric ingestion endpoint response: NoContent
[2023-10-05 12:45:21,650] [13   ] [INFO ] [] - SHA1 - expected: 51b6f42deb06879e547d870be591d89426b8c9d2, received: 51b6f42deb06879e547d870be591d89426b8c9d2
[2023-10-05 12:45:21,650] [13   ] [INFO ] [] - Upgrade downloaded correctly and passed SHA1 verification
[2023-10-05 12:45:21,828] [13   ] [INFO ] [] - Upgrade extracted
[2023-10-05 12:45:22,926] [11   ] [INFO ] [] - Initializing the metrics collector
[2023-10-05 12:45:22,926] [11   ] [ERROR] [] - MetricsCollector::Initialize(171): Check Failed: !IsConfigured() - Return: MetricResult_InvalidState
[2023-10-05 12:45:22,926] [11   ] [ERROR] [] - Failed to initialized metrics collector - error: 2
[2023-10-05 12:45:36,738] [13   ] [INFO ] [] - Installing upgrade
[2023-10-05 12:45:36,846] [13   ] [INFO ] [] - ### File path for UpgradeState: C:\Users\金田駿之介\AppData\Local\Box\upgrade_state.json
[2023-10-05 12:45:36,924] [13   ] [INFO ] [] - Recorded AU metric.
[2023-10-05 12:45:36,924] [21   ] [INFO ] [] - Initializing the metrics collector
[2023-10-05 12:45:36,924] [13   ] [INFO ] [] - ### File path for UpgradeState: C:\Users\金田駿之介\AppData\Local\Box\upgrade_state.json
[2023-10-05 12:45:36,924] [21   ] [ERROR] [] - MetricsCollector::Initialize(171): Check Failed: !IsConfigured() - Return: MetricResult_InvalidState
[2023-10-05 12:45:36,924] [21   ] [ERROR] [] - Failed to initialized metrics collector - error: 2
[2023-10-05 12:45:36,924] [21   ] [INFO ] [] - Recording metric - name: plugins_metrics_autoupgrade
[2023-10-05 12:46:18,427] [1    ] [INFO ] [] - ========== Box Edit v4.24.0.1029 ==========
[2023-10-05 12:46:18,449] [1    ] [INFO ] [] - Command Line: "C:\Users\金田駿之介\AppData\Local\Box\Box Edit\Box Edit.exe"
[2023-10-05 12:46:20,875] [1    ] [INFO ] [] - Getting DebugLogging value from CurrentUser
[2023-10-05 12:46:20,880] [1    ] [INFO ] [] - Working with debug logging OFF
[2023-10-05 12:46:21,007] [1    ] [INFO ] [] - Days to keep files in cache set to 7
[2023-10-05 12:46:21,242] [1    ] [INFO ] [] - LocalMachine RegistryKey not set
[2023-10-05 12:46:21,535] [1    ] [INFO ] [] - DeviceId::CheckDeviceId(488): Starting DeviceId generator.
[2023-10-05 12:46:21,538] [1    ] [INFO ] [] - DeviceId::CheckDeviceId(515): Global mutex obtained. Start checking.
[2023-10-05 12:46:21,667] [1    ] [INFO ] [] - DeviceId::RestoreGlobalDeviceData(65): Failed reading global DeviceData from registry: Registry key "SOFTWARE\Box\DeviceId" not found.
[2023-10-05 12:46:21,719] [1    ] [INFO ] [] - DeviceId::RestoreAndValidateLocalProperites(389): Restored local DeviceId
[2023-10-05 12:46:21,720] [1    ] [INFO ] [] - DeviceId::RestoreAndValidateLocalProperites(393): Restored local DeviceData
[2023-10-05 12:46:21,720] [1    ] [INFO ] [] - DeviceId::PerformChecking(452): Checking DeviceData.
[2023-10-05 12:46:21,723] [1    ] [INFO ] [] - DeviceId::PerformChecking(453): DeviceData read from registry: {"ComputerSystemProductUUID":"B4C5DFD1-4333-1CB6-C49D-A3067E9A232A","Version":1}
[2023-10-05 12:46:21,723] [1    ] [INFO ] [] - DeviceId::PerformChecking(454): Generated DeviceData: {"ComputerSystemProductUUID":"B4C5DFD1-4333-1CB6-C49D-A3067E9A232A","Version":1}
[2023-10-05 12:46:21,749] [1    ] [INFO ] [] - Initializing the metrics collector
[2023-10-05 12:46:23,027] [1    ] [WARN ] [] - MetricsCollector::UpdateConfiguration(374): UpdateConfiguration raised: unable to open database file
[2023-10-05 12:46:23,031] [1    ] [ERROR] [] - MetricsCollector::Initialize(238): Raised: unable to open database file
[2023-10-05 12:46:23,031] [1    ] [ERROR] [] - Failed to initialized metrics collector - error: 6
[2023-10-05 12:46:23,044] [9    ] [INFO ] [] - .NET Version - installed 533325, expected: 528040
[2023-10-05 12:46:23,047] [9    ] [INFO ] [] - result: True
[2023-10-05 12:46:23,048] [9    ] [INFO ] [] - Checking for upgrades
[2023-10-05 12:46:23,063] [9    ] [INFO ] [] - ### File path for UpgradeState: C:\Users\金田駿之介\AppData\Local\Box\upgrade_state.json
[2023-10-05 12:46:23,235] [1    ] [INFO ] [] - Running pipe server using box_edit_pipe as pipe name
[2023-10-05 12:46:23,244] [1    ] [INFO ] [] - Initializing the metrics collector
[2023-10-05 12:46:23,245] [1    ] [ERROR] [] - MetricsCollector::Initialize(171): Check Failed: !IsConfigured() - Return: MetricResult_InvalidState
[2023-10-05 12:46:23,245] [1    ] [ERROR] [] - Failed to initialized metrics collector - error: 2
[2023-10-05 12:46:23,258] [1    ] [INFO ] [] - .NET Version: unknown (533325) - 4.0.30319.42000
[2023-10-05 12:46:23,277] [13   ] [INFO ] [] - Sending async metric DotNetVersion to Gen204 json endpoint.
[2023-10-05 12:46:23,494] [9    ] [INFO ] [] - Url used to upgrade: https://cdn07.boxcdn.net/BoxEditAutoupdate2.json
[2023-10-05 12:46:23,678] [9    ] [INFO ] [] - ### current version track name: 4.24.0
[2023-10-05 12:46:23,680] [9    ] [WARN ] [] - Track 4.24.0 not found
[2023-10-05 12:46:23,681] [9    ] [INFO ] [] - Track default for upgrade found
[2023-10-05 12:46:23,682] [9    ] [INFO ] [] - RolloutID set to 73
[2023-10-05 12:46:23,682] [9    ] [INFO ] [] - No upgrade available
[2023-10-05 12:46:23,968] [13   ] [INFO ] [] - Metric ingestion endpoint response: NoContent
[2023-10-05 12:46:28,253] [10   ] [INFO ] [] - Initializing the metrics collector
[2023-10-05 12:46:28,253] [10   ] [ERROR] [] - MetricsCollector::Initialize(171): Check Failed: !IsConfigured() - Return: MetricResult_InvalidState
[2023-10-05 12:46:28,253] [10   ] [ERROR] [] - Failed to initialized metrics collector - error: 2
[2023-10-05 12:56:28,267] [19   ] [INFO ] [] - Initializing the metrics collector
[2023-10-05 12:56:28,267] [19   ] [ERROR] [] - MetricsCollector::Initialize(171): Check Failed: !IsConfigured() - Return: MetricResult_InvalidState
[2023-10-05 12:56:28,268] [19   ] [ERROR] [] - Failed to initialized metrics collector - error: 2
[2023-10-05 13:06:28,272] [8    ] [INFO ] [] - Initializing the metrics collector
[2023-10-05 13:06:28,272] [8    ] [ERROR] [] - MetricsCollector::Initialize(171): Check Failed: !IsConfigured() - Return: MetricResult_InvalidState
[2023-10-05 13:06:28,275] [8    ] [ERROR] [] - Failed to initialized metrics collector - error: 2
[2023-10-05 13:16:28,280] [22   ] [INFO ] [] - Initializing the metrics collector
[2023-10-05 13:16:28,280] [22   ] [ERROR] [] - MetricsCollector::Initialize(171): Check Failed: !IsConfigured() - Return: MetricResult_InvalidState
[2023-10-05 13:16:28,280] [22   ] [ERROR] [] - Failed to initialized metrics collector - error: 2
[2023-10-05 13:26:28,300] [23   ] [INFO ] [] - Initializing the metrics collector
[2023-10-05 13:26:28,300] [23   ] [ERROR] [] - MetricsCollector::Initialize(171): Check Failed: !IsConfigured() - Return: MetricResult_InvalidState
[2023-10-05 13:26:28,300] [23   ] [ERROR] [] - Failed to initialized metrics collector - error: 2
[2023-10-05 13:36:28,302] [24   ] [INFO ] [] - Initializing the metrics collector
[2023-10-05 13:36:28,304] [24   ] [ERROR] [] - MetricsCollector::Initialize(171): Check Failed: !IsConfigured() - Return: MetricResult_InvalidState
[2023-10-05 13:36:28,305] [24   ] [ERROR] [] - Failed to initialized metrics collector - error: 2
[2023-10-05 13:46:28,320] [25   ] [INFO ] [] - Initializing the metrics collector
[2023-10-05 13:46:28,321] [25   ] [ERROR] [] - MetricsCollector::Initialize(171): Check Failed: !IsConfigured() - Return: MetricResult_InvalidState
[2023-10-05 13:46:28,323] [25   ] [ERROR] [] - Failed to initialized metrics collector - error: 2
[2023-10-05 15:01:33,838] [26   ] [INFO ] [] - Initializing the metrics collector
[2023-10-05 15:01:33,841] [26   ] [ERROR] [] - MetricsCollector::Initialize(171): Check Failed: !IsConfigured() - Return: MetricResult_InvalidState
[2023-10-05 15:01:33,842] [26   ] [ERROR] [] - Failed to initialized metrics collector - error: 2
[2023-10-05 15:11:33,852] [21   ] [INFO ] [] - Initializing the metrics collector
[2023-10-05 15:11:33,852] [21   ] [ERROR] [] - MetricsCollector::Initialize(171): Check Failed: !IsConfigured() - Return: MetricResult_InvalidState
[2023-10-05 15:11:33,852] [21   ] [ERROR] [] - Failed to initialized metrics collector - error: 2
[2023-10-05 15:21:33,857] [20   ] [INFO ] [] - Initializing the metrics collector
[2023-10-05 15:21:33,858] [20   ] [ERROR] [] - MetricsCollector::Initialize(171): Check Failed: !IsConfigured() - Return: MetricResult_InvalidState
[2023-10-05 15:21:33,859] [20   ] [ERROR] [] - Failed to initialized metrics collector - error: 2
[2023-10-05 15:31:33,873] [27   ] [INFO ] [] - Initializing the metrics collector
[2023-10-05 15:31:33,875] [27   ] [ERROR] [] - MetricsCollector::Initialize(171): Check Failed: !IsConfigured() - Return: MetricResult_InvalidState
[2023-10-05 15:31:33,875] [27   ] [ERROR] [] - Failed to initialized metrics collector - error: 2
[2023-10-05 15:41:33,887] [28   ] [INFO ] [] - Initializing the metrics collector
[2023-10-05 15:41:33,889] [28   ] [ERROR] [] - MetricsCollector::Initialize(171): Check Failed: !IsConfigured() - Return: MetricResult_InvalidState
[2023-10-05 15:41:33,890] [28   ] [ERROR] [] - Failed to initialized metrics collector - error: 2
[2023-10-05 17:02:18,333] [30   ] [INFO ] [] - Initializing the metrics collector
[2023-10-05 17:02:18,335] [30   ] [ERROR] [] - MetricsCollector::Initialize(171): Check Failed: !IsConfigured() - Return: MetricResult_InvalidState
[2023-10-05 17:02:18,336] [30   ] [ERROR] [] - Failed to initialized metrics collector - error: 2
[2023-10-05 17:12:18,349] [31   ] [INFO ] [] - Initializing the metrics collector
[2023-10-05 17:12:18,352] [31   ] [ERROR] [] - MetricsCollector::Initialize(171): Check Failed: !IsConfigured() - Return: MetricResult_InvalidState
[2023-10-05 17:12:18,352] [31   ] [ERROR] [] - Failed to initialized metrics collector - error: 2
[2023-10-05 17:22:18,364] [32   ] [INFO ] [] - Initializing the metrics collector
[2023-10-05 17:22:18,366] [32   ] [ERROR] [] - MetricsCollector::Initialize(171): Check Failed: !IsConfigured() - Return: MetricResult_InvalidState
[2023-10-05 17:22:18,366] [32   ] [ERROR] [] - Failed to initialized metrics collector - error: 2
[2023-10-05 17:32:18,380] [29   ] [INFO ] [] - Initializing the metrics collector
[2023-10-05 17:32:18,382] [29   ] [ERROR] [] - MetricsCollector::Initialize(171): Check Failed: !IsConfigured() - Return: MetricResult_InvalidState
[2023-10-05 17:32:18,384] [29   ] [ERROR] [] - Failed to initialized metrics collector - error: 2
[2023-10-05 17:42:18,385] [33   ] [INFO ] [] - Initializing the metrics collector
[2023-10-05 17:42:18,387] [33   ] [ERROR] [] - MetricsCollector::Initialize(171): Check Failed: !IsConfigured() - Return: MetricResult_InvalidState
[2023-10-05 17:42:18,387] [33   ] [ERROR] [] - Failed to initialized metrics collector - error: 2
[2023-10-05 17:52:18,394] [34   ] [INFO ] [] - Initializing the metrics collector
[2023-10-05 17:52:18,395] [34   ] [ERROR] [] - MetricsCollector::Initialize(171): Check Failed: !IsConfigured() - Return: MetricResult_InvalidState
[2023-10-05 17:52:18,396] [34   ] [ERROR] [] - Failed to initialized metrics collector - error: 2
[2023-10-05 18:02:18,409] [35   ] [INFO ] [] - Initializing the metrics collector
[2023-10-05 18:02:18,411] [35   ] [ERROR] [] - MetricsCollector::Initialize(171): Check Failed: !IsConfigured() - Return: MetricResult_InvalidState
[2023-10-05 18:02:18,411] [35   ] [ERROR] [] - Failed to initialized metrics collector - error: 2
[2023-10-05 18:12:18,420] [36   ] [INFO ] [] - Initializing the metrics collector
[2023-10-05 18:12:18,427] [36   ] [ERROR] [] - MetricsCollector::Initialize(171): Check Failed: !IsConfigured() - Return: MetricResult_InvalidState
[2023-10-05 18:12:18,428] [36   ] [ERROR] [] - Failed to initialized metrics collector - error: 2
[2023-10-05 18:22:18,424] [38   ] [INFO ] [] - Initializing the metrics collector
[2023-10-05 18:22:18,426] [38   ] [ERROR] [] - MetricsCollector::Initialize(171): Check Failed: !IsConfigured() - Return: MetricResult_InvalidState
[2023-10-05 18:22:18,426] [38   ] [ERROR] [] - Failed to initialized metrics collector - error: 2
[2023-10-05 18:32:18,439] [40   ] [INFO ] [] - Initializing the metrics collector
[2023-10-05 18:32:18,440] [40   ] [ERROR] [] - MetricsCollector::Initialize(171): Check Failed: !IsConfigured() - Return: MetricResult_InvalidState
[2023-10-05 18:32:18,441] [40   ] [ERROR] [] - Failed to initialized metrics collector - error: 2
[2023-10-05 18:42:18,455] [41   ] [INFO ] [] - Initializing the metrics collector
[2023-10-05 18:42:18,456] [41   ] [ERROR] [] - MetricsCollector::Initialize(171): Check Failed: !IsConfigured() - Return: MetricResult_InvalidState
[2023-10-05 18:42:18,456] [41   ] [ERROR] [] - Failed to initialized metrics collector - error: 2
[2023-10-05 18:52:18,470] [42   ] [INFO ] [] - Initializing the metrics collector
[2023-10-05 18:52:18,471] [42   ] [ERROR] [] - MetricsCollector::Initialize(171): Check Failed: !IsConfigured() - Return: MetricResult_InvalidState
[2023-10-05 18:52:18,471] [42   ] [ERROR] [] - Failed to initialized metrics collector - error: 2
[2023-10-05 19:02:18,486] [39   ] [INFO ] [] - Initializing the metrics collector
[2023-10-05 19:02:18,487] [39   ] [ERROR] [] - MetricsCollector::Initialize(171): Check Failed: !IsConfigured() - Return: MetricResult_InvalidState
[2023-10-05 19:02:18,487] [39   ] [ERROR] [] - Failed to initialized metrics collector - error: 2
[2023-10-05 19:12:18,501] [43   ] [INFO ] [] - Initializing the metrics collector
[2023-10-05 19:12:18,503] [43   ] [ERROR] [] - MetricsCollector::Initialize(171): Check Failed: !IsConfigured() - Return: MetricResult_InvalidState
[2023-10-05 19:12:18,504] [43   ] [ERROR] [] - Failed to initialized metrics collector - error: 2
[2023-10-05 19:22:18,516] [45   ] [INFO ] [] - Initializing the metrics collector
[2023-10-05 19:22:18,519] [45   ] [ERROR] [] - MetricsCollector::Initialize(171): Check Failed: !IsConfigured() - Return: MetricResult_InvalidState
[2023-10-05 19:22:18,521] [45   ] [ERROR] [] - Failed to initialized metrics collector - error: 2
[2023-10-05 19:32:18,516] [44   ] [INFO ] [] - Initializing the metrics collector
[2023-10-05 19:32:18,519] [44   ] [ERROR] [] - MetricsCollector::Initialize(171): Check Failed: !IsConfigured() - Return: MetricResult_InvalidState
[2023-10-05 19:32:18,520] [44   ] [ERROR] [] - Failed to initialized metrics collector - error: 2
