[2022-07-28 15:26:14,462] [1    ] [INFO ] [] - ========== Box Edit v4.19.0.956 ==========
[2022-07-28 15:26:14,496] [1    ] [INFO ] [] - Command Line: "C:\Users\金田駿之介\AppData\Local\Box\Box Edit\Box Edit.exe"
[2022-07-28 15:26:16,714] [1    ] [INFO ] [] - Getting DebugLogging value from CurrentUser
[2022-07-28 15:26:16,714] [1    ] [INFO ] [] - Working with debug logging OFF
[2022-07-28 15:26:16,844] [1    ] [INFO ] [] - Days to keep files in cache set to 7
[2022-07-28 15:26:17,145] [1    ] [INFO ] [] - LocalMachine RegistryKey not set
[2022-07-28 15:26:17,448] [1    ] [INFO ] [] - Initializing the metrics collector
[2022-07-28 15:26:18,451] [1    ] [WARN ] [] - MetricsCollector::UpdateConfiguration(374): UpdateConfiguration raised: unable to open database file
[2022-07-28 15:26:18,451] [1    ] [ERROR] [] - MetricsCollector::Initialize(238): Raised: unable to open database file
[2022-07-28 15:26:18,451] [1    ] [ERROR] [] - Failed to initialized metrics collector - error: 6
[2022-07-28 15:26:18,451] [1    ] [ERROR] [] - Could not set permissions to C:\Users\金田駿之介\AppData\Local\Box\Box Tools\Metrics\BoxTools_Metrics.db
[2022-07-28 15:26:18,470] [1    ] [ERROR] [] - FileSystemUtils.AddPermissionsToFile on line number [0]  System.IO.FileNotFoundException: C:\Users\金田駿之介\AppData\Local\Box\Box Tools\Metrics\BoxTools_Metrics.db
   場所 System.Security.AccessControl.NativeObjectSecurity.CreateInternal(ResourceType resourceType, Boolean isContainer, String name, SafeHandle handle, AccessControlSections includeSections, Boolean createByName, ExceptionFromErrorCode exceptionFromErrorCode, Object exceptionContext)
   場所 System.Security.AccessControl.FileSystemSecurity..ctor(Boolean isContainer, String name, AccessControlSections includeSections, Boolean isDirectory)
   場所 System.Security.AccessControl.FileSecurity..ctor(String fileName, AccessControlSections includeSections)
   場所 Box.Utilities.Util.FileSystemUtils.AddPermissionsToFile(String filePath, WellKnownSidType account, FileSystemRights permissions)
[2022-07-28 15:26:18,470] [6    ] [INFO ] [] - Checking for upgrades
[2022-07-28 15:26:18,492] [6    ] [INFO ] [] - ### File path for UpgradeState: C:\Users\金田駿之介\AppData\Local\Box\upgrade_state.json
[2022-07-28 15:26:18,500] [6    ] [INFO ] [] - C:\Users\金田駿之介\AppData\Local\Box\upgrade_state.json file doesn't exist, trying to create it
[2022-07-28 15:26:18,619] [1    ] [INFO ] [] - Running pipe server using box_edit_pipe as pipe name
[2022-07-28 15:26:18,670] [1    ] [INFO ] [] - Initializing the metrics collector
[2022-07-28 15:26:18,670] [1    ] [ERROR] [] - MetricsCollector::Initialize(171): Check Failed: !IsConfigured() - Return: MetricResult_InvalidState
[2022-07-28 15:26:18,670] [1    ] [ERROR] [] - Failed to initialized metrics collector - error: 2
[2022-07-28 15:26:18,670] [1    ] [ERROR] [] - Could not set permissions to C:\Users\金田駿之介\AppData\Local\Box\Box Tools\Metrics\BoxTools_Metrics.db
[2022-07-28 15:26:18,670] [1    ] [ERROR] [] - FileSystemUtils.AddPermissionsToFile on line number [0]  System.IO.FileNotFoundException: C:\Users\金田駿之介\AppData\Local\Box\Box Tools\Metrics\BoxTools_Metrics.db
   場所 System.Security.AccessControl.NativeObjectSecurity.CreateInternal(ResourceType resourceType, Boolean isContainer, String name, SafeHandle handle, AccessControlSections includeSections, Boolean createByName, ExceptionFromErrorCode exceptionFromErrorCode, Object exceptionContext)
   場所 System.Security.AccessControl.FileSystemSecurity..ctor(Boolean isContainer, String name, AccessControlSections includeSections, Boolean isDirectory)
   場所 System.Security.AccessControl.FileSecurity..ctor(String fileName, AccessControlSections includeSections)
   場所 Box.Utilities.Util.FileSystemUtils.AddPermissionsToFile(String filePath, WellKnownSidType account, FileSystemRights permissions)
[2022-07-28 15:26:18,719] [1    ] [INFO ] [] - .NET Version: .NET Framework 4.8 (528372) - 4.0.30319.42000
[2022-07-28 15:26:18,741] [12   ] [INFO ] [] - Sending async metric DotNetVersion to Gen204 json endpoint.
[2022-07-28 15:26:18,843] [6    ] [INFO ] [] - Url used to upgrade: https://cdn07.boxcdn.net/BoxEditAutoupdate2.json
[2022-07-28 15:26:19,087] [6    ] [INFO ] [] - ### File path for UpgradeState: C:\Users\金田駿之介\AppData\Local\Box\upgrade_state.json
[2022-07-28 15:26:19,089] [6    ] [INFO ] [] - No track defined, checking against default track
[2022-07-28 15:26:19,089] [6    ] [INFO ] [] - RolloutID set to 87
[2022-07-28 15:26:19,089] [6    ] [INFO ] [] - No upgrade available
[2022-07-28 15:26:19,318] [12   ] [INFO ] [] - Metric ingestion endpoint response: NoContent
[2022-07-28 15:26:23,701] [9    ] [INFO ] [] - Initializing the metrics collector
[2022-07-28 15:26:23,701] [9    ] [ERROR] [] - MetricsCollector::Initialize(171): Check Failed: !IsConfigured() - Return: MetricResult_InvalidState
[2022-07-28 15:26:23,701] [9    ] [ERROR] [] - Failed to initialized metrics collector - error: 2
