[2022-09-07 17:37:22,849] [1    ] [INFO ] [] - ========== Box Edit v4.19.0.956 ==========
[2022-09-07 17:37:22,929] [1    ] [INFO ] [] - Command Line: "C:\Users\金田駿之介\AppData\Local\Box\Box Edit\Box Edit.exe" 
[2022-09-07 17:37:32,609] [1    ] [INFO ] [] - Getting DebugLogging value from CurrentUser
[2022-09-07 17:37:32,609] [1    ] [INFO ] [] - Working with debug logging OFF
[2022-09-07 17:37:32,785] [1    ] [INFO ] [] - Days to keep files in cache set to 7
[2022-09-07 17:37:33,225] [1    ] [INFO ] [] - LocalMachine RegistryKey not set
[2022-09-07 17:37:33,505] [1    ] [INFO ] [] - Initializing the metrics collector
[2022-09-07 17:37:34,609] [1    ] [WARN ] [] - MetricsCollector::UpdateConfiguration(374): UpdateConfiguration raised: unable to open database file
[2022-09-07 17:37:34,609] [1    ] [ERROR] [] - MetricsCollector::Initialize(238): Raised: unable to open database file
[2022-09-07 17:37:34,609] [1    ] [ERROR] [] - Failed to initialized metrics collector - error: 6
[2022-09-07 17:37:34,609] [1    ] [ERROR] [] - Could not set permissions to C:\Users\金田駿之介\AppData\Local\Box\Box Tools\Metrics\BoxTools_Metrics.db
[2022-09-07 17:37:34,617] [1    ] [ERROR] [] - FileSystemUtils.AddPermissionsToFile on line number [0]  System.IO.FileNotFoundException: C:\Users\金田駿之介\AppData\Local\Box\Box Tools\Metrics\BoxTools_Metrics.db
   場所 System.Security.AccessControl.NativeObjectSecurity.CreateInternal(ResourceType resourceType, Boolean isContainer, String name, SafeHandle handle, AccessControlSections includeSections, Boolean createByName, ExceptionFromErrorCode exceptionFromErrorCode, Object exceptionContext)
   場所 System.Security.AccessControl.FileSystemSecurity..ctor(Boolean isContainer, String name, AccessControlSections includeSections, Boolean isDirectory)
   場所 System.Security.AccessControl.FileSecurity..ctor(String fileName, AccessControlSections includeSections)
   場所 Box.Utilities.Util.FileSystemUtils.AddPermissionsToFile(String filePath, WellKnownSidType account, FileSystemRights permissions)
[2022-09-07 17:37:34,625] [6    ] [INFO ] [] - Checking for upgrades
[2022-09-07 17:37:34,633] [6    ] [INFO ] [] - ### File path for UpgradeState: C:\Users\金田駿之介\AppData\Local\Box\upgrade_state.json
[2022-09-07 17:37:35,001] [6    ] [INFO ] [] - Url used to upgrade: https://cdn07.boxcdn.net/BoxEditAutoupdate2.json
[2022-09-07 17:37:35,217] [1    ] [INFO ] [] - Running pipe server using box_edit_pipe as pipe name
[2022-09-07 17:37:35,233] [1    ] [INFO ] [] - Initializing the metrics collector
[2022-09-07 17:37:35,233] [1    ] [ERROR] [] - MetricsCollector::Initialize(171): Check Failed: !IsConfigured() - Return: MetricResult_InvalidState
[2022-09-07 17:37:35,233] [1    ] [ERROR] [] - Failed to initialized metrics collector - error: 2
[2022-09-07 17:37:35,233] [1    ] [ERROR] [] - Could not set permissions to C:\Users\金田駿之介\AppData\Local\Box\Box Tools\Metrics\BoxTools_Metrics.db
[2022-09-07 17:37:35,233] [1    ] [ERROR] [] - FileSystemUtils.AddPermissionsToFile on line number [0]  System.IO.FileNotFoundException: C:\Users\金田駿之介\AppData\Local\Box\Box Tools\Metrics\BoxTools_Metrics.db
   場所 System.Security.AccessControl.NativeObjectSecurity.CreateInternal(ResourceType resourceType, Boolean isContainer, String name, SafeHandle handle, AccessControlSections includeSections, Boolean createByName, ExceptionFromErrorCode exceptionFromErrorCode, Object exceptionContext)
   場所 System.Security.AccessControl.FileSystemSecurity..ctor(Boolean isContainer, String name, AccessControlSections includeSections, Boolean isDirectory)
   場所 System.Security.AccessControl.FileSecurity..ctor(String fileName, AccessControlSections includeSections)
   場所 Box.Utilities.Util.FileSystemUtils.AddPermissionsToFile(String filePath, WellKnownSidType account, FileSystemRights permissions)
[2022-09-07 17:37:35,249] [1    ] [INFO ] [] - .NET Version: .NET Framework 4.8 (528372) - 4.0.30319.42000
[2022-09-07 17:37:35,265] [12   ] [INFO ] [] - Sending async metric DotNetVersion to Gen204 json endpoint.
[2022-09-07 17:37:35,721] [6    ] [INFO ] [] - No track defined, checking against default track
[2022-09-07 17:37:35,721] [6    ] [INFO ] [] - RolloutID set to 87
[2022-09-07 17:37:35,721] [6    ] [INFO ] [] - No upgrade available
[2022-09-07 17:37:36,105] [12   ] [INFO ] [] - Metric ingestion endpoint response: NoContent
[2022-09-07 17:37:40,254] [10   ] [INFO ] [] - Initializing the metrics collector
[2022-09-07 17:37:40,255] [10   ] [ERROR] [] - MetricsCollector::Initialize(171): Check Failed: !IsConfigured() - Return: MetricResult_InvalidState
[2022-09-07 17:37:40,255] [10   ] [ERROR] [] - Failed to initialized metrics collector - error: 2
[2022-09-07 17:48:57,298] [19   ] [INFO ] [] - Initializing the metrics collector
[2022-09-07 17:48:57,300] [19   ] [ERROR] [] - MetricsCollector::Initialize(171): Check Failed: !IsConfigured() - Return: MetricResult_InvalidState
[2022-09-07 17:48:57,302] [19   ] [ERROR] [] - Failed to initialized metrics collector - error: 2
[2022-09-07 17:58:57,230] [20   ] [INFO ] [] - Initializing the metrics collector
[2022-09-07 17:58:57,232] [20   ] [ERROR] [] - MetricsCollector::Initialize(171): Check Failed: !IsConfigured() - Return: MetricResult_InvalidState
[2022-09-07 17:58:57,235] [20   ] [ERROR] [] - Failed to initialized metrics collector - error: 2
[2022-09-07 18:08:57,224] [16   ] [INFO ] [] - Initializing the metrics collector
[2022-09-07 18:08:57,227] [16   ] [ERROR] [] - MetricsCollector::Initialize(171): Check Failed: !IsConfigured() - Return: MetricResult_InvalidState
[2022-09-07 18:08:57,227] [16   ] [ERROR] [] - Failed to initialized metrics collector - error: 2
[2022-09-07 18:18:57,246] [13   ] [INFO ] [] - Initializing the metrics collector
[2022-09-07 18:18:57,250] [13   ] [ERROR] [] - MetricsCollector::Initialize(171): Check Failed: !IsConfigured() - Return: MetricResult_InvalidState
[2022-09-07 18:18:57,251] [13   ] [ERROR] [] - Failed to initialized metrics collector - error: 2
[2022-09-07 18:28:57,244] [12   ] [INFO ] [] - Initializing the metrics collector
[2022-09-07 18:28:57,248] [12   ] [ERROR] [] - MetricsCollector::Initialize(171): Check Failed: !IsConfigured() - Return: MetricResult_InvalidState
[2022-09-07 18:28:57,248] [12   ] [ERROR] [] - Failed to initialized metrics collector - error: 2
[2022-09-07 18:38:57,261] [17   ] [INFO ] [] - Initializing the metrics collector
[2022-09-07 18:38:57,268] [17   ] [ERROR] [] - MetricsCollector::Initialize(171): Check Failed: !IsConfigured() - Return: MetricResult_InvalidState
[2022-09-07 18:38:57,271] [17   ] [ERROR] [] - Failed to initialized metrics collector - error: 2
