[2023-07-27 13:25:29,230] [1    ] [INFO ] [] - ========== Box Edit v4.23.0.1013 ==========
[2023-07-27 13:25:29,277] [1    ] [INFO ] [] - Command Line: "C:\Users\金田駿之介\AppData\Local\Box\Box Edit\Box Edit.exe" 
[2023-07-27 13:25:30,527] [1    ] [INFO ] [] - Getting DebugLogging value from CurrentUser
[2023-07-27 13:25:30,527] [1    ] [INFO ] [] - Working with debug logging OFF
[2023-07-27 13:25:30,620] [1    ] [INFO ] [] - Days to keep files in cache set to 7
[2023-07-27 13:25:31,245] [1    ] [INFO ] [] - LocalMachine RegistryKey not set
[2023-07-27 13:25:31,323] [1    ] [INFO ] [] - DeviceId::CheckDeviceId(488): Starting DeviceId generator.
[2023-07-27 13:25:31,323] [1    ] [INFO ] [] - DeviceId::CheckDeviceId(515): Global mutex obtained. Start checking.
[2023-07-27 13:25:31,651] [1    ] [INFO ] [] - DeviceId::RestoreGlobalDeviceData(65): Failed reading global DeviceData from registry: Registry key "SOFTWARE\Box\DeviceId" not found.
[2023-07-27 13:25:31,761] [1    ] [INFO ] [] - DeviceId::RestoreAndValidateLocalProperites(389): Restored local DeviceId
[2023-07-27 13:25:31,761] [1    ] [INFO ] [] - DeviceId::RestoreAndValidateLocalProperites(393): Restored local DeviceData
[2023-07-27 13:25:31,761] [1    ] [INFO ] [] - DeviceId::PerformChecking(452): Checking DeviceData.
[2023-07-27 13:25:31,776] [1    ] [INFO ] [] - DeviceId::PerformChecking(453): DeviceData read from registry: {"ComputerSystemProductUUID":"B4C5DFD1-4333-1CB6-C49D-A3067E9A232A","Version":1}
[2023-07-27 13:25:31,776] [1    ] [INFO ] [] - DeviceId::PerformChecking(454): Generated DeviceData: {"ComputerSystemProductUUID":"B4C5DFD1-4333-1CB6-C49D-A3067E9A232A","Version":1}
[2023-07-27 13:25:31,823] [1    ] [INFO ] [] - Initializing the metrics collector
[2023-07-27 13:25:31,855] [1    ] [WARN ] [] - MetricsCollector::UpdateConfiguration(374): UpdateConfiguration raised: unable to open database file
[2023-07-27 13:25:31,855] [1    ] [ERROR] [] - MetricsCollector::Initialize(238): Raised: unable to open database file
[2023-07-27 13:25:31,855] [1    ] [ERROR] [] - Failed to initialized metrics collector - error: 6
[2023-07-27 13:25:31,855] [1    ] [ERROR] [] - Could not set permissions to C:\Users\金田駿之介\AppData\Local\Box\Box Tools\Metrics\BoxTools_Metrics.db
[2023-07-27 13:25:31,855] [1    ] [ERROR] [] - FileSystemUtils.AddPermissionsToFile on line number [0]  System.IO.FileNotFoundException: C:\Users\金田駿之介\AppData\Local\Box\Box Tools\Metrics\BoxTools_Metrics.db
   場所 System.Security.AccessControl.NativeObjectSecurity.CreateInternal(ResourceType resourceType, Boolean isContainer, String name, SafeHandle handle, AccessControlSections includeSections, Boolean createByName, ExceptionFromErrorCode exceptionFromErrorCode, Object exceptionContext)
   場所 System.Security.AccessControl.FileSystemSecurity..ctor(Boolean isContainer, String name, AccessControlSections includeSections, Boolean isDirectory)
   場所 System.Security.AccessControl.FileSecurity..ctor(String fileName, AccessControlSections includeSections)
   場所 Box.Utilities.Util.FileSystemUtils.AddPermissionsToFile(String filePath, WellKnownSidType account, FileSystemRights permissions)
[2023-07-27 13:25:31,870] [9    ] [INFO ] [] - .NET Version - installed 528372, expected: 528040
[2023-07-27 13:25:31,870] [9    ] [INFO ] [] - result: True
[2023-07-27 13:25:31,870] [9    ] [INFO ] [] - Checking for upgrades
[2023-07-27 13:25:31,886] [9    ] [INFO ] [] - ### File path for UpgradeState: C:\Users\金田駿之介\AppData\Local\Box\upgrade_state.json
[2023-07-27 13:25:31,964] [1    ] [INFO ] [] - Running pipe server using box_edit_pipe as pipe name
[2023-07-27 13:25:31,980] [1    ] [INFO ] [] - Initializing the metrics collector
[2023-07-27 13:25:31,980] [1    ] [ERROR] [] - MetricsCollector::Initialize(171): Check Failed: !IsConfigured() - Return: MetricResult_InvalidState
[2023-07-27 13:25:31,980] [1    ] [ERROR] [] - Failed to initialized metrics collector - error: 2
[2023-07-27 13:25:31,980] [1    ] [ERROR] [] - Could not set permissions to C:\Users\金田駿之介\AppData\Local\Box\Box Tools\Metrics\BoxTools_Metrics.db
[2023-07-27 13:25:31,980] [1    ] [ERROR] [] - FileSystemUtils.AddPermissionsToFile on line number [0]  System.IO.FileNotFoundException: C:\Users\金田駿之介\AppData\Local\Box\Box Tools\Metrics\BoxTools_Metrics.db
   場所 System.Security.AccessControl.NativeObjectSecurity.CreateInternal(ResourceType resourceType, Boolean isContainer, String name, SafeHandle handle, AccessControlSections includeSections, Boolean createByName, ExceptionFromErrorCode exceptionFromErrorCode, Object exceptionContext)
   場所 System.Security.AccessControl.FileSystemSecurity..ctor(Boolean isContainer, String name, AccessControlSections includeSections, Boolean isDirectory)
   場所 System.Security.AccessControl.FileSecurity..ctor(String fileName, AccessControlSections includeSections)
   場所 Box.Utilities.Util.FileSystemUtils.AddPermissionsToFile(String filePath, WellKnownSidType account, FileSystemRights permissions)
[2023-07-27 13:25:31,995] [1    ] [INFO ] [] - .NET Version: .NET Framework 4.8 (528372) - 4.0.30319.42000
[2023-07-27 13:25:31,995] [13   ] [INFO ] [] - Sending async metric DotNetVersion to Gen204 json endpoint.
[2023-07-27 13:25:32,276] [9    ] [INFO ] [] - Url used to upgrade: https://cdn07.boxcdn.net/BoxEditAutoupdate2.json
[2023-07-27 13:25:32,448] [9    ] [INFO ] [] - ### current version track name: 4.23.0
[2023-07-27 13:25:32,448] [9    ] [WARN ] [] - Track 4.23.0 not found
[2023-07-27 13:25:32,448] [9    ] [INFO ] [] - Track default for upgrade found
[2023-07-27 13:25:32,448] [9    ] [INFO ] [] - RolloutID set to 42
[2023-07-27 13:25:32,464] [9    ] [INFO ] [] - No upgrade available
[2023-07-27 13:25:32,651] [13   ] [INFO ] [] - Metric ingestion endpoint response: NoContent
[2023-07-27 13:25:37,005] [10   ] [INFO ] [] - Initializing the metrics collector
[2023-07-27 13:25:37,005] [10   ] [ERROR] [] - MetricsCollector::Initialize(171): Check Failed: !IsConfigured() - Return: MetricResult_InvalidState
[2023-07-27 13:25:37,005] [10   ] [ERROR] [] - Failed to initialized metrics collector - error: 2
[2023-07-27 13:35:37,023] [18   ] [INFO ] [] - Initializing the metrics collector
[2023-07-27 13:35:37,034] [18   ] [ERROR] [] - MetricsCollector::Initialize(171): Check Failed: !IsConfigured() - Return: MetricResult_InvalidState
[2023-07-27 13:35:37,037] [18   ] [ERROR] [] - Failed to initialized metrics collector - error: 2
[2023-07-27 13:45:37,014] [14   ] [INFO ] [] - Initializing the metrics collector
[2023-07-27 13:45:37,017] [14   ] [ERROR] [] - MetricsCollector::Initialize(171): Check Failed: !IsConfigured() - Return: MetricResult_InvalidState
[2023-07-27 13:45:37,018] [14   ] [ERROR] [] - Failed to initialized metrics collector - error: 2
[2023-07-27 13:55:37,036] [19   ] [INFO ] [] - Initializing the metrics collector
[2023-07-27 13:55:37,038] [19   ] [ERROR] [] - MetricsCollector::Initialize(171): Check Failed: !IsConfigured() - Return: MetricResult_InvalidState
[2023-07-27 13:55:37,039] [19   ] [ERROR] [] - Failed to initialized metrics collector - error: 2
[2023-07-27 14:05:37,053] [21   ] [INFO ] [] - Initializing the metrics collector
[2023-07-27 14:05:37,055] [21   ] [ERROR] [] - MetricsCollector::Initialize(171): Check Failed: !IsConfigured() - Return: MetricResult_InvalidState
[2023-07-27 14:05:37,056] [21   ] [ERROR] [] - Failed to initialized metrics collector - error: 2
[2023-07-27 14:15:37,049] [20   ] [INFO ] [] - Initializing the metrics collector
[2023-07-27 14:15:37,052] [20   ] [ERROR] [] - MetricsCollector::Initialize(171): Check Failed: !IsConfigured() - Return: MetricResult_InvalidState
[2023-07-27 14:15:37,054] [20   ] [ERROR] [] - Failed to initialized metrics collector - error: 2
[2023-07-27 14:25:37,054] [24   ] [INFO ] [] - Initializing the metrics collector
[2023-07-27 14:25:37,054] [24   ] [ERROR] [] - MetricsCollector::Initialize(171): Check Failed: !IsConfigured() - Return: MetricResult_InvalidState
[2023-07-27 14:25:37,054] [24   ] [ERROR] [] - Failed to initialized metrics collector - error: 2
[2023-07-27 14:38:31,377] [25   ] [INFO ] [] - Initializing the metrics collector
[2023-07-27 14:38:31,379] [25   ] [ERROR] [] - MetricsCollector::Initialize(171): Check Failed: !IsConfigured() - Return: MetricResult_InvalidState
[2023-07-27 14:38:31,380] [25   ] [ERROR] [] - Failed to initialized metrics collector - error: 2
[2023-07-27 14:48:31,388] [26   ] [INFO ] [] - Initializing the metrics collector
[2023-07-27 14:48:31,388] [26   ] [ERROR] [] - MetricsCollector::Initialize(171): Check Failed: !IsConfigured() - Return: MetricResult_InvalidState
[2023-07-27 14:48:31,388] [26   ] [ERROR] [] - Failed to initialized metrics collector - error: 2
[2023-07-27 15:01:08,776] [27   ] [INFO ] [] - Initializing the metrics collector
[2023-07-27 15:01:08,778] [27   ] [ERROR] [] - MetricsCollector::Initialize(171): Check Failed: !IsConfigured() - Return: MetricResult_InvalidState
[2023-07-27 15:01:08,779] [27   ] [ERROR] [] - Failed to initialized metrics collector - error: 2
[2023-07-27 15:11:08,791] [28   ] [INFO ] [] - Initializing the metrics collector
[2023-07-27 15:11:08,794] [28   ] [ERROR] [] - MetricsCollector::Initialize(171): Check Failed: !IsConfigured() - Return: MetricResult_InvalidState
[2023-07-27 15:11:08,795] [28   ] [ERROR] [] - Failed to initialized metrics collector - error: 2
[2023-07-27 15:21:08,793] [23   ] [INFO ] [] - Initializing the metrics collector
[2023-07-27 15:21:08,795] [23   ] [ERROR] [] - MetricsCollector::Initialize(171): Check Failed: !IsConfigured() - Return: MetricResult_InvalidState
[2023-07-27 15:21:08,796] [23   ] [ERROR] [] - Failed to initialized metrics collector - error: 2
[2023-07-27 15:31:08,820] [29   ] [INFO ] [] - Initializing the metrics collector
[2023-07-27 15:31:08,822] [29   ] [ERROR] [] - MetricsCollector::Initialize(171): Check Failed: !IsConfigured() - Return: MetricResult_InvalidState
[2023-07-27 15:31:08,822] [29   ] [ERROR] [] - Failed to initialized metrics collector - error: 2
