[2023-05-22 08:20:39,851] [1    ] [INFO ] [] - ========== Box Edit v4.22.0.999 ==========
[2023-05-22 08:20:39,882] [1    ] [INFO ] [] - Command Line: "C:\Users\金田駿之介\AppData\Local\Box\Box Edit\Box Edit.exe" 
[2023-05-22 08:20:41,097] [1    ] [INFO ] [] - Getting DebugLogging value from CurrentUser
[2023-05-22 08:20:41,099] [1    ] [INFO ] [] - Working with debug logging OFF
[2023-05-22 08:20:41,171] [1    ] [INFO ] [] - Days to keep files in cache set to 7
[2023-05-22 08:20:41,535] [1    ] [INFO ] [] - LocalMachine RegistryKey not set
[2023-05-22 08:20:41,571] [1    ] [INFO ] [] - DeviceId::CheckDeviceId(488): Starting DeviceId generator.
[2023-05-22 08:20:41,572] [1    ] [INFO ] [] - DeviceId::CheckDeviceId(515): Global mutex obtained. Start checking.
[2023-05-22 08:20:41,720] [1    ] [INFO ] [] - DeviceId::RestoreGlobalDeviceData(65): Failed reading global DeviceData from registry: Registry key "SOFTWARE\Box\DeviceId" not found.
[2023-05-22 08:20:41,782] [1    ] [INFO ] [] - DeviceId::RestoreAndValidateLocalProperites(389): Restored local DeviceId
[2023-05-22 08:20:41,782] [1    ] [INFO ] [] - DeviceId::RestoreAndValidateLocalProperites(393): Restored local DeviceData
[2023-05-22 08:20:41,782] [1    ] [INFO ] [] - DeviceId::PerformChecking(452): Checking DeviceData.
[2023-05-22 08:20:41,798] [1    ] [INFO ] [] - DeviceId::PerformChecking(453): DeviceData read from registry: {"ComputerSystemProductUUID":"B4C5DFD1-4333-1CB6-C49D-A3067E9A232A","Version":1}
[2023-05-22 08:20:41,798] [1    ] [INFO ] [] - DeviceId::PerformChecking(454): Generated DeviceData: {"ComputerSystemProductUUID":"B4C5DFD1-4333-1CB6-C49D-A3067E9A232A","Version":1}
[2023-05-22 08:20:41,813] [1    ] [INFO ] [] - Initializing the metrics collector
[2023-05-22 08:20:41,829] [1    ] [WARN ] [] - MetricsCollector::UpdateConfiguration(374): UpdateConfiguration raised: unable to open database file
[2023-05-22 08:20:41,829] [1    ] [ERROR] [] - MetricsCollector::Initialize(238): Raised: unable to open database file
[2023-05-22 08:20:41,829] [1    ] [ERROR] [] - Failed to initialized metrics collector - error: 6
[2023-05-22 08:20:41,829] [1    ] [ERROR] [] - Could not set permissions to C:\Users\金田駿之介\AppData\Local\Box\Box Tools\Metrics\BoxTools_Metrics.db
[2023-05-22 08:20:41,829] [1    ] [ERROR] [] - FileSystemUtils.AddPermissionsToFile on line number [0]  System.IO.FileNotFoundException: C:\Users\金田駿之介\AppData\Local\Box\Box Tools\Metrics\BoxTools_Metrics.db
   場所 System.Security.AccessControl.NativeObjectSecurity.CreateInternal(ResourceType resourceType, Boolean isContainer, String name, SafeHandle handle, AccessControlSections includeSections, Boolean createByName, ExceptionFromErrorCode exceptionFromErrorCode, Object exceptionContext)
   場所 System.Security.AccessControl.FileSystemSecurity..ctor(Boolean isContainer, String name, AccessControlSections includeSections, Boolean isDirectory)
   場所 System.Security.AccessControl.FileSecurity..ctor(String fileName, AccessControlSections includeSections)
   場所 Box.Utilities.Util.FileSystemUtils.AddPermissionsToFile(String filePath, WellKnownSidType account, FileSystemRights permissions)
[2023-05-22 08:20:41,845] [9    ] [INFO ] [] - Checking for upgrades
[2023-05-22 08:20:41,845] [9    ] [INFO ] [] - ### File path for UpgradeState: C:\Users\金田駿之介\AppData\Local\Box\upgrade_state.json
[2023-05-22 08:20:41,907] [1    ] [INFO ] [] - Running pipe server using box_edit_pipe as pipe name
[2023-05-22 08:20:41,907] [1    ] [INFO ] [] - Initializing the metrics collector
[2023-05-22 08:20:41,907] [1    ] [ERROR] [] - MetricsCollector::Initialize(171): Check Failed: !IsConfigured() - Return: MetricResult_InvalidState
[2023-05-22 08:20:41,907] [1    ] [ERROR] [] - Failed to initialized metrics collector - error: 2
[2023-05-22 08:20:41,907] [1    ] [ERROR] [] - Could not set permissions to C:\Users\金田駿之介\AppData\Local\Box\Box Tools\Metrics\BoxTools_Metrics.db
[2023-05-22 08:20:41,907] [1    ] [ERROR] [] - FileSystemUtils.AddPermissionsToFile on line number [0]  System.IO.FileNotFoundException: C:\Users\金田駿之介\AppData\Local\Box\Box Tools\Metrics\BoxTools_Metrics.db
   場所 System.Security.AccessControl.NativeObjectSecurity.CreateInternal(ResourceType resourceType, Boolean isContainer, String name, SafeHandle handle, AccessControlSections includeSections, Boolean createByName, ExceptionFromErrorCode exceptionFromErrorCode, Object exceptionContext)
   場所 System.Security.AccessControl.FileSystemSecurity..ctor(Boolean isContainer, String name, AccessControlSections includeSections, Boolean isDirectory)
   場所 System.Security.AccessControl.FileSecurity..ctor(String fileName, AccessControlSections includeSections)
   場所 Box.Utilities.Util.FileSystemUtils.AddPermissionsToFile(String filePath, WellKnownSidType account, FileSystemRights permissions)
[2023-05-22 08:20:41,930] [1    ] [INFO ] [] - .NET Version: .NET Framework 4.8 (528372) - 4.0.30319.42000
[2023-05-22 08:20:41,936] [13   ] [INFO ] [] - Sending async metric DotNetVersion to Gen204 json endpoint.
[2023-05-22 08:20:42,100] [9    ] [INFO ] [] - Url used to upgrade: https://cdn07.boxcdn.net/BoxEditAutoupdate2.json
[2023-05-22 08:20:42,132] [9    ] [ERROR] [] - UpgradeService.GetLatestUpgrade on line number [0]  System.Net.WebException: リモート名を解決できませんでした。: 'cdn07.boxcdn.net'
   場所 System.Net.WebClient.DownloadDataInternal(Uri address, WebRequest& request)
   場所 System.Net.WebClient.DownloadString(Uri address)
   場所 System.Net.WebClient.DownloadString(String address)
   場所 Box.Edit.UpgradeService.UpgradeService.GetLatestUpgrade()
[2023-05-22 08:20:42,132] [9    ] [INFO ] [] - Checking for upgrades
[2023-05-22 08:20:42,132] [9    ] [INFO ] [] - ### File path for UpgradeState: C:\Users\金田駿之介\AppData\Local\Box\upgrade_state.json
[2023-05-22 08:20:42,132] [9    ] [INFO ] [] - Url used to upgrade: https://cdn07.boxcdn.net/BoxEditAutoupdate2.json
[2023-05-22 08:20:42,147] [9    ] [ERROR] [] - UpgradeService.GetLatestUpgrade on line number [0]  System.Net.WebException: リモート名を解決できませんでした。: 'cdn07.boxcdn.net'
   場所 System.Net.WebClient.DownloadDataInternal(Uri address, WebRequest& request)
   場所 System.Net.WebClient.DownloadString(Uri address)
   場所 System.Net.WebClient.DownloadString(String address)
   場所 Box.Edit.UpgradeService.UpgradeService.GetLatestUpgrade()
[2023-05-22 08:20:42,147] [9    ] [INFO ] [] - Checking for upgrades
[2023-05-22 08:20:42,147] [9    ] [INFO ] [] - ### File path for UpgradeState: C:\Users\金田駿之介\AppData\Local\Box\upgrade_state.json
[2023-05-22 08:20:42,147] [9    ] [INFO ] [] - Url used to upgrade: https://cdn07.boxcdn.net/BoxEditAutoupdate2.json
[2023-05-22 08:20:42,147] [9    ] [ERROR] [] - UpgradeService.GetLatestUpgrade on line number [0]  System.Net.WebException: リモート名を解決できませんでした。: 'cdn07.boxcdn.net'
   場所 System.Net.WebClient.DownloadDataInternal(Uri address, WebRequest& request)
   場所 System.Net.WebClient.DownloadString(Uri address)
   場所 System.Net.WebClient.DownloadString(String address)
   場所 Box.Edit.UpgradeService.UpgradeService.GetLatestUpgrade()
[2023-05-22 08:20:42,147] [9    ] [INFO ] [] - Checking for upgrades
[2023-05-22 08:20:42,147] [9    ] [INFO ] [] - ### File path for UpgradeState: C:\Users\金田駿之介\AppData\Local\Box\upgrade_state.json
[2023-05-22 08:20:42,147] [9    ] [INFO ] [] - Url used to upgrade: https://cdn07.boxcdn.net/BoxEditAutoupdate2.json
[2023-05-22 08:20:42,147] [9    ] [ERROR] [] - UpgradeService.GetLatestUpgrade on line number [0]  System.Net.WebException: リモート名を解決できませんでした。: 'cdn07.boxcdn.net'
   場所 System.Net.WebClient.DownloadDataInternal(Uri address, WebRequest& request)
   場所 System.Net.WebClient.DownloadString(Uri address)
   場所 System.Net.WebClient.DownloadString(String address)
   場所 Box.Edit.UpgradeService.UpgradeService.GetLatestUpgrade()
[2023-05-22 08:20:42,147] [9    ] [INFO ] [] - Checking for upgrades
[2023-05-22 08:20:42,163] [9    ] [INFO ] [] - ### File path for UpgradeState: C:\Users\金田駿之介\AppData\Local\Box\upgrade_state.json
[2023-05-22 08:20:42,163] [9    ] [INFO ] [] - Url used to upgrade: https://cdn07.boxcdn.net/BoxEditAutoupdate2.json
[2023-05-22 08:20:42,163] [9    ] [ERROR] [] - UpgradeService.GetLatestUpgrade on line number [0]  System.Net.WebException: リモート名を解決できませんでした。: 'cdn07.boxcdn.net'
   場所 System.Net.WebClient.DownloadDataInternal(Uri address, WebRequest& request)
   場所 System.Net.WebClient.DownloadString(Uri address)
   場所 System.Net.WebClient.DownloadString(String address)
   場所 Box.Edit.UpgradeService.UpgradeService.GetLatestUpgrade()
[2023-05-22 08:20:42,163] [9    ] [INFO ] [] - Checking for upgrades
[2023-05-22 08:20:42,163] [9    ] [INFO ] [] - ### File path for UpgradeState: C:\Users\金田駿之介\AppData\Local\Box\upgrade_state.json
[2023-05-22 08:20:42,163] [9    ] [INFO ] [] - Too many attemps for upgrade
[2023-05-22 08:20:46,938] [10   ] [INFO ] [] - Initializing the metrics collector
[2023-05-22 08:20:46,938] [10   ] [ERROR] [] - MetricsCollector::Initialize(171): Check Failed: !IsConfigured() - Return: MetricResult_InvalidState
[2023-05-22 08:20:46,938] [10   ] [ERROR] [] - Failed to initialized metrics collector - error: 2
[2023-05-22 08:25:33,099] [2    ] [ERROR] [] - Program.TaskScheduler_UnobservedTaskException on line number [0]  System.AggregateException: タスクの例外が、タスクの待機によっても、タスクの Exception プロパティへのアクセスによっても監視されませんでした。その結果、監視されていない例外がファイナライザー スレッドによって再スローされました。 ---> System.AggregateException: 1 つ以上のエラーが発生しました。 ---> System.Net.Http.HttpRequestException: この要求の送信中にエラーが発生しました。 ---> System.Net.WebException: リモート名を解決できませんでした。: 'client-log.box.com'
   場所 System.Net.HttpWebRequest.EndGetRequestStream(IAsyncResult asyncResult, TransportContext& context)
   場所 System.Net.Http.HttpClientHandler.GetRequestStreamCallback(IAsyncResult ar)
   --- 内部例外スタック トレースの終わり ---
   --- 内部例外スタック トレースの終わり ---
   場所 System.Threading.Tasks.Task.ThrowIfExceptional(Boolean includeTaskCanceledExceptions)
   場所 System.Threading.Tasks.Task`1.GetResultCore(Boolean waitCompletionNotification)
   場所 System.Threading.Tasks.Task`1.get_Result()
   場所 Box.Metrics.Reporter.MetricsSender.<>c__DisplayClass22_0.<SendMetricToJsonGen204Async>b__0()
   場所 System.Threading.Tasks.Task.InnerInvoke()
   場所 System.Threading.Tasks.Task.Execute()
   --- 内部例外スタック トレースの終わり ---
---> (内部例外 #0) System.AggregateException: 1 つ以上のエラーが発生しました。 ---> System.Net.Http.HttpRequestException: この要求の送信中にエラーが発生しました。 ---> System.Net.WebException: リモート名を解決できませんでした。: 'client-log.box.com'
   場所 System.Net.HttpWebRequest.EndGetRequestStream(IAsyncResult asyncResult, TransportContext& context)
   場所 System.Net.Http.HttpClientHandler.GetRequestStreamCallback(IAsyncResult ar)
   --- 内部例外スタック トレースの終わり ---
   --- 内部例外スタック トレースの終わり ---
   場所 System.Threading.Tasks.Task.ThrowIfExceptional(Boolean includeTaskCanceledExceptions)
   場所 System.Threading.Tasks.Task`1.GetResultCore(Boolean waitCompletionNotification)
   場所 System.Threading.Tasks.Task`1.get_Result()
   場所 Box.Metrics.Reporter.MetricsSender.<>c__DisplayClass22_0.<SendMetricToJsonGen204Async>b__0()
   場所 System.Threading.Tasks.Task.InnerInvoke()
   場所 System.Threading.Tasks.Task.Execute()
---> (内部例外 #0) System.Net.Http.HttpRequestException: この要求の送信中にエラーが発生しました。 ---> System.Net.WebException: リモート名を解決できませんでした。: 'client-log.box.com'
   場所 System.Net.HttpWebRequest.EndGetRequestStream(IAsyncResult asyncResult, TransportContext& context)
   場所 System.Net.Http.HttpClientHandler.GetRequestStreamCallback(IAsyncResult ar)
   --- 内部例外スタック トレースの終わり ---<---
<---

[2023-05-22 08:30:49,391] [7    ] [INFO ] [] - Initializing the metrics collector
[2023-05-22 08:30:49,391] [7    ] [ERROR] [] - MetricsCollector::Initialize(171): Check Failed: !IsConfigured() - Return: MetricResult_InvalidState
[2023-05-22 08:30:49,391] [7    ] [ERROR] [] - Failed to initialized metrics collector - error: 2
[2023-05-22 08:40:49,397] [13   ] [INFO ] [] - Initializing the metrics collector
[2023-05-22 08:40:49,397] [13   ] [ERROR] [] - MetricsCollector::Initialize(171): Check Failed: !IsConfigured() - Return: MetricResult_InvalidState
[2023-05-22 08:40:49,397] [13   ] [ERROR] [] - Failed to initialized metrics collector - error: 2
[2023-05-22 08:50:49,415] [7    ] [INFO ] [] - Initializing the metrics collector
[2023-05-22 08:50:49,416] [7    ] [ERROR] [] - MetricsCollector::Initialize(171): Check Failed: !IsConfigured() - Return: MetricResult_InvalidState
[2023-05-22 08:50:49,417] [7    ] [ERROR] [] - Failed to initialized metrics collector - error: 2
[2023-05-22 09:00:49,428] [13   ] [INFO ] [] - Initializing the metrics collector
[2023-05-22 09:00:49,432] [13   ] [ERROR] [] - MetricsCollector::Initialize(171): Check Failed: !IsConfigured() - Return: MetricResult_InvalidState
[2023-05-22 09:00:49,433] [13   ] [ERROR] [] - Failed to initialized metrics collector - error: 2
[2023-05-22 09:10:49,472] [13   ] [INFO ] [] - Initializing the metrics collector
[2023-05-22 09:10:49,475] [13   ] [ERROR] [] - MetricsCollector::Initialize(171): Check Failed: !IsConfigured() - Return: MetricResult_InvalidState
[2023-05-22 09:10:49,477] [13   ] [ERROR] [] - Failed to initialized metrics collector - error: 2
[2023-05-22 09:20:49,473] [8    ] [INFO ] [] - Initializing the metrics collector
[2023-05-22 09:20:49,477] [8    ] [ERROR] [] - MetricsCollector::Initialize(171): Check Failed: !IsConfigured() - Return: MetricResult_InvalidState
[2023-05-22 09:20:49,479] [8    ] [ERROR] [] - Failed to initialized metrics collector - error: 2
[2023-05-22 09:30:49,487] [7    ] [INFO ] [] - Initializing the metrics collector
[2023-05-22 09:30:49,490] [7    ] [ERROR] [] - MetricsCollector::Initialize(171): Check Failed: !IsConfigured() - Return: MetricResult_InvalidState
[2023-05-22 09:30:49,492] [7    ] [ERROR] [] - Failed to initialized metrics collector - error: 2
[2023-05-22 09:40:49,498] [10   ] [INFO ] [] - Initializing the metrics collector
[2023-05-22 09:40:49,503] [10   ] [ERROR] [] - MetricsCollector::Initialize(171): Check Failed: !IsConfigured() - Return: MetricResult_InvalidState
[2023-05-22 09:40:49,505] [10   ] [ERROR] [] - Failed to initialized metrics collector - error: 2
[2023-05-22 09:50:49,516] [9    ] [INFO ] [] - Initializing the metrics collector
[2023-05-22 09:50:49,519] [9    ] [ERROR] [] - MetricsCollector::Initialize(171): Check Failed: !IsConfigured() - Return: MetricResult_InvalidState
[2023-05-22 09:50:49,521] [9    ] [ERROR] [] - Failed to initialized metrics collector - error: 2
[2023-05-22 10:00:49,533] [14   ] [INFO ] [] - Initializing the metrics collector
[2023-05-22 10:00:49,534] [14   ] [ERROR] [] - MetricsCollector::Initialize(171): Check Failed: !IsConfigured() - Return: MetricResult_InvalidState
[2023-05-22 10:00:49,535] [14   ] [ERROR] [] - Failed to initialized metrics collector - error: 2
[2023-05-22 10:10:49,550] [15   ] [INFO ] [] - Initializing the metrics collector
[2023-05-22 10:10:49,553] [15   ] [ERROR] [] - MetricsCollector::Initialize(171): Check Failed: !IsConfigured() - Return: MetricResult_InvalidState
[2023-05-22 10:10:49,555] [15   ] [ERROR] [] - Failed to initialized metrics collector - error: 2
[2023-05-22 10:20:49,562] [16   ] [INFO ] [] - Initializing the metrics collector
[2023-05-22 10:20:49,566] [16   ] [ERROR] [] - MetricsCollector::Initialize(171): Check Failed: !IsConfigured() - Return: MetricResult_InvalidState
[2023-05-22 10:20:49,567] [16   ] [ERROR] [] - Failed to initialized metrics collector - error: 2
[2023-05-22 10:30:49,563] [17   ] [INFO ] [] - Initializing the metrics collector
[2023-05-22 10:30:49,569] [17   ] [ERROR] [] - MetricsCollector::Initialize(171): Check Failed: !IsConfigured() - Return: MetricResult_InvalidState
[2023-05-22 10:30:49,584] [17   ] [ERROR] [] - Failed to initialized metrics collector - error: 2
[2023-05-22 10:40:49,832] [18   ] [INFO ] [] - Initializing the metrics collector
[2023-05-22 10:40:49,832] [18   ] [ERROR] [] - MetricsCollector::Initialize(171): Check Failed: !IsConfigured() - Return: MetricResult_InvalidState
[2023-05-22 10:40:49,832] [18   ] [ERROR] [] - Failed to initialized metrics collector - error: 2
