[2023-10-23 00:04:47,474] [9    ] [INFO ] [] - Initializing the metrics collector
[2023-10-23 00:04:47,483] [9    ] [ERROR] [] - MetricsCollector::Initialize(171): Check Failed: !IsConfigured() - Return: MetricResult_InvalidState
[2023-10-23 00:04:47,484] [9    ] [ERROR] [] - Failed to initialized metrics collector - error: 2
[2023-10-23 00:14:47,497] [17   ] [INFO ] [] - Initializing the metrics collector
[2023-10-23 00:14:47,497] [17   ] [ERROR] [] - MetricsCollector::Initialize(171): Check Failed: !IsConfigured() - Return: MetricResult_InvalidState
[2023-10-23 00:14:47,497] [17   ] [ERROR] [] - Failed to initialized metrics collector - error: 2
[2023-10-23 00:24:47,504] [25   ] [INFO ] [] - Initializing the metrics collector
[2023-10-23 00:24:47,504] [25   ] [ERROR] [] - MetricsCollector::Initialize(171): Check Failed: !IsConfigured() - Return: MetricResult_InvalidState
[2023-10-23 00:24:47,504] [25   ] [ERROR] [] - Failed to initialized metrics collector - error: 2
[2023-10-23 00:44:21,139] [27   ] [INFO ] [] - Initializing the metrics collector
[2023-10-23 00:44:21,139] [27   ] [ERROR] [] - MetricsCollector::Initialize(171): Check Failed: !IsConfigured() - Return: MetricResult_InvalidState
[2023-10-23 00:44:21,139] [27   ] [ERROR] [] - Failed to initialized metrics collector - error: 2
[2023-10-23 00:54:21,146] [28   ] [INFO ] [] - Initializing the metrics collector
[2023-10-23 00:54:21,149] [28   ] [ERROR] [] - MetricsCollector::Initialize(171): Check Failed: !IsConfigured() - Return: MetricResult_InvalidState
[2023-10-23 00:54:21,151] [28   ] [ERROR] [] - Failed to initialized metrics collector - error: 2
[2023-10-23 01:04:21,146] [26   ] [INFO ] [] - Initializing the metrics collector
[2023-10-23 01:04:21,146] [26   ] [ERROR] [] - MetricsCollector::Initialize(171): Check Failed: !IsConfigured() - Return: MetricResult_InvalidState
[2023-10-23 01:04:21,146] [26   ] [ERROR] [] - Failed to initialized metrics collector - error: 2
[2023-10-23 01:14:21,173] [29   ] [INFO ] [] - Initializing the metrics collector
[2023-10-23 01:14:21,173] [29   ] [ERROR] [] - MetricsCollector::Initialize(171): Check Failed: !IsConfigured() - Return: MetricResult_InvalidState
[2023-10-23 01:14:21,173] [29   ] [ERROR] [] - Failed to initialized metrics collector - error: 2
[2023-10-23 01:24:21,182] [30   ] [INFO ] [] - Initializing the metrics collector
[2023-10-23 01:24:21,186] [30   ] [ERROR] [] - MetricsCollector::Initialize(171): Check Failed: !IsConfigured() - Return: MetricResult_InvalidState
[2023-10-23 01:24:21,188] [30   ] [ERROR] [] - Failed to initialized metrics collector - error: 2
