[2023-07-18 13:35:32,670] [1    ] [INFO ] [] - ========== Box Edit v4.23.0.1013 ==========
[2023-07-18 13:35:32,685] [1    ] [INFO ] [] - Command Line: "C:\Users\金田駿之介\AppData\Local\Box\Box Edit\Box Edit.exe" 
[2023-07-18 13:35:33,466] [1    ] [INFO ] [] - Getting DebugLogging value from CurrentUser
[2023-07-18 13:35:33,466] [1    ] [INFO ] [] - Working with debug logging OFF
[2023-07-18 13:35:33,545] [1    ] [INFO ] [] - Days to keep files in cache set to 7
[2023-07-18 13:35:33,857] [1    ] [INFO ] [] - LocalMachine RegistryKey not set
[2023-07-18 13:35:33,888] [1    ] [INFO ] [] - DeviceId::CheckDeviceId(488): Starting DeviceId generator.
[2023-07-18 13:35:33,888] [1    ] [INFO ] [] - DeviceId::CheckDeviceId(515): Global mutex obtained. Start checking.
[2023-07-18 13:35:34,107] [1    ] [INFO ] [] - DeviceId::RestoreGlobalDeviceData(65): Failed reading global DeviceData from registry: Registry key "SOFTWARE\Box\DeviceId" not found.
[2023-07-18 13:35:34,201] [1    ] [INFO ] [] - DeviceId::RestoreAndValidateLocalProperites(389): Restored local DeviceId
[2023-07-18 13:35:34,201] [1    ] [INFO ] [] - DeviceId::RestoreAndValidateLocalProperites(393): Restored local DeviceData
[2023-07-18 13:35:34,201] [1    ] [INFO ] [] - DeviceId::PerformChecking(452): Checking DeviceData.
[2023-07-18 13:35:34,216] [1    ] [INFO ] [] - DeviceId::PerformChecking(453): DeviceData read from registry: {"ComputerSystemProductUUID":"B4C5DFD1-4333-1CB6-C49D-A3067E9A232A","Version":1}
[2023-07-18 13:35:34,216] [1    ] [INFO ] [] - DeviceId::PerformChecking(454): Generated DeviceData: {"ComputerSystemProductUUID":"B4C5DFD1-4333-1CB6-C49D-A3067E9A232A","Version":1}
[2023-07-18 13:35:34,232] [1    ] [INFO ] [] - Initializing the metrics collector
[2023-07-18 13:35:34,279] [1    ] [WARN ] [] - MetricsCollector::UpdateConfiguration(374): UpdateConfiguration raised: unable to open database file
[2023-07-18 13:35:34,279] [1    ] [ERROR] [] - MetricsCollector::Initialize(238): Raised: unable to open database file
[2023-07-18 13:35:34,279] [1    ] [ERROR] [] - Failed to initialized metrics collector - error: 6
[2023-07-18 13:35:34,279] [1    ] [ERROR] [] - Could not set permissions to C:\Users\金田駿之介\AppData\Local\Box\Box Tools\Metrics\BoxTools_Metrics.db
[2023-07-18 13:35:34,279] [1    ] [ERROR] [] - FileSystemUtils.AddPermissionsToFile on line number [0]  System.IO.FileNotFoundException: C:\Users\金田駿之介\AppData\Local\Box\Box Tools\Metrics\BoxTools_Metrics.db
   場所 System.Security.AccessControl.NativeObjectSecurity.CreateInternal(ResourceType resourceType, Boolean isContainer, String name, SafeHandle handle, AccessControlSections includeSections, Boolean createByName, ExceptionFromErrorCode exceptionFromErrorCode, Object exceptionContext)
   場所 System.Security.AccessControl.FileSystemSecurity..ctor(Boolean isContainer, String name, AccessControlSections includeSections, Boolean isDirectory)
   場所 System.Security.AccessControl.FileSecurity..ctor(String fileName, AccessControlSections includeSections)
   場所 Box.Utilities.Util.FileSystemUtils.AddPermissionsToFile(String filePath, WellKnownSidType account, FileSystemRights permissions)
[2023-07-18 13:35:34,294] [9    ] [INFO ] [] - .NET Version - installed 528372, expected: 528040
[2023-07-18 13:35:34,294] [9    ] [INFO ] [] - result: True
[2023-07-18 13:35:34,294] [9    ] [INFO ] [] - Checking for upgrades
[2023-07-18 13:35:34,294] [9    ] [INFO ] [] - ### File path for UpgradeState: C:\Users\金田駿之介\AppData\Local\Box\upgrade_state.json
[2023-07-18 13:35:34,357] [1    ] [INFO ] [] - Running pipe server using box_edit_pipe as pipe name
[2023-07-18 13:35:34,357] [1    ] [INFO ] [] - Initializing the metrics collector
[2023-07-18 13:35:34,357] [1    ] [ERROR] [] - MetricsCollector::Initialize(171): Check Failed: !IsConfigured() - Return: MetricResult_InvalidState
[2023-07-18 13:35:34,357] [1    ] [ERROR] [] - Failed to initialized metrics collector - error: 2
[2023-07-18 13:35:34,357] [1    ] [ERROR] [] - Could not set permissions to C:\Users\金田駿之介\AppData\Local\Box\Box Tools\Metrics\BoxTools_Metrics.db
[2023-07-18 13:35:34,357] [1    ] [ERROR] [] - FileSystemUtils.AddPermissionsToFile on line number [0]  System.IO.FileNotFoundException: C:\Users\金田駿之介\AppData\Local\Box\Box Tools\Metrics\BoxTools_Metrics.db
   場所 System.Security.AccessControl.NativeObjectSecurity.CreateInternal(ResourceType resourceType, Boolean isContainer, String name, SafeHandle handle, AccessControlSections includeSections, Boolean createByName, ExceptionFromErrorCode exceptionFromErrorCode, Object exceptionContext)
   場所 System.Security.AccessControl.FileSystemSecurity..ctor(Boolean isContainer, String name, AccessControlSections includeSections, Boolean isDirectory)
   場所 System.Security.AccessControl.FileSecurity..ctor(String fileName, AccessControlSections includeSections)
   場所 Box.Utilities.Util.FileSystemUtils.AddPermissionsToFile(String filePath, WellKnownSidType account, FileSystemRights permissions)
[2023-07-18 13:35:34,357] [1    ] [INFO ] [] - .NET Version: .NET Framework 4.8 (528372) - 4.0.30319.42000
[2023-07-18 13:35:34,373] [13   ] [INFO ] [] - Sending async metric DotNetVersion to Gen204 json endpoint.
[2023-07-18 13:35:34,482] [9    ] [INFO ] [] - Url used to upgrade: https://cdn07.boxcdn.net/BoxEditAutoupdate2.json
[2023-07-18 13:35:34,544] [9    ] [ERROR] [] - UpgradeService.GetLatestUpgrade on line number [0]  System.Net.WebException: リモート名を解決できませんでした。: 'cdn07.boxcdn.net'
   場所 System.Net.WebClient.DownloadDataInternal(Uri address, WebRequest& request)
   場所 System.Net.WebClient.DownloadString(Uri address)
   場所 System.Net.WebClient.DownloadString(String address)
   場所 Box.Edit.UpgradeService.UpgradeService.GetLatestUpgrade()
[2023-07-18 13:35:34,544] [9    ] [INFO ] [] - .NET Version - installed 528372, expected: 528040
[2023-07-18 13:35:34,560] [9    ] [INFO ] [] - result: True
[2023-07-18 13:35:34,560] [9    ] [INFO ] [] - Checking for upgrades
[2023-07-18 13:35:34,560] [9    ] [INFO ] [] - ### File path for UpgradeState: C:\Users\金田駿之介\AppData\Local\Box\upgrade_state.json
[2023-07-18 13:35:34,560] [9    ] [INFO ] [] - Url used to upgrade: https://cdn07.boxcdn.net/BoxEditAutoupdate2.json
[2023-07-18 13:35:34,560] [9    ] [ERROR] [] - UpgradeService.GetLatestUpgrade on line number [0]  System.Net.WebException: リモート名を解決できませんでした。: 'cdn07.boxcdn.net'
   場所 System.Net.WebClient.DownloadDataInternal(Uri address, WebRequest& request)
   場所 System.Net.WebClient.DownloadString(Uri address)
   場所 System.Net.WebClient.DownloadString(String address)
   場所 Box.Edit.UpgradeService.UpgradeService.GetLatestUpgrade()
[2023-07-18 13:35:34,560] [9    ] [INFO ] [] - .NET Version - installed 528372, expected: 528040
[2023-07-18 13:35:34,560] [9    ] [INFO ] [] - result: True
[2023-07-18 13:35:34,560] [9    ] [INFO ] [] - Checking for upgrades
[2023-07-18 13:35:34,560] [9    ] [INFO ] [] - ### File path for UpgradeState: C:\Users\金田駿之介\AppData\Local\Box\upgrade_state.json
[2023-07-18 13:35:34,560] [9    ] [INFO ] [] - Url used to upgrade: https://cdn07.boxcdn.net/BoxEditAutoupdate2.json
[2023-07-18 13:35:34,560] [9    ] [ERROR] [] - UpgradeService.GetLatestUpgrade on line number [0]  System.Net.WebException: リモート名を解決できませんでした。: 'cdn07.boxcdn.net'
   場所 System.Net.WebClient.DownloadDataInternal(Uri address, WebRequest& request)
   場所 System.Net.WebClient.DownloadString(Uri address)
   場所 System.Net.WebClient.DownloadString(String address)
   場所 Box.Edit.UpgradeService.UpgradeService.GetLatestUpgrade()
[2023-07-18 13:35:34,560] [9    ] [INFO ] [] - .NET Version - installed 528372, expected: 528040
[2023-07-18 13:35:34,576] [9    ] [INFO ] [] - result: True
[2023-07-18 13:35:34,576] [9    ] [INFO ] [] - Checking for upgrades
[2023-07-18 13:35:34,576] [9    ] [INFO ] [] - ### File path for UpgradeState: C:\Users\金田駿之介\AppData\Local\Box\upgrade_state.json
[2023-07-18 13:35:34,576] [9    ] [INFO ] [] - Url used to upgrade: https://cdn07.boxcdn.net/BoxEditAutoupdate2.json
[2023-07-18 13:35:34,576] [9    ] [ERROR] [] - UpgradeService.GetLatestUpgrade on line number [0]  System.Net.WebException: リモート名を解決できませんでした。: 'cdn07.boxcdn.net'
   場所 System.Net.WebClient.DownloadDataInternal(Uri address, WebRequest& request)
   場所 System.Net.WebClient.DownloadString(Uri address)
   場所 System.Net.WebClient.DownloadString(String address)
   場所 Box.Edit.UpgradeService.UpgradeService.GetLatestUpgrade()
[2023-07-18 13:35:34,576] [9    ] [INFO ] [] - .NET Version - installed 528372, expected: 528040
[2023-07-18 13:35:34,576] [9    ] [INFO ] [] - result: True
[2023-07-18 13:35:34,576] [9    ] [INFO ] [] - Checking for upgrades
[2023-07-18 13:35:34,576] [9    ] [INFO ] [] - ### File path for UpgradeState: C:\Users\金田駿之介\AppData\Local\Box\upgrade_state.json
[2023-07-18 13:35:34,576] [9    ] [INFO ] [] - Url used to upgrade: https://cdn07.boxcdn.net/BoxEditAutoupdate2.json
[2023-07-18 13:35:34,591] [9    ] [ERROR] [] - UpgradeService.GetLatestUpgrade on line number [0]  System.Net.WebException: リモート名を解決できませんでした。: 'cdn07.boxcdn.net'
   場所 System.Net.WebClient.DownloadDataInternal(Uri address, WebRequest& request)
   場所 System.Net.WebClient.DownloadString(Uri address)
   場所 System.Net.WebClient.DownloadString(String address)
   場所 Box.Edit.UpgradeService.UpgradeService.GetLatestUpgrade()
[2023-07-18 13:35:34,591] [9    ] [INFO ] [] - .NET Version - installed 528372, expected: 528040
[2023-07-18 13:35:34,591] [9    ] [INFO ] [] - result: True
[2023-07-18 13:35:34,591] [9    ] [INFO ] [] - Checking for upgrades
[2023-07-18 13:35:34,591] [9    ] [INFO ] [] - ### File path for UpgradeState: C:\Users\金田駿之介\AppData\Local\Box\upgrade_state.json
[2023-07-18 13:35:34,591] [9    ] [INFO ] [] - Too many attemps for upgrade
[2023-07-18 13:35:35,888] [2    ] [ERROR] [] - Program.TaskScheduler_UnobservedTaskException on line number [0]  System.AggregateException: タスクの例外が、タスクの待機によっても、タスクの Exception プロパティへのアクセスによっても監視されませんでした。その結果、監視されていない例外がファイナライザー スレッドによって再スローされました。 ---> System.AggregateException: 1 つ以上のエラーが発生しました。 ---> System.Net.Http.HttpRequestException: この要求の送信中にエラーが発生しました。 ---> System.Net.WebException: リモート名を解決できませんでした。: 'client-log.box.com'
   場所 System.Net.HttpWebRequest.EndGetRequestStream(IAsyncResult asyncResult, TransportContext& context)
   場所 System.Net.Http.HttpClientHandler.GetRequestStreamCallback(IAsyncResult ar)
   --- 内部例外スタック トレースの終わり ---
   --- 内部例外スタック トレースの終わり ---
   場所 System.Threading.Tasks.Task.ThrowIfExceptional(Boolean includeTaskCanceledExceptions)
   場所 System.Threading.Tasks.Task`1.GetResultCore(Boolean waitCompletionNotification)
   場所 System.Threading.Tasks.Task`1.get_Result()
   場所 Box.Metrics.Reporter.MetricsSender.<>c__DisplayClass22_0.<SendMetricToJsonGen204Async>b__0()
   場所 System.Threading.Tasks.Task.InnerInvoke()
   場所 System.Threading.Tasks.Task.Execute()
   --- 内部例外スタック トレースの終わり ---
---> (内部例外 #0) System.AggregateException: 1 つ以上のエラーが発生しました。 ---> System.Net.Http.HttpRequestException: この要求の送信中にエラーが発生しました。 ---> System.Net.WebException: リモート名を解決できませんでした。: 'client-log.box.com'
   場所 System.Net.HttpWebRequest.EndGetRequestStream(IAsyncResult asyncResult, TransportContext& context)
   場所 System.Net.Http.HttpClientHandler.GetRequestStreamCallback(IAsyncResult ar)
   --- 内部例外スタック トレースの終わり ---
   --- 内部例外スタック トレースの終わり ---
   場所 System.Threading.Tasks.Task.ThrowIfExceptional(Boolean includeTaskCanceledExceptions)
   場所 System.Threading.Tasks.Task`1.GetResultCore(Boolean waitCompletionNotification)
   場所 System.Threading.Tasks.Task`1.get_Result()
   場所 Box.Metrics.Reporter.MetricsSender.<>c__DisplayClass22_0.<SendMetricToJsonGen204Async>b__0()
   場所 System.Threading.Tasks.Task.InnerInvoke()
   場所 System.Threading.Tasks.Task.Execute()
---> (内部例外 #0) System.Net.Http.HttpRequestException: この要求の送信中にエラーが発生しました。 ---> System.Net.WebException: リモート名を解決できませんでした。: 'client-log.box.com'
   場所 System.Net.HttpWebRequest.EndGetRequestStream(IAsyncResult asyncResult, TransportContext& context)
   場所 System.Net.Http.HttpClientHandler.GetRequestStreamCallback(IAsyncResult ar)
   --- 内部例外スタック トレースの終わり ---<---
<---

[2023-07-18 13:35:39,377] [10   ] [INFO ] [] - Initializing the metrics collector
[2023-07-18 13:35:39,377] [10   ] [ERROR] [] - MetricsCollector::Initialize(171): Check Failed: !IsConfigured() - Return: MetricResult_InvalidState
[2023-07-18 13:35:39,377] [10   ] [ERROR] [] - Failed to initialized metrics collector - error: 2
[2023-07-18 13:45:39,385] [17   ] [INFO ] [] - Initializing the metrics collector
[2023-07-18 13:45:39,386] [17   ] [ERROR] [] - MetricsCollector::Initialize(171): Check Failed: !IsConfigured() - Return: MetricResult_InvalidState
[2023-07-18 13:45:39,386] [17   ] [ERROR] [] - Failed to initialized metrics collector - error: 2
[2023-07-18 13:55:39,395] [16   ] [INFO ] [] - Initializing the metrics collector
[2023-07-18 13:55:39,395] [16   ] [ERROR] [] - MetricsCollector::Initialize(171): Check Failed: !IsConfigured() - Return: MetricResult_InvalidState
[2023-07-18 13:55:39,395] [16   ] [ERROR] [] - Failed to initialized metrics collector - error: 2
[2023-07-18 14:05:39,408] [18   ] [INFO ] [] - Initializing the metrics collector
[2023-07-18 14:05:39,408] [18   ] [ERROR] [] - MetricsCollector::Initialize(171): Check Failed: !IsConfigured() - Return: MetricResult_InvalidState
[2023-07-18 14:05:39,408] [18   ] [ERROR] [] - Failed to initialized metrics collector - error: 2
[2023-07-18 14:15:39,416] [19   ] [INFO ] [] - Initializing the metrics collector
[2023-07-18 14:15:39,416] [19   ] [ERROR] [] - MetricsCollector::Initialize(171): Check Failed: !IsConfigured() - Return: MetricResult_InvalidState
[2023-07-18 14:15:39,416] [19   ] [ERROR] [] - Failed to initialized metrics collector - error: 2
[2023-07-18 14:25:39,425] [20   ] [INFO ] [] - Initializing the metrics collector
[2023-07-18 14:25:39,426] [20   ] [ERROR] [] - MetricsCollector::Initialize(171): Check Failed: !IsConfigured() - Return: MetricResult_InvalidState
[2023-07-18 14:25:39,426] [20   ] [ERROR] [] - Failed to initialized metrics collector - error: 2
[2023-07-18 14:35:39,440] [21   ] [INFO ] [] - Initializing the metrics collector
[2023-07-18 14:35:39,440] [21   ] [ERROR] [] - MetricsCollector::Initialize(171): Check Failed: !IsConfigured() - Return: MetricResult_InvalidState
[2023-07-18 14:35:39,440] [21   ] [ERROR] [] - Failed to initialized metrics collector - error: 2
[2023-07-18 14:45:39,442] [22   ] [INFO ] [] - Initializing the metrics collector
[2023-07-18 14:45:39,442] [22   ] [ERROR] [] - MetricsCollector::Initialize(171): Check Failed: !IsConfigured() - Return: MetricResult_InvalidState
[2023-07-18 14:45:39,442] [22   ] [ERROR] [] - Failed to initialized metrics collector - error: 2
[2023-07-18 14:55:46,079] [25   ] [INFO ] [] - Initializing the metrics collector
[2023-07-18 14:55:46,080] [25   ] [ERROR] [] - MetricsCollector::Initialize(171): Check Failed: !IsConfigured() - Return: MetricResult_InvalidState
[2023-07-18 14:55:46,081] [25   ] [ERROR] [] - Failed to initialized metrics collector - error: 2
[2023-07-18 15:05:46,079] [22   ] [INFO ] [] - Initializing the metrics collector
[2023-07-18 15:05:46,079] [22   ] [ERROR] [] - MetricsCollector::Initialize(171): Check Failed: !IsConfigured() - Return: MetricResult_InvalidState
[2023-07-18 15:05:46,080] [22   ] [ERROR] [] - Failed to initialized metrics collector - error: 2
[2023-07-18 15:15:46,127] [21   ] [INFO ] [] - Initializing the metrics collector
[2023-07-18 15:15:46,127] [21   ] [ERROR] [] - MetricsCollector::Initialize(171): Check Failed: !IsConfigured() - Return: MetricResult_InvalidState
[2023-07-18 15:15:46,127] [21   ] [ERROR] [] - Failed to initialized metrics collector - error: 2
[2023-07-18 15:25:46,143] [20   ] [INFO ] [] - Initializing the metrics collector
[2023-07-18 15:25:46,143] [20   ] [ERROR] [] - MetricsCollector::Initialize(171): Check Failed: !IsConfigured() - Return: MetricResult_InvalidState
[2023-07-18 15:25:46,143] [20   ] [ERROR] [] - Failed to initialized metrics collector - error: 2
[2023-07-18 16:57:16,515] [1    ] [INFO ] [] - ========== Box Edit v4.23.0.1013 ==========
[2023-07-18 16:57:16,968] [1    ] [INFO ] [] - Command Line: "C:\Users\金田駿之介\AppData\Local\Box\Box Edit\Box Edit.exe" 
[2023-07-18 16:57:20,302] [1    ] [INFO ] [] - Getting DebugLogging value from CurrentUser
[2023-07-18 16:57:20,304] [1    ] [INFO ] [] - Working with debug logging OFF
[2023-07-18 16:57:20,449] [1    ] [INFO ] [] - Days to keep files in cache set to 7
[2023-07-18 16:57:20,963] [1    ] [INFO ] [] - LocalMachine RegistryKey not set
[2023-07-18 16:57:21,009] [1    ] [INFO ] [] - DeviceId::CheckDeviceId(488): Starting DeviceId generator.
[2023-07-18 16:57:21,010] [1    ] [INFO ] [] - DeviceId::CheckDeviceId(515): Global mutex obtained. Start checking.
[2023-07-18 16:57:21,918] [1    ] [INFO ] [] - DeviceId::RestoreGlobalDeviceData(65): Failed reading global DeviceData from registry: Registry key "SOFTWARE\Box\DeviceId" not found.
[2023-07-18 16:57:22,254] [1    ] [INFO ] [] - DeviceId::RestoreAndValidateLocalProperites(389): Restored local DeviceId
[2023-07-18 16:57:22,255] [1    ] [INFO ] [] - DeviceId::RestoreAndValidateLocalProperites(393): Restored local DeviceData
[2023-07-18 16:57:22,255] [1    ] [INFO ] [] - DeviceId::PerformChecking(452): Checking DeviceData.
[2023-07-18 16:57:22,263] [1    ] [INFO ] [] - DeviceId::PerformChecking(453): DeviceData read from registry: {"ComputerSystemProductUUID":"B4C5DFD1-4333-1CB6-C49D-A3067E9A232A","Version":1}
[2023-07-18 16:57:22,263] [1    ] [INFO ] [] - DeviceId::PerformChecking(454): Generated DeviceData: {"ComputerSystemProductUUID":"B4C5DFD1-4333-1CB6-C49D-A3067E9A232A","Version":1}
[2023-07-18 16:57:22,281] [1    ] [INFO ] [] - Initializing the metrics collector
[2023-07-18 16:57:22,310] [1    ] [WARN ] [] - MetricsCollector::UpdateConfiguration(374): UpdateConfiguration raised: unable to open database file
[2023-07-18 16:57:22,311] [1    ] [ERROR] [] - MetricsCollector::Initialize(238): Raised: unable to open database file
[2023-07-18 16:57:22,312] [1    ] [ERROR] [] - Failed to initialized metrics collector - error: 6
[2023-07-18 16:57:22,313] [1    ] [ERROR] [] - Could not set permissions to C:\Users\金田駿之介\AppData\Local\Box\Box Tools\Metrics\BoxTools_Metrics.db
[2023-07-18 16:57:22,319] [1    ] [ERROR] [] - FileSystemUtils.AddPermissionsToFile on line number [0]  System.IO.FileNotFoundException: C:\Users\金田駿之介\AppData\Local\Box\Box Tools\Metrics\BoxTools_Metrics.db
   場所 System.Security.AccessControl.NativeObjectSecurity.CreateInternal(ResourceType resourceType, Boolean isContainer, String name, SafeHandle handle, AccessControlSections includeSections, Boolean createByName, ExceptionFromErrorCode exceptionFromErrorCode, Object exceptionContext)
   場所 System.Security.AccessControl.FileSystemSecurity..ctor(Boolean isContainer, String name, AccessControlSections includeSections, Boolean isDirectory)
   場所 System.Security.AccessControl.FileSecurity..ctor(String fileName, AccessControlSections includeSections)
   場所 Box.Utilities.Util.FileSystemUtils.AddPermissionsToFile(String filePath, WellKnownSidType account, FileSystemRights permissions)
[2023-07-18 16:57:22,329] [9    ] [INFO ] [] - .NET Version - installed 528372, expected: 528040
[2023-07-18 16:57:22,330] [9    ] [INFO ] [] - result: True
[2023-07-18 16:57:22,330] [9    ] [INFO ] [] - Checking for upgrades
[2023-07-18 16:57:22,337] [9    ] [INFO ] [] - ### File path for UpgradeState: C:\Users\金田駿之介\AppData\Local\Box\upgrade_state.json
[2023-07-18 16:57:22,392] [1    ] [INFO ] [] - Running pipe server using box_edit_pipe as pipe name
[2023-07-18 16:57:22,399] [1    ] [INFO ] [] - Initializing the metrics collector
[2023-07-18 16:57:22,400] [1    ] [ERROR] [] - MetricsCollector::Initialize(171): Check Failed: !IsConfigured() - Return: MetricResult_InvalidState
[2023-07-18 16:57:22,401] [1    ] [ERROR] [] - Failed to initialized metrics collector - error: 2
[2023-07-18 16:57:22,401] [1    ] [ERROR] [] - Could not set permissions to C:\Users\金田駿之介\AppData\Local\Box\Box Tools\Metrics\BoxTools_Metrics.db
[2023-07-18 16:57:22,402] [1    ] [ERROR] [] - FileSystemUtils.AddPermissionsToFile on line number [0]  System.IO.FileNotFoundException: C:\Users\金田駿之介\AppData\Local\Box\Box Tools\Metrics\BoxTools_Metrics.db
   場所 System.Security.AccessControl.NativeObjectSecurity.CreateInternal(ResourceType resourceType, Boolean isContainer, String name, SafeHandle handle, AccessControlSections includeSections, Boolean createByName, ExceptionFromErrorCode exceptionFromErrorCode, Object exceptionContext)
   場所 System.Security.AccessControl.FileSystemSecurity..ctor(Boolean isContainer, String name, AccessControlSections includeSections, Boolean isDirectory)
   場所 System.Security.AccessControl.FileSecurity..ctor(String fileName, AccessControlSections includeSections)
   場所 Box.Utilities.Util.FileSystemUtils.AddPermissionsToFile(String filePath, WellKnownSidType account, FileSystemRights permissions)
[2023-07-18 16:57:22,412] [1    ] [INFO ] [] - .NET Version: .NET Framework 4.8 (528372) - 4.0.30319.42000
[2023-07-18 16:57:22,424] [13   ] [INFO ] [] - Sending async metric DotNetVersion to Gen204 json endpoint.
[2023-07-18 16:57:23,607] [9    ] [INFO ] [] - Url used to upgrade: https://cdn07.boxcdn.net/BoxEditAutoupdate2.json
[2023-07-18 16:57:24,030] [9    ] [INFO ] [] - ### current version track name: 4.23.0
[2023-07-18 16:57:24,031] [9    ] [WARN ] [] - Track 4.23.0 not found
[2023-07-18 16:57:24,032] [9    ] [INFO ] [] - Track default for upgrade found
[2023-07-18 16:57:24,032] [9    ] [INFO ] [] - RolloutID set to 42
[2023-07-18 16:57:24,033] [9    ] [INFO ] [] - No upgrade available
[2023-07-18 16:57:24,231] [13   ] [INFO ] [] - Metric ingestion endpoint response: NoContent
[2023-07-18 16:57:27,425] [11   ] [INFO ] [] - Initializing the metrics collector
[2023-07-18 16:57:27,425] [11   ] [ERROR] [] - MetricsCollector::Initialize(171): Check Failed: !IsConfigured() - Return: MetricResult_InvalidState
[2023-07-18 16:57:27,425] [11   ] [ERROR] [] - Failed to initialized metrics collector - error: 2
[2023-07-18 17:07:27,421] [20   ] [INFO ] [] - Initializing the metrics collector
[2023-07-18 17:07:27,422] [20   ] [ERROR] [] - MetricsCollector::Initialize(171): Check Failed: !IsConfigured() - Return: MetricResult_InvalidState
[2023-07-18 17:07:27,423] [20   ] [ERROR] [] - Failed to initialized metrics collector - error: 2
[2023-07-18 17:17:27,421] [19   ] [INFO ] [] - Initializing the metrics collector
[2023-07-18 17:17:27,422] [19   ] [ERROR] [] - MetricsCollector::Initialize(171): Check Failed: !IsConfigured() - Return: MetricResult_InvalidState
[2023-07-18 17:17:27,422] [19   ] [ERROR] [] - Failed to initialized metrics collector - error: 2
[2023-07-18 17:27:27,423] [21   ] [INFO ] [] - Initializing the metrics collector
[2023-07-18 17:27:27,427] [21   ] [ERROR] [] - MetricsCollector::Initialize(171): Check Failed: !IsConfigured() - Return: MetricResult_InvalidState
[2023-07-18 17:27:27,428] [21   ] [ERROR] [] - Failed to initialized metrics collector - error: 2
[2023-07-18 17:37:27,450] [23   ] [INFO ] [] - Initializing the metrics collector
[2023-07-18 17:37:27,452] [23   ] [ERROR] [] - MetricsCollector::Initialize(171): Check Failed: !IsConfigured() - Return: MetricResult_InvalidState
[2023-07-18 17:37:27,453] [23   ] [ERROR] [] - Failed to initialized metrics collector - error: 2
[2023-07-18 17:47:27,450] [22   ] [INFO ] [] - Initializing the metrics collector
[2023-07-18 17:47:27,453] [22   ] [ERROR] [] - MetricsCollector::Initialize(171): Check Failed: !IsConfigured() - Return: MetricResult_InvalidState
[2023-07-18 17:47:27,454] [22   ] [ERROR] [] - Failed to initialized metrics collector - error: 2
[2023-07-18 17:57:27,465] [24   ] [INFO ] [] - Initializing the metrics collector
[2023-07-18 17:57:27,469] [24   ] [ERROR] [] - MetricsCollector::Initialize(171): Check Failed: !IsConfigured() - Return: MetricResult_InvalidState
[2023-07-18 17:57:27,474] [24   ] [ERROR] [] - Failed to initialized metrics collector - error: 2
