[2024-02-11 21:59:10,475] [1    ] [INFO ] [] - ========== Box Edit v4.24.0.1029 ==========
[2024-02-11 21:59:10,528] [1    ] [INFO ] [] - Command Line: "C:\Users\金田駿之介\AppData\Local\Box\Box Edit\Box Edit.exe" 
[2024-02-11 21:59:11,863] [1    ] [INFO ] [] - Getting DebugLogging value from CurrentUser
[2024-02-11 21:59:11,864] [1    ] [INFO ] [] - Working with debug logging OFF
[2024-02-11 21:59:12,076] [1    ] [INFO ] [] - Days to keep files in cache set to 7
[2024-02-11 21:59:12,738] [1    ] [INFO ] [] - LocalMachine RegistryKey not set
[2024-02-11 21:59:12,785] [1    ] [INFO ] [] - DeviceId::CheckDeviceId(488): Starting DeviceId generator.
[2024-02-11 21:59:12,787] [1    ] [INFO ] [] - DeviceId::CheckDeviceId(515): Global mutex obtained. Start checking.
[2024-02-11 21:59:13,898] [1    ] [INFO ] [] - DeviceId::RestoreGlobalDeviceData(65): Failed reading global DeviceData from registry: Registry key "SOFTWARE\Box\DeviceId" not found.
[2024-02-11 21:59:14,282] [1    ] [INFO ] [] - DeviceId::RestoreAndValidateLocalProperites(389): Restored local DeviceId
[2024-02-11 21:59:14,283] [1    ] [INFO ] [] - DeviceId::RestoreAndValidateLocalProperites(393): Restored local DeviceData
[2024-02-11 21:59:14,284] [1    ] [INFO ] [] - DeviceId::PerformChecking(452): Checking DeviceData.
[2024-02-11 21:59:14,311] [1    ] [INFO ] [] - DeviceId::PerformChecking(453): DeviceData read from registry: {"ComputerSystemProductUUID":"B4C5DFD1-4333-1CB6-C49D-A3067E9A232A","Version":1}
[2024-02-11 21:59:14,312] [1    ] [INFO ] [] - DeviceId::PerformChecking(454): Generated DeviceData: {"ComputerSystemProductUUID":"B4C5DFD1-4333-1CB6-C49D-A3067E9A232A","Version":1}
[2024-02-11 21:59:14,513] [1    ] [INFO ] [] - Initializing the metrics collector
[2024-02-11 21:59:14,656] [1    ] [WARN ] [] - MetricsCollector::UpdateConfiguration(374): UpdateConfiguration raised: unable to open database file
[2024-02-11 21:59:14,658] [1    ] [ERROR] [] - MetricsCollector::Initialize(238): Raised: unable to open database file
[2024-02-11 21:59:14,658] [1    ] [ERROR] [] - Failed to initialized metrics collector - error: 6
[2024-02-11 21:59:14,778] [9    ] [INFO ] [] - .NET Version - installed 533325, expected: 528040
[2024-02-11 21:59:14,783] [9    ] [INFO ] [] - result: True
[2024-02-11 21:59:14,784] [9    ] [INFO ] [] - Checking for upgrades
[2024-02-11 21:59:15,109] [9    ] [INFO ] [] - ### File path for UpgradeState: C:\Users\金田駿之介\AppData\Local\Box\upgrade_state.json
[2024-02-11 21:59:15,308] [1    ] [INFO ] [] - Running pipe server using box_edit_pipe as pipe name
[2024-02-11 21:59:15,357] [1    ] [INFO ] [] - Initializing the metrics collector
[2024-02-11 21:59:15,357] [1    ] [ERROR] [] - MetricsCollector::Initialize(171): Check Failed: !IsConfigured() - Return: MetricResult_InvalidState
[2024-02-11 21:59:15,358] [1    ] [ERROR] [] - Failed to initialized metrics collector - error: 2
[2024-02-11 21:59:15,384] [1    ] [INFO ] [] - .NET Version: unknown (533325) - 4.0.30319.42000
[2024-02-11 21:59:15,702] [13   ] [INFO ] [] - Sending async metric DotNetVersion to Gen204 json endpoint.
[2024-02-11 21:59:16,387] [9    ] [INFO ] [] - Url used to upgrade: https://cdn07.boxcdn.net/BoxEditAutoupdate2.json
[2024-02-11 21:59:17,230] [9    ] [INFO ] [] - ### current version track name: 4.24.0
[2024-02-11 21:59:17,232] [9    ] [WARN ] [] - Track 4.24.0 not found
[2024-02-11 21:59:17,233] [9    ] [INFO ] [] - Track default for upgrade found
[2024-02-11 21:59:17,234] [9    ] [INFO ] [] - RolloutID set to 73
[2024-02-11 21:59:17,235] [9    ] [INFO ] [] - No upgrade available
[2024-02-11 21:59:17,675] [13   ] [INFO ] [] - Metric ingestion endpoint response: NoContent
[2024-02-11 21:59:20,448] [7    ] [INFO ] [] - Initializing the metrics collector
[2024-02-11 21:59:20,448] [7    ] [ERROR] [] - MetricsCollector::Initialize(171): Check Failed: !IsConfigured() - Return: MetricResult_InvalidState
[2024-02-11 21:59:20,449] [7    ] [ERROR] [] - Failed to initialized metrics collector - error: 2
[2024-02-11 22:09:20,376] [14   ] [INFO ] [] - Initializing the metrics collector
[2024-02-11 22:09:20,376] [14   ] [ERROR] [] - MetricsCollector::Initialize(171): Check Failed: !IsConfigured() - Return: MetricResult_InvalidState
[2024-02-11 22:09:20,376] [14   ] [ERROR] [] - Failed to initialized metrics collector - error: 2
[2024-02-11 22:19:20,401] [13   ] [INFO ] [] - Initializing the metrics collector
[2024-02-11 22:19:20,401] [13   ] [ERROR] [] - MetricsCollector::Initialize(171): Check Failed: !IsConfigured() - Return: MetricResult_InvalidState
[2024-02-11 22:19:20,401] [13   ] [ERROR] [] - Failed to initialized metrics collector - error: 2
[2024-02-11 22:29:20,419] [12   ] [INFO ] [] - Initializing the metrics collector
[2024-02-11 22:29:20,419] [12   ] [ERROR] [] - MetricsCollector::Initialize(171): Check Failed: !IsConfigured() - Return: MetricResult_InvalidState
[2024-02-11 22:29:20,419] [12   ] [ERROR] [] - Failed to initialized metrics collector - error: 2
[2024-02-11 22:39:20,502] [7    ] [INFO ] [] - Initializing the metrics collector
[2024-02-11 22:39:20,502] [7    ] [ERROR] [] - MetricsCollector::Initialize(171): Check Failed: !IsConfigured() - Return: MetricResult_InvalidState
[2024-02-11 22:39:20,502] [7    ] [ERROR] [] - Failed to initialized metrics collector - error: 2
[2024-02-11 22:49:20,548] [7    ] [INFO ] [] - Initializing the metrics collector
[2024-02-11 22:49:20,548] [7    ] [ERROR] [] - MetricsCollector::Initialize(171): Check Failed: !IsConfigured() - Return: MetricResult_InvalidState
[2024-02-11 22:49:20,548] [7    ] [ERROR] [] - Failed to initialized metrics collector - error: 2
[2024-02-11 22:59:20,569] [7    ] [INFO ] [] - Initializing the metrics collector
[2024-02-11 22:59:20,569] [7    ] [ERROR] [] - MetricsCollector::Initialize(171): Check Failed: !IsConfigured() - Return: MetricResult_InvalidState
[2024-02-11 22:59:20,569] [7    ] [ERROR] [] - Failed to initialized metrics collector - error: 2
[2024-02-11 23:09:20,580] [13   ] [INFO ] [] - Initializing the metrics collector
[2024-02-11 23:09:20,580] [13   ] [ERROR] [] - MetricsCollector::Initialize(171): Check Failed: !IsConfigured() - Return: MetricResult_InvalidState
[2024-02-11 23:09:20,580] [13   ] [ERROR] [] - Failed to initialized metrics collector - error: 2
[2024-02-11 23:19:20,593] [12   ] [INFO ] [] - Initializing the metrics collector
[2024-02-11 23:19:20,595] [12   ] [ERROR] [] - MetricsCollector::Initialize(171): Check Failed: !IsConfigured() - Return: MetricResult_InvalidState
[2024-02-11 23:19:20,595] [12   ] [ERROR] [] - Failed to initialized metrics collector - error: 2
[2024-02-11 23:29:20,636] [14   ] [INFO ] [] - Initializing the metrics collector
[2024-02-11 23:29:20,639] [14   ] [ERROR] [] - MetricsCollector::Initialize(171): Check Failed: !IsConfigured() - Return: MetricResult_InvalidState
[2024-02-11 23:29:20,641] [14   ] [ERROR] [] - Failed to initialized metrics collector - error: 2
[2024-02-11 23:39:20,607] [15   ] [INFO ] [] - Initializing the metrics collector
[2024-02-11 23:39:20,608] [15   ] [ERROR] [] - MetricsCollector::Initialize(171): Check Failed: !IsConfigured() - Return: MetricResult_InvalidState
[2024-02-11 23:39:20,608] [15   ] [ERROR] [] - Failed to initialized metrics collector - error: 2
[2024-02-11 23:49:28,797] [10   ] [INFO ] [] - Initializing the metrics collector
[2024-02-11 23:49:28,797] [10   ] [ERROR] [] - MetricsCollector::Initialize(171): Check Failed: !IsConfigured() - Return: MetricResult_InvalidState
[2024-02-11 23:49:28,797] [10   ] [ERROR] [] - Failed to initialized metrics collector - error: 2
