[2023-01-13 09:18:32,341] [1    ] [INFO ] [] - ========== Box Edit v4.20.0.970 ==========
[2023-01-13 09:18:32,373] [1    ] [INFO ] [] - Command Line: "C:\Users\金田駿之介\AppData\Local\Box\Box Edit\Box Edit.exe" 
[2023-01-13 09:18:34,300] [1    ] [INFO ] [] - Getting DebugLogging value from CurrentUser
[2023-01-13 09:18:34,301] [1    ] [INFO ] [] - Working with debug logging OFF
[2023-01-13 09:18:34,396] [1    ] [INFO ] [] - Days to keep files in cache set to 7
[2023-01-13 09:18:35,732] [1    ] [INFO ] [] - LocalMachine RegistryKey not set
[2023-01-13 09:18:35,801] [1    ] [INFO ] [] - Initializing the metrics collector
[2023-01-13 09:18:35,823] [1    ] [WARN ] [] - MetricsCollector::UpdateConfiguration(374): UpdateConfiguration raised: unable to open database file
[2023-01-13 09:18:35,824] [1    ] [ERROR] [] - MetricsCollector::Initialize(238): Raised: unable to open database file
[2023-01-13 09:18:35,825] [1    ] [ERROR] [] - Failed to initialized metrics collector - error: 6
[2023-01-13 09:18:35,826] [1    ] [ERROR] [] - Could not set permissions to C:\Users\金田駿之介\AppData\Local\Box\Box Tools\Metrics\BoxTools_Metrics.db
[2023-01-13 09:18:35,834] [1    ] [ERROR] [] - FileSystemUtils.AddPermissionsToFile on line number [0]  System.IO.FileNotFoundException: C:\Users\金田駿之介\AppData\Local\Box\Box Tools\Metrics\BoxTools_Metrics.db
   場所 System.Security.AccessControl.NativeObjectSecurity.CreateInternal(ResourceType resourceType, Boolean isContainer, String name, SafeHandle handle, AccessControlSections includeSections, Boolean createByName, ExceptionFromErrorCode exceptionFromErrorCode, Object exceptionContext)
   場所 System.Security.AccessControl.FileSystemSecurity..ctor(Boolean isContainer, String name, AccessControlSections includeSections, Boolean isDirectory)
   場所 System.Security.AccessControl.FileSecurity..ctor(String fileName, AccessControlSections includeSections)
   場所 Box.Utilities.Util.FileSystemUtils.AddPermissionsToFile(String filePath, WellKnownSidType account, FileSystemRights permissions)
[2023-01-13 09:18:35,840] [6    ] [INFO ] [] - Checking for upgrades
[2023-01-13 09:18:35,848] [6    ] [INFO ] [] - ### File path for UpgradeState: C:\Users\金田駿之介\AppData\Local\Box\upgrade_state.json
[2023-01-13 09:18:35,890] [1    ] [INFO ] [] - Running pipe server using box_edit_pipe as pipe name
[2023-01-13 09:18:35,905] [1    ] [INFO ] [] - Initializing the metrics collector
[2023-01-13 09:18:35,906] [1    ] [ERROR] [] - MetricsCollector::Initialize(171): Check Failed: !IsConfigured() - Return: MetricResult_InvalidState
[2023-01-13 09:18:35,906] [1    ] [ERROR] [] - Failed to initialized metrics collector - error: 2
[2023-01-13 09:18:35,907] [1    ] [ERROR] [] - Could not set permissions to C:\Users\金田駿之介\AppData\Local\Box\Box Tools\Metrics\BoxTools_Metrics.db
[2023-01-13 09:18:35,907] [1    ] [ERROR] [] - FileSystemUtils.AddPermissionsToFile on line number [0]  System.IO.FileNotFoundException: C:\Users\金田駿之介\AppData\Local\Box\Box Tools\Metrics\BoxTools_Metrics.db
   場所 System.Security.AccessControl.NativeObjectSecurity.CreateInternal(ResourceType resourceType, Boolean isContainer, String name, SafeHandle handle, AccessControlSections includeSections, Boolean createByName, ExceptionFromErrorCode exceptionFromErrorCode, Object exceptionContext)
   場所 System.Security.AccessControl.FileSystemSecurity..ctor(Boolean isContainer, String name, AccessControlSections includeSections, Boolean isDirectory)
   場所 System.Security.AccessControl.FileSecurity..ctor(String fileName, AccessControlSections includeSections)
   場所 Box.Utilities.Util.FileSystemUtils.AddPermissionsToFile(String filePath, WellKnownSidType account, FileSystemRights permissions)
[2023-01-13 09:18:35,907] [1    ] [INFO ] [] - .NET Version: .NET Framework 4.8 (528372) - 4.0.30319.42000
[2023-01-13 09:18:35,923] [12   ] [INFO ] [] - Sending async metric DotNetVersion to Gen204 json endpoint.
[2023-01-13 09:18:37,186] [6    ] [INFO ] [] - Url used to upgrade: https://cdn07.boxcdn.net/BoxEditAutoupdate2.json
[2023-01-13 09:18:37,580] [6    ] [INFO ] [] - No track defined, checking against default track
[2023-01-13 09:18:37,583] [6    ] [INFO ] [] - RolloutID set to 61
[2023-01-13 09:18:37,584] [6    ] [INFO ] [] - No upgrade available
[2023-01-13 09:18:37,846] [12   ] [INFO ] [] - Metric ingestion endpoint response: NoContent
[2023-01-13 09:18:40,983] [9    ] [INFO ] [] - Initializing the metrics collector
[2023-01-13 09:18:40,984] [9    ] [ERROR] [] - MetricsCollector::Initialize(171): Check Failed: !IsConfigured() - Return: MetricResult_InvalidState
[2023-01-13 09:18:40,984] [9    ] [ERROR] [] - Failed to initialized metrics collector - error: 2
[2023-01-13 09:28:40,915] [19   ] [INFO ] [] - Initializing the metrics collector
[2023-01-13 09:28:40,916] [19   ] [ERROR] [] - MetricsCollector::Initialize(171): Check Failed: !IsConfigured() - Return: MetricResult_InvalidState
[2023-01-13 09:28:40,917] [19   ] [ERROR] [] - Failed to initialized metrics collector - error: 2
