[2024-02-02 18:44:07,383] [1    ] [INFO ] [] - ========== Box Edit v4.24.0.1029 ==========
[2024-02-02 18:44:07,413] [1    ] [INFO ] [] - Command Line: "C:\Users\金田駿之介\AppData\Local\Box\Box Edit\Box Edit.exe" 
[2024-02-02 18:44:09,074] [1    ] [INFO ] [] - Getting DebugLogging value from CurrentUser
[2024-02-02 18:44:09,078] [1    ] [INFO ] [] - Working with debug logging OFF
[2024-02-02 18:44:09,225] [1    ] [INFO ] [] - Days to keep files in cache set to 7
[2024-02-02 18:44:09,870] [1    ] [INFO ] [] - LocalMachine RegistryKey not set
[2024-02-02 18:44:09,991] [1    ] [INFO ] [] - DeviceId::CheckDeviceId(488): Starting DeviceId generator.
[2024-02-02 18:44:09,991] [1    ] [INFO ] [] - DeviceId::CheckDeviceId(515): Global mutex obtained. Start checking.
[2024-02-02 18:44:10,243] [1    ] [INFO ] [] - DeviceId::RestoreGlobalDeviceData(65): Failed reading global DeviceData from registry: Registry key "SOFTWARE\Box\DeviceId" not found.
[2024-02-02 18:44:10,333] [1    ] [INFO ] [] - DeviceId::RestoreAndValidateLocalProperites(389): Restored local DeviceId
[2024-02-02 18:44:10,333] [1    ] [INFO ] [] - DeviceId::RestoreAndValidateLocalProperites(393): Restored local DeviceData
[2024-02-02 18:44:10,333] [1    ] [INFO ] [] - DeviceId::PerformChecking(452): Checking DeviceData.
[2024-02-02 18:44:10,333] [1    ] [INFO ] [] - DeviceId::PerformChecking(453): DeviceData read from registry: {"ComputerSystemProductUUID":"B4C5DFD1-4333-1CB6-C49D-A3067E9A232A","Version":1}
[2024-02-02 18:44:10,333] [1    ] [INFO ] [] - DeviceId::PerformChecking(454): Generated DeviceData: {"ComputerSystemProductUUID":"B4C5DFD1-4333-1CB6-C49D-A3067E9A232A","Version":1}
[2024-02-02 18:44:10,363] [1    ] [INFO ] [] - Initializing the metrics collector
[2024-02-02 18:44:10,384] [1    ] [WARN ] [] - MetricsCollector::UpdateConfiguration(374): UpdateConfiguration raised: unable to open database file
[2024-02-02 18:44:10,384] [1    ] [ERROR] [] - MetricsCollector::Initialize(238): Raised: unable to open database file
[2024-02-02 18:44:10,384] [1    ] [ERROR] [] - Failed to initialized metrics collector - error: 6
[2024-02-02 18:44:10,394] [9    ] [INFO ] [] - .NET Version - installed 533325, expected: 528040
[2024-02-02 18:44:10,394] [9    ] [INFO ] [] - result: True
[2024-02-02 18:44:10,394] [9    ] [INFO ] [] - Checking for upgrades
[2024-02-02 18:44:10,404] [9    ] [INFO ] [] - ### File path for UpgradeState: C:\Users\金田駿之介\AppData\Local\Box\upgrade_state.json
[2024-02-02 18:44:10,472] [1    ] [INFO ] [] - Running pipe server using box_edit_pipe as pipe name
[2024-02-02 18:44:10,484] [1    ] [INFO ] [] - Initializing the metrics collector
[2024-02-02 18:44:10,492] [1    ] [ERROR] [] - MetricsCollector::Initialize(171): Check Failed: !IsConfigured() - Return: MetricResult_InvalidState
[2024-02-02 18:44:10,492] [1    ] [ERROR] [] - Failed to initialized metrics collector - error: 2
[2024-02-02 18:44:10,494] [1    ] [INFO ] [] - .NET Version: unknown (533325) - 4.0.30319.42000
[2024-02-02 18:44:10,514] [12   ] [INFO ] [] - Sending async metric DotNetVersion to Gen204 json endpoint.
[2024-02-02 18:44:10,854] [9    ] [INFO ] [] - Url used to upgrade: https://cdn07.boxcdn.net/BoxEditAutoupdate2.json
[2024-02-02 18:44:11,190] [9    ] [INFO ] [] - ### current version track name: 4.24.0
[2024-02-02 18:44:11,190] [9    ] [WARN ] [] - Track 4.24.0 not found
[2024-02-02 18:44:11,198] [9    ] [INFO ] [] - Track default for upgrade found
[2024-02-02 18:44:11,198] [9    ] [INFO ] [] - RolloutID set to 73
[2024-02-02 18:44:11,198] [9    ] [INFO ] [] - No upgrade available
[2024-02-02 18:44:11,521] [12   ] [INFO ] [] - Metric ingestion endpoint response: NoContent
[2024-02-02 18:44:15,511] [10   ] [INFO ] [] - Initializing the metrics collector
[2024-02-02 18:44:15,511] [10   ] [ERROR] [] - MetricsCollector::Initialize(171): Check Failed: !IsConfigured() - Return: MetricResult_InvalidState
[2024-02-02 18:44:15,511] [10   ] [ERROR] [] - Failed to initialized metrics collector - error: 2
[2024-02-02 21:37:48,679] [21   ] [INFO ] [] - Initializing the metrics collector
[2024-02-02 21:37:48,681] [21   ] [ERROR] [] - MetricsCollector::Initialize(171): Check Failed: !IsConfigured() - Return: MetricResult_InvalidState
[2024-02-02 21:37:48,683] [21   ] [ERROR] [] - Failed to initialized metrics collector - error: 2
[2024-02-02 22:28:33,726] [22   ] [INFO ] [] - Initializing the metrics collector
[2024-02-02 22:28:33,728] [22   ] [ERROR] [] - MetricsCollector::Initialize(171): Check Failed: !IsConfigured() - Return: MetricResult_InvalidState
[2024-02-02 22:28:33,731] [22   ] [ERROR] [] - Failed to initialized metrics collector - error: 2
