[2023-10-26 10:16:58,071] [1    ] [INFO ] [] - ========== Box Edit v4.24.0.1029 ==========
[2023-10-26 10:16:58,103] [1    ] [INFO ] [] - Command Line: "C:\Users\金田駿之介\AppData\Local\Box\Box Edit\Box Edit.exe" 
[2023-10-26 10:16:59,298] [1    ] [INFO ] [] - Getting DebugLogging value from CurrentUser
[2023-10-26 10:16:59,298] [1    ] [INFO ] [] - Working with debug logging OFF
[2023-10-26 10:16:59,407] [1    ] [INFO ] [] - Days to keep files in cache set to 7
[2023-10-26 10:17:00,398] [1    ] [INFO ] [] - LocalMachine RegistryKey not set
[2023-10-26 10:17:00,445] [1    ] [INFO ] [] - DeviceId::CheckDeviceId(488): Starting DeviceId generator.
[2023-10-26 10:17:00,445] [1    ] [INFO ] [] - DeviceId::CheckDeviceId(515): Global mutex obtained. Start checking.
[2023-10-26 10:17:01,057] [1    ] [INFO ] [] - DeviceId::RestoreGlobalDeviceData(65): Failed reading global DeviceData from registry: Registry key "SOFTWARE\Box\DeviceId" not found.
[2023-10-26 10:17:01,293] [1    ] [INFO ] [] - DeviceId::RestoreAndValidateLocalProperites(389): Restored local DeviceId
[2023-10-26 10:17:01,293] [1    ] [INFO ] [] - DeviceId::RestoreAndValidateLocalProperites(393): Restored local DeviceData
[2023-10-26 10:17:01,293] [1    ] [INFO ] [] - DeviceId::PerformChecking(452): Checking DeviceData.
[2023-10-26 10:17:01,293] [1    ] [INFO ] [] - DeviceId::PerformChecking(453): DeviceData read from registry: {"ComputerSystemProductUUID":"B4C5DFD1-4333-1CB6-C49D-A3067E9A232A","Version":1}
[2023-10-26 10:17:01,293] [1    ] [INFO ] [] - DeviceId::PerformChecking(454): Generated DeviceData: {"ComputerSystemProductUUID":"B4C5DFD1-4333-1CB6-C49D-A3067E9A232A","Version":1}
[2023-10-26 10:17:01,387] [1    ] [INFO ] [] - Initializing the metrics collector
[2023-10-26 10:17:01,418] [1    ] [WARN ] [] - MetricsCollector::UpdateConfiguration(374): UpdateConfiguration raised: unable to open database file
[2023-10-26 10:17:01,418] [1    ] [ERROR] [] - MetricsCollector::Initialize(238): Raised: unable to open database file
[2023-10-26 10:17:01,418] [1    ] [ERROR] [] - Failed to initialized metrics collector - error: 6
[2023-10-26 10:17:01,434] [9    ] [INFO ] [] - .NET Version - installed 533325, expected: 528040
[2023-10-26 10:17:01,434] [9    ] [INFO ] [] - result: True
[2023-10-26 10:17:01,434] [9    ] [INFO ] [] - Checking for upgrades
[2023-10-26 10:17:01,449] [9    ] [INFO ] [] - ### File path for UpgradeState: C:\Users\金田駿之介\AppData\Local\Box\upgrade_state.json
[2023-10-26 10:17:01,543] [1    ] [INFO ] [] - Running pipe server using box_edit_pipe as pipe name
[2023-10-26 10:17:01,559] [1    ] [INFO ] [] - Initializing the metrics collector
[2023-10-26 10:17:01,559] [1    ] [ERROR] [] - MetricsCollector::Initialize(171): Check Failed: !IsConfigured() - Return: MetricResult_InvalidState
[2023-10-26 10:17:01,559] [1    ] [ERROR] [] - Failed to initialized metrics collector - error: 2
[2023-10-26 10:17:01,559] [1    ] [INFO ] [] - .NET Version: unknown (533325) - 4.0.30319.42000
[2023-10-26 10:17:01,574] [13   ] [INFO ] [] - Sending async metric DotNetVersion to Gen204 json endpoint.
[2023-10-26 10:17:01,866] [9    ] [INFO ] [] - Url used to upgrade: https://cdn07.boxcdn.net/BoxEditAutoupdate2.json
[2023-10-26 10:17:02,132] [9    ] [INFO ] [] - ### current version track name: 4.24.0
[2023-10-26 10:17:02,132] [9    ] [WARN ] [] - Track 4.24.0 not found
[2023-10-26 10:17:02,132] [9    ] [INFO ] [] - Track default for upgrade found
[2023-10-26 10:17:02,132] [9    ] [INFO ] [] - RolloutID set to 73
[2023-10-26 10:17:02,132] [9    ] [INFO ] [] - No upgrade available
[2023-10-26 10:17:05,121] [2    ] [ERROR] [] - Program.TaskScheduler_UnobservedTaskException on line number [0]  System.AggregateException: タスクの例外が、タスクの待機によっても、タスクの Exception プロパティへのアクセスによっても監視されませんでした。その結果、監視されていない例外がファイナライザー スレッドによって再スローされました。 ---> System.AggregateException: 1 つ以上のエラーが発生しました。 ---> System.Net.Http.HttpRequestException: この要求の送信中にエラーが発生しました。 ---> System.Net.WebException: リモート名を解決できませんでした。: 'client-log.box.com'
   場所 System.Net.HttpWebRequest.EndGetRequestStream(IAsyncResult asyncResult, TransportContext& context)
   場所 System.Net.Http.HttpClientHandler.GetRequestStreamCallback(IAsyncResult ar)
   --- 内部例外スタック トレースの終わり ---
   --- 内部例外スタック トレースの終わり ---
   場所 System.Threading.Tasks.Task.ThrowIfExceptional(Boolean includeTaskCanceledExceptions)
   場所 System.Threading.Tasks.Task`1.GetResultCore(Boolean waitCompletionNotification)
   場所 System.Threading.Tasks.Task`1.get_Result()
   場所 Box.Metrics.Reporter.MetricsSender.<>c__DisplayClass22_0.<SendMetricToJsonGen204Async>b__0()
   場所 System.Threading.Tasks.Task.InnerInvoke()
   場所 System.Threading.Tasks.Task.Execute()
   --- 内部例外スタック トレースの終わり ---
---> (内部例外 #0) System.AggregateException: 1 つ以上のエラーが発生しました。 ---> System.Net.Http.HttpRequestException: この要求の送信中にエラーが発生しました。 ---> System.Net.WebException: リモート名を解決できませんでした。: 'client-log.box.com'
   場所 System.Net.HttpWebRequest.EndGetRequestStream(IAsyncResult asyncResult, TransportContext& context)
   場所 System.Net.Http.HttpClientHandler.GetRequestStreamCallback(IAsyncResult ar)
   --- 内部例外スタック トレースの終わり ---
   --- 内部例外スタック トレースの終わり ---
   場所 System.Threading.Tasks.Task.ThrowIfExceptional(Boolean includeTaskCanceledExceptions)
   場所 System.Threading.Tasks.Task`1.GetResultCore(Boolean waitCompletionNotification)
   場所 System.Threading.Tasks.Task`1.get_Result()
   場所 Box.Metrics.Reporter.MetricsSender.<>c__DisplayClass22_0.<SendMetricToJsonGen204Async>b__0()
   場所 System.Threading.Tasks.Task.InnerInvoke()
   場所 System.Threading.Tasks.Task.Execute()
---> (内部例外 #0) System.Net.Http.HttpRequestException: この要求の送信中にエラーが発生しました。 ---> System.Net.WebException: リモート名を解決できませんでした。: 'client-log.box.com'
   場所 System.Net.HttpWebRequest.EndGetRequestStream(IAsyncResult asyncResult, TransportContext& context)
   場所 System.Net.Http.HttpClientHandler.GetRequestStreamCallback(IAsyncResult ar)
   --- 内部例外スタック トレースの終わり ---<---
<---

[2023-10-26 10:17:06,597] [10   ] [INFO ] [] - Initializing the metrics collector
[2023-10-26 10:17:06,597] [10   ] [ERROR] [] - MetricsCollector::Initialize(171): Check Failed: !IsConfigured() - Return: MetricResult_InvalidState
[2023-10-26 10:17:06,597] [10   ] [ERROR] [] - Failed to initialized metrics collector - error: 2
