[2024-03-31 08:29:02,393] [1    ] [INFO ] [] - ========== Box Edit v4.24.0.1029 ==========
[2024-03-31 08:29:02,960] [1    ] [INFO ] [] - Command Line: "C:\Users\金田駿之介\AppData\Local\Box\Box Edit\Box Edit.exe" 
[2024-03-31 08:29:09,578] [1    ] [INFO ] [] - Getting DebugLogging value from CurrentUser
[2024-03-31 08:29:09,586] [1    ] [INFO ] [] - Working with debug logging OFF
[2024-03-31 08:29:11,179] [1    ] [INFO ] [] - Days to keep files in cache set to 7
[2024-03-31 08:29:16,842] [1    ] [INFO ] [] - LocalMachine RegistryKey not set
[2024-03-31 08:29:17,015] [1    ] [INFO ] [] - DeviceId::CheckDeviceId(488): Starting DeviceId generator.
[2024-03-31 08:29:17,024] [1    ] [INFO ] [] - DeviceId::CheckDeviceId(515): Global mutex obtained. Start checking.
[2024-03-31 08:29:23,164] [1    ] [INFO ] [] - DeviceId::RestoreGlobalDeviceData(65): Failed reading global DeviceData from registry: Registry key "SOFTWARE\Box\DeviceId" not found.
[2024-03-31 08:29:23,339] [1    ] [INFO ] [] - DeviceId::RestoreAndValidateLocalProperites(389): Restored local DeviceId
[2024-03-31 08:29:23,339] [1    ] [INFO ] [] - DeviceId::RestoreAndValidateLocalProperites(393): Restored local DeviceData
[2024-03-31 08:29:23,339] [1    ] [INFO ] [] - DeviceId::PerformChecking(452): Checking DeviceData.
[2024-03-31 08:29:23,356] [1    ] [INFO ] [] - DeviceId::PerformChecking(453): DeviceData read from registry: {"ComputerSystemProductUUID":"B4C5DFD1-4333-1CB6-C49D-A3067E9A232A","Version":1}
[2024-03-31 08:29:23,432] [1    ] [INFO ] [] - DeviceId::PerformChecking(454): Generated DeviceData: {"ComputerSystemProductUUID":"B4C5DFD1-4333-1CB6-C49D-A3067E9A232A","Version":1}
[2024-03-31 08:29:23,864] [1    ] [INFO ] [] - Initializing the metrics collector
[2024-03-31 08:29:23,999] [1    ] [WARN ] [] - MetricsCollector::UpdateConfiguration(374): UpdateConfiguration raised: unable to open database file
[2024-03-31 08:29:23,999] [1    ] [ERROR] [] - MetricsCollector::Initialize(238): Raised: unable to open database file
[2024-03-31 08:29:24,007] [1    ] [ERROR] [] - Failed to initialized metrics collector - error: 6
[2024-03-31 08:29:24,104] [9    ] [INFO ] [] - .NET Version - installed 533325, expected: 528040
[2024-03-31 08:29:24,104] [9    ] [INFO ] [] - result: True
[2024-03-31 08:29:24,104] [9    ] [INFO ] [] - Checking for upgrades
[2024-03-31 08:29:24,407] [9    ] [INFO ] [] - ### File path for UpgradeState: C:\Users\金田駿之介\AppData\Local\Box\upgrade_state.json
[2024-03-31 08:29:24,815] [1    ] [INFO ] [] - Running pipe server using box_edit_pipe as pipe name
[2024-03-31 08:29:24,954] [1    ] [INFO ] [] - Initializing the metrics collector
[2024-03-31 08:29:24,962] [1    ] [ERROR] [] - MetricsCollector::Initialize(171): Check Failed: !IsConfigured() - Return: MetricResult_InvalidState
[2024-03-31 08:29:24,970] [1    ] [ERROR] [] - Failed to initialized metrics collector - error: 2
[2024-03-31 08:29:25,025] [1    ] [INFO ] [] - .NET Version: unknown (533325) - 4.0.30319.42000
[2024-03-31 08:29:25,032] [12   ] [INFO ] [] - Sending async metric DotNetVersion to Gen204 json endpoint.
[2024-03-31 08:29:26,232] [9    ] [INFO ] [] - Url used to upgrade: https://cdn07.boxcdn.net/BoxEditAutoupdate2.json
[2024-03-31 08:29:30,016] [10   ] [INFO ] [] - Initializing the metrics collector
[2024-03-31 08:29:30,016] [10   ] [ERROR] [] - MetricsCollector::Initialize(171): Check Failed: !IsConfigured() - Return: MetricResult_InvalidState
[2024-03-31 08:29:30,016] [10   ] [ERROR] [] - Failed to initialized metrics collector - error: 2
[2024-03-31 08:29:43,149] [9    ] [INFO ] [] - ### current version track name: 4.24.0
[2024-03-31 08:29:43,152] [9    ] [WARN ] [] - Track 4.24.0 not found
[2024-03-31 08:29:43,156] [9    ] [INFO ] [] - Track default for upgrade found
[2024-03-31 08:29:43,157] [9    ] [INFO ] [] - RolloutID set to 73
[2024-03-31 08:29:43,158] [9    ] [INFO ] [] - Not upgrading because RolloutID is not in range
[2024-03-31 08:29:44,440] [12   ] [INFO ] [] - Metric ingestion endpoint response: NoContent
[2024-03-31 08:39:30,029] [14   ] [INFO ] [] - Initializing the metrics collector
[2024-03-31 08:39:30,038] [14   ] [ERROR] [] - MetricsCollector::Initialize(171): Check Failed: !IsConfigured() - Return: MetricResult_InvalidState
[2024-03-31 08:39:30,039] [14   ] [ERROR] [] - Failed to initialized metrics collector - error: 2
[2024-03-31 08:49:30,027] [14   ] [INFO ] [] - Initializing the metrics collector
[2024-03-31 08:49:30,030] [14   ] [ERROR] [] - MetricsCollector::Initialize(171): Check Failed: !IsConfigured() - Return: MetricResult_InvalidState
[2024-03-31 08:49:30,031] [14   ] [ERROR] [] - Failed to initialized metrics collector - error: 2
[2024-03-31 08:59:30,031] [13   ] [INFO ] [] - Initializing the metrics collector
[2024-03-31 08:59:30,033] [13   ] [ERROR] [] - MetricsCollector::Initialize(171): Check Failed: !IsConfigured() - Return: MetricResult_InvalidState
[2024-03-31 08:59:30,034] [13   ] [ERROR] [] - Failed to initialized metrics collector - error: 2
[2024-03-31 09:09:30,093] [7    ] [INFO ] [] - Initializing the metrics collector
[2024-03-31 09:09:30,093] [7    ] [ERROR] [] - MetricsCollector::Initialize(171): Check Failed: !IsConfigured() - Return: MetricResult_InvalidState
[2024-03-31 09:09:30,093] [7    ] [ERROR] [] - Failed to initialized metrics collector - error: 2
[2024-03-31 09:19:30,126] [9    ] [INFO ] [] - Initializing the metrics collector
[2024-03-31 09:19:30,132] [9    ] [ERROR] [] - MetricsCollector::Initialize(171): Check Failed: !IsConfigured() - Return: MetricResult_InvalidState
[2024-03-31 09:19:30,136] [9    ] [ERROR] [] - Failed to initialized metrics collector - error: 2
[2024-03-31 09:29:30,132] [19   ] [INFO ] [] - Initializing the metrics collector
[2024-03-31 09:29:30,132] [19   ] [ERROR] [] - MetricsCollector::Initialize(171): Check Failed: !IsConfigured() - Return: MetricResult_InvalidState
[2024-03-31 09:29:30,132] [19   ] [ERROR] [] - Failed to initialized metrics collector - error: 2
[2024-03-31 09:39:30,162] [21   ] [INFO ] [] - Initializing the metrics collector
[2024-03-31 09:39:30,165] [21   ] [ERROR] [] - MetricsCollector::Initialize(171): Check Failed: !IsConfigured() - Return: MetricResult_InvalidState
[2024-03-31 09:39:30,165] [21   ] [ERROR] [] - Failed to initialized metrics collector - error: 2
[2024-03-31 09:49:30,174] [22   ] [INFO ] [] - Initializing the metrics collector
[2024-03-31 09:49:30,176] [22   ] [ERROR] [] - MetricsCollector::Initialize(171): Check Failed: !IsConfigured() - Return: MetricResult_InvalidState
[2024-03-31 09:49:30,176] [22   ] [ERROR] [] - Failed to initialized metrics collector - error: 2
[2024-03-31 09:59:30,215] [24   ] [INFO ] [] - Initializing the metrics collector
[2024-03-31 09:59:30,217] [24   ] [ERROR] [] - MetricsCollector::Initialize(171): Check Failed: !IsConfigured() - Return: MetricResult_InvalidState
[2024-03-31 09:59:30,217] [24   ] [ERROR] [] - Failed to initialized metrics collector - error: 2
[2024-03-31 10:09:30,225] [26   ] [INFO ] [] - Initializing the metrics collector
[2024-03-31 10:09:30,226] [26   ] [ERROR] [] - MetricsCollector::Initialize(171): Check Failed: !IsConfigured() - Return: MetricResult_InvalidState
[2024-03-31 10:09:30,227] [26   ] [ERROR] [] - Failed to initialized metrics collector - error: 2
[2024-03-31 10:30:19,995] [28   ] [INFO ] [] - Initializing the metrics collector
[2024-03-31 10:30:19,995] [28   ] [ERROR] [] - MetricsCollector::Initialize(171): Check Failed: !IsConfigured() - Return: MetricResult_InvalidState
[2024-03-31 10:30:19,995] [28   ] [ERROR] [] - Failed to initialized metrics collector - error: 2
[2024-03-31 10:40:20,022] [30   ] [INFO ] [] - Initializing the metrics collector
[2024-03-31 10:40:20,026] [30   ] [ERROR] [] - MetricsCollector::Initialize(171): Check Failed: !IsConfigured() - Return: MetricResult_InvalidState
[2024-03-31 10:40:20,028] [30   ] [ERROR] [] - Failed to initialized metrics collector - error: 2
