[2024-03-01 22:14:33,289] [1    ] [INFO ] [] - ========== Box Edit v4.24.0.1029 ==========
[2024-03-01 22:14:33,320] [1    ] [INFO ] [] - Command Line: "C:\Users\金田駿之介\AppData\Local\Box\Box Edit\Box Edit.exe" 
[2024-03-01 22:14:35,007] [1    ] [INFO ] [] - Getting DebugLogging value from CurrentUser
[2024-03-01 22:14:35,007] [1    ] [INFO ] [] - Working with debug logging OFF
[2024-03-01 22:14:35,085] [1    ] [INFO ] [] - Days to keep files in cache set to 7
[2024-03-01 22:14:35,585] [1    ] [INFO ] [] - LocalMachine RegistryKey not set
[2024-03-01 22:14:35,647] [1    ] [INFO ] [] - DeviceId::CheckDeviceId(488): Starting DeviceId generator.
[2024-03-01 22:14:35,647] [1    ] [INFO ] [] - DeviceId::CheckDeviceId(515): Global mutex obtained. Start checking.
[2024-03-01 22:14:35,882] [1    ] [INFO ] [] - DeviceId::RestoreGlobalDeviceData(65): Failed reading global DeviceData from registry: Registry key "SOFTWARE\Box\DeviceId" not found.
[2024-03-01 22:14:35,944] [1    ] [INFO ] [] - DeviceId::RestoreAndValidateLocalProperites(389): Restored local DeviceId
[2024-03-01 22:14:35,944] [1    ] [INFO ] [] - DeviceId::RestoreAndValidateLocalProperites(393): Restored local DeviceData
[2024-03-01 22:14:35,944] [1    ] [INFO ] [] - DeviceId::PerformChecking(452): Checking DeviceData.
[2024-03-01 22:14:35,960] [1    ] [INFO ] [] - DeviceId::PerformChecking(453): DeviceData read from registry: {"ComputerSystemProductUUID":"B4C5DFD1-4333-1CB6-C49D-A3067E9A232A","Version":1}
[2024-03-01 22:14:35,960] [1    ] [INFO ] [] - DeviceId::PerformChecking(454): Generated DeviceData: {"ComputerSystemProductUUID":"B4C5DFD1-4333-1CB6-C49D-A3067E9A232A","Version":1}
[2024-03-01 22:14:35,976] [1    ] [INFO ] [] - Initializing the metrics collector
[2024-03-01 22:14:36,007] [1    ] [WARN ] [] - MetricsCollector::UpdateConfiguration(374): UpdateConfiguration raised: unable to open database file
[2024-03-01 22:14:36,007] [1    ] [ERROR] [] - MetricsCollector::Initialize(238): Raised: unable to open database file
[2024-03-01 22:14:36,007] [1    ] [ERROR] [] - Failed to initialized metrics collector - error: 6
[2024-03-01 22:14:36,007] [9    ] [INFO ] [] - .NET Version - installed 533325, expected: 528040
[2024-03-01 22:14:36,007] [9    ] [INFO ] [] - result: True
[2024-03-01 22:14:36,007] [9    ] [INFO ] [] - Checking for upgrades
[2024-03-01 22:14:36,022] [9    ] [INFO ] [] - ### File path for UpgradeState: C:\Users\金田駿之介\AppData\Local\Box\upgrade_state.json
[2024-03-01 22:14:36,069] [1    ] [INFO ] [] - Running pipe server using box_edit_pipe as pipe name
[2024-03-01 22:14:36,085] [1    ] [INFO ] [] - Initializing the metrics collector
[2024-03-01 22:14:36,085] [1    ] [ERROR] [] - MetricsCollector::Initialize(171): Check Failed: !IsConfigured() - Return: MetricResult_InvalidState
[2024-03-01 22:14:36,085] [1    ] [ERROR] [] - Failed to initialized metrics collector - error: 2
[2024-03-01 22:14:36,101] [1    ] [INFO ] [] - .NET Version: unknown (533325) - 4.0.30319.42000
[2024-03-01 22:14:36,132] [14   ] [INFO ] [] - Sending async metric DotNetVersion to Gen204 json endpoint.
[2024-03-01 22:14:36,366] [9    ] [INFO ] [] - Url used to upgrade: https://cdn07.boxcdn.net/BoxEditAutoupdate2.json
[2024-03-01 22:14:36,678] [9    ] [INFO ] [] - ### current version track name: 4.24.0
[2024-03-01 22:14:36,678] [9    ] [WARN ] [] - Track 4.24.0 not found
[2024-03-01 22:14:36,694] [9    ] [INFO ] [] - Track default for upgrade found
[2024-03-01 22:14:36,694] [9    ] [INFO ] [] - RolloutID set to 73
[2024-03-01 22:14:36,694] [9    ] [INFO ] [] - No upgrade available
[2024-03-01 22:14:36,866] [14   ] [INFO ] [] - Metric ingestion endpoint response: NoContent
[2024-03-01 22:14:41,119] [7    ] [INFO ] [] - Initializing the metrics collector
[2024-03-01 22:14:41,119] [7    ] [ERROR] [] - MetricsCollector::Initialize(171): Check Failed: !IsConfigured() - Return: MetricResult_InvalidState
[2024-03-01 22:14:41,119] [7    ] [ERROR] [] - Failed to initialized metrics collector - error: 2
[2024-03-01 22:24:41,151] [12   ] [INFO ] [] - Initializing the metrics collector
[2024-03-01 22:24:41,161] [12   ] [ERROR] [] - MetricsCollector::Initialize(171): Check Failed: !IsConfigured() - Return: MetricResult_InvalidState
[2024-03-01 22:24:41,163] [12   ] [ERROR] [] - Failed to initialized metrics collector - error: 2
[2024-03-01 22:34:41,148] [7    ] [INFO ] [] - Initializing the metrics collector
[2024-03-01 22:34:41,151] [7    ] [ERROR] [] - MetricsCollector::Initialize(171): Check Failed: !IsConfigured() - Return: MetricResult_InvalidState
[2024-03-01 22:34:41,153] [7    ] [ERROR] [] - Failed to initialized metrics collector - error: 2
[2024-03-01 22:44:41,163] [10   ] [INFO ] [] - Initializing the metrics collector
[2024-03-01 22:44:41,163] [10   ] [ERROR] [] - MetricsCollector::Initialize(171): Check Failed: !IsConfigured() - Return: MetricResult_InvalidState
[2024-03-01 22:44:41,163] [10   ] [ERROR] [] - Failed to initialized metrics collector - error: 2
[2024-03-01 23:10:04,755] [9    ] [INFO ] [] - Initializing the metrics collector
[2024-03-01 23:10:04,755] [9    ] [ERROR] [] - MetricsCollector::Initialize(171): Check Failed: !IsConfigured() - Return: MetricResult_InvalidState
[2024-03-01 23:10:04,755] [9    ] [ERROR] [] - Failed to initialized metrics collector - error: 2
[2024-03-01 23:20:04,774] [8    ] [INFO ] [] - Initializing the metrics collector
[2024-03-01 23:20:04,774] [8    ] [ERROR] [] - MetricsCollector::Initialize(171): Check Failed: !IsConfigured() - Return: MetricResult_InvalidState
[2024-03-01 23:20:04,774] [8    ] [ERROR] [] - Failed to initialized metrics collector - error: 2
[2024-03-01 23:30:41,036] [17   ] [INFO ] [] - Initializing the metrics collector
[2024-03-01 23:30:41,036] [17   ] [ERROR] [] - MetricsCollector::Initialize(171): Check Failed: !IsConfigured() - Return: MetricResult_InvalidState
[2024-03-01 23:30:41,036] [17   ] [ERROR] [] - Failed to initialized metrics collector - error: 2
[2024-03-01 23:43:25,900] [18   ] [INFO ] [] - Initializing the metrics collector
[2024-03-01 23:43:25,903] [18   ] [ERROR] [] - MetricsCollector::Initialize(171): Check Failed: !IsConfigured() - Return: MetricResult_InvalidState
[2024-03-01 23:43:25,904] [18   ] [ERROR] [] - Failed to initialized metrics collector - error: 2
[2024-03-01 23:53:25,923] [19   ] [INFO ] [] - Initializing the metrics collector
[2024-03-01 23:53:25,927] [19   ] [ERROR] [] - MetricsCollector::Initialize(171): Check Failed: !IsConfigured() - Return: MetricResult_InvalidState
[2024-03-01 23:53:25,927] [19   ] [ERROR] [] - Failed to initialized metrics collector - error: 2
