[2022-09-05 22:42:13,629] [1    ] [INFO ] [] - ========== Box Edit v4.19.0.956 ==========
[2022-09-05 22:42:13,941] [1    ] [INFO ] [] - Command Line: "C:\Users\金田駿之介\AppData\Local\Box\Box Edit\Box Edit.exe" 
[2022-09-05 22:42:19,965] [1    ] [INFO ] [] - Getting DebugLogging value from CurrentUser
[2022-09-05 22:42:19,965] [1    ] [INFO ] [] - Working with debug logging OFF
[2022-09-05 22:42:20,392] [1    ] [INFO ] [] - Days to keep files in cache set to 7
[2022-09-05 22:42:23,673] [1    ] [INFO ] [] - LocalMachine RegistryKey not set
[2022-09-05 22:42:24,449] [1    ] [INFO ] [] - Initializing the metrics collector
[2022-09-05 22:42:25,961] [1    ] [WARN ] [] - MetricsCollector::UpdateConfiguration(374): UpdateConfiguration raised: unable to open database file
[2022-09-05 22:42:25,961] [1    ] [ERROR] [] - MetricsCollector::Initialize(238): Raised: unable to open database file
[2022-09-05 22:42:25,961] [1    ] [ERROR] [] - Failed to initialized metrics collector - error: 6
[2022-09-05 22:42:25,969] [1    ] [ERROR] [] - Could not set permissions to C:\Users\金田駿之介\AppData\Local\Box\Box Tools\Metrics\BoxTools_Metrics.db
[2022-09-05 22:42:25,977] [1    ] [ERROR] [] - FileSystemUtils.AddPermissionsToFile on line number [0]  System.IO.FileNotFoundException: C:\Users\金田駿之介\AppData\Local\Box\Box Tools\Metrics\BoxTools_Metrics.db
   場所 System.Security.AccessControl.NativeObjectSecurity.CreateInternal(ResourceType resourceType, Boolean isContainer, String name, SafeHandle handle, AccessControlSections includeSections, Boolean createByName, ExceptionFromErrorCode exceptionFromErrorCode, Object exceptionContext)
   場所 System.Security.AccessControl.FileSystemSecurity..ctor(Boolean isContainer, String name, AccessControlSections includeSections, Boolean isDirectory)
   場所 System.Security.AccessControl.FileSecurity..ctor(String fileName, AccessControlSections includeSections)
   場所 Box.Utilities.Util.FileSystemUtils.AddPermissionsToFile(String filePath, WellKnownSidType account, FileSystemRights permissions)
[2022-09-05 22:42:26,009] [6    ] [INFO ] [] - Checking for upgrades
[2022-09-05 22:42:26,017] [6    ] [INFO ] [] - ### File path for UpgradeState: C:\Users\金田駿之介\AppData\Local\Box\upgrade_state.json
[2022-09-05 22:42:26,265] [1    ] [INFO ] [] - Running pipe server using box_edit_pipe as pipe name
[2022-09-05 22:42:26,297] [1    ] [INFO ] [] - Initializing the metrics collector
[2022-09-05 22:42:26,297] [1    ] [ERROR] [] - MetricsCollector::Initialize(171): Check Failed: !IsConfigured() - Return: MetricResult_InvalidState
[2022-09-05 22:42:26,297] [1    ] [ERROR] [] - Failed to initialized metrics collector - error: 2
[2022-09-05 22:42:26,297] [1    ] [ERROR] [] - Could not set permissions to C:\Users\金田駿之介\AppData\Local\Box\Box Tools\Metrics\BoxTools_Metrics.db
[2022-09-05 22:42:26,297] [1    ] [ERROR] [] - FileSystemUtils.AddPermissionsToFile on line number [0]  System.IO.FileNotFoundException: C:\Users\金田駿之介\AppData\Local\Box\Box Tools\Metrics\BoxTools_Metrics.db
   場所 System.Security.AccessControl.NativeObjectSecurity.CreateInternal(ResourceType resourceType, Boolean isContainer, String name, SafeHandle handle, AccessControlSections includeSections, Boolean createByName, ExceptionFromErrorCode exceptionFromErrorCode, Object exceptionContext)
   場所 System.Security.AccessControl.FileSystemSecurity..ctor(Boolean isContainer, String name, AccessControlSections includeSections, Boolean isDirectory)
   場所 System.Security.AccessControl.FileSecurity..ctor(String fileName, AccessControlSections includeSections)
   場所 Box.Utilities.Util.FileSystemUtils.AddPermissionsToFile(String filePath, WellKnownSidType account, FileSystemRights permissions)
[2022-09-05 22:42:26,305] [1    ] [INFO ] [] - .NET Version: .NET Framework 4.8 (528372) - 4.0.30319.42000
[2022-09-05 22:42:26,361] [10   ] [INFO ] [] - Sending async metric DotNetVersion to Gen204 json endpoint.
[2022-09-05 22:42:29,225] [6    ] [INFO ] [] - Url used to upgrade: https://cdn07.boxcdn.net/BoxEditAutoupdate2.json
[2022-09-05 22:42:29,753] [6    ] [INFO ] [] - No track defined, checking against default track
[2022-09-05 22:42:29,753] [6    ] [INFO ] [] - RolloutID set to 87
[2022-09-05 22:42:29,753] [6    ] [INFO ] [] - No upgrade available
[2022-09-05 22:42:30,242] [10   ] [INFO ] [] - Metric ingestion endpoint response: NoContent
[2022-09-05 22:42:31,382] [8    ] [INFO ] [] - Initializing the metrics collector
[2022-09-05 22:42:31,382] [8    ] [ERROR] [] - MetricsCollector::Initialize(171): Check Failed: !IsConfigured() - Return: MetricResult_InvalidState
[2022-09-05 22:42:31,382] [8    ] [ERROR] [] - Failed to initialized metrics collector - error: 2
[2022-09-05 22:52:31,323] [19   ] [INFO ] [] - Initializing the metrics collector
[2022-09-05 22:52:31,324] [19   ] [ERROR] [] - MetricsCollector::Initialize(171): Check Failed: !IsConfigured() - Return: MetricResult_InvalidState
[2022-09-05 22:52:31,325] [19   ] [ERROR] [] - Failed to initialized metrics collector - error: 2
[2022-09-05 23:02:31,325] [17   ] [INFO ] [] - Initializing the metrics collector
[2022-09-05 23:02:31,326] [17   ] [ERROR] [] - MetricsCollector::Initialize(171): Check Failed: !IsConfigured() - Return: MetricResult_InvalidState
[2022-09-05 23:02:31,327] [17   ] [ERROR] [] - Failed to initialized metrics collector - error: 2
