[2024-02-23 22:10:13,306] [1    ] [INFO ] [] - ========== Box Edit v4.24.0.1029 ==========
[2024-02-23 22:10:13,374] [1    ] [INFO ] [] - Command Line: "C:\Users\金田駿之介\AppData\Local\Box\Box Edit\Box Edit.exe" 
[2024-02-23 22:10:15,540] [1    ] [INFO ] [] - Getting DebugLogging value from CurrentUser
[2024-02-23 22:10:15,540] [1    ] [INFO ] [] - Working with debug logging OFF
[2024-02-23 22:10:15,665] [1    ] [INFO ] [] - Days to keep files in cache set to 7
[2024-02-23 22:10:16,111] [1    ] [INFO ] [] - LocalMachine RegistryKey not set
[2024-02-23 22:10:16,169] [1    ] [INFO ] [] - DeviceId::CheckDeviceId(488): Starting DeviceId generator.
[2024-02-23 22:10:16,171] [1    ] [INFO ] [] - DeviceId::CheckDeviceId(515): Global mutex obtained. Start checking.
[2024-02-23 22:10:16,592] [1    ] [INFO ] [] - DeviceId::RestoreGlobalDeviceData(65): Failed reading global DeviceData from registry: Registry key "SOFTWARE\Box\DeviceId" not found.
[2024-02-23 22:10:16,758] [1    ] [INFO ] [] - DeviceId::RestoreAndValidateLocalProperites(389): Restored local DeviceId
[2024-02-23 22:10:16,775] [1    ] [INFO ] [] - DeviceId::RestoreAndValidateLocalProperites(393): Restored local DeviceData
[2024-02-23 22:10:16,776] [1    ] [INFO ] [] - DeviceId::PerformChecking(452): Checking DeviceData.
[2024-02-23 22:10:16,809] [1    ] [INFO ] [] - DeviceId::PerformChecking(453): DeviceData read from registry: {"ComputerSystemProductUUID":"B4C5DFD1-4333-1CB6-C49D-A3067E9A232A","Version":1}
[2024-02-23 22:10:16,817] [1    ] [INFO ] [] - DeviceId::PerformChecking(454): Generated DeviceData: {"ComputerSystemProductUUID":"B4C5DFD1-4333-1CB6-C49D-A3067E9A232A","Version":1}
[2024-02-23 22:10:16,991] [1    ] [INFO ] [] - Initializing the metrics collector
[2024-02-23 22:10:17,024] [1    ] [WARN ] [] - MetricsCollector::UpdateConfiguration(374): UpdateConfiguration raised: unable to open database file
[2024-02-23 22:10:17,039] [1    ] [ERROR] [] - MetricsCollector::Initialize(238): Raised: unable to open database file
[2024-02-23 22:10:17,041] [1    ] [ERROR] [] - Failed to initialized metrics collector - error: 6
[2024-02-23 22:10:17,092] [9    ] [INFO ] [] - .NET Version - installed 533325, expected: 528040
[2024-02-23 22:10:17,092] [9    ] [INFO ] [] - result: True
[2024-02-23 22:10:17,092] [9    ] [INFO ] [] - Checking for upgrades
[2024-02-23 22:10:17,282] [9    ] [INFO ] [] - ### File path for UpgradeState: C:\Users\金田駿之介\AppData\Local\Box\upgrade_state.json
[2024-02-23 22:10:17,427] [1    ] [INFO ] [] - Running pipe server using box_edit_pipe as pipe name
[2024-02-23 22:10:17,479] [1    ] [INFO ] [] - Initializing the metrics collector
[2024-02-23 22:10:17,480] [1    ] [ERROR] [] - MetricsCollector::Initialize(171): Check Failed: !IsConfigured() - Return: MetricResult_InvalidState
[2024-02-23 22:10:17,480] [1    ] [ERROR] [] - Failed to initialized metrics collector - error: 2
[2024-02-23 22:10:17,487] [1    ] [INFO ] [] - .NET Version: unknown (533325) - 4.0.30319.42000
[2024-02-23 22:10:17,548] [12   ] [INFO ] [] - Sending async metric DotNetVersion to Gen204 json endpoint.
[2024-02-23 22:10:18,479] [9    ] [INFO ] [] - Url used to upgrade: https://cdn07.boxcdn.net/BoxEditAutoupdate2.json
[2024-02-23 22:10:22,880] [11   ] [INFO ] [] - Initializing the metrics collector
[2024-02-23 22:10:22,881] [11   ] [ERROR] [] - MetricsCollector::Initialize(171): Check Failed: !IsConfigured() - Return: MetricResult_InvalidState
[2024-02-23 22:10:22,881] [11   ] [ERROR] [] - Failed to initialized metrics collector - error: 2
[2024-02-23 22:10:27,216] [9    ] [INFO ] [] - ### current version track name: 4.24.0
[2024-02-23 22:10:27,218] [9    ] [WARN ] [] - Track 4.24.0 not found
[2024-02-23 22:10:27,218] [9    ] [INFO ] [] - Track default for upgrade found
[2024-02-23 22:10:27,220] [9    ] [INFO ] [] - RolloutID set to 73
[2024-02-23 22:10:27,220] [9    ] [INFO ] [] - No upgrade available
[2024-02-23 22:10:28,618] [12   ] [INFO ] [] - Metric ingestion endpoint response: NoContent
[2024-02-23 22:20:22,525] [12   ] [INFO ] [] - Initializing the metrics collector
[2024-02-23 22:20:22,535] [12   ] [ERROR] [] - MetricsCollector::Initialize(171): Check Failed: !IsConfigured() - Return: MetricResult_InvalidState
[2024-02-23 22:20:22,539] [12   ] [ERROR] [] - Failed to initialized metrics collector - error: 2
[2024-02-23 22:30:22,536] [11   ] [INFO ] [] - Initializing the metrics collector
[2024-02-23 22:30:22,540] [11   ] [ERROR] [] - MetricsCollector::Initialize(171): Check Failed: !IsConfigured() - Return: MetricResult_InvalidState
[2024-02-23 22:30:22,541] [11   ] [ERROR] [] - Failed to initialized metrics collector - error: 2
[2024-02-23 22:40:22,553] [13   ] [INFO ] [] - Initializing the metrics collector
[2024-02-23 22:40:22,553] [13   ] [ERROR] [] - MetricsCollector::Initialize(171): Check Failed: !IsConfigured() - Return: MetricResult_InvalidState
[2024-02-23 22:40:22,553] [13   ] [ERROR] [] - Failed to initialized metrics collector - error: 2
[2024-02-23 22:50:22,563] [10   ] [INFO ] [] - Initializing the metrics collector
[2024-02-23 22:50:22,563] [10   ] [ERROR] [] - MetricsCollector::Initialize(171): Check Failed: !IsConfigured() - Return: MetricResult_InvalidState
[2024-02-23 22:50:22,563] [10   ] [ERROR] [] - Failed to initialized metrics collector - error: 2
[2024-02-23 23:00:22,585] [13   ] [INFO ] [] - Initializing the metrics collector
[2024-02-23 23:00:22,585] [13   ] [ERROR] [] - MetricsCollector::Initialize(171): Check Failed: !IsConfigured() - Return: MetricResult_InvalidState
[2024-02-23 23:00:22,585] [13   ] [ERROR] [] - Failed to initialized metrics collector - error: 2
[2024-02-23 23:10:22,595] [11   ] [INFO ] [] - Initializing the metrics collector
[2024-02-23 23:10:22,596] [11   ] [ERROR] [] - MetricsCollector::Initialize(171): Check Failed: !IsConfigured() - Return: MetricResult_InvalidState
[2024-02-23 23:10:22,597] [11   ] [ERROR] [] - Failed to initialized metrics collector - error: 2
[2024-02-23 23:20:22,595] [11   ] [INFO ] [] - Initializing the metrics collector
[2024-02-23 23:20:22,595] [11   ] [ERROR] [] - MetricsCollector::Initialize(171): Check Failed: !IsConfigured() - Return: MetricResult_InvalidState
[2024-02-23 23:20:22,596] [11   ] [ERROR] [] - Failed to initialized metrics collector - error: 2
[2024-02-23 23:30:22,601] [13   ] [INFO ] [] - Initializing the metrics collector
[2024-02-23 23:30:22,601] [13   ] [ERROR] [] - MetricsCollector::Initialize(171): Check Failed: !IsConfigured() - Return: MetricResult_InvalidState
[2024-02-23 23:30:22,601] [13   ] [ERROR] [] - Failed to initialized metrics collector - error: 2
[2024-02-23 23:40:22,624] [10   ] [INFO ] [] - Initializing the metrics collector
[2024-02-23 23:40:22,624] [10   ] [ERROR] [] - MetricsCollector::Initialize(171): Check Failed: !IsConfigured() - Return: MetricResult_InvalidState
[2024-02-23 23:40:22,624] [10   ] [ERROR] [] - Failed to initialized metrics collector - error: 2
[2024-02-23 23:50:22,640] [12   ] [INFO ] [] - Initializing the metrics collector
[2024-02-23 23:50:22,640] [12   ] [ERROR] [] - MetricsCollector::Initialize(171): Check Failed: !IsConfigured() - Return: MetricResult_InvalidState
[2024-02-23 23:50:22,640] [12   ] [ERROR] [] - Failed to initialized metrics collector - error: 2
