[2024-02-19 09:20:59,591] [1    ] [INFO ] [] - ========== Box Edit v4.24.0.1029 ==========
[2024-02-19 09:20:59,620] [1    ] [INFO ] [] - Command Line: "C:\Users\金田駿之介\AppData\Local\Box\Box Edit\Box Edit.exe" 
[2024-02-19 09:21:00,735] [1    ] [INFO ] [] - Getting DebugLogging value from CurrentUser
[2024-02-19 09:21:00,743] [1    ] [INFO ] [] - Working with debug logging OFF
[2024-02-19 09:21:00,816] [1    ] [INFO ] [] - Days to keep files in cache set to 7
[2024-02-19 09:21:02,190] [1    ] [INFO ] [] - LocalMachine RegistryKey not set
[2024-02-19 09:21:02,311] [1    ] [INFO ] [] - DeviceId::CheckDeviceId(488): Starting DeviceId generator.
[2024-02-19 09:21:02,321] [1    ] [INFO ] [] - DeviceId::CheckDeviceId(515): Global mutex obtained. Start checking.
[2024-02-19 09:21:03,175] [1    ] [INFO ] [] - DeviceId::RestoreGlobalDeviceData(65): Failed reading global DeviceData from registry: Registry key "SOFTWARE\Box\DeviceId" not found.
[2024-02-19 09:21:03,408] [1    ] [INFO ] [] - DeviceId::RestoreAndValidateLocalProperites(389): Restored local DeviceId
[2024-02-19 09:21:03,408] [1    ] [INFO ] [] - DeviceId::RestoreAndValidateLocalProperites(393): Restored local DeviceData
[2024-02-19 09:21:03,416] [1    ] [INFO ] [] - DeviceId::PerformChecking(452): Checking DeviceData.
[2024-02-19 09:21:03,418] [1    ] [INFO ] [] - DeviceId::PerformChecking(453): DeviceData read from registry: {"ComputerSystemProductUUID":"B4C5DFD1-4333-1CB6-C49D-A3067E9A232A","Version":1}
[2024-02-19 09:21:03,418] [1    ] [INFO ] [] - DeviceId::PerformChecking(454): Generated DeviceData: {"ComputerSystemProductUUID":"B4C5DFD1-4333-1CB6-C49D-A3067E9A232A","Version":1}
[2024-02-19 09:21:03,589] [1    ] [INFO ] [] - Initializing the metrics collector
[2024-02-19 09:21:03,659] [1    ] [WARN ] [] - MetricsCollector::UpdateConfiguration(374): UpdateConfiguration raised: unable to open database file
[2024-02-19 09:21:03,659] [1    ] [ERROR] [] - MetricsCollector::Initialize(238): Raised: unable to open database file
[2024-02-19 09:21:03,659] [1    ] [ERROR] [] - Failed to initialized metrics collector - error: 6
[2024-02-19 09:21:03,689] [9    ] [INFO ] [] - .NET Version - installed 533325, expected: 528040
[2024-02-19 09:21:03,689] [9    ] [INFO ] [] - result: True
[2024-02-19 09:21:03,698] [9    ] [INFO ] [] - Checking for upgrades
[2024-02-19 09:21:03,710] [9    ] [INFO ] [] - ### File path for UpgradeState: C:\Users\金田駿之介\AppData\Local\Box\upgrade_state.json
[2024-02-19 09:21:03,770] [1    ] [INFO ] [] - Running pipe server using box_edit_pipe as pipe name
[2024-02-19 09:21:03,800] [1    ] [INFO ] [] - Initializing the metrics collector
[2024-02-19 09:21:03,808] [1    ] [ERROR] [] - MetricsCollector::Initialize(171): Check Failed: !IsConfigured() - Return: MetricResult_InvalidState
[2024-02-19 09:21:03,808] [1    ] [ERROR] [] - Failed to initialized metrics collector - error: 2
[2024-02-19 09:21:03,811] [1    ] [INFO ] [] - .NET Version: unknown (533325) - 4.0.30319.42000
[2024-02-19 09:21:03,871] [12   ] [INFO ] [] - Sending async metric DotNetVersion to Gen204 json endpoint.
[2024-02-19 09:21:04,426] [9    ] [INFO ] [] - Url used to upgrade: https://cdn07.boxcdn.net/BoxEditAutoupdate2.json
[2024-02-19 09:21:08,866] [11   ] [INFO ] [] - Initializing the metrics collector
[2024-02-19 09:21:08,866] [11   ] [ERROR] [] - MetricsCollector::Initialize(171): Check Failed: !IsConfigured() - Return: MetricResult_InvalidState
[2024-02-19 09:21:08,866] [11   ] [ERROR] [] - Failed to initialized metrics collector - error: 2
[2024-02-19 09:21:15,756] [12   ] [INFO ] [] - Metric ingestion endpoint response: NoContent
[2024-02-19 09:21:15,787] [9    ] [INFO ] [] - ### current version track name: 4.24.0
[2024-02-19 09:21:15,803] [9    ] [WARN ] [] - Track 4.24.0 not found
[2024-02-19 09:21:15,803] [9    ] [INFO ] [] - Track default for upgrade found
[2024-02-19 09:21:15,803] [9    ] [INFO ] [] - RolloutID set to 73
[2024-02-19 09:21:15,803] [9    ] [INFO ] [] - No upgrade available
[2024-02-19 09:31:08,862] [14   ] [INFO ] [] - Initializing the metrics collector
[2024-02-19 09:31:08,864] [14   ] [ERROR] [] - MetricsCollector::Initialize(171): Check Failed: !IsConfigured() - Return: MetricResult_InvalidState
[2024-02-19 09:31:08,864] [14   ] [ERROR] [] - Failed to initialized metrics collector - error: 2
[2024-02-19 09:41:08,867] [13   ] [INFO ] [] - Initializing the metrics collector
[2024-02-19 09:41:08,869] [13   ] [ERROR] [] - MetricsCollector::Initialize(171): Check Failed: !IsConfigured() - Return: MetricResult_InvalidState
[2024-02-19 09:41:08,869] [13   ] [ERROR] [] - Failed to initialized metrics collector - error: 2
[2024-02-19 09:51:08,874] [16   ] [INFO ] [] - Initializing the metrics collector
[2024-02-19 09:51:08,875] [16   ] [ERROR] [] - MetricsCollector::Initialize(171): Check Failed: !IsConfigured() - Return: MetricResult_InvalidState
[2024-02-19 09:51:08,875] [16   ] [ERROR] [] - Failed to initialized metrics collector - error: 2
[2024-02-19 10:01:08,891] [12   ] [INFO ] [] - Initializing the metrics collector
[2024-02-19 10:01:08,894] [12   ] [ERROR] [] - MetricsCollector::Initialize(171): Check Failed: !IsConfigured() - Return: MetricResult_InvalidState
[2024-02-19 10:01:08,895] [12   ] [ERROR] [] - Failed to initialized metrics collector - error: 2
[2024-02-19 10:11:08,906] [11   ] [INFO ] [] - Initializing the metrics collector
[2024-02-19 10:11:08,907] [11   ] [ERROR] [] - MetricsCollector::Initialize(171): Check Failed: !IsConfigured() - Return: MetricResult_InvalidState
[2024-02-19 10:11:08,907] [11   ] [ERROR] [] - Failed to initialized metrics collector - error: 2
[2024-02-19 10:21:08,932] [10   ] [INFO ] [] - Initializing the metrics collector
[2024-02-19 10:21:08,932] [10   ] [ERROR] [] - MetricsCollector::Initialize(171): Check Failed: !IsConfigured() - Return: MetricResult_InvalidState
[2024-02-19 10:21:08,932] [10   ] [ERROR] [] - Failed to initialized metrics collector - error: 2
[2024-02-19 10:31:08,945] [9    ] [INFO ] [] - Initializing the metrics collector
[2024-02-19 10:31:08,948] [9    ] [ERROR] [] - MetricsCollector::Initialize(171): Check Failed: !IsConfigured() - Return: MetricResult_InvalidState
[2024-02-19 10:31:08,948] [9    ] [ERROR] [] - Failed to initialized metrics collector - error: 2
[2024-02-19 22:27:36,500] [18   ] [INFO ] [] - Initializing the metrics collector
[2024-02-19 22:27:36,501] [18   ] [ERROR] [] - MetricsCollector::Initialize(171): Check Failed: !IsConfigured() - Return: MetricResult_InvalidState
[2024-02-19 22:27:36,501] [18   ] [ERROR] [] - Failed to initialized metrics collector - error: 2
[2024-02-19 22:37:36,508] [9    ] [INFO ] [] - Initializing the metrics collector
[2024-02-19 22:37:36,508] [9    ] [ERROR] [] - MetricsCollector::Initialize(171): Check Failed: !IsConfigured() - Return: MetricResult_InvalidState
[2024-02-19 22:37:36,508] [9    ] [ERROR] [] - Failed to initialized metrics collector - error: 2
[2024-02-19 22:47:36,513] [10   ] [INFO ] [] - Initializing the metrics collector
[2024-02-19 22:47:36,513] [10   ] [ERROR] [] - MetricsCollector::Initialize(171): Check Failed: !IsConfigured() - Return: MetricResult_InvalidState
[2024-02-19 22:47:36,513] [10   ] [ERROR] [] - Failed to initialized metrics collector - error: 2
[2024-02-19 22:57:36,534] [11   ] [INFO ] [] - Initializing the metrics collector
[2024-02-19 22:57:36,534] [11   ] [ERROR] [] - MetricsCollector::Initialize(171): Check Failed: !IsConfigured() - Return: MetricResult_InvalidState
[2024-02-19 22:57:36,534] [11   ] [ERROR] [] - Failed to initialized metrics collector - error: 2
[2024-02-19 23:07:36,547] [12   ] [INFO ] [] - Initializing the metrics collector
[2024-02-19 23:07:36,547] [12   ] [ERROR] [] - MetricsCollector::Initialize(171): Check Failed: !IsConfigured() - Return: MetricResult_InvalidState
[2024-02-19 23:07:36,547] [12   ] [ERROR] [] - Failed to initialized metrics collector - error: 2
[2024-02-19 23:17:36,542] [16   ] [INFO ] [] - Initializing the metrics collector
[2024-02-19 23:17:36,545] [16   ] [ERROR] [] - MetricsCollector::Initialize(171): Check Failed: !IsConfigured() - Return: MetricResult_InvalidState
[2024-02-19 23:17:36,554] [16   ] [ERROR] [] - Failed to initialized metrics collector - error: 2
[2024-02-19 23:27:36,545] [14   ] [INFO ] [] - Initializing the metrics collector
[2024-02-19 23:27:36,545] [14   ] [ERROR] [] - MetricsCollector::Initialize(171): Check Failed: !IsConfigured() - Return: MetricResult_InvalidState
[2024-02-19 23:27:36,545] [14   ] [ERROR] [] - Failed to initialized metrics collector - error: 2
[2024-02-19 23:37:36,549] [13   ] [INFO ] [] - Initializing the metrics collector
[2024-02-19 23:37:36,549] [13   ] [ERROR] [] - MetricsCollector::Initialize(171): Check Failed: !IsConfigured() - Return: MetricResult_InvalidState
[2024-02-19 23:37:36,549] [13   ] [ERROR] [] - Failed to initialized metrics collector - error: 2
[2024-02-19 23:47:36,564] [13   ] [INFO ] [] - Initializing the metrics collector
[2024-02-19 23:47:36,572] [13   ] [ERROR] [] - MetricsCollector::Initialize(171): Check Failed: !IsConfigured() - Return: MetricResult_InvalidState
[2024-02-19 23:47:36,572] [13   ] [ERROR] [] - Failed to initialized metrics collector - error: 2
[2024-02-19 23:57:36,580] [14   ] [INFO ] [] - Initializing the metrics collector
[2024-02-19 23:57:36,580] [14   ] [ERROR] [] - MetricsCollector::Initialize(171): Check Failed: !IsConfigured() - Return: MetricResult_InvalidState
[2024-02-19 23:57:36,580] [14   ] [ERROR] [] - Failed to initialized metrics collector - error: 2
