[2024-02-12 09:00:36,460] [1    ] [INFO ] [] - ========== Box Edit v4.24.0.1029 ==========
[2024-02-12 09:00:36,522] [1    ] [INFO ] [] - Command Line: "C:\Users\金田駿之介\AppData\Local\Box\Box Edit\Box Edit.exe" 
[2024-02-12 09:00:38,569] [1    ] [INFO ] [] - Getting DebugLogging value from CurrentUser
[2024-02-12 09:00:38,569] [1    ] [INFO ] [] - Working with debug logging OFF
[2024-02-12 09:00:38,662] [1    ] [INFO ] [] - Days to keep files in cache set to 7
[2024-02-12 09:00:39,365] [1    ] [INFO ] [] - LocalMachine RegistryKey not set
[2024-02-12 09:00:39,443] [1    ] [INFO ] [] - DeviceId::CheckDeviceId(488): Starting DeviceId generator.
[2024-02-12 09:00:39,443] [1    ] [INFO ] [] - DeviceId::CheckDeviceId(515): Global mutex obtained. Start checking.
[2024-02-12 09:00:40,474] [1    ] [INFO ] [] - DeviceId::RestoreGlobalDeviceData(65): Failed reading global DeviceData from registry: Registry key "SOFTWARE\Box\DeviceId" not found.
[2024-02-12 09:00:40,631] [1    ] [INFO ] [] - DeviceId::RestoreAndValidateLocalProperites(389): Restored local DeviceId
[2024-02-12 09:00:40,631] [1    ] [INFO ] [] - DeviceId::RestoreAndValidateLocalProperites(393): Restored local DeviceData
[2024-02-12 09:00:40,631] [1    ] [INFO ] [] - DeviceId::PerformChecking(452): Checking DeviceData.
[2024-02-12 09:00:40,631] [1    ] [INFO ] [] - DeviceId::PerformChecking(453): DeviceData read from registry: {"ComputerSystemProductUUID":"B4C5DFD1-4333-1CB6-C49D-A3067E9A232A","Version":1}
[2024-02-12 09:00:40,631] [1    ] [INFO ] [] - DeviceId::PerformChecking(454): Generated DeviceData: {"ComputerSystemProductUUID":"B4C5DFD1-4333-1CB6-C49D-A3067E9A232A","Version":1}
[2024-02-12 09:00:40,677] [1    ] [INFO ] [] - Initializing the metrics collector
[2024-02-12 09:00:40,771] [1    ] [WARN ] [] - MetricsCollector::UpdateConfiguration(374): UpdateConfiguration raised: unable to open database file
[2024-02-12 09:00:40,771] [1    ] [ERROR] [] - MetricsCollector::Initialize(238): Raised: unable to open database file
[2024-02-12 09:00:40,771] [1    ] [ERROR] [] - Failed to initialized metrics collector - error: 6
[2024-02-12 09:00:40,802] [9    ] [INFO ] [] - .NET Version - installed 533325, expected: 528040
[2024-02-12 09:00:40,818] [9    ] [INFO ] [] - result: True
[2024-02-12 09:00:40,818] [9    ] [INFO ] [] - Checking for upgrades
[2024-02-12 09:00:40,865] [9    ] [INFO ] [] - ### File path for UpgradeState: C:\Users\金田駿之介\AppData\Local\Box\upgrade_state.json
[2024-02-12 09:00:40,912] [1    ] [INFO ] [] - Running pipe server using box_edit_pipe as pipe name
[2024-02-12 09:00:41,052] [1    ] [INFO ] [] - Initializing the metrics collector
[2024-02-12 09:00:41,052] [1    ] [ERROR] [] - MetricsCollector::Initialize(171): Check Failed: !IsConfigured() - Return: MetricResult_InvalidState
[2024-02-12 09:00:41,052] [1    ] [ERROR] [] - Failed to initialized metrics collector - error: 2
[2024-02-12 09:00:41,084] [1    ] [INFO ] [] - .NET Version: unknown (533325) - 4.0.30319.42000
[2024-02-12 09:00:41,115] [14   ] [INFO ] [] - Sending async metric DotNetVersion to Gen204 json endpoint.
[2024-02-12 09:00:41,740] [9    ] [INFO ] [] - Url used to upgrade: https://cdn07.boxcdn.net/BoxEditAutoupdate2.json
[2024-02-12 09:00:42,989] [9    ] [INFO ] [] - ### current version track name: 4.24.0
[2024-02-12 09:00:43,005] [9    ] [WARN ] [] - Track 4.24.0 not found
[2024-02-12 09:00:43,005] [9    ] [INFO ] [] - Track default for upgrade found
[2024-02-12 09:00:43,005] [9    ] [INFO ] [] - RolloutID set to 73
[2024-02-12 09:00:43,005] [9    ] [INFO ] [] - No upgrade available
[2024-02-12 09:00:43,989] [14   ] [INFO ] [] - Metric ingestion endpoint response: NoContent
[2024-02-12 09:00:46,145] [10   ] [INFO ] [] - Initializing the metrics collector
[2024-02-12 09:00:46,145] [10   ] [ERROR] [] - MetricsCollector::Initialize(171): Check Failed: !IsConfigured() - Return: MetricResult_InvalidState
[2024-02-12 09:00:46,145] [10   ] [ERROR] [] - Failed to initialized metrics collector - error: 2
[2024-02-12 09:10:46,094] [16   ] [INFO ] [] - Initializing the metrics collector
[2024-02-12 09:10:46,096] [16   ] [ERROR] [] - MetricsCollector::Initialize(171): Check Failed: !IsConfigured() - Return: MetricResult_InvalidState
[2024-02-12 09:10:46,096] [16   ] [ERROR] [] - Failed to initialized metrics collector - error: 2
[2024-02-12 09:20:46,083] [20   ] [INFO ] [] - Initializing the metrics collector
[2024-02-12 09:20:46,086] [20   ] [ERROR] [] - MetricsCollector::Initialize(171): Check Failed: !IsConfigured() - Return: MetricResult_InvalidState
[2024-02-12 09:20:46,087] [20   ] [ERROR] [] - Failed to initialized metrics collector - error: 2
[2024-02-12 09:30:46,108] [8    ] [INFO ] [] - Initializing the metrics collector
[2024-02-12 09:30:46,112] [8    ] [ERROR] [] - MetricsCollector::Initialize(171): Check Failed: !IsConfigured() - Return: MetricResult_InvalidState
[2024-02-12 09:30:46,113] [8    ] [ERROR] [] - Failed to initialized metrics collector - error: 2
[2024-02-12 10:09:38,233] [18   ] [INFO ] [] - Initializing the metrics collector
[2024-02-12 10:09:38,234] [18   ] [ERROR] [] - MetricsCollector::Initialize(171): Check Failed: !IsConfigured() - Return: MetricResult_InvalidState
[2024-02-12 10:09:38,234] [18   ] [ERROR] [] - Failed to initialized metrics collector - error: 2
[2024-02-12 21:59:50,443] [15   ] [INFO ] [] - Initializing the metrics collector
[2024-02-12 21:59:50,451] [15   ] [ERROR] [] - MetricsCollector::Initialize(171): Check Failed: !IsConfigured() - Return: MetricResult_InvalidState
[2024-02-12 21:59:50,457] [15   ] [ERROR] [] - Failed to initialized metrics collector - error: 2
[2024-02-12 22:09:50,450] [18   ] [INFO ] [] - Initializing the metrics collector
[2024-02-12 22:09:50,450] [18   ] [ERROR] [] - MetricsCollector::Initialize(171): Check Failed: !IsConfigured() - Return: MetricResult_InvalidState
[2024-02-12 22:09:50,450] [18   ] [ERROR] [] - Failed to initialized metrics collector - error: 2
[2024-02-12 22:23:16,317] [8    ] [INFO ] [] - Initializing the metrics collector
[2024-02-12 22:23:16,319] [8    ] [ERROR] [] - MetricsCollector::Initialize(171): Check Failed: !IsConfigured() - Return: MetricResult_InvalidState
[2024-02-12 22:23:16,319] [8    ] [ERROR] [] - Failed to initialized metrics collector - error: 2
[2024-02-12 22:33:16,330] [15   ] [INFO ] [] - Initializing the metrics collector
[2024-02-12 22:33:16,335] [15   ] [ERROR] [] - MetricsCollector::Initialize(171): Check Failed: !IsConfigured() - Return: MetricResult_InvalidState
[2024-02-12 22:33:16,336] [15   ] [ERROR] [] - Failed to initialized metrics collector - error: 2
[2024-02-12 22:43:16,347] [16   ] [INFO ] [] - Initializing the metrics collector
[2024-02-12 22:43:16,348] [16   ] [ERROR] [] - MetricsCollector::Initialize(171): Check Failed: !IsConfigured() - Return: MetricResult_InvalidState
[2024-02-12 22:43:16,348] [16   ] [ERROR] [] - Failed to initialized metrics collector - error: 2
[2024-02-12 22:53:16,375] [13   ] [INFO ] [] - Initializing the metrics collector
[2024-02-12 22:53:16,383] [13   ] [ERROR] [] - MetricsCollector::Initialize(171): Check Failed: !IsConfigured() - Return: MetricResult_InvalidState
[2024-02-12 22:53:16,387] [13   ] [ERROR] [] - Failed to initialized metrics collector - error: 2
[2024-02-12 23:03:16,415] [12   ] [INFO ] [] - Initializing the metrics collector
[2024-02-12 23:03:16,418] [12   ] [ERROR] [] - MetricsCollector::Initialize(171): Check Failed: !IsConfigured() - Return: MetricResult_InvalidState
[2024-02-12 23:03:16,418] [12   ] [ERROR] [] - Failed to initialized metrics collector - error: 2
