[2023-12-23 19:31:03,285] [1    ] [INFO ] [] - ========== Box Edit v4.24.0.1029 ==========
[2023-12-23 19:31:03,317] [1    ] [INFO ] [] - Command Line: "C:\Users\金田駿之介\AppData\Local\Box\Box Edit\Box Edit.exe" 
[2023-12-23 19:31:07,015] [1    ] [INFO ] [] - Getting DebugLogging value from CurrentUser
[2023-12-23 19:31:07,015] [1    ] [INFO ] [] - Working with debug logging OFF
[2023-12-23 19:31:07,390] [1    ] [INFO ] [] - Days to keep files in cache set to 7
[2023-12-23 19:31:10,554] [1    ] [INFO ] [] - LocalMachine RegistryKey not set
[2023-12-23 19:31:10,665] [1    ] [INFO ] [] - DeviceId::CheckDeviceId(488): Starting DeviceId generator.
[2023-12-23 19:31:10,679] [1    ] [INFO ] [] - DeviceId::CheckDeviceId(515): Global mutex obtained. Start checking.
[2023-12-23 19:31:11,268] [1    ] [INFO ] [] - DeviceId::RestoreGlobalDeviceData(65): Failed reading global DeviceData from registry: Registry key "SOFTWARE\Box\DeviceId" not found.
[2023-12-23 19:31:11,465] [1    ] [INFO ] [] - DeviceId::RestoreAndValidateLocalProperites(389): Restored local DeviceId
[2023-12-23 19:31:11,465] [1    ] [INFO ] [] - DeviceId::RestoreAndValidateLocalProperites(393): Restored local DeviceData
[2023-12-23 19:31:11,465] [1    ] [INFO ] [] - DeviceId::PerformChecking(452): Checking DeviceData.
[2023-12-23 19:31:11,481] [1    ] [INFO ] [] - DeviceId::PerformChecking(453): DeviceData read from registry: {"ComputerSystemProductUUID":"B4C5DFD1-4333-1CB6-C49D-A3067E9A232A","Version":1}
[2023-12-23 19:31:11,481] [1    ] [INFO ] [] - DeviceId::PerformChecking(454): Generated DeviceData: {"ComputerSystemProductUUID":"B4C5DFD1-4333-1CB6-C49D-A3067E9A232A","Version":1}
[2023-12-23 19:31:11,512] [1    ] [INFO ] [] - Initializing the metrics collector
[2023-12-23 19:31:11,543] [1    ] [WARN ] [] - MetricsCollector::UpdateConfiguration(374): UpdateConfiguration raised: unable to open database file
[2023-12-23 19:31:11,543] [1    ] [ERROR] [] - MetricsCollector::Initialize(238): Raised: unable to open database file
[2023-12-23 19:31:11,543] [1    ] [ERROR] [] - Failed to initialized metrics collector - error: 6
[2023-12-23 19:31:11,559] [9    ] [INFO ] [] - .NET Version - installed 533325, expected: 528040
[2023-12-23 19:31:11,559] [9    ] [INFO ] [] - result: True
[2023-12-23 19:31:11,559] [9    ] [INFO ] [] - Checking for upgrades
[2023-12-23 19:31:11,575] [9    ] [INFO ] [] - ### File path for UpgradeState: C:\Users\金田駿之介\AppData\Local\Box\upgrade_state.json
[2023-12-23 19:31:11,621] [1    ] [INFO ] [] - Running pipe server using box_edit_pipe as pipe name
[2023-12-23 19:31:11,637] [1    ] [INFO ] [] - Initializing the metrics collector
[2023-12-23 19:31:11,637] [1    ] [ERROR] [] - MetricsCollector::Initialize(171): Check Failed: !IsConfigured() - Return: MetricResult_InvalidState
[2023-12-23 19:31:11,637] [1    ] [ERROR] [] - Failed to initialized metrics collector - error: 2
[2023-12-23 19:31:11,637] [1    ] [INFO ] [] - .NET Version: unknown (533325) - 4.0.30319.42000
[2023-12-23 19:31:11,668] [13   ] [INFO ] [] - Sending async metric DotNetVersion to Gen204 json endpoint.
[2023-12-23 19:31:12,016] [9    ] [INFO ] [] - Url used to upgrade: https://cdn07.boxcdn.net/BoxEditAutoupdate2.json
[2023-12-23 19:31:12,219] [9    ] [INFO ] [] - ### current version track name: 4.24.0
[2023-12-23 19:31:12,219] [9    ] [WARN ] [] - Track 4.24.0 not found
[2023-12-23 19:31:12,219] [9    ] [INFO ] [] - Track default for upgrade found
[2023-12-23 19:31:12,219] [9    ] [INFO ] [] - RolloutID set to 73
[2023-12-23 19:31:12,219] [9    ] [INFO ] [] - No upgrade available
[2023-12-23 19:31:12,497] [13   ] [INFO ] [] - Metric ingestion endpoint response: NoContent
[2023-12-23 19:31:16,665] [11   ] [INFO ] [] - Initializing the metrics collector
[2023-12-23 19:31:16,665] [11   ] [ERROR] [] - MetricsCollector::Initialize(171): Check Failed: !IsConfigured() - Return: MetricResult_InvalidState
[2023-12-23 19:31:16,665] [11   ] [ERROR] [] - Failed to initialized metrics collector - error: 2
[2023-12-23 19:41:16,708] [19   ] [INFO ] [] - Initializing the metrics collector
[2023-12-23 19:41:16,712] [19   ] [ERROR] [] - MetricsCollector::Initialize(171): Check Failed: !IsConfigured() - Return: MetricResult_InvalidState
[2023-12-23 19:41:16,716] [19   ] [ERROR] [] - Failed to initialized metrics collector - error: 2
[2023-12-23 19:51:16,686] [21   ] [INFO ] [] - Initializing the metrics collector
[2023-12-23 19:51:16,688] [21   ] [ERROR] [] - MetricsCollector::Initialize(171): Check Failed: !IsConfigured() - Return: MetricResult_InvalidState
[2023-12-23 19:51:16,688] [21   ] [ERROR] [] - Failed to initialized metrics collector - error: 2
[2023-12-23 20:01:16,714] [22   ] [INFO ] [] - Initializing the metrics collector
[2023-12-23 20:01:16,717] [22   ] [ERROR] [] - MetricsCollector::Initialize(171): Check Failed: !IsConfigured() - Return: MetricResult_InvalidState
[2023-12-23 20:01:16,717] [22   ] [ERROR] [] - Failed to initialized metrics collector - error: 2
[2023-12-23 20:11:16,715] [23   ] [INFO ] [] - Initializing the metrics collector
[2023-12-23 20:11:16,716] [23   ] [ERROR] [] - MetricsCollector::Initialize(171): Check Failed: !IsConfigured() - Return: MetricResult_InvalidState
[2023-12-23 20:11:16,716] [23   ] [ERROR] [] - Failed to initialized metrics collector - error: 2
[2023-12-23 20:21:16,730] [24   ] [INFO ] [] - Initializing the metrics collector
[2023-12-23 20:21:16,733] [24   ] [ERROR] [] - MetricsCollector::Initialize(171): Check Failed: !IsConfigured() - Return: MetricResult_InvalidState
[2023-12-23 20:21:16,733] [24   ] [ERROR] [] - Failed to initialized metrics collector - error: 2
[2023-12-23 20:31:16,754] [18   ] [INFO ] [] - Initializing the metrics collector
[2023-12-23 20:31:16,755] [18   ] [ERROR] [] - MetricsCollector::Initialize(171): Check Failed: !IsConfigured() - Return: MetricResult_InvalidState
[2023-12-23 20:31:16,758] [18   ] [ERROR] [] - Failed to initialized metrics collector - error: 2
[2023-12-23 20:41:16,777] [25   ] [INFO ] [] - Initializing the metrics collector
[2023-12-23 20:41:16,778] [25   ] [ERROR] [] - MetricsCollector::Initialize(171): Check Failed: !IsConfigured() - Return: MetricResult_InvalidState
[2023-12-23 20:41:16,778] [25   ] [ERROR] [] - Failed to initialized metrics collector - error: 2
[2023-12-23 20:57:00,384] [26   ] [INFO ] [] - Initializing the metrics collector
[2023-12-23 20:57:00,385] [26   ] [ERROR] [] - MetricsCollector::Initialize(171): Check Failed: !IsConfigured() - Return: MetricResult_InvalidState
[2023-12-23 20:57:00,385] [26   ] [ERROR] [] - Failed to initialized metrics collector - error: 2
