[2022-12-28 09:49:55,380] [1    ] [INFO ] [] - ========== Box Edit v4.20.0.970 ==========
[2022-12-28 09:49:55,414] [1    ] [INFO ] [] - Command Line: "C:\Users\金田駿之介\AppData\Local\Box\Box Edit\Box Edit.exe" 
[2022-12-28 09:49:57,092] [1    ] [INFO ] [] - Getting DebugLogging value from CurrentUser
[2022-12-28 09:49:57,097] [1    ] [INFO ] [] - Working with debug logging OFF
[2022-12-28 09:49:57,207] [1    ] [INFO ] [] - Days to keep files in cache set to 7
[2022-12-28 09:49:57,661] [1    ] [INFO ] [] - LocalMachine RegistryKey not set
[2022-12-28 09:49:57,737] [1    ] [INFO ] [] - Initializing the metrics collector
[2022-12-28 09:49:57,768] [1    ] [WARN ] [] - MetricsCollector::UpdateConfiguration(374): UpdateConfiguration raised: unable to open database file
[2022-12-28 09:49:57,769] [1    ] [ERROR] [] - MetricsCollector::Initialize(238): Raised: unable to open database file
[2022-12-28 09:49:57,769] [1    ] [ERROR] [] - Failed to initialized metrics collector - error: 6
[2022-12-28 09:49:57,772] [1    ] [ERROR] [] - Could not set permissions to C:\Users\金田駿之介\AppData\Local\Box\Box Tools\Metrics\BoxTools_Metrics.db
[2022-12-28 09:49:57,779] [1    ] [ERROR] [] - FileSystemUtils.AddPermissionsToFile on line number [0]  System.IO.FileNotFoundException: C:\Users\金田駿之介\AppData\Local\Box\Box Tools\Metrics\BoxTools_Metrics.db
   場所 System.Security.AccessControl.NativeObjectSecurity.CreateInternal(ResourceType resourceType, Boolean isContainer, String name, SafeHandle handle, AccessControlSections includeSections, Boolean createByName, ExceptionFromErrorCode exceptionFromErrorCode, Object exceptionContext)
   場所 System.Security.AccessControl.FileSystemSecurity..ctor(Boolean isContainer, String name, AccessControlSections includeSections, Boolean isDirectory)
   場所 System.Security.AccessControl.FileSecurity..ctor(String fileName, AccessControlSections includeSections)
   場所 Box.Utilities.Util.FileSystemUtils.AddPermissionsToFile(String filePath, WellKnownSidType account, FileSystemRights permissions)
[2022-12-28 09:49:57,785] [6    ] [INFO ] [] - Checking for upgrades
[2022-12-28 09:49:57,798] [6    ] [INFO ] [] - ### File path for UpgradeState: C:\Users\金田駿之介\AppData\Local\Box\upgrade_state.json
[2022-12-28 09:49:57,887] [1    ] [INFO ] [] - Running pipe server using box_edit_pipe as pipe name
[2022-12-28 09:49:58,006] [1    ] [INFO ] [] - Initializing the metrics collector
[2022-12-28 09:49:58,006] [1    ] [ERROR] [] - MetricsCollector::Initialize(171): Check Failed: !IsConfigured() - Return: MetricResult_InvalidState
[2022-12-28 09:49:58,007] [1    ] [ERROR] [] - Failed to initialized metrics collector - error: 2
[2022-12-28 09:49:58,008] [1    ] [ERROR] [] - Could not set permissions to C:\Users\金田駿之介\AppData\Local\Box\Box Tools\Metrics\BoxTools_Metrics.db
[2022-12-28 09:49:58,009] [1    ] [ERROR] [] - FileSystemUtils.AddPermissionsToFile on line number [0]  System.IO.FileNotFoundException: C:\Users\金田駿之介\AppData\Local\Box\Box Tools\Metrics\BoxTools_Metrics.db
   場所 System.Security.AccessControl.NativeObjectSecurity.CreateInternal(ResourceType resourceType, Boolean isContainer, String name, SafeHandle handle, AccessControlSections includeSections, Boolean createByName, ExceptionFromErrorCode exceptionFromErrorCode, Object exceptionContext)
   場所 System.Security.AccessControl.FileSystemSecurity..ctor(Boolean isContainer, String name, AccessControlSections includeSections, Boolean isDirectory)
   場所 System.Security.AccessControl.FileSecurity..ctor(String fileName, AccessControlSections includeSections)
   場所 Box.Utilities.Util.FileSystemUtils.AddPermissionsToFile(String filePath, WellKnownSidType account, FileSystemRights permissions)
[2022-12-28 09:49:58,011] [1    ] [INFO ] [] - .NET Version: .NET Framework 4.8 (528372) - 4.0.30319.42000
[2022-12-28 09:49:58,073] [11   ] [INFO ] [] - Sending async metric DotNetVersion to Gen204 json endpoint.
[2022-12-28 09:49:58,258] [6    ] [INFO ] [] - Url used to upgrade: https://cdn07.boxcdn.net/BoxEditAutoupdate2.json
[2022-12-28 09:49:58,440] [6    ] [INFO ] [] - No track defined, checking against default track
[2022-12-28 09:49:58,441] [6    ] [INFO ] [] - RolloutID set to 61
[2022-12-28 09:49:58,442] [6    ] [INFO ] [] - No upgrade available
[2022-12-28 09:49:58,854] [11   ] [INFO ] [] - Metric ingestion endpoint response: NoContent
[2022-12-28 09:50:03,041] [9    ] [INFO ] [] - Initializing the metrics collector
[2022-12-28 09:50:03,042] [9    ] [ERROR] [] - MetricsCollector::Initialize(171): Check Failed: !IsConfigured() - Return: MetricResult_InvalidState
[2022-12-28 09:50:03,042] [9    ] [ERROR] [] - Failed to initialized metrics collector - error: 2
[2022-12-28 10:00:03,023] [18   ] [INFO ] [] - Initializing the metrics collector
[2022-12-28 10:00:03,023] [18   ] [ERROR] [] - MetricsCollector::Initialize(171): Check Failed: !IsConfigured() - Return: MetricResult_InvalidState
[2022-12-28 10:00:03,023] [18   ] [ERROR] [] - Failed to initialized metrics collector - error: 2
[2022-12-28 22:56:03,969] [1    ] [INFO ] [] - ========== Box Edit v4.20.0.970 ==========
[2022-12-28 22:56:04,000] [1    ] [INFO ] [] - Command Line: "C:\Users\金田駿之介\AppData\Local\Box\Box Edit\Box Edit.exe" 
[2022-12-28 22:56:05,593] [1    ] [INFO ] [] - Getting DebugLogging value from CurrentUser
[2022-12-28 22:56:05,593] [1    ] [INFO ] [] - Working with debug logging OFF
[2022-12-28 22:56:05,672] [1    ] [INFO ] [] - Days to keep files in cache set to 7
[2022-12-28 22:56:06,078] [1    ] [INFO ] [] - LocalMachine RegistryKey not set
[2022-12-28 22:56:06,140] [1    ] [INFO ] [] - Initializing the metrics collector
[2022-12-28 22:56:06,171] [1    ] [WARN ] [] - MetricsCollector::UpdateConfiguration(374): UpdateConfiguration raised: unable to open database file
[2022-12-28 22:56:06,171] [1    ] [ERROR] [] - MetricsCollector::Initialize(238): Raised: unable to open database file
[2022-12-28 22:56:06,171] [1    ] [ERROR] [] - Failed to initialized metrics collector - error: 6
[2022-12-28 22:56:06,171] [1    ] [ERROR] [] - Could not set permissions to C:\Users\金田駿之介\AppData\Local\Box\Box Tools\Metrics\BoxTools_Metrics.db
[2022-12-28 22:56:06,171] [1    ] [ERROR] [] - FileSystemUtils.AddPermissionsToFile on line number [0]  System.IO.FileNotFoundException: C:\Users\金田駿之介\AppData\Local\Box\Box Tools\Metrics\BoxTools_Metrics.db
   場所 System.Security.AccessControl.NativeObjectSecurity.CreateInternal(ResourceType resourceType, Boolean isContainer, String name, SafeHandle handle, AccessControlSections includeSections, Boolean createByName, ExceptionFromErrorCode exceptionFromErrorCode, Object exceptionContext)
   場所 System.Security.AccessControl.FileSystemSecurity..ctor(Boolean isContainer, String name, AccessControlSections includeSections, Boolean isDirectory)
   場所 System.Security.AccessControl.FileSecurity..ctor(String fileName, AccessControlSections includeSections)
   場所 Box.Utilities.Util.FileSystemUtils.AddPermissionsToFile(String filePath, WellKnownSidType account, FileSystemRights permissions)
[2022-12-28 22:56:06,187] [6    ] [INFO ] [] - Checking for upgrades
[2022-12-28 22:56:06,187] [6    ] [INFO ] [] - ### File path for UpgradeState: C:\Users\金田駿之介\AppData\Local\Box\upgrade_state.json
[2022-12-28 22:56:06,234] [1    ] [INFO ] [] - Running pipe server using box_edit_pipe as pipe name
[2022-12-28 22:56:06,234] [1    ] [INFO ] [] - Initializing the metrics collector
[2022-12-28 22:56:06,234] [1    ] [ERROR] [] - MetricsCollector::Initialize(171): Check Failed: !IsConfigured() - Return: MetricResult_InvalidState
[2022-12-28 22:56:06,234] [1    ] [ERROR] [] - Failed to initialized metrics collector - error: 2
[2022-12-28 22:56:06,234] [1    ] [ERROR] [] - Could not set permissions to C:\Users\金田駿之介\AppData\Local\Box\Box Tools\Metrics\BoxTools_Metrics.db
[2022-12-28 22:56:06,234] [1    ] [ERROR] [] - FileSystemUtils.AddPermissionsToFile on line number [0]  System.IO.FileNotFoundException: C:\Users\金田駿之介\AppData\Local\Box\Box Tools\Metrics\BoxTools_Metrics.db
   場所 System.Security.AccessControl.NativeObjectSecurity.CreateInternal(ResourceType resourceType, Boolean isContainer, String name, SafeHandle handle, AccessControlSections includeSections, Boolean createByName, ExceptionFromErrorCode exceptionFromErrorCode, Object exceptionContext)
   場所 System.Security.AccessControl.FileSystemSecurity..ctor(Boolean isContainer, String name, AccessControlSections includeSections, Boolean isDirectory)
   場所 System.Security.AccessControl.FileSecurity..ctor(String fileName, AccessControlSections includeSections)
   場所 Box.Utilities.Util.FileSystemUtils.AddPermissionsToFile(String filePath, WellKnownSidType account, FileSystemRights permissions)
[2022-12-28 22:56:06,250] [1    ] [INFO ] [] - .NET Version: .NET Framework 4.8 (528372) - 4.0.30319.42000
[2022-12-28 22:56:06,250] [11   ] [INFO ] [] - Sending async metric DotNetVersion to Gen204 json endpoint.
[2022-12-28 22:56:06,421] [6    ] [INFO ] [] - Url used to upgrade: https://cdn07.boxcdn.net/BoxEditAutoupdate2.json
[2022-12-28 22:56:06,640] [6    ] [INFO ] [] - No track defined, checking against default track
[2022-12-28 22:56:06,640] [6    ] [INFO ] [] - RolloutID set to 61
[2022-12-28 22:56:06,640] [6    ] [INFO ] [] - No upgrade available
[2022-12-28 22:56:06,968] [11   ] [INFO ] [] - Metric ingestion endpoint response: NoContent
[2022-12-28 22:56:11,255] [9    ] [INFO ] [] - Initializing the metrics collector
[2022-12-28 22:56:11,255] [9    ] [ERROR] [] - MetricsCollector::Initialize(171): Check Failed: !IsConfigured() - Return: MetricResult_InvalidState
[2022-12-28 22:56:11,255] [9    ] [ERROR] [] - Failed to initialized metrics collector - error: 2
[2022-12-28 23:06:11,313] [14   ] [INFO ] [] - Initializing the metrics collector
[2022-12-28 23:06:11,313] [14   ] [ERROR] [] - MetricsCollector::Initialize(171): Check Failed: !IsConfigured() - Return: MetricResult_InvalidState
[2022-12-28 23:06:11,313] [14   ] [ERROR] [] - Failed to initialized metrics collector - error: 2
[2022-12-28 23:16:11,282] [17   ] [INFO ] [] - Initializing the metrics collector
[2022-12-28 23:16:11,283] [17   ] [ERROR] [] - MetricsCollector::Initialize(171): Check Failed: !IsConfigured() - Return: MetricResult_InvalidState
[2022-12-28 23:16:11,286] [17   ] [ERROR] [] - Failed to initialized metrics collector - error: 2
[2022-12-28 23:26:11,278] [13   ] [INFO ] [] - Initializing the metrics collector
[2022-12-28 23:26:11,280] [13   ] [ERROR] [] - MetricsCollector::Initialize(171): Check Failed: !IsConfigured() - Return: MetricResult_InvalidState
[2022-12-28 23:26:11,281] [13   ] [ERROR] [] - Failed to initialized metrics collector - error: 2
[2022-12-28 23:36:11,299] [13   ] [INFO ] [] - Initializing the metrics collector
[2022-12-28 23:36:11,301] [13   ] [ERROR] [] - MetricsCollector::Initialize(171): Check Failed: !IsConfigured() - Return: MetricResult_InvalidState
[2022-12-28 23:36:11,301] [13   ] [ERROR] [] - Failed to initialized metrics collector - error: 2
[2022-12-28 23:46:11,309] [14   ] [INFO ] [] - Initializing the metrics collector
[2022-12-28 23:46:11,309] [14   ] [ERROR] [] - MetricsCollector::Initialize(171): Check Failed: !IsConfigured() - Return: MetricResult_InvalidState
[2022-12-28 23:46:11,309] [14   ] [ERROR] [] - Failed to initialized metrics collector - error: 2
[2022-12-28 23:56:11,311] [12   ] [INFO ] [] - Initializing the metrics collector
[2022-12-28 23:56:11,313] [12   ] [ERROR] [] - MetricsCollector::Initialize(171): Check Failed: !IsConfigured() - Return: MetricResult_InvalidState
[2022-12-28 23:56:11,315] [12   ] [ERROR] [] - Failed to initialized metrics collector - error: 2
