[2024-01-30 09:14:45,710] [1    ] [INFO ] [] - ========== Box Edit v4.24.0.1029 ==========
[2024-01-30 09:14:45,757] [1    ] [INFO ] [] - Command Line: "C:\Users\金田駿之介\AppData\Local\Box\Box Edit\Box Edit.exe" 
[2024-01-30 09:14:49,653] [1    ] [INFO ] [] - Getting DebugLogging value from CurrentUser
[2024-01-30 09:14:49,653] [1    ] [INFO ] [] - Working with debug logging OFF
[2024-01-30 09:14:50,543] [1    ] [INFO ] [] - Days to keep files in cache set to 7
[2024-01-30 09:14:52,299] [1    ] [INFO ] [] - LocalMachine RegistryKey not set
[2024-01-30 09:14:52,435] [1    ] [INFO ] [] - DeviceId::CheckDeviceId(488): Starting DeviceId generator.
[2024-01-30 09:14:52,461] [1    ] [INFO ] [] - DeviceId::CheckDeviceId(515): Global mutex obtained. Start checking.
[2024-01-30 09:14:54,827] [1    ] [INFO ] [] - DeviceId::RestoreGlobalDeviceData(65): Failed reading global DeviceData from registry: Registry key "SOFTWARE\Box\DeviceId" not found.
[2024-01-30 09:14:55,023] [1    ] [INFO ] [] - DeviceId::RestoreAndValidateLocalProperites(389): Restored local DeviceId
[2024-01-30 09:14:55,029] [1    ] [INFO ] [] - DeviceId::RestoreAndValidateLocalProperites(393): Restored local DeviceData
[2024-01-30 09:14:55,032] [1    ] [INFO ] [] - DeviceId::PerformChecking(452): Checking DeviceData.
[2024-01-30 09:14:55,041] [1    ] [INFO ] [] - DeviceId::PerformChecking(453): DeviceData read from registry: {"ComputerSystemProductUUID":"B4C5DFD1-4333-1CB6-C49D-A3067E9A232A","Version":1}
[2024-01-30 09:14:55,043] [1    ] [INFO ] [] - DeviceId::PerformChecking(454): Generated DeviceData: {"ComputerSystemProductUUID":"B4C5DFD1-4333-1CB6-C49D-A3067E9A232A","Version":1}
[2024-01-30 09:14:55,323] [1    ] [INFO ] [] - Initializing the metrics collector
[2024-01-30 09:14:55,399] [1    ] [WARN ] [] - MetricsCollector::UpdateConfiguration(374): UpdateConfiguration raised: unable to open database file
[2024-01-30 09:14:55,399] [1    ] [ERROR] [] - MetricsCollector::Initialize(238): Raised: unable to open database file
[2024-01-30 09:14:55,399] [1    ] [ERROR] [] - Failed to initialized metrics collector - error: 6
[2024-01-30 09:14:55,465] [9    ] [INFO ] [] - .NET Version - installed 533325, expected: 528040
[2024-01-30 09:14:55,467] [9    ] [INFO ] [] - result: True
[2024-01-30 09:14:55,467] [9    ] [INFO ] [] - Checking for upgrades
[2024-01-30 09:14:55,519] [9    ] [INFO ] [] - ### File path for UpgradeState: C:\Users\金田駿之介\AppData\Local\Box\upgrade_state.json
[2024-01-30 09:14:55,586] [1    ] [INFO ] [] - Running pipe server using box_edit_pipe as pipe name
[2024-01-30 09:14:55,618] [1    ] [INFO ] [] - Initializing the metrics collector
[2024-01-30 09:14:55,618] [1    ] [ERROR] [] - MetricsCollector::Initialize(171): Check Failed: !IsConfigured() - Return: MetricResult_InvalidState
[2024-01-30 09:14:55,618] [1    ] [ERROR] [] - Failed to initialized metrics collector - error: 2
[2024-01-30 09:14:55,657] [1    ] [INFO ] [] - .NET Version: unknown (533325) - 4.0.30319.42000
[2024-01-30 09:14:55,673] [13   ] [INFO ] [] - Sending async metric DotNetVersion to Gen204 json endpoint.
[2024-01-30 09:14:56,833] [9    ] [INFO ] [] - Url used to upgrade: https://cdn07.boxcdn.net/BoxEditAutoupdate2.json
[2024-01-30 09:14:57,647] [9    ] [INFO ] [] - ### current version track name: 4.24.0
[2024-01-30 09:14:57,655] [9    ] [WARN ] [] - Track 4.24.0 not found
[2024-01-30 09:14:57,655] [9    ] [INFO ] [] - Track default for upgrade found
[2024-01-30 09:14:57,655] [9    ] [INFO ] [] - RolloutID set to 73
[2024-01-30 09:14:57,655] [9    ] [INFO ] [] - No upgrade available
[2024-01-30 09:14:58,271] [13   ] [INFO ] [] - Metric ingestion endpoint response: NoContent
[2024-01-30 09:15:00,644] [10   ] [INFO ] [] - Initializing the metrics collector
[2024-01-30 09:15:00,644] [10   ] [ERROR] [] - MetricsCollector::Initialize(171): Check Failed: !IsConfigured() - Return: MetricResult_InvalidState
[2024-01-30 09:15:00,644] [10   ] [ERROR] [] - Failed to initialized metrics collector - error: 2
[2024-01-30 09:25:00,667] [20   ] [INFO ] [] - Initializing the metrics collector
[2024-01-30 09:25:00,669] [20   ] [ERROR] [] - MetricsCollector::Initialize(171): Check Failed: !IsConfigured() - Return: MetricResult_InvalidState
[2024-01-30 09:25:00,670] [20   ] [ERROR] [] - Failed to initialized metrics collector - error: 2
[2024-01-30 09:35:00,666] [8    ] [INFO ] [] - Initializing the metrics collector
[2024-01-30 09:35:00,669] [8    ] [ERROR] [] - MetricsCollector::Initialize(171): Check Failed: !IsConfigured() - Return: MetricResult_InvalidState
[2024-01-30 09:35:00,670] [8    ] [ERROR] [] - Failed to initialized metrics collector - error: 2
[2024-01-30 09:45:00,680] [16   ] [INFO ] [] - Initializing the metrics collector
[2024-01-30 09:45:00,683] [16   ] [ERROR] [] - MetricsCollector::Initialize(171): Check Failed: !IsConfigured() - Return: MetricResult_InvalidState
[2024-01-30 09:45:00,684] [16   ] [ERROR] [] - Failed to initialized metrics collector - error: 2
