[2022-12-27 19:43:28,901] [14   ] [INFO ] [] - Initializing the metrics collector
[2022-12-27 19:43:28,910] [14   ] [ERROR] [] - MetricsCollector::Initialize(171): Check Failed: !IsConfigured() - Return: MetricResult_InvalidState
[2022-12-27 19:43:28,911] [14   ] [ERROR] [] - Failed to initialized metrics collector - error: 2
[2022-12-27 19:53:28,901] [12   ] [INFO ] [] - Initializing the metrics collector
[2022-12-27 19:53:28,903] [12   ] [ERROR] [] - MetricsCollector::Initialize(171): Check Failed: !IsConfigured() - Return: MetricResult_InvalidState
[2022-12-27 19:53:28,905] [12   ] [ERROR] [] - Failed to initialized metrics collector - error: 2
[2022-12-27 20:03:28,968] [15   ] [INFO ] [] - Initializing the metrics collector
[2022-12-27 20:03:28,968] [15   ] [ERROR] [] - MetricsCollector::Initialize(171): Check Failed: !IsConfigured() - Return: MetricResult_InvalidState
[2022-12-27 20:03:28,968] [15   ] [ERROR] [] - Failed to initialized metrics collector - error: 2
[2022-12-27 20:13:29,054] [13   ] [INFO ] [] - Initializing the metrics collector
[2022-12-27 20:13:29,057] [13   ] [ERROR] [] - MetricsCollector::Initialize(171): Check Failed: !IsConfigured() - Return: MetricResult_InvalidState
[2022-12-27 20:13:29,057] [13   ] [ERROR] [] - Failed to initialized metrics collector - error: 2
[2022-12-27 20:23:29,133] [11   ] [INFO ] [] - Initializing the metrics collector
[2022-12-27 20:23:29,134] [11   ] [ERROR] [] - MetricsCollector::Initialize(171): Check Failed: !IsConfigured() - Return: MetricResult_InvalidState
[2022-12-27 20:23:29,134] [11   ] [ERROR] [] - Failed to initialized metrics collector - error: 2
[2022-12-27 20:33:29,203] [10   ] [INFO ] [] - Initializing the metrics collector
[2022-12-27 20:33:29,203] [10   ] [ERROR] [] - MetricsCollector::Initialize(171): Check Failed: !IsConfigured() - Return: MetricResult_InvalidState
[2022-12-27 20:33:29,203] [10   ] [ERROR] [] - Failed to initialized metrics collector - error: 2
[2022-12-27 20:43:29,279] [9    ] [INFO ] [] - Initializing the metrics collector
[2022-12-27 20:43:29,283] [9    ] [ERROR] [] - MetricsCollector::Initialize(171): Check Failed: !IsConfigured() - Return: MetricResult_InvalidState
[2022-12-27 20:43:29,285] [9    ] [ERROR] [] - Failed to initialized metrics collector - error: 2
[2022-12-27 20:53:29,327] [8    ] [INFO ] [] - Initializing the metrics collector
[2022-12-27 20:53:29,327] [8    ] [ERROR] [] - MetricsCollector::Initialize(171): Check Failed: !IsConfigured() - Return: MetricResult_InvalidState
[2022-12-27 20:53:29,327] [8    ] [ERROR] [] - Failed to initialized metrics collector - error: 2
[2022-12-27 21:03:29,367] [19   ] [INFO ] [] - Initializing the metrics collector
[2022-12-27 21:03:29,371] [19   ] [ERROR] [] - MetricsCollector::Initialize(171): Check Failed: !IsConfigured() - Return: MetricResult_InvalidState
[2022-12-27 21:03:29,372] [19   ] [ERROR] [] - Failed to initialized metrics collector - error: 2
[2022-12-27 21:13:29,417] [20   ] [INFO ] [] - Initializing the metrics collector
[2022-12-27 21:13:29,417] [20   ] [ERROR] [] - MetricsCollector::Initialize(171): Check Failed: !IsConfigured() - Return: MetricResult_InvalidState
[2022-12-27 21:13:29,417] [20   ] [ERROR] [] - Failed to initialized metrics collector - error: 2
[2022-12-27 21:23:36,955] [23   ] [INFO ] [] - Initializing the metrics collector
[2022-12-27 21:23:36,957] [23   ] [ERROR] [] - MetricsCollector::Initialize(171): Check Failed: !IsConfigured() - Return: MetricResult_InvalidState
[2022-12-27 21:23:36,957] [23   ] [ERROR] [] - Failed to initialized metrics collector - error: 2
[2022-12-27 21:43:22,497] [24   ] [INFO ] [] - Initializing the metrics collector
[2022-12-27 21:43:22,499] [24   ] [ERROR] [] - MetricsCollector::Initialize(171): Check Failed: !IsConfigured() - Return: MetricResult_InvalidState
[2022-12-27 21:43:22,500] [24   ] [ERROR] [] - Failed to initialized metrics collector - error: 2
[2022-12-27 21:53:22,500] [21   ] [INFO ] [] - Initializing the metrics collector
[2022-12-27 21:53:22,503] [21   ] [ERROR] [] - MetricsCollector::Initialize(171): Check Failed: !IsConfigured() - Return: MetricResult_InvalidState
[2022-12-27 21:53:22,505] [21   ] [ERROR] [] - Failed to initialized metrics collector - error: 2
[2022-12-27 22:03:22,524] [25   ] [INFO ] [] - Initializing the metrics collector
[2022-12-27 22:03:22,524] [25   ] [ERROR] [] - MetricsCollector::Initialize(171): Check Failed: !IsConfigured() - Return: MetricResult_InvalidState
[2022-12-27 22:03:22,524] [25   ] [ERROR] [] - Failed to initialized metrics collector - error: 2
[2022-12-27 22:13:22,529] [22   ] [INFO ] [] - Initializing the metrics collector
[2022-12-27 22:13:22,529] [22   ] [ERROR] [] - MetricsCollector::Initialize(171): Check Failed: !IsConfigured() - Return: MetricResult_InvalidState
[2022-12-27 22:13:22,529] [22   ] [ERROR] [] - Failed to initialized metrics collector - error: 2
[2022-12-27 22:23:22,544] [26   ] [INFO ] [] - Initializing the metrics collector
[2022-12-27 22:23:22,544] [26   ] [ERROR] [] - MetricsCollector::Initialize(171): Check Failed: !IsConfigured() - Return: MetricResult_InvalidState
[2022-12-27 22:23:22,544] [26   ] [ERROR] [] - Failed to initialized metrics collector - error: 2
[2022-12-27 22:33:22,555] [27   ] [INFO ] [] - Initializing the metrics collector
[2022-12-27 22:33:22,557] [27   ] [ERROR] [] - MetricsCollector::Initialize(171): Check Failed: !IsConfigured() - Return: MetricResult_InvalidState
[2022-12-27 22:33:22,557] [27   ] [ERROR] [] - Failed to initialized metrics collector - error: 2
[2022-12-27 22:43:22,566] [28   ] [INFO ] [] - Initializing the metrics collector
[2022-12-27 22:43:22,566] [28   ] [ERROR] [] - MetricsCollector::Initialize(171): Check Failed: !IsConfigured() - Return: MetricResult_InvalidState
[2022-12-27 22:43:22,566] [28   ] [ERROR] [] - Failed to initialized metrics collector - error: 2
[2022-12-27 22:53:22,576] [29   ] [INFO ] [] - Initializing the metrics collector
[2022-12-27 22:53:22,578] [29   ] [ERROR] [] - MetricsCollector::Initialize(171): Check Failed: !IsConfigured() - Return: MetricResult_InvalidState
[2022-12-27 22:53:22,579] [29   ] [ERROR] [] - Failed to initialized metrics collector - error: 2
