[2023-07-14 08:15:52,978] [1    ] [INFO ] [] - ========== Box Edit v4.23.0.1013 ==========
[2023-07-14 08:15:53,009] [1    ] [INFO ] [] - Command Line: "C:\Users\金田駿之介\AppData\Local\Box\Box Edit\Box Edit.exe" 
[2023-07-14 08:15:54,009] [1    ] [INFO ] [] - Getting DebugLogging value from CurrentUser
[2023-07-14 08:15:54,009] [1    ] [INFO ] [] - Working with debug logging OFF
[2023-07-14 08:15:54,103] [1    ] [INFO ] [] - Days to keep files in cache set to 7
[2023-07-14 08:15:54,462] [1    ] [INFO ] [] - LocalMachine RegistryKey not set
[2023-07-14 08:15:54,509] [1    ] [INFO ] [] - DeviceId::CheckDeviceId(488): Starting DeviceId generator.
[2023-07-14 08:15:54,509] [1    ] [INFO ] [] - DeviceId::CheckDeviceId(515): Global mutex obtained. Start checking.
[2023-07-14 08:15:54,665] [1    ] [INFO ] [] - DeviceId::RestoreGlobalDeviceData(65): Failed reading global DeviceData from registry: Registry key "SOFTWARE\Box\DeviceId" not found.
[2023-07-14 08:15:54,743] [1    ] [INFO ] [] - DeviceId::RestoreAndValidateLocalProperites(389): Restored local DeviceId
[2023-07-14 08:15:54,743] [1    ] [INFO ] [] - DeviceId::RestoreAndValidateLocalProperites(393): Restored local DeviceData
[2023-07-14 08:15:54,743] [1    ] [INFO ] [] - DeviceId::PerformChecking(452): Checking DeviceData.
[2023-07-14 08:15:54,759] [1    ] [INFO ] [] - DeviceId::PerformChecking(453): DeviceData read from registry: {"ComputerSystemProductUUID":"B4C5DFD1-4333-1CB6-C49D-A3067E9A232A","Version":1}
[2023-07-14 08:15:54,759] [1    ] [INFO ] [] - DeviceId::PerformChecking(454): Generated DeviceData: {"ComputerSystemProductUUID":"B4C5DFD1-4333-1CB6-C49D-A3067E9A232A","Version":1}
[2023-07-14 08:15:54,790] [1    ] [INFO ] [] - Initializing the metrics collector
[2023-07-14 08:15:54,806] [1    ] [WARN ] [] - MetricsCollector::UpdateConfiguration(374): UpdateConfiguration raised: unable to open database file
[2023-07-14 08:15:54,806] [1    ] [ERROR] [] - MetricsCollector::Initialize(238): Raised: unable to open database file
[2023-07-14 08:15:54,806] [1    ] [ERROR] [] - Failed to initialized metrics collector - error: 6
[2023-07-14 08:15:54,806] [1    ] [ERROR] [] - Could not set permissions to C:\Users\金田駿之介\AppData\Local\Box\Box Tools\Metrics\BoxTools_Metrics.db
[2023-07-14 08:15:54,806] [1    ] [ERROR] [] - FileSystemUtils.AddPermissionsToFile on line number [0]  System.IO.FileNotFoundException: C:\Users\金田駿之介\AppData\Local\Box\Box Tools\Metrics\BoxTools_Metrics.db
   場所 System.Security.AccessControl.NativeObjectSecurity.CreateInternal(ResourceType resourceType, Boolean isContainer, String name, SafeHandle handle, AccessControlSections includeSections, Boolean createByName, ExceptionFromErrorCode exceptionFromErrorCode, Object exceptionContext)
   場所 System.Security.AccessControl.FileSystemSecurity..ctor(Boolean isContainer, String name, AccessControlSections includeSections, Boolean isDirectory)
   場所 System.Security.AccessControl.FileSecurity..ctor(String fileName, AccessControlSections includeSections)
   場所 Box.Utilities.Util.FileSystemUtils.AddPermissionsToFile(String filePath, WellKnownSidType account, FileSystemRights permissions)
[2023-07-14 08:15:54,822] [9    ] [INFO ] [] - .NET Version - installed 528372, expected: 528040
[2023-07-14 08:15:54,822] [9    ] [INFO ] [] - result: True
[2023-07-14 08:15:54,822] [9    ] [INFO ] [] - Checking for upgrades
[2023-07-14 08:15:54,837] [9    ] [INFO ] [] - ### File path for UpgradeState: C:\Users\金田駿之介\AppData\Local\Box\upgrade_state.json
[2023-07-14 08:15:54,884] [1    ] [INFO ] [] - Running pipe server using box_edit_pipe as pipe name
[2023-07-14 08:15:54,884] [1    ] [INFO ] [] - Initializing the metrics collector
[2023-07-14 08:15:54,884] [1    ] [ERROR] [] - MetricsCollector::Initialize(171): Check Failed: !IsConfigured() - Return: MetricResult_InvalidState
[2023-07-14 08:15:54,884] [1    ] [ERROR] [] - Failed to initialized metrics collector - error: 2
[2023-07-14 08:15:54,900] [1    ] [ERROR] [] - Could not set permissions to C:\Users\金田駿之介\AppData\Local\Box\Box Tools\Metrics\BoxTools_Metrics.db
[2023-07-14 08:15:54,900] [1    ] [ERROR] [] - FileSystemUtils.AddPermissionsToFile on line number [0]  System.IO.FileNotFoundException: C:\Users\金田駿之介\AppData\Local\Box\Box Tools\Metrics\BoxTools_Metrics.db
   場所 System.Security.AccessControl.NativeObjectSecurity.CreateInternal(ResourceType resourceType, Boolean isContainer, String name, SafeHandle handle, AccessControlSections includeSections, Boolean createByName, ExceptionFromErrorCode exceptionFromErrorCode, Object exceptionContext)
   場所 System.Security.AccessControl.FileSystemSecurity..ctor(Boolean isContainer, String name, AccessControlSections includeSections, Boolean isDirectory)
   場所 System.Security.AccessControl.FileSecurity..ctor(String fileName, AccessControlSections includeSections)
   場所 Box.Utilities.Util.FileSystemUtils.AddPermissionsToFile(String filePath, WellKnownSidType account, FileSystemRights permissions)
[2023-07-14 08:15:54,900] [1    ] [INFO ] [] - .NET Version: .NET Framework 4.8 (528372) - 4.0.30319.42000
[2023-07-14 08:15:54,915] [13   ] [INFO ] [] - Sending async metric DotNetVersion to Gen204 json endpoint.
[2023-07-14 08:15:55,087] [9    ] [INFO ] [] - Url used to upgrade: https://cdn07.boxcdn.net/BoxEditAutoupdate2.json
[2023-07-14 08:15:55,196] [9    ] [INFO ] [] - ### current version track name: 4.23.0
[2023-07-14 08:15:55,212] [9    ] [WARN ] [] - Track 4.23.0 not found
[2023-07-14 08:15:55,212] [9    ] [INFO ] [] - Track default for upgrade found
[2023-07-14 08:15:55,212] [9    ] [INFO ] [] - RolloutID set to 42
[2023-07-14 08:15:55,212] [9    ] [INFO ] [] - No upgrade available
[2023-07-14 08:15:55,556] [13   ] [INFO ] [] - Metric ingestion endpoint response: NoContent
[2023-07-14 08:15:59,918] [10   ] [INFO ] [] - Initializing the metrics collector
[2023-07-14 08:15:59,918] [10   ] [ERROR] [] - MetricsCollector::Initialize(171): Check Failed: !IsConfigured() - Return: MetricResult_InvalidState
[2023-07-14 08:15:59,918] [10   ] [ERROR] [] - Failed to initialized metrics collector - error: 2
[2023-07-14 08:25:59,934] [19   ] [INFO ] [] - Initializing the metrics collector
[2023-07-14 08:25:59,934] [19   ] [ERROR] [] - MetricsCollector::Initialize(171): Check Failed: !IsConfigured() - Return: MetricResult_InvalidState
[2023-07-14 08:25:59,934] [19   ] [ERROR] [] - Failed to initialized metrics collector - error: 2
[2023-07-14 08:35:59,932] [8    ] [INFO ] [] - Initializing the metrics collector
[2023-07-14 08:35:59,932] [8    ] [ERROR] [] - MetricsCollector::Initialize(171): Check Failed: !IsConfigured() - Return: MetricResult_InvalidState
[2023-07-14 08:35:59,932] [8    ] [ERROR] [] - Failed to initialized metrics collector - error: 2
[2023-07-14 08:45:59,946] [14   ] [INFO ] [] - Initializing the metrics collector
[2023-07-14 08:45:59,950] [14   ] [ERROR] [] - MetricsCollector::Initialize(171): Check Failed: !IsConfigured() - Return: MetricResult_InvalidState
[2023-07-14 08:45:59,950] [14   ] [ERROR] [] - Failed to initialized metrics collector - error: 2
[2023-07-14 08:55:59,975] [20   ] [INFO ] [] - Initializing the metrics collector
[2023-07-14 08:55:59,976] [20   ] [ERROR] [] - MetricsCollector::Initialize(171): Check Failed: !IsConfigured() - Return: MetricResult_InvalidState
[2023-07-14 08:55:59,977] [20   ] [ERROR] [] - Failed to initialized metrics collector - error: 2
[2023-07-14 09:05:59,970] [21   ] [INFO ] [] - Initializing the metrics collector
[2023-07-14 09:05:59,970] [21   ] [ERROR] [] - MetricsCollector::Initialize(171): Check Failed: !IsConfigured() - Return: MetricResult_InvalidState
[2023-07-14 09:05:59,970] [21   ] [ERROR] [] - Failed to initialized metrics collector - error: 2
[2023-07-14 09:28:14,742] [24   ] [INFO ] [] - Initializing the metrics collector
[2023-07-14 09:28:14,743] [24   ] [ERROR] [] - MetricsCollector::Initialize(171): Check Failed: !IsConfigured() - Return: MetricResult_InvalidState
[2023-07-14 09:28:14,743] [24   ] [ERROR] [] - Failed to initialized metrics collector - error: 2
[2023-07-14 09:38:14,756] [23   ] [INFO ] [] - Initializing the metrics collector
[2023-07-14 09:38:14,756] [23   ] [ERROR] [] - MetricsCollector::Initialize(171): Check Failed: !IsConfigured() - Return: MetricResult_InvalidState
[2023-07-14 09:38:14,756] [23   ] [ERROR] [] - Failed to initialized metrics collector - error: 2
[2023-07-14 09:48:14,774] [25   ] [INFO ] [] - Initializing the metrics collector
[2023-07-14 09:48:14,774] [25   ] [ERROR] [] - MetricsCollector::Initialize(171): Check Failed: !IsConfigured() - Return: MetricResult_InvalidState
[2023-07-14 09:48:14,774] [25   ] [ERROR] [] - Failed to initialized metrics collector - error: 2
[2023-07-14 09:58:14,777] [22   ] [INFO ] [] - Initializing the metrics collector
[2023-07-14 09:58:14,777] [22   ] [ERROR] [] - MetricsCollector::Initialize(171): Check Failed: !IsConfigured() - Return: MetricResult_InvalidState
[2023-07-14 09:58:14,777] [22   ] [ERROR] [] - Failed to initialized metrics collector - error: 2
[2023-07-14 10:08:14,778] [26   ] [INFO ] [] - Initializing the metrics collector
[2023-07-14 10:08:14,778] [26   ] [ERROR] [] - MetricsCollector::Initialize(171): Check Failed: !IsConfigured() - Return: MetricResult_InvalidState
[2023-07-14 10:08:14,778] [26   ] [ERROR] [] - Failed to initialized metrics collector - error: 2
