[2022-12-10 03:31:33,751] [1    ] [INFO ] [] - ========== Box Edit v4.20.0.970 ==========
[2022-12-10 03:31:33,798] [1    ] [INFO ] [] - Command Line: "C:\Users\金田駿之介\AppData\Local\Box\Box Edit\Box Edit.exe" 
[2022-12-10 03:31:35,717] [1    ] [INFO ] [] - Getting DebugLogging value from CurrentUser
[2022-12-10 03:31:35,733] [1    ] [INFO ] [] - Working with debug logging OFF
[2022-12-10 03:31:35,972] [1    ] [INFO ] [] - Days to keep files in cache set to 7
[2022-12-10 03:31:36,644] [1    ] [INFO ] [] - LocalMachine RegistryKey not set
[2022-12-10 03:31:36,754] [1    ] [INFO ] [] - Initializing the metrics collector
[2022-12-10 03:31:36,800] [1    ] [WARN ] [] - MetricsCollector::UpdateConfiguration(374): UpdateConfiguration raised: unable to open database file
[2022-12-10 03:31:36,800] [1    ] [ERROR] [] - MetricsCollector::Initialize(238): Raised: unable to open database file
[2022-12-10 03:31:36,800] [1    ] [ERROR] [] - Failed to initialized metrics collector - error: 6
[2022-12-10 03:31:36,800] [1    ] [ERROR] [] - Could not set permissions to C:\Users\金田駿之介\AppData\Local\Box\Box Tools\Metrics\BoxTools_Metrics.db
[2022-12-10 03:31:36,816] [1    ] [ERROR] [] - FileSystemUtils.AddPermissionsToFile on line number [0]  System.IO.FileNotFoundException: C:\Users\金田駿之介\AppData\Local\Box\Box Tools\Metrics\BoxTools_Metrics.db
   場所 System.Security.AccessControl.NativeObjectSecurity.CreateInternal(ResourceType resourceType, Boolean isContainer, String name, SafeHandle handle, AccessControlSections includeSections, Boolean createByName, ExceptionFromErrorCode exceptionFromErrorCode, Object exceptionContext)
   場所 System.Security.AccessControl.FileSystemSecurity..ctor(Boolean isContainer, String name, AccessControlSections includeSections, Boolean isDirectory)
   場所 System.Security.AccessControl.FileSecurity..ctor(String fileName, AccessControlSections includeSections)
   場所 Box.Utilities.Util.FileSystemUtils.AddPermissionsToFile(String filePath, WellKnownSidType account, FileSystemRights permissions)
[2022-12-10 03:31:36,832] [6    ] [INFO ] [] - Checking for upgrades
[2022-12-10 03:31:36,847] [6    ] [INFO ] [] - ### File path for UpgradeState: C:\Users\金田駿之介\AppData\Local\Box\upgrade_state.json
[2022-12-10 03:31:36,940] [1    ] [INFO ] [] - Running pipe server using box_edit_pipe as pipe name
[2022-12-10 03:31:36,955] [1    ] [INFO ] [] - Initializing the metrics collector
[2022-12-10 03:31:36,955] [1    ] [ERROR] [] - MetricsCollector::Initialize(171): Check Failed: !IsConfigured() - Return: MetricResult_InvalidState
[2022-12-10 03:31:36,955] [1    ] [ERROR] [] - Failed to initialized metrics collector - error: 2
[2022-12-10 03:31:36,955] [1    ] [ERROR] [] - Could not set permissions to C:\Users\金田駿之介\AppData\Local\Box\Box Tools\Metrics\BoxTools_Metrics.db
[2022-12-10 03:31:36,955] [1    ] [ERROR] [] - FileSystemUtils.AddPermissionsToFile on line number [0]  System.IO.FileNotFoundException: C:\Users\金田駿之介\AppData\Local\Box\Box Tools\Metrics\BoxTools_Metrics.db
   場所 System.Security.AccessControl.NativeObjectSecurity.CreateInternal(ResourceType resourceType, Boolean isContainer, String name, SafeHandle handle, AccessControlSections includeSections, Boolean createByName, ExceptionFromErrorCode exceptionFromErrorCode, Object exceptionContext)
   場所 System.Security.AccessControl.FileSystemSecurity..ctor(Boolean isContainer, String name, AccessControlSections includeSections, Boolean isDirectory)
   場所 System.Security.AccessControl.FileSecurity..ctor(String fileName, AccessControlSections includeSections)
   場所 Box.Utilities.Util.FileSystemUtils.AddPermissionsToFile(String filePath, WellKnownSidType account, FileSystemRights permissions)
[2022-12-10 03:31:36,971] [1    ] [INFO ] [] - .NET Version: .NET Framework 4.8 (528372) - 4.0.30319.42000
[2022-12-10 03:31:36,986] [12   ] [INFO ] [] - Sending async metric DotNetVersion to Gen204 json endpoint.
[2022-12-10 03:31:38,030] [6    ] [INFO ] [] - Url used to upgrade: https://cdn07.boxcdn.net/BoxEditAutoupdate2.json
[2022-12-10 03:31:38,308] [6    ] [INFO ] [] - No track defined, checking against default track
[2022-12-10 03:31:38,310] [6    ] [INFO ] [] - RolloutID set to 61
[2022-12-10 03:31:38,311] [6    ] [INFO ] [] - No upgrade available
[2022-12-10 03:31:38,766] [12   ] [INFO ] [] - Metric ingestion endpoint response: NoContent
[2022-12-10 03:31:41,972] [9    ] [INFO ] [] - Initializing the metrics collector
[2022-12-10 03:31:41,972] [9    ] [ERROR] [] - MetricsCollector::Initialize(171): Check Failed: !IsConfigured() - Return: MetricResult_InvalidState
[2022-12-10 03:31:41,972] [9    ] [ERROR] [] - Failed to initialized metrics collector - error: 2
[2022-12-10 03:41:41,987] [18   ] [INFO ] [] - Initializing the metrics collector
[2022-12-10 03:41:41,987] [18   ] [ERROR] [] - MetricsCollector::Initialize(171): Check Failed: !IsConfigured() - Return: MetricResult_InvalidState
[2022-12-10 03:41:41,987] [18   ] [ERROR] [] - Failed to initialized metrics collector - error: 2
