[2024-01-27 00:05:52,466] [25   ] [INFO ] [] - Initializing the metrics collector
[2024-01-27 00:05:52,493] [25   ] [ERROR] [] - MetricsCollector::Initialize(171): Check Failed: !IsConfigured() - Return: MetricResult_InvalidState
[2024-01-27 00:05:52,493] [25   ] [ERROR] [] - Failed to initialized metrics collector - error: 2
[2024-01-27 00:15:52,470] [26   ] [INFO ] [] - Initializing the metrics collector
[2024-01-27 00:15:52,472] [26   ] [ERROR] [] - MetricsCollector::Initialize(171): Check Failed: !IsConfigured() - Return: MetricResult_InvalidState
[2024-01-27 00:15:52,473] [26   ] [ERROR] [] - Failed to initialized metrics collector - error: 2
[2024-01-27 15:51:36,923] [25   ] [INFO ] [] - Initializing the metrics collector
[2024-01-27 15:51:36,925] [25   ] [ERROR] [] - MetricsCollector::Initialize(171): Check Failed: !IsConfigured() - Return: MetricResult_InvalidState
[2024-01-27 15:51:36,926] [25   ] [ERROR] [] - Failed to initialized metrics collector - error: 2
[2024-01-27 16:01:36,952] [25   ] [INFO ] [] - Initializing the metrics collector
[2024-01-27 16:01:36,955] [25   ] [ERROR] [] - MetricsCollector::Initialize(171): Check Failed: !IsConfigured() - Return: MetricResult_InvalidState
[2024-01-27 16:01:36,956] [25   ] [ERROR] [] - Failed to initialized metrics collector - error: 2
[2024-01-27 16:11:36,956] [23   ] [INFO ] [] - Initializing the metrics collector
[2024-01-27 16:11:36,959] [23   ] [ERROR] [] - MetricsCollector::Initialize(171): Check Failed: !IsConfigured() - Return: MetricResult_InvalidState
[2024-01-27 16:11:36,961] [23   ] [ERROR] [] - Failed to initialized metrics collector - error: 2
[2024-01-27 16:21:36,970] [24   ] [INFO ] [] - Initializing the metrics collector
[2024-01-27 16:21:36,972] [24   ] [ERROR] [] - MetricsCollector::Initialize(171): Check Failed: !IsConfigured() - Return: MetricResult_InvalidState
[2024-01-27 16:21:36,981] [24   ] [ERROR] [] - Failed to initialized metrics collector - error: 2
[2024-01-27 16:31:36,974] [22   ] [INFO ] [] - Initializing the metrics collector
[2024-01-27 16:31:36,975] [22   ] [ERROR] [] - MetricsCollector::Initialize(171): Check Failed: !IsConfigured() - Return: MetricResult_InvalidState
[2024-01-27 16:31:36,977] [22   ] [ERROR] [] - Failed to initialized metrics collector - error: 2
[2024-01-27 16:41:36,989] [21   ] [INFO ] [] - Initializing the metrics collector
[2024-01-27 16:41:36,991] [21   ] [ERROR] [] - MetricsCollector::Initialize(171): Check Failed: !IsConfigured() - Return: MetricResult_InvalidState
[2024-01-27 16:41:36,992] [21   ] [ERROR] [] - Failed to initialized metrics collector - error: 2
[2024-01-27 23:10:20,145] [8    ] [INFO ] [] - Initializing the metrics collector
[2024-01-27 23:10:20,148] [8    ] [ERROR] [] - MetricsCollector::Initialize(171): Check Failed: !IsConfigured() - Return: MetricResult_InvalidState
[2024-01-27 23:10:20,149] [8    ] [ERROR] [] - Failed to initialized metrics collector - error: 2
[2024-01-27 23:20:20,153] [20   ] [INFO ] [] - Initializing the metrics collector
[2024-01-27 23:20:20,155] [20   ] [ERROR] [] - MetricsCollector::Initialize(171): Check Failed: !IsConfigured() - Return: MetricResult_InvalidState
[2024-01-27 23:20:20,157] [20   ] [ERROR] [] - Failed to initialized metrics collector - error: 2
